2018-01-15 11:17:36.4064 DESKTOP-2Q89F24 6 SRS1 ::1 System.Web.HttpCompileException C:\SRSTraining\SRSSystem\SRSSystem\MVCApplication\Views\ZZ\ZZ1031\ZZ1031Search.vbhtml(41): error BC36646: 'SRS.Standards.MvcFramework.Core.MVC.SRSHtmlHelper' で定義された拡張メソッド 'Public Function SRSLabelFor(Of TValue)(expression As System.Linq.Expressions.Expression(Of System.Func(Of SRSSystem.ZZ.ZZ1031.Model.ZZ1031SearchModel, TValue))) As System.Web.IHtmlString' 内の型パラメーターのデータ型を、これらの引数から推論することはできません。データ型を明示的に指定すると、このエラーが修正される可能性があります。
   場所 System.Web.Compilation.AssemblyBuilder.Compile()
   場所 System.Web.Compilation.BuildProvidersCompiler.PerformBuild()
   場所 System.Web.Compilation.BuildManager.CompileWebFile(VirtualPath virtualPath)
   場所 System.Web.Compilation.BuildManager.GetVPathBuildResultInternal(VirtualPath virtualPath, Boolean noBuild, Boolean allowCrossApp, Boolean allowBuildInPrecompile, Boolean throwIfNotFound, Boolean ensureIsUpToDate)
   場所 System.Web.Compilation.BuildManager.GetVPathBuildResultWithNoAssert(HttpContext context, VirtualPath virtualPath, Boolean noBuild, Boolean allowCrossApp, Boolean allowBuildInPrecompile, Boolean throwIfNotFound, Boolean ensureIsUpToDate)
   場所 System.Web.Compilation.BuildManager.GetVirtualPathObjectFactory(VirtualPath virtualPath, HttpContext context, Boolean allowCrossApp, Boolean throwIfNotFound)
   場所 System.Web.Mvc.BuildManagerWrapper.System.Web.Mvc.IBuildManager.FileExists(String virtualPath)
   場所 System.Web.Mvc.BuildManagerViewEngine.FileExists(ControllerContext controllerContext, String virtualPath)
   場所 System.Web.Mvc.VirtualPathProviderViewEngine.<>c__DisplayClass4.<GetPathFromGeneralName>b__0(String path)
   場所 System.Web.WebPages.DefaultDisplayMode.GetDisplayInfo(HttpContextBase httpContext, String virtualPath, Func`2 virtualPathExists)
   場所 System.Web.WebPages.DisplayModeProvider.<>c__DisplayClassb.<GetDisplayInfoForVirtualPath>b__8(IDisplayMode mode)
   場所 System.Linq.Enumerable.WhereSelectListIterator`2.MoveNext()
   場所 System.Linq.Enumerable.FirstOrDefault[TSource](IEnumerable`1 source, Func`2 predicate)
   場所 System.Web.WebPages.DisplayModeProvider.GetDisplayInfoForVirtualPath(String virtualPath, HttpContextBase httpContext, Func`2 virtualPathExists, IDisplayMode currentDisplayMode, Boolean requireConsistentDisplayMode)
   場所 System.Web.Mvc.VirtualPathProviderViewEngine.GetPathFromGeneralName(ControllerContext controllerContext, List`1 locations, String name, String controllerName, String areaName, String cacheKey, String[]& searchedLocations)
   場所 System.Web.Mvc.VirtualPathProviderViewEngine.GetPath(ControllerContext controllerContext, String[] locations, String[] areaLocations, String locationsPropertyName, String name, String controllerName, String cacheKeyPrefix, Boolean useCache, String[]& searchedLocations)
   場所 System.Web.Mvc.VirtualPathProviderViewEngine.FindView(ControllerContext controllerContext, String viewName, String masterName, Boolean useCache)
   場所 SRS.Standards.MvcFramework.Core.MVC.ExtendedRazorViewEngine.FindView(ControllerContext controllerContext, String viewName, String masterName, Boolean useCache) 場所 C:\svn\!!標準テンプレート\ASP.NET標準テンプレート\trunk\SRS\Standards\MVCFramework\Core\MVC\ExtendedRazorViewEngine.vb:行 92
   場所 Castle.Proxies.Invocations.IViewEngine_FindView.InvokeMethodOnTarget()
   場所 Castle.DynamicProxy.AbstractInvocation.Proceed()
   場所 Glimpse.Core.Extensibility.CastleInvocationToAlternateMethodContextAdapter.Proceed()
   場所 Glimpse.Core.Extensions.AlternateMethodContextExtensions.TryProceedWithTimer(IAlternateMethodContext context, TimerResult& timerResult)
   場所 Glimpse.Core.Extensibility.AlternateMethod.NewImplementation(IAlternateMethodContext context)
   場所 Glimpse.Core.Extensibility.AlternateTypeToCastleInterceptorAdapter.Intercept(IInvocation invocation)
   場所 Castle.DynamicProxy.AbstractInvocation.Proceed()
   場所 Castle.Proxies.IViewEngineProxy.FindView(ControllerContext controllerContext, String viewName, String masterName, Boolean useCache)
   場所 System.Web.Mvc.ViewEngineCollection.<>c__DisplayClassc.<FindView>b__b(IViewEngine e)
   場所 System.Web.Mvc.ViewEngineCollection.Find(Func`2 lookup, Boolean trackSearchedPaths)
   場所 System.Web.Mvc.ViewEngineCollection.FindView(ControllerContext controllerContext, String viewName, String masterName)
   場所 System.Web.Mvc.ViewResult.FindView(ControllerContext context)
   場所 System.Web.Mvc.ViewResultBase.ExecuteResult(ControllerContext context)
   場所 System.Web.Mvc.ControllerActionInvoker.InvokeActionResult(ControllerContext controllerContext, ActionResult actionResult)
   場所 System.Web.Mvc.ControllerActionInvoker.<>c__DisplayClass1a.<InvokeActionResultWithFilters>b__17()
   場所 System.Web.Mvc.ControllerActionInvoker.InvokeActionResultFilter(IResultFilter filter, ResultExecutingContext preContext, Func`1 continuation)
   場所 System.Web.Mvc.ControllerActionInvoker.<>c__DisplayClass1a.<>c__DisplayClass1c.<InvokeActionResultWithFilters>b__19()
   場所 System.Web.Mvc.ControllerActionInvoker.InvokeActionResultFilter(IResultFilter filter, ResultExecutingContext preContext, Func`1 continuation)
   場所 System.Web.Mvc.ControllerActionInvoker.<>c__DisplayClass1a.<>c__DisplayClass1c.<InvokeActionResultWithFilters>b__19()
   場所 System.Web.Mvc.ControllerActionInvoker.InvokeActionResultFilter(IResultFilter filter, ResultExecutingContext preContext, Func`1 continuation)
   場所 System.Web.Mvc.ControllerActionInvoker.<>c__DisplayClass1a.<>c__DisplayClass1c.<InvokeActionResultWithFilters>b__19()
   場所 System.Web.Mvc.ControllerActionInvoker.InvokeActionResultFilter(IResultFilter filter, ResultExecutingContext preContext, Func`1 continuation)
   場所 System.Web.Mvc.ControllerActionInvoker.<>c__DisplayClass1a.<>c__DisplayClass1c.<InvokeActionResultWithFilters>b__19()
   場所 System.Web.Mvc.ControllerActionInvoker.InvokeActionResultWithFilters(ControllerContext controllerContext, IList`1 filters, ActionResult actionResult)
   場所 System.Web.Mvc.Async.AsyncControllerActionInvoker.<>c__DisplayClass25.<>c__DisplayClass2a.<BeginInvokeAction>b__20()
   場所 System.Web.Mvc.Async.AsyncControllerActionInvoker.<>c__DisplayClass25.<BeginInvokeAction>b__22(IAsyncResult asyncResult)
   場所 System.Web.Mvc.Async.AsyncResultWrapper.WrappedAsyncResult`1.End()
   場所 System.Web.Mvc.Async.AsyncControllerActionInvoker.EndInvokeAction(IAsyncResult asyncResult)
   場所 System.Web.Mvc.Controller.<>c__DisplayClass1d.<BeginExecuteCore>b__18(IAsyncResult asyncResult)
   場所 System.Web.Mvc.Async.AsyncResultWrapper.<>c__DisplayClass4.<MakeVoidDelegate>b__3(IAsyncResult ar)
   場所 System.Web.Mvc.Async.AsyncResultWrapper.WrappedAsyncResult`1.End()
   場所 System.Web.Mvc.Controller.EndExecuteCore(IAsyncResult asyncResult)
   場所 System.Web.Mvc.Async.AsyncResultWrapper.<>c__DisplayClass4.<MakeVoidDelegate>b__3(IAsyncResult ar)
   場所 System.Web.Mvc.Async.AsyncResultWrapper.WrappedAsyncResult`1.End()
   場所 System.Web.Mvc.Controller.EndExecute(IAsyncResult asyncResult)
   場所 System.Web.Mvc.Controller.System.Web.Mvc.Async.IAsyncController.EndExecute(IAsyncResult asyncResult)
   場所 System.Web.Mvc.MvcHandler.<>c__DisplayClass8.<BeginProcessRequest>b__3(IAsyncResult asyncResult)
   場所 System.Web.Mvc.Async.AsyncResultWrapper.<>c__DisplayClass4.<MakeVoidDelegate>b__3(IAsyncResult ar)
   場所 System.Web.Mvc.Async.AsyncResultWrapper.WrappedAsyncResult`1.End()
   場所 System.Web.Mvc.MvcHandler.EndProcessRequest(IAsyncResult asyncResult)
   場所 System.Web.Mvc.MvcHandler.System.Web.IHttpAsyncHandler.EndProcessRequest(IAsyncResult result)
   場所 System.Web.HttpApplication.CallHandlerExecutionStep.System.Web.HttpApplication.IExecutionStep.Execute()
   場所 System.Web.HttpApplication.ExecuteStepImpl(IExecutionStep step)
   場所 System.Web.HttpApplication.ExecuteStep(IExecutionStep step, Boolean& completedSynchronously)

2018-01-15 14:00:53.5684 DESKTOP-2Q89F24 5 SRS1 ::1 System.Web.HttpException パス '/Views/ZZ/ZZ1031/ZZ1031Detail.vbhtml' が見つかりませんでした。
   場所 System.Web.HttpNotFoundHandler.ProcessRequest(HttpContext context)
   場所 System.Web.HttpApplication.CallHandlerExecutionStep.System.Web.HttpApplication.IExecutionStep.Execute()
   場所 System.Web.HttpApplication.ExecuteStepImpl(IExecutionStep step)
   場所 System.Web.HttpApplication.ExecuteStep(IExecutionStep step, Boolean& completedSynchronously)

