2018-01-11 17:30:46.0296 DESKTOP-2Q89F24 5  ::1 GET http://localhost:49338/ 

2018-01-11 17:34:29.5927 DESKTOP-2Q89F24 6  ::1 GET http://localhost:49338/ 

2018-01-11 17:43:26.9232 DESKTOP-2Q89F24 12  ::1 GET http://localhost:49338/ 

2018-01-11 17:43:36.9585 DESKTOP-2Q89F24 12  ::1 POST http://localhost:49338/Login/Login 
ViewMode=Init
ReturnUrl=
UserId=SRS1
Password=SRS1

2018-01-11 17:43:36.9975 DESKTOP-2Q89F24 13 SRS1 ::1 GET http://localhost:49338/Menu 

2018-01-11 17:43:40.8709 DESKTOP-2Q89F24 8 SRS1 ::1 GET http://localhost:49338/ZZ/ZZ1031/ZZ1031Search 

2018-01-11 17:43:44.6999 DESKTOP-2Q89F24 9 SRS1 ::1 POST http://localhost:49338/ZZ/ZZ1031/ZZ1031Search/Search 
ViewMode=Init
KeyCdCondition=

2018-01-11 17:43:44.7539 DESKTOP-2Q89F24 9 SRS1 ::1 GET http://localhost:49338/ZZ/ZZ1031/ZZ1031Detail?menuId=ZZ1031&group=ZZ 
menuId=ZZ1031
group=ZZ

2018-01-11 17:44:09.8539 DESKTOP-2Q89F24 8 SRS1 ::1 GET http://localhost:49338/ZZ/ZZ1031/ZZ1031Search 

2018-01-11 17:44:12.0041 DESKTOP-2Q89F24 13 SRS1 ::1 POST http://localhost:49338/ZZ/ZZ1031/ZZ1031Search/Search 
ViewMode=Init
KeyCdCondition=

2018-01-11 17:44:12.0150 DESKTOP-2Q89F24 10 SRS1 ::1 GET http://localhost:49338/ZZ/ZZ1031/ZZ1031Detail?menuId=ZZ1031&group=ZZ 
menuId=ZZ1031
group=ZZ

2018-01-11 17:46:24.7014 DESKTOP-2Q89F24 6 SRS1 ::1 GET http://localhost:49338/ 

2018-01-11 17:48:49.6705 DESKTOP-2Q89F24 10 SRS1 ::1 GET http://localhost:49338/ 

2018-01-11 17:48:58.8765 DESKTOP-2Q89F24 12 SRS1 ::1 POST http://localhost:49338/Login/Login 
ViewMode=Init
ReturnUrl=
UserId=SRS1
Password=SRS1

2018-01-11 17:48:59.0376 DESKTOP-2Q89F24 5 SRS1 ::1 GET http://localhost:49338/Menu 

2018-01-11 17:49:02.1931 DESKTOP-2Q89F24 10 SRS1 ::1 GET http://localhost:49338/ZZ/ZZ1031/ZZ1031Search 

2018-01-11 17:49:07.9104 DESKTOP-2Q89F24 12 SRS1 ::1 POST http://localhost:49338/ZZ/ZZ1031/ZZ1031Search/Search 
ViewMode=Init
KeyCdCondition=

2018-01-11 17:49:08.1295 DESKTOP-2Q89F24 8 SRS1 ::1 GET http://localhost:49338/ZZ/ZZ1031/ZZ1031Detail?menuId=ZZ1031&group=ZZ 
menuId=ZZ1031
group=ZZ

