2018-01-18 15:02:58.1638 DESKTOP-2Q89F24 5  ::1 GET http://localhost:49338/ 

2018-01-18 15:03:21.7209 DESKTOP-2Q89F24 8  ::1 POST http://localhost:49338/Login/Login 
ViewMode=Init
ReturnUrl=
UserId=SRS1
Password=SRS1

2018-01-18 15:03:21.8409 DESKTOP-2Q89F24 16 SRS1 ::1 GET http://localhost:49338/Menu 

2018-01-18 15:04:52.4526 DESKTOP-2Q89F24 5 SRS1 ::1 GET http://localhost:49338/ZZ/ZZ1031/ZZ1031Search 

2018-01-18 15:05:04.7246 DESKTOP-2Q89F24 16 SRS1 ::1 POST http://localhost:49338/ZZ/ZZ1031/ZZ1031Search/Add 
ViewMode=Init
EstimateNoCondition=

2018-01-18 15:05:04.7911 DESKTOP-2Q89F24 16 SRS1 ::1 GET http://localhost:49338/ZZ/ZZ1031/ZZ1031Detail?menuId=ZZ1031&group=ZZ 
menuId=ZZ1031
group=ZZ

2018-01-18 15:09:47.0456 DESKTOP-2Q89F24 5  ::1 GET http://localhost:49338/ 

2018-01-18 15:10:20.7640 DESKTOP-2Q89F24 8  ::1 POST http://localhost:49338/Login/Login 
ViewMode=Init
ReturnUrl=
UserId=SRS1
Password=SRS1

2018-01-18 15:10:20.9305 DESKTOP-2Q89F24 16 SRS1 ::1 GET http://localhost:49338/Menu 

2018-01-18 15:10:27.4117 DESKTOP-2Q89F24 8 SRS1 ::1 GET http://localhost:49338/ZZ/ZZ1031/ZZ1031Search 

2018-01-18 15:10:36.3606 DESKTOP-2Q89F24 15 SRS1 ::1 POST http://localhost:49338/ZZ/ZZ1031/ZZ1031Search/Add 
ViewMode=Init
EstimateNoCondition=

2018-01-18 15:10:36.4001 DESKTOP-2Q89F24 5 SRS1 ::1 GET http://localhost:49338/ZZ/ZZ1031/ZZ1031Detail?menuId=ZZ1031&group=ZZ 
menuId=ZZ1031
group=ZZ

2018-01-18 15:11:04.5572 DESKTOP-2Q89F24 15 SRS1 ::1 POST http://localhost:49338/ZZ/ZZ1031/ZZ1031Detail/Confirm 
ViewMode=Insert
EstimateNo=
Item=
FinalDestination=
ReferenceRnm=
ListSet=
UnitCost=
EstimateNumber=
Price=
ListFactory=
DeliveryTime=
Remark=
SearchEstimateNo=
RowId=
Revision=0

2018-01-18 15:15:53.9505 DESKTOP-2Q89F24 5  ::1 GET http://localhost:49338/ 

2018-01-18 15:16:10.0263 DESKTOP-2Q89F24 13  ::1 POST http://localhost:49338/Login/Login 
ViewMode=Init
ReturnUrl=
UserId=SRS1
Password=SRS1

2018-01-18 15:16:10.1793 DESKTOP-2Q89F24 13 SRS1 ::1 GET http://localhost:49338/Menu 

2018-01-18 15:16:15.5903 DESKTOP-2Q89F24 8 SRS1 ::1 GET http://localhost:49338/ZZ/ZZ1031/ZZ1031Search 

2018-01-18 15:19:59.2065 DESKTOP-2Q89F24 9 SRS1 ::1 POST http://localhost:49338/ZZ/ZZ1031/ZZ1031Search/Add 
ViewMode=Init
EstimateNoCondition=

2018-01-18 15:19:59.2455 DESKTOP-2Q89F24 8 SRS1 ::1 GET http://localhost:49338/ZZ/ZZ1031/ZZ1031Detail?menuId=ZZ1031&group=ZZ 
menuId=ZZ1031
group=ZZ

2018-01-18 15:20:09.5838 DESKTOP-2Q89F24 7 SRS1 ::1 POST http://localhost:49338/ZZ/ZZ1031/ZZ1031Detail/Confirm 
ViewMode=Insert
EstimateNo=
Item=
FinalDestination=
ReferenceRnm=
ListSet=
UnitCost=
EstimateNumber=
Price=
ListFactory=
DeliveryTime=
Remark=
SearchEstimateNo=
RowId=
Revision=0

2018-01-18 15:35:05.0451 DESKTOP-2Q89F24 5  ::1 GET http://localhost:49338/ 

2018-01-18 15:35:35.1688 DESKTOP-2Q89F24 11  ::1 POST http://localhost:49338/Login/Login 
ViewMode=Init
ReturnUrl=
UserId=SRS1
Password=SRS1

2018-01-18 15:35:35.3358 DESKTOP-2Q89F24 7 SRS1 ::1 GET http://localhost:49338/Menu 

2018-01-18 15:35:41.5631 DESKTOP-2Q89F24 15 SRS1 ::1 GET http://localhost:49338/ZZ/ZZ1031/ZZ1031Search 

2018-01-18 15:41:45.6444 DESKTOP-2Q89F24 12 SRS1 ::1 POST http://localhost:49338/ZZ/ZZ1031/ZZ1031Search/Add 
ViewMode=Init
EstimateNoCondition=

2018-01-18 15:41:45.6754 DESKTOP-2Q89F24 5 SRS1 ::1 GET http://localhost:49338/ZZ/ZZ1031/ZZ1031Detail?menuId=ZZ1031&group=ZZ 
menuId=ZZ1031
group=ZZ

2018-01-18 15:41:50.0201 DESKTOP-2Q89F24 7 SRS1 ::1 POST http://localhost:49338/ZZ/ZZ1031/ZZ1031Detail/Cancel 
ViewMode=Insert
EstimateNo=
Item=
FinalDestination=
ReferenceRnm=
ListSet=
UnitCost=
EstimateNumber=
Price=
ListFactory=
DeliveryTime=
Remark=
SearchEstimateNo=
RowId=
Revision=0

2018-01-18 15:41:50.1416 DESKTOP-2Q89F24 7 SRS1 ::1 GET http://localhost:49338/ZZ/ZZ1031/ZZ1031Search?menuId=ZZ1031&group=ZZ 
menuId=ZZ1031
group=ZZ

2018-01-18 15:41:53.2905 DESKTOP-2Q89F24 6 SRS1 ::1 POST http://localhost:49338/ZZ/ZZ1031/ZZ1031Search/Search 
ViewMode=Init
EstimateNoCondition=

2018-01-18 15:41:53.5710 DESKTOP-2Q89F24 11 SRS1 ::1 GET http://localhost:49338/ZZ/ZZ1031/ZZ1031Detail?menuId=ZZ1031&group=ZZ 
menuId=ZZ1031
group=ZZ

2018-01-18 16:40:03.3046 DESKTOP-2Q89F24 5  ::1 GET http://localhost:49338/ 

2018-01-18 16:40:18.1568 DESKTOP-2Q89F24 5  ::1 POST http://localhost:49338/Login/Login 
ViewMode=Init
ReturnUrl=
UserId=SRS1
Password=SRS1

2018-01-18 16:40:18.2783 DESKTOP-2Q89F24 5 SRS1 ::1 GET http://localhost:49338/Menu 

2018-01-18 16:40:29.3908 DESKTOP-2Q89F24 6 SRS1 ::1 GET http://localhost:49338/ZZ/ZZ1031/ZZ1031Search 

2018-01-18 16:40:39.1961 DESKTOP-2Q89F24 6 SRS1 ::1 POST http://localhost:49338/ZZ/ZZ1031/ZZ1031Search/Search 
ViewMode=Init
EstimateNoCondition=

2018-01-18 16:40:39.3671 DESKTOP-2Q89F24 6 SRS1 ::1 GET http://localhost:49338/ZZ/ZZ1031/ZZ1031Detail?menuId=ZZ1031&group=ZZ 
menuId=ZZ1031
group=ZZ

2018-01-18 16:48:00.9291 DESKTOP-2Q89F24 5  ::1 GET http://localhost:49338/ 

2018-01-18 16:58:40.9232 DESKTOP-2Q89F24 13  ::1 POST http://localhost:49338/Login/Login 
ViewMode=Init
ReturnUrl=
UserId=SRS1
Password=SRS1

2018-01-18 16:58:41.0697 DESKTOP-2Q89F24 13 SRS1 ::1 GET http://localhost:49338/Menu 

2018-01-18 16:58:54.6421 DESKTOP-2Q89F24 14 SRS1 ::1 GET http://localhost:49338/ZZ/ZZ1031/ZZ1031Search 

2018-01-18 16:59:03.0036 DESKTOP-2Q89F24 5 SRS1 ::1 POST http://localhost:49338/ZZ/ZZ1031/ZZ1031Search/Search 
ViewMode=Init
EstimateNoCondition=

2018-01-18 16:59:03.2201 DESKTOP-2Q89F24 14 SRS1 ::1 GET http://localhost:49338/ZZ/ZZ1031/ZZ1031Detail?menuId=ZZ1031&group=ZZ 
menuId=ZZ1031
group=ZZ

2018-01-18 17:01:57.7063 DESKTOP-2Q89F24 13 SRS1 ::1 GET http://localhost:49338/ZZ/ZZ1031/ZZ1031Search 

2018-01-18 17:02:00.8126 DESKTOP-2Q89F24 13 SRS1 ::1 POST http://localhost:49338/ZZ/ZZ1031/ZZ1031Search/Search 
ViewMode=Init
EstimateNoCondition=

2018-01-18 17:02:01.0446 DESKTOP-2Q89F24 5 SRS1 ::1 GET http://localhost:49338/ZZ/ZZ1031/ZZ1031Detail?menuId=ZZ1031&group=ZZ 
menuId=ZZ1031
group=ZZ

2018-01-18 17:11:28.5288 DESKTOP-2Q89F24 6  ::1 GET http://localhost:49338/ 

2018-01-18 17:11:41.3301 DESKTOP-2Q89F24 8  ::1 POST http://localhost:49338/Login/Login 
ViewMode=Init
ReturnUrl=
UserId=SRS1
Password=SRS1

2018-01-18 17:11:41.5116 DESKTOP-2Q89F24 5 SRS1 ::1 GET http://localhost:49338/Menu 

2018-01-18 17:11:48.8826 DESKTOP-2Q89F24 12 SRS1 ::1 GET http://localhost:49338/ZZ/ZZ1031/ZZ1031Search 

2018-01-18 17:11:57.6322 DESKTOP-2Q89F24 13 SRS1 ::1 POST http://localhost:49338/ZZ/ZZ1031/ZZ1031Search/Search 
ViewMode=Init
EstimateNoCondition=

2018-01-18 17:11:57.8382 DESKTOP-2Q89F24 13 SRS1 ::1 GET http://localhost:49338/ZZ/ZZ1031/ZZ1031Detail?menuId=ZZ1031&group=ZZ 
menuId=ZZ1031
group=ZZ

2018-01-18 17:12:21.3666 DESKTOP-2Q89F24 6 SRS1 ::1 GET http://localhost:49338/ZZ/ZZ1031/ZZ1031Search 

2018-01-18 17:12:28.7826 DESKTOP-2Q89F24 13 SRS1 ::1 POST http://localhost:49338/ZZ/ZZ1031/ZZ1031Search/Search 
ViewMode=Init
EstimateNoCondition=

2018-01-18 17:12:28.9481 DESKTOP-2Q89F24 7 SRS1 ::1 GET http://localhost:49338/ZZ/ZZ1031/ZZ1031Detail?menuId=ZZ1031&group=ZZ 
menuId=ZZ1031
group=ZZ

2018-01-18 17:15:51.1220 DESKTOP-2Q89F24 5  ::1 GET http://localhost:49338/ 

2018-01-18 17:16:06.4457 DESKTOP-2Q89F24 12  ::1 POST http://localhost:49338/Login/Login 
ViewMode=Init
ReturnUrl=
UserId=SRS1
Password=SRS1

2018-01-18 17:16:06.6227 DESKTOP-2Q89F24 9 SRS1 ::1 GET http://localhost:49338/Menu 

2018-01-18 17:16:14.6512 DESKTOP-2Q89F24 9 SRS1 ::1 GET http://localhost:49338/ZZ/ZZ1031/ZZ1031Search 

2018-01-18 17:16:20.2233 DESKTOP-2Q89F24 11 SRS1 ::1 POST http://localhost:49338/ZZ/ZZ1031/ZZ1031Search/Search 
ViewMode=Init
EstimateNoCondition=

2018-01-18 17:16:20.5448 DESKTOP-2Q89F24 10 SRS1 ::1 GET http://localhost:49338/ZZ/ZZ1031/ZZ1031Detail?menuId=ZZ1031&group=ZZ 
menuId=ZZ1031
group=ZZ

