2018-01-12 08:23:26.5648 DESKTOP-2Q89F24 5 SRS1 ::1 
CP_UPD_INCACTIVITYLOG

@IVC_LOGINID=System.String,@IVC_MENUID=System.String,@RETURN=
@IVC_LOGINID='SRS1',@IVC_MENUID='ZZ1031',@RETURN=

2018-01-12 08:28:14.0699 DESKTOP-2Q89F24 8 SRS1 ::1 
CP_UPD_INCACTIVITYLOG

@IVC_LOGINID=System.String,@IVC_MENUID=System.String,@RETURN=
@IVC_LOGINID='SRS1',@IVC_MENUID='ZZ1031',@RETURN=

2018-01-12 08:56:04.3338 DESKTOP-2Q89F24 8 SRS1 ::1 
CP_UPD_INCACTIVITYLOG

@IVC_LOGINID=System.String,@IVC_MENUID=System.String,@RETURN=
@IVC_LOGINID='SRS1',@IVC_MENUID='ZZ1031',@RETURN=

2018-01-12 08:56:16.4671 DESKTOP-2Q89F24 12 SRS1 ::1 
CP_UPD_INCACTIVITYLOG

@IVC_LOGINID=System.String,@IVC_MENUID=System.String,@RETURN=
@IVC_LOGINID='SRS1',@IVC_MENUID='ZZ1031',@RETURN=

2018-01-12 08:59:07.6533 DESKTOP-2Q89F24 10 SRS1 ::1 
CP_UPD_INCACTIVITYLOG

@IVC_LOGINID=System.String,@IVC_MENUID=System.String,@RETURN=
@IVC_LOGINID='SRS1',@IVC_MENUID='ZZ1031',@RETURN=

2018-01-12 09:00:34.9823 DESKTOP-2Q89F24 5 SRS1 ::1 
CP_UPD_INCACTIVITYLOG

@IVC_LOGINID=System.String,@IVC_MENUID=System.String,@RETURN=
@IVC_LOGINID='SRS1',@IVC_MENUID='ZZ1031',@RETURN=

2018-01-12 09:31:07.9271 DESKTOP-2Q89F24 10 SRS1 ::1 
CP_UPD_INCACTIVITYLOG

@IVC_LOGINID=System.String,@IVC_MENUID=System.String,@RETURN=
@IVC_LOGINID='SRS1',@IVC_MENUID='ZZ1031',@RETURN=

2018-01-12 09:31:45.2848 DESKTOP-2Q89F24 5 SRS1 ::1 
CP_UPD_INCACTIVITYLOG

@IVC_LOGINID=System.String,@IVC_MENUID=System.String,@RETURN=
@IVC_LOGINID='SRS1',@IVC_MENUID='ZZ1031',@RETURN=

2018-01-12 09:49:57.4571 DESKTOP-2Q89F24 11 SRS1 ::1 
CP_UPD_INCACTIVITYLOG

@IVC_LOGINID=System.String,@IVC_MENUID=System.String,@RETURN=
@IVC_LOGINID='SRS1',@IVC_MENUID='ZZ1031',@RETURN=

2018-01-12 09:50:10.2629 DESKTOP-2Q89F24 6 SRS1 ::1 
SELECT TC.name AS ColumnName
  FROM sys.indexes AS I
 INNER JOIN sys.index_columns AS C
    ON I.object_id = C.object_id
   AND I.index_id = C.index_id
 INNER JOIN sys.columns AS TC
    ON C.object_id = TC.object_id
   AND C.column_id = TC.column_id
 WHERE I.object_id = (
    SELECT object_id
      FROM sys.tables
     WHERE name = 'ZZSAMPLE'
) AND I.type = '1'

2018-01-12 09:52:32.1546 DESKTOP-2Q89F24 6 SRS1 ::1 
CP_UPD_INCACTIVITYLOG

@IVC_LOGINID=System.String,@IVC_MENUID=System.String,@RETURN=
@IVC_LOGINID='SRS1',@IVC_MENUID='ZZ1031',@RETURN=

2018-01-12 10:06:31.1578 DESKTOP-2Q89F24 13 SRS1 ::1 
CP_UPD_INCACTIVITYLOG

@IVC_LOGINID=System.String,@IVC_MENUID=System.String,@RETURN=
@IVC_LOGINID='SRS1',@IVC_MENUID='ZZ1031',@RETURN=

2018-01-12 10:06:42.3485 DESKTOP-2Q89F24 9 SRS1 ::1 
SELECT TC.name AS ColumnName
  FROM sys.indexes AS I
 INNER JOIN sys.index_columns AS C
    ON I.object_id = C.object_id
   AND I.index_id = C.index_id
 INNER JOIN sys.columns AS TC
    ON C.object_id = TC.object_id
   AND C.column_id = TC.column_id
 WHERE I.object_id = (
    SELECT object_id
      FROM sys.tables
     WHERE name = 'ZZSAMPLE'
) AND I.type = '1'

2018-01-12 10:09:02.1434 DESKTOP-2Q89F24 9 SRS1 ::1 
CP_UPD_INCACTIVITYLOG

@IVC_LOGINID=System.String,@IVC_MENUID=System.String,@RETURN=
@IVC_LOGINID='SRS1',@IVC_MENUID='ZZ1031',@RETURN=

2018-01-12 13:04:41.2994 DESKTOP-2Q89F24 8 SRS1 ::1 
CP_UPD_INCACTIVITYLOG

@IVC_LOGINID=System.String,@IVC_MENUID=System.String,@RETURN=
@IVC_LOGINID='SRS1',@IVC_MENUID='ZZ1031',@RETURN=

2018-01-12 13:35:28.3893 DESKTOP-2Q89F24 7 SRS1 ::1 
CP_UPD_INCACTIVITYLOG

@IVC_LOGINID=System.String,@IVC_MENUID=System.String,@RETURN=
@IVC_LOGINID='SRS1',@IVC_MENUID='ZZ1031',@RETURN=

2018-01-12 13:40:01.9917 DESKTOP-2Q89F24 8 SRS1 ::1 
CP_UPD_INCACTIVITYLOG

@IVC_LOGINID=System.String,@IVC_MENUID=System.String,@RETURN=
@IVC_LOGINID='SRS1',@IVC_MENUID='ZZ1031',@RETURN=

2018-01-12 14:02:45.3908 DESKTOP-2Q89F24 12 SRS1 ::1 
CP_UPD_INCACTIVITYLOG

@IVC_LOGINID=System.String,@IVC_MENUID=System.String,@RETURN=
@IVC_LOGINID='SRS1',@IVC_MENUID='ZZ1031',@RETURN=

2018-01-12 14:34:46.1248 DESKTOP-2Q89F24 8 SRS1 ::1 
CP_UPD_INCACTIVITYLOG

@IVC_LOGINID=System.String,@IVC_MENUID=System.String,@RETURN=
@IVC_LOGINID='SRS1',@IVC_MENUID='ZZ1031',@RETURN=

2018-01-12 14:41:27.0930 DESKTOP-2Q89F24 13 SRS1 ::1 
CP_UPD_INCACTIVITYLOG

@IVC_LOGINID=System.String,@IVC_MENUID=System.String,@RETURN=
@IVC_LOGINID='SRS1',@IVC_MENUID='ZZ1031',@RETURN=

2018-01-12 15:58:12.2016 DESKTOP-2Q89F24 10 SRS1 ::1 
CP_UPD_INCACTIVITYLOG

@IVC_LOGINID=System.String,@IVC_MENUID=System.String,@RETURN=
@IVC_LOGINID='SRS1',@IVC_MENUID='ZZ1031',@RETURN=

2018-01-12 16:02:07.5318 DESKTOP-2Q89F24 7 SRS1 ::1 
CP_UPD_INCACTIVITYLOG

@IVC_LOGINID=System.String,@IVC_MENUID=System.String,@RETURN=
@IVC_LOGINID='SRS1',@IVC_MENUID='ZZ1031',@RETURN=

2018-01-12 16:05:34.4118 DESKTOP-2Q89F24 9 SRS1 ::1 
CP_UPD_INCACTIVITYLOG

@IVC_LOGINID=System.String,@IVC_MENUID=System.String,@RETURN=
@IVC_LOGINID='SRS1',@IVC_MENUID='ZZ1031',@RETURN=

2018-01-12 16:10:57.5969 DESKTOP-2Q89F24 9 SRS1 ::1 
CP_UPD_INCACTIVITYLOG

@IVC_LOGINID=System.String,@IVC_MENUID=System.String,@RETURN=
@IVC_LOGINID='SRS1',@IVC_MENUID='ZZ1031',@RETURN=

2018-01-12 16:19:03.3776 DESKTOP-2Q89F24 11 SRS1 ::1 
CP_UPD_INCACTIVITYLOG

@IVC_LOGINID=System.String,@IVC_MENUID=System.String,@RETURN=
@IVC_LOGINID='SRS1',@IVC_MENUID='ZZ1031',@RETURN=

2018-01-12 16:23:44.9155 DESKTOP-2Q89F24 10 SRS1 ::1 
CP_UPD_INCACTIVITYLOG

@IVC_LOGINID=System.String,@IVC_MENUID=System.String,@RETURN=
@IVC_LOGINID='SRS1',@IVC_MENUID='ZZ1031',@RETURN=

2018-01-12 16:32:15.3812 DESKTOP-2Q89F24 13 SRS1 ::1 
CP_UPD_INCACTIVITYLOG

@IVC_LOGINID=System.String,@IVC_MENUID=System.String,@RETURN=
@IVC_LOGINID='SRS1',@IVC_MENUID='ZZ1031',@RETURN=

2018-01-12 16:35:19.0302 DESKTOP-2Q89F24 6 SRS1 ::1 
CP_UPD_INCACTIVITYLOG

@IVC_LOGINID=System.String,@IVC_MENUID=System.String,@RETURN=
@IVC_LOGINID='SRS1',@IVC_MENUID='ZZ1031',@RETURN=

2018-01-12 17:13:48.9710 DESKTOP-2Q89F24 10 SRS1 ::1 
CP_UPD_INCACTIVITYLOG

@IVC_LOGINID=System.String,@IVC_MENUID=System.String,@RETURN=
@IVC_LOGINID='SRS1',@IVC_MENUID='ZZ1031',@RETURN=

2018-01-12 17:20:16.9527 DESKTOP-2Q89F24 6 SRS1 ::1 
CP_UPD_INCACTIVITYLOG

@IVC_LOGINID=System.String,@IVC_MENUID=System.String,@RETURN=
@IVC_LOGINID='SRS1',@IVC_MENUID='ZZ1031',@RETURN=

2018-01-12 17:23:04.0842 DESKTOP-2Q89F24 6 SRS1 ::1 
CP_UPD_INCACTIVITYLOG

@IVC_LOGINID=System.String,@IVC_MENUID=System.String,@RETURN=
@IVC_LOGINID='SRS1',@IVC_MENUID='ZZ1031',@RETURN=

2018-01-12 17:26:19.3174 DESKTOP-2Q89F24 5 SRS1 ::1 
CP_UPD_INCACTIVITYLOG

@IVC_LOGINID=System.String,@IVC_MENUID=System.String,@RETURN=
@IVC_LOGINID='SRS1',@IVC_MENUID='ZZ1031',@RETURN=

2018-01-12 17:39:29.8978 DESKTOP-2Q89F24 6 SRS1 ::1 
CP_UPD_INCACTIVITYLOG

@IVC_LOGINID=System.String,@IVC_MENUID=System.String,@RETURN=
@IVC_LOGINID='SRS1',@IVC_MENUID='ZZ1031',@RETURN=

