2018-01-11 17:43:40.9731 DESKTOP-2Q89F24 8 SRS1 ::1 
CP_UPD_INCACTIVITYLOG

@IVC_LOGINID=System.String,@IVC_MENUID=System.String,@RETURN=
@IVC_LOGINID='SRS1',@IVC_MENUID='ZZ1031',@RETURN=

2018-01-11 17:43:44.8274 DESKTOP-2Q89F24 9 SRS1 ::1 
SELECT LISTCD AS VALUE, LISTCD + ':' + LISTNAME AS TEXT
        FROM ZZSAMPLENAME
       ORDER BY LISTCD

2018-01-11 17:44:09.8569 DESKTOP-2Q89F24 8 SRS1 ::1 
CP_UPD_INCACTIVITYLOG

@IVC_LOGINID=System.String,@IVC_MENUID=System.String,@RETURN=
@IVC_LOGINID='SRS1',@IVC_MENUID='ZZ1031',@RETURN=

2018-01-11 17:44:12.0420 DESKTOP-2Q89F24 10 SRS1 ::1 
SELECT LISTCD AS VALUE, LISTCD + ':' + LISTNAME AS TEXT
        FROM ZZSAMPLENAME
       ORDER BY LISTCD

2018-01-11 17:49:02.4613 DESKTOP-2Q89F24 10 SRS1 ::1 
CP_UPD_INCACTIVITYLOG

@IVC_LOGINID=System.String,@IVC_MENUID=System.String,@RETURN=
@IVC_LOGINID='SRS1',@IVC_MENUID='ZZ1031',@RETURN=

2018-01-11 17:49:08.3755 DESKTOP-2Q89F24 8 SRS1 ::1 
SELECT LISTCD AS VALUE, LISTCD + ':' + LISTNAME AS TEXT
        FROM ZZSAMPLENAME
       ORDER BY LISTCD

