2018-01-16 10:06:05.4226 DESKTOP-2Q89F24 1   SRS.Standards.MvcFramework.Core.MVC.ExtendedRazorViewEngine Void .ctor() Begin
2018-01-16 10:06:05.4331 DESKTOP-2Q89F24 1   SRS.Standards.MvcFramework.Core.MVC.ExtendedRazorViewEngine Void .ctor() End
2018-01-16 10:06:06.3166 DESKTOP-2Q89F24 5  ::1 SRSSystem.MVCApplication.Controllers.LoginController Void OnActionExecuting(System.Web.Mvc.ActionExecutingContext) Begin
2018-01-16 10:06:06.3251 DESKTOP-2Q89F24 5  ::1 SRSSystem.MVCApplication.Controllers.LoginController Void OnActionExecuting(System.Web.Mvc.ActionExecutingContext) End
2018-01-16 10:06:06.4106 DESKTOP-2Q89F24 5  ::1 SRSSystem.MVCApplication.Controllers.LoginController Void OnActionExecuted(System.Web.Mvc.ActionExecutedContext) Begin
2018-01-16 10:06:06.4141 DESKTOP-2Q89F24 5  ::1 SRSSystem.MVCApplication.Controllers.LoginController System.Web.Mvc.ActionResult JudgeTrans(SRS.Standards.MvcFramework.Core.Facade.IViewModel) Begin
2018-01-16 10:06:06.4141 DESKTOP-2Q89F24 5  ::1 SRSSystem.MVCApplication.Controllers.LoginController System.Web.Mvc.ActionResult JudgeTrans(SRS.Standards.MvcFramework.Core.Facade.IViewModel) End
2018-01-16 10:06:06.4141 DESKTOP-2Q89F24 5  ::1 SRSSystem.MVCApplication.Controllers.LoginController Void OnActionExecuted(System.Web.Mvc.ActionExecutedContext) End
2018-01-16 10:06:06.4296 DESKTOP-2Q89F24 5  ::1 SRS.Standards.MvcFramework.Core.MVC.ExtendedRazorViewEngine System.Web.Mvc.ViewEngineResult FindView(System.Web.Mvc.ControllerContext, System.String, System.String, Boolean) Begin
2018-01-16 10:06:06.4296 DESKTOP-2Q89F24 5  ::1 SRS.Standards.MvcFramework.Core.MVC.ExtendedRazorViewEngine System.Web.Mvc.ViewEngineResult FindView(System.Web.Mvc.ControllerContext, System.String, System.String, Boolean) End
2018-01-16 10:06:06.4296 DESKTOP-2Q89F24 5  ::1 SRS.Standards.MvcFramework.Core.MVC.ExtendedRazorViewEngine System.Web.Mvc.ViewEngineResult FindView(System.Web.Mvc.ControllerContext, System.String, System.String, Boolean) Begin
2018-01-16 10:06:07.7396 DESKTOP-2Q89F24 5  ::1 SRS.Standards.MvcFramework.Core.MVC.ExtendedRazorViewEngine System.Web.Mvc.ViewEngineResult FindView(System.Web.Mvc.ControllerContext, System.String, System.String, Boolean) End
2018-01-16 10:06:10.1695 DESKTOP-2Q89F24 5  ::1 SRSSystem.MVCApplication.Controllers.LoginController Void OnResultExecuted(System.Web.Mvc.ResultExecutedContext) Begin
2018-01-16 10:06:10.1695 DESKTOP-2Q89F24 5  ::1 SRSSystem.MVCApplication.Controllers.LoginController Void OnResultExecuted(System.Web.Mvc.ResultExecutedContext) End
2018-01-16 10:06:25.5394 DESKTOP-2Q89F24 17  ::1 SRSSystem.MVCApplication.Controllers.LoginController Void OnActionExecuting(System.Web.Mvc.ActionExecutingContext) Begin
2018-01-16 10:06:25.5394 DESKTOP-2Q89F24 17  ::1 SRSSystem.MVCApplication.Controllers.LoginController Void OnActionExecuting(System.Web.Mvc.ActionExecutingContext) End
2018-01-16 10:06:25.5394 DESKTOP-2Q89F24 17  ::1 SRSSystem.MVCApplication.Controllers.LoginController System.Web.Mvc.ActionResult Login(SRS.Standards.MvcFramework.Core.Security.AuthenticationModel) Begin
2018-01-16 10:06:25.5394 DESKTOP-2Q89F24 17  ::1 SRSSystem.Common.Login.Business.LoginFacade System.Runtime.Remoting.Messaging.IMethodReturnMessage InterceptMessage(System.Runtime.Remoting.Messaging.IMethodCallMessage) Begin
2018-01-16 10:06:25.5394 DESKTOP-2Q89F24 17  ::1 SRSSystem.Common.Login.Business.LoginFacade System.Runtime.Remoting.Messaging.IMethodReturnMessage ProcessMessage(System.Runtime.Remoting.Messaging.IMethodCallMessage) Begin
2018-01-16 10:06:25.5619 DESKTOP-2Q89F24 17  ::1 SRSSystem.Common.Login.Business.LoginFacade SRS.Standards.MvcFramework.Core.Security.AuthenticationModel Login(SRS.Standards.MvcFramework.Core.Security.AuthenticationModel) Begin
2018-01-16 10:06:25.5619 DESKTOP-2Q89F24 17  ::1 SRSSystem.Common.Login.Business.LoginFacade Boolean OnLogin(SRS.Standards.MvcFramework.Core.Security.AuthenticationModel) Begin
2018-01-16 10:06:25.5619 DESKTOP-2Q89F24 17  ::1 SRSSystem.Common.Login.Business.LoginRule System.Runtime.Remoting.Messaging.IMethodReturnMessage InterceptMessage(System.Runtime.Remoting.Messaging.IMethodCallMessage) Begin
2018-01-16 10:06:25.5619 DESKTOP-2Q89F24 17  ::1 SRSSystem.Common.Login.Business.LoginRule System.Runtime.Remoting.Messaging.IMethodReturnMessage ProcessMessage(System.Runtime.Remoting.Messaging.IMethodCallMessage) Begin
2018-01-16 10:06:25.5619 DESKTOP-2Q89F24 17  ::1 SRSSystem.Common.Login.Business.LoginRule Void OnMethodSucceeded(System.Runtime.Remoting.Messaging.IMethodCallMessage, System.Runtime.Remoting.Messaging.IMethodReturnMessage) Begin
2018-01-16 10:06:25.5619 DESKTOP-2Q89F24 17  ::1 SRSSystem.Common.Login.Business.LoginRule Void OnMethodSucceeded(System.Runtime.Remoting.Messaging.IMethodCallMessage, System.Runtime.Remoting.Messaging.IMethodReturnMessage) End
2018-01-16 10:06:25.5619 DESKTOP-2Q89F24 17  ::1 SRSSystem.Common.Login.Business.LoginRule System.Runtime.Remoting.Messaging.IMethodReturnMessage ProcessMessage(System.Runtime.Remoting.Messaging.IMethodCallMessage) End
2018-01-16 10:06:25.5619 DESKTOP-2Q89F24 17  ::1 SRSSystem.Common.Login.Business.LoginRule System.Runtime.Remoting.Messaging.IMethodReturnMessage InterceptMessage(System.Runtime.Remoting.Messaging.IMethodCallMessage) End
2018-01-16 10:06:25.5619 DESKTOP-2Q89F24 17  ::1 SRSSystem.Common.Login.Business.LoginRule System.Runtime.Remoting.Messaging.IMethodReturnMessage InterceptMessage(System.Runtime.Remoting.Messaging.IMethodCallMessage) Begin
2018-01-16 10:06:25.5619 DESKTOP-2Q89F24 17  ::1 SRSSystem.Common.Login.Business.LoginRule System.Runtime.Remoting.Messaging.IMethodReturnMessage ProcessMessage(System.Runtime.Remoting.Messaging.IMethodCallMessage) Begin
2018-01-16 10:06:25.5704 DESKTOP-2Q89F24 17  ::1 SRSSystem.Common.Login.Business.LoginRule Void OnMethodSucceeded(System.Runtime.Remoting.Messaging.IMethodCallMessage, System.Runtime.Remoting.Messaging.IMethodReturnMessage) Begin
2018-01-16 10:06:25.5704 DESKTOP-2Q89F24 17  ::1 SRSSystem.Common.Login.Business.LoginRule Void OnMethodSucceeded(System.Runtime.Remoting.Messaging.IMethodCallMessage, System.Runtime.Remoting.Messaging.IMethodReturnMessage) End
2018-01-16 10:06:25.5704 DESKTOP-2Q89F24 17  ::1 SRSSystem.Common.Login.Business.LoginRule System.Runtime.Remoting.Messaging.IMethodReturnMessage ProcessMessage(System.Runtime.Remoting.Messaging.IMethodCallMessage) End
2018-01-16 10:06:25.5704 DESKTOP-2Q89F24 17  ::1 SRSSystem.Common.Login.Business.LoginRule System.Runtime.Remoting.Messaging.IMethodReturnMessage InterceptMessage(System.Runtime.Remoting.Messaging.IMethodCallMessage) End
2018-01-16 10:06:25.5704 DESKTOP-2Q89F24 17  ::1 SRSSystem.Common.Login.Business.LoginRule System.Runtime.Remoting.Messaging.IMethodReturnMessage InterceptMessage(System.Runtime.Remoting.Messaging.IMethodCallMessage) Begin
2018-01-16 10:06:25.5704 DESKTOP-2Q89F24 17  ::1 SRSSystem.Common.Login.Business.LoginRule System.Runtime.Remoting.Messaging.IMethodReturnMessage ProcessMessage(System.Runtime.Remoting.Messaging.IMethodCallMessage) Begin
2018-01-16 10:06:25.5704 DESKTOP-2Q89F24 17  ::1 SRSSystem.Common.Login.Business.LoginRule Void OnMethodSucceeded(System.Runtime.Remoting.Messaging.IMethodCallMessage, System.Runtime.Remoting.Messaging.IMethodReturnMessage) Begin
2018-01-16 10:06:25.5704 DESKTOP-2Q89F24 17  ::1 SRSSystem.Common.Login.Business.LoginRule Void OnMethodSucceeded(System.Runtime.Remoting.Messaging.IMethodCallMessage, System.Runtime.Remoting.Messaging.IMethodReturnMessage) End
2018-01-16 10:06:25.5704 DESKTOP-2Q89F24 17  ::1 SRSSystem.Common.Login.Business.LoginRule System.Runtime.Remoting.Messaging.IMethodReturnMessage ProcessMessage(System.Runtime.Remoting.Messaging.IMethodCallMessage) End
2018-01-16 10:06:25.5704 DESKTOP-2Q89F24 17  ::1 SRSSystem.Common.Login.Business.LoginRule System.Runtime.Remoting.Messaging.IMethodReturnMessage InterceptMessage(System.Runtime.Remoting.Messaging.IMethodCallMessage) End
2018-01-16 10:06:25.5704 DESKTOP-2Q89F24 17  ::1 SRSSystem.Common.Login.Business.LoginRule System.Runtime.Remoting.Messaging.IMethodReturnMessage InterceptMessage(System.Runtime.Remoting.Messaging.IMethodCallMessage) Begin
2018-01-16 10:06:25.5704 DESKTOP-2Q89F24 17  ::1 SRSSystem.Common.Login.Business.LoginRule System.Runtime.Remoting.Messaging.IMethodReturnMessage ProcessMessage(System.Runtime.Remoting.Messaging.IMethodCallMessage) Begin
2018-01-16 10:06:25.5859 DESKTOP-2Q89F24 17  ::1 SRSSystem.Common.Login.Business.LoginRule Void OnMethodSucceeded(System.Runtime.Remoting.Messaging.IMethodCallMessage, System.Runtime.Remoting.Messaging.IMethodReturnMessage) Begin
2018-01-16 10:06:25.5859 DESKTOP-2Q89F24 17  ::1 SRSSystem.Common.Login.Business.LoginRule Void OnMethodSucceeded(System.Runtime.Remoting.Messaging.IMethodCallMessage, System.Runtime.Remoting.Messaging.IMethodReturnMessage) End
2018-01-16 10:06:25.5859 DESKTOP-2Q89F24 17  ::1 SRSSystem.Common.Login.Business.LoginRule System.Runtime.Remoting.Messaging.IMethodReturnMessage ProcessMessage(System.Runtime.Remoting.Messaging.IMethodCallMessage) End
2018-01-16 10:06:25.5859 DESKTOP-2Q89F24 17  ::1 SRSSystem.Common.Login.Business.LoginRule System.Runtime.Remoting.Messaging.IMethodReturnMessage InterceptMessage(System.Runtime.Remoting.Messaging.IMethodCallMessage) End
2018-01-16 10:06:25.5859 DESKTOP-2Q89F24 17  ::1 SRSSystem.Common.Login.Business.LoginFacade Boolean OnLogin(SRS.Standards.MvcFramework.Core.Security.AuthenticationModel) End
2018-01-16 10:06:25.6049 DESKTOP-2Q89F24 17  ::1 SRSSystem.Common.Login.Business.LoginFacade SRS.Standards.MvcFramework.Core.Security.AuthenticationModel Login(SRS.Standards.MvcFramework.Core.Security.AuthenticationModel) End
2018-01-16 10:06:25.6049 DESKTOP-2Q89F24 17  ::1 SRSSystem.Common.Login.Business.LoginFacade Void OnMethodSucceeded(System.Runtime.Remoting.Messaging.IMethodCallMessage, System.Runtime.Remoting.Messaging.IMethodReturnMessage) Begin
2018-01-16 10:06:25.6049 DESKTOP-2Q89F24 17  ::1 SRSSystem.Common.Login.Business.LoginFacade Void OnMethodSucceeded(System.Runtime.Remoting.Messaging.IMethodCallMessage, System.Runtime.Remoting.Messaging.IMethodReturnMessage) End
2018-01-16 10:06:25.6049 DESKTOP-2Q89F24 17  ::1 SRSSystem.Common.Login.Business.LoginFacade System.Runtime.Remoting.Messaging.IMethodReturnMessage ProcessMessage(System.Runtime.Remoting.Messaging.IMethodCallMessage) End
2018-01-16 10:06:25.6049 DESKTOP-2Q89F24 17  ::1 SRSSystem.Common.Login.Business.LoginFacade System.Runtime.Remoting.Messaging.IMethodReturnMessage InterceptMessage(System.Runtime.Remoting.Messaging.IMethodCallMessage) End
2018-01-16 10:06:25.6049 DESKTOP-2Q89F24 17  ::1 SRSSystem.MVCApplication.Controllers.LoginController System.Web.Mvc.ActionResult Login(SRS.Standards.MvcFramework.Core.Security.AuthenticationModel) End
2018-01-16 10:06:25.6049 DESKTOP-2Q89F24 17  ::1 SRSSystem.MVCApplication.Controllers.LoginController Void OnActionExecuted(System.Web.Mvc.ActionExecutedContext) Begin
2018-01-16 10:06:25.6049 DESKTOP-2Q89F24 17  ::1 SRSSystem.MVCApplication.Controllers.LoginController System.Web.Mvc.ActionResult JudgeTrans(SRS.Standards.MvcFramework.Core.Facade.IViewModel) Begin
2018-01-16 10:06:25.6049 DESKTOP-2Q89F24 17  ::1 SRSSystem.MVCApplication.Controllers.LoginController System.Web.Mvc.ActionResult JudgeTrans(SRS.Standards.MvcFramework.Core.Facade.IViewModel) End
2018-01-16 10:06:25.6049 DESKTOP-2Q89F24 17  ::1 SRSSystem.MVCApplication.Controllers.LoginController Void OnActionExecuted(System.Web.Mvc.ActionExecutedContext) End
2018-01-16 10:06:25.6379 DESKTOP-2Q89F24 17  ::1 SRSSystem.MVCApplication.Controllers.LoginController Void OnResultExecuted(System.Web.Mvc.ResultExecutedContext) Begin
2018-01-16 10:06:25.6379 DESKTOP-2Q89F24 17  ::1 SRSSystem.MVCApplication.Controllers.LoginController Void OnResultExecuted(System.Web.Mvc.ResultExecutedContext) End
2018-01-16 10:06:25.7114 DESKTOP-2Q89F24 12 SRS1 ::1 SRSSystem.MVCApplication.Controllers.MenuController Void OnActionExecuting(System.Web.Mvc.ActionExecutingContext) Begin
2018-01-16 10:06:25.7114 DESKTOP-2Q89F24 12 SRS1 ::1 SRSSystem.Common.Menu.Business.MenuFacade System.Runtime.Remoting.Messaging.IMethodReturnMessage InterceptMessage(System.Runtime.Remoting.Messaging.IMethodCallMessage) Begin
2018-01-16 10:06:25.7114 DESKTOP-2Q89F24 12 SRS1 ::1 SRSSystem.Common.Menu.Business.MenuFacade System.Runtime.Remoting.Messaging.IMethodReturnMessage ProcessMessage(System.Runtime.Remoting.Messaging.IMethodCallMessage) Begin
2018-01-16 10:06:25.7114 DESKTOP-2Q89F24 12 SRS1 ::1 SRSSystem.Common.Menu.Business.MenuFacade SRS.Standards.MvcFramework.Core.Security.AuthenticationModel Authentication(SRS.Standards.MvcFramework.Core.Security.AuthenticationModel) Begin
2018-01-16 10:06:25.7114 DESKTOP-2Q89F24 12 SRS1 ::1 SRSSystem.Common.Menu.Business.MenuFacade Boolean OnAuthentication(SRS.Standards.MvcFramework.Core.Security.AuthenticationModel) Begin
2018-01-16 10:06:25.7114 DESKTOP-2Q89F24 12 SRS1 ::1 SRSSystem.Common.Menu.Business.MenuFacade Boolean OnAuthentication(SRS.Standards.MvcFramework.Core.Security.AuthenticationModel) End
2018-01-16 10:06:25.7114 DESKTOP-2Q89F24 12 SRS1 ::1 SRSSystem.Common.Menu.Business.MenuFacade SRS.Standards.MvcFramework.Core.Security.AuthenticationModel Authentication(SRS.Standards.MvcFramework.Core.Security.AuthenticationModel) End
2018-01-16 10:06:25.7114 DESKTOP-2Q89F24 12 SRS1 ::1 SRSSystem.Common.Menu.Business.MenuFacade Void OnMethodSucceeded(System.Runtime.Remoting.Messaging.IMethodCallMessage, System.Runtime.Remoting.Messaging.IMethodReturnMessage) Begin
2018-01-16 10:06:25.7114 DESKTOP-2Q89F24 12 SRS1 ::1 SRSSystem.Common.Menu.Business.MenuFacade Void OnMethodSucceeded(System.Runtime.Remoting.Messaging.IMethodCallMessage, System.Runtime.Remoting.Messaging.IMethodReturnMessage) End
2018-01-16 10:06:25.7114 DESKTOP-2Q89F24 12 SRS1 ::1 SRSSystem.Common.Menu.Business.MenuFacade System.Runtime.Remoting.Messaging.IMethodReturnMessage ProcessMessage(System.Runtime.Remoting.Messaging.IMethodCallMessage) End
2018-01-16 10:06:25.7114 DESKTOP-2Q89F24 12 SRS1 ::1 SRSSystem.Common.Menu.Business.MenuFacade System.Runtime.Remoting.Messaging.IMethodReturnMessage InterceptMessage(System.Runtime.Remoting.Messaging.IMethodCallMessage) End
2018-01-16 10:06:25.7114 DESKTOP-2Q89F24 12 SRS1 ::1 SRSSystem.MVCApplication.Controllers.MenuController Void OnActionExecuting(System.Web.Mvc.ActionExecutingContext) End
2018-01-16 10:06:25.7114 DESKTOP-2Q89F24 12 SRS1 ::1 SRSSystem.Common.Menu.Business.MenuFacade System.Runtime.Remoting.Messaging.IMethodReturnMessage InterceptMessage(System.Runtime.Remoting.Messaging.IMethodCallMessage) Begin
2018-01-16 10:06:25.7114 DESKTOP-2Q89F24 12 SRS1 ::1 SRSSystem.Common.Menu.Business.MenuFacade System.Runtime.Remoting.Messaging.IMethodReturnMessage ProcessMessage(System.Runtime.Remoting.Messaging.IMethodCallMessage) Begin
2018-01-16 10:06:25.7114 DESKTOP-2Q89F24 12 SRS1 ::1 SRSSystem.Common.Menu.Business.MenuRule System.Runtime.Remoting.Messaging.IMethodReturnMessage InterceptMessage(System.Runtime.Remoting.Messaging.IMethodCallMessage) Begin
2018-01-16 10:06:25.7114 DESKTOP-2Q89F24 12 SRS1 ::1 SRSSystem.Common.Menu.Business.MenuRule System.Runtime.Remoting.Messaging.IMethodReturnMessage ProcessMessage(System.Runtime.Remoting.Messaging.IMethodCallMessage) Begin
2018-01-16 10:06:25.7909 DESKTOP-2Q89F24 12 SRS1 ::1 SRSSystem.Common.Menu.Business.MenuRule Void OnMethodSucceeded(System.Runtime.Remoting.Messaging.IMethodCallMessage, System.Runtime.Remoting.Messaging.IMethodReturnMessage) Begin
2018-01-16 10:06:25.7909 DESKTOP-2Q89F24 12 SRS1 ::1 SRSSystem.Common.Menu.Business.MenuRule Void OnMethodSucceeded(System.Runtime.Remoting.Messaging.IMethodCallMessage, System.Runtime.Remoting.Messaging.IMethodReturnMessage) End
2018-01-16 10:06:25.7909 DESKTOP-2Q89F24 12 SRS1 ::1 SRSSystem.Common.Menu.Business.MenuRule System.Runtime.Remoting.Messaging.IMethodReturnMessage ProcessMessage(System.Runtime.Remoting.Messaging.IMethodCallMessage) End
2018-01-16 10:06:25.7909 DESKTOP-2Q89F24 12 SRS1 ::1 SRSSystem.Common.Menu.Business.MenuRule System.Runtime.Remoting.Messaging.IMethodReturnMessage InterceptMessage(System.Runtime.Remoting.Messaging.IMethodCallMessage) End
2018-01-16 10:06:25.7909 DESKTOP-2Q89F24 12 SRS1 ::1 SRSSystem.Common.Menu.Business.MenuRule System.Runtime.Remoting.Messaging.IMethodReturnMessage InterceptMessage(System.Runtime.Remoting.Messaging.IMethodCallMessage) Begin
2018-01-16 10:06:25.7909 DESKTOP-2Q89F24 12 SRS1 ::1 SRSSystem.Common.Menu.Business.MenuRule System.Runtime.Remoting.Messaging.IMethodReturnMessage ProcessMessage(System.Runtime.Remoting.Messaging.IMethodCallMessage) Begin
2018-01-16 10:06:25.7909 DESKTOP-2Q89F24 12 SRS1 ::1 SRSSystem.Common.Menu.Business.MenuRule Void OnMethodSucceeded(System.Runtime.Remoting.Messaging.IMethodCallMessage, System.Runtime.Remoting.Messaging.IMethodReturnMessage) Begin
2018-01-16 10:06:25.7909 DESKTOP-2Q89F24 12 SRS1 ::1 SRSSystem.Common.Menu.Business.MenuRule Void OnMethodSucceeded(System.Runtime.Remoting.Messaging.IMethodCallMessage, System.Runtime.Remoting.Messaging.IMethodReturnMessage) End
2018-01-16 10:06:25.7909 DESKTOP-2Q89F24 12 SRS1 ::1 SRSSystem.Common.Menu.Business.MenuRule System.Runtime.Remoting.Messaging.IMethodReturnMessage ProcessMessage(System.Runtime.Remoting.Messaging.IMethodCallMessage) End
2018-01-16 10:06:25.7909 DESKTOP-2Q89F24 12 SRS1 ::1 SRSSystem.Common.Menu.Business.MenuRule System.Runtime.Remoting.Messaging.IMethodReturnMessage InterceptMessage(System.Runtime.Remoting.Messaging.IMethodCallMessage) End
2018-01-16 10:06:25.7909 DESKTOP-2Q89F24 12 SRS1 ::1 SRSSystem.Common.Menu.Business.MenuFacade Void OnMethodSucceeded(System.Runtime.Remoting.Messaging.IMethodCallMessage, System.Runtime.Remoting.Messaging.IMethodReturnMessage) Begin
2018-01-16 10:06:25.7909 DESKTOP-2Q89F24 12 SRS1 ::1 SRSSystem.Common.Menu.Business.MenuFacade Void OnMethodSucceeded(System.Runtime.Remoting.Messaging.IMethodCallMessage, System.Runtime.Remoting.Messaging.IMethodReturnMessage) End
2018-01-16 10:06:25.7909 DESKTOP-2Q89F24 12 SRS1 ::1 SRSSystem.Common.Menu.Business.MenuFacade System.Runtime.Remoting.Messaging.IMethodReturnMessage ProcessMessage(System.Runtime.Remoting.Messaging.IMethodCallMessage) End
2018-01-16 10:06:25.7909 DESKTOP-2Q89F24 12 SRS1 ::1 SRSSystem.Common.Menu.Business.MenuFacade System.Runtime.Remoting.Messaging.IMethodReturnMessage InterceptMessage(System.Runtime.Remoting.Messaging.IMethodCallMessage) End
2018-01-16 10:06:25.7909 DESKTOP-2Q89F24 12 SRS1 ::1 SRSSystem.MVCApplication.Controllers.MenuController Void OnActionExecuted(System.Web.Mvc.ActionExecutedContext) Begin
2018-01-16 10:06:25.7909 DESKTOP-2Q89F24 12 SRS1 ::1 SRSSystem.MVCApplication.Controllers.MenuController System.Web.Mvc.ActionResult JudgeTrans(SRS.Standards.MvcFramework.Core.Facade.IViewModel) Begin
2018-01-16 10:06:25.7909 DESKTOP-2Q89F24 12 SRS1 ::1 SRSSystem.MVCApplication.Controllers.MenuController System.Web.Mvc.ActionResult JudgeTrans(SRS.Standards.MvcFramework.Core.Facade.IViewModel) End
2018-01-16 10:06:25.7909 DESKTOP-2Q89F24 12 SRS1 ::1 SRSSystem.MVCApplication.Controllers.MenuController Void OnActionExecuted(System.Web.Mvc.ActionExecutedContext) End
2018-01-16 10:06:25.7909 DESKTOP-2Q89F24 12 SRS1 ::1 SRS.Standards.MvcFramework.Core.MVC.ExtendedRazorViewEngine System.Web.Mvc.ViewEngineResult FindView(System.Web.Mvc.ControllerContext, System.String, System.String, Boolean) Begin
2018-01-16 10:06:25.7909 DESKTOP-2Q89F24 12 SRS1 ::1 SRS.Standards.MvcFramework.Core.MVC.ExtendedRazorViewEngine System.Web.Mvc.ViewEngineResult FindView(System.Web.Mvc.ControllerContext, System.String, System.String, Boolean) End
2018-01-16 10:06:25.7909 DESKTOP-2Q89F24 12 SRS1 ::1 SRS.Standards.MvcFramework.Core.MVC.ExtendedRazorViewEngine System.Web.Mvc.ViewEngineResult FindView(System.Web.Mvc.ControllerContext, System.String, System.String, Boolean) Begin
2018-01-16 10:06:25.7909 DESKTOP-2Q89F24 12 SRS1 ::1 SRS.Standards.MvcFramework.Core.MVC.ExtendedRazorViewEngine System.Web.Mvc.ViewEngineResult FindView(System.Web.Mvc.ControllerContext, System.String, System.String, Boolean) End
2018-01-16 10:06:25.7909 DESKTOP-2Q89F24 12 SRS1 ::1 SRSSystem.MVCApplication.Controllers.MenuController Void OnResultExecuted(System.Web.Mvc.ResultExecutedContext) Begin
2018-01-16 10:06:25.7909 DESKTOP-2Q89F24 12 SRS1 ::1 SRSSystem.MVCApplication.Controllers.MenuController Void OnResultExecuted(System.Web.Mvc.ResultExecutedContext) End
2018-01-16 10:06:37.3508 DESKTOP-2Q89F24 7 SRS1 ::1 SRSSystem.MVCApplication.Controllers.ZZ.ZZ1031.ZZ1031SearchController Void OnActionExecuting(System.Web.Mvc.ActionExecutingContext) Begin
2018-01-16 10:06:37.3553 DESKTOP-2Q89F24 7 SRS1 ::1 SRSSystem.ZZ.ZZ1031.Business.ZZ1031SearchFacade System.Runtime.Remoting.Messaging.IMethodReturnMessage InterceptMessage(System.Runtime.Remoting.Messaging.IMethodCallMessage) Begin
2018-01-16 10:06:37.3553 DESKTOP-2Q89F24 7 SRS1 ::1 SRSSystem.ZZ.ZZ1031.Business.ZZ1031SearchFacade System.Runtime.Remoting.Messaging.IMethodReturnMessage ProcessMessage(System.Runtime.Remoting.Messaging.IMethodCallMessage) Begin
2018-01-16 10:06:37.3553 DESKTOP-2Q89F24 7 SRS1 ::1 SRSSystem.ZZ.ZZ1031.Business.ZZ1031SearchFacade SRS.Standards.MvcFramework.Core.Security.AuthenticationModel Authentication(SRS.Standards.MvcFramework.Core.Security.AuthenticationModel) Begin
2018-01-16 10:06:37.3553 DESKTOP-2Q89F24 7 SRS1 ::1 SRSSystem.ZZ.ZZ1031.Business.ZZ1031SearchFacade Boolean OnAuthentication(SRS.Standards.MvcFramework.Core.Security.AuthenticationModel) Begin
2018-01-16 10:06:37.3553 DESKTOP-2Q89F24 7 SRS1 ::1 SRSSystem.ZZ.ZZ1031.Business.ZZ1031SearchFacade Boolean OnAuthentication(SRS.Standards.MvcFramework.Core.Security.AuthenticationModel) End
2018-01-16 10:06:37.3553 DESKTOP-2Q89F24 7 SRS1 ::1 SRSSystem.ZZ.ZZ1031.Business.ZZ1031SearchFacade SRS.Standards.MvcFramework.Core.Security.AuthenticationModel Authentication(SRS.Standards.MvcFramework.Core.Security.AuthenticationModel) End
2018-01-16 10:06:37.3553 DESKTOP-2Q89F24 7 SRS1 ::1 SRSSystem.ZZ.ZZ1031.Business.ZZ1031SearchFacade Void OnMethodSucceeded(System.Runtime.Remoting.Messaging.IMethodCallMessage, System.Runtime.Remoting.Messaging.IMethodReturnMessage) Begin
2018-01-16 10:06:37.3553 DESKTOP-2Q89F24 7 SRS1 ::1 SRSSystem.ZZ.ZZ1031.Business.ZZ1031SearchFacade Void OnMethodSucceeded(System.Runtime.Remoting.Messaging.IMethodCallMessage, System.Runtime.Remoting.Messaging.IMethodReturnMessage) End
2018-01-16 10:06:37.3553 DESKTOP-2Q89F24 7 SRS1 ::1 SRSSystem.ZZ.ZZ1031.Business.ZZ1031SearchFacade System.Runtime.Remoting.Messaging.IMethodReturnMessage ProcessMessage(System.Runtime.Remoting.Messaging.IMethodCallMessage) End
2018-01-16 10:06:37.3553 DESKTOP-2Q89F24 7 SRS1 ::1 SRSSystem.ZZ.ZZ1031.Business.ZZ1031SearchFacade System.Runtime.Remoting.Messaging.IMethodReturnMessage InterceptMessage(System.Runtime.Remoting.Messaging.IMethodCallMessage) End
2018-01-16 10:06:37.3553 DESKTOP-2Q89F24 7 SRS1 ::1 SRSSystem.ZZ.ZZ1031.Business.ZZ1031SearchFacade System.Runtime.Remoting.Messaging.IMethodReturnMessage InterceptMessage(System.Runtime.Remoting.Messaging.IMethodCallMessage) Begin
2018-01-16 10:06:37.3553 DESKTOP-2Q89F24 7 SRS1 ::1 SRSSystem.ZZ.ZZ1031.Business.ZZ1031SearchFacade System.Runtime.Remoting.Messaging.IMethodReturnMessage ProcessMessage(System.Runtime.Remoting.Messaging.IMethodCallMessage) Begin
2018-01-16 10:06:37.3693 DESKTOP-2Q89F24 7 SRS1 ::1 SRSSystem.ZZ.ZZ1031.Business.ZZ1031SearchFacade SRS.Standards.MvcFramework.Core.Security.SecurityRegulationModel SecurityCheck(SRS.Standards.MvcFramework.Core.Security.SecurityRegulationModel) Begin
2018-01-16 10:06:37.3693 DESKTOP-2Q89F24 7 SRS1 ::1 SRSSystem.ZZ.ZZ1031.Business.ZZ1031SearchFacade Boolean OnSecurityCheck(SRS.Standards.MvcFramework.Core.Security.SecurityRegulationModel) Begin
2018-01-16 10:06:37.3693 DESKTOP-2Q89F24 7 SRS1 ::1 SRSSystem.ZZ.ZZ1031.Business.ZZ1031SearchFacade Boolean OnSecurityCheck(SRS.Standards.MvcFramework.Core.Security.SecurityRegulationModel) End
2018-01-16 10:06:37.3693 DESKTOP-2Q89F24 7 SRS1 ::1 SRSSystem.ZZ.ZZ1031.Business.ZZ1031SearchFacade SRS.Standards.MvcFramework.Core.Security.SecurityRegulationModel SecurityCheck(SRS.Standards.MvcFramework.Core.Security.SecurityRegulationModel) End
2018-01-16 10:06:37.3693 DESKTOP-2Q89F24 7 SRS1 ::1 SRSSystem.ZZ.ZZ1031.Business.ZZ1031SearchFacade Void OnMethodSucceeded(System.Runtime.Remoting.Messaging.IMethodCallMessage, System.Runtime.Remoting.Messaging.IMethodReturnMessage) Begin
2018-01-16 10:06:37.3693 DESKTOP-2Q89F24 7 SRS1 ::1 SRSSystem.ZZ.ZZ1031.Business.ZZ1031SearchFacade Void OnMethodSucceeded(System.Runtime.Remoting.Messaging.IMethodCallMessage, System.Runtime.Remoting.Messaging.IMethodReturnMessage) End
2018-01-16 10:06:37.3693 DESKTOP-2Q89F24 7 SRS1 ::1 SRSSystem.ZZ.ZZ1031.Business.ZZ1031SearchFacade System.Runtime.Remoting.Messaging.IMethodReturnMessage ProcessMessage(System.Runtime.Remoting.Messaging.IMethodCallMessage) End
2018-01-16 10:06:37.3693 DESKTOP-2Q89F24 7 SRS1 ::1 SRSSystem.ZZ.ZZ1031.Business.ZZ1031SearchFacade System.Runtime.Remoting.Messaging.IMethodReturnMessage InterceptMessage(System.Runtime.Remoting.Messaging.IMethodCallMessage) End
2018-01-16 10:06:37.3693 DESKTOP-2Q89F24 7 SRS1 ::1 SRSSystem.MVCApplication.Controllers.ZZ.ZZ1031.ZZ1031SearchController Void OnActionExecuting(System.Web.Mvc.ActionExecutingContext) End
2018-01-16 10:06:37.3693 DESKTOP-2Q89F24 7 SRS1 ::1 SRSSystem.Common.Login.Business.LoginFacade System.Runtime.Remoting.Messaging.IMethodReturnMessage InterceptMessage(System.Runtime.Remoting.Messaging.IMethodCallMessage) Begin
2018-01-16 10:06:37.3693 DESKTOP-2Q89F24 7 SRS1 ::1 SRSSystem.Common.Login.Business.LoginFacade System.Runtime.Remoting.Messaging.IMethodReturnMessage ProcessMessage(System.Runtime.Remoting.Messaging.IMethodCallMessage) Begin
2018-01-16 10:06:37.3693 DESKTOP-2Q89F24 7 SRS1 ::1 SRSSystem.Common.Login.Business.LoginFacade SRS.Standards.MvcFramework.Core.Security.SecurityRegulationModel RegulationCheck(SRS.Standards.MvcFramework.Core.Security.SecurityRegulationModel) Begin
2018-01-16 10:06:37.3693 DESKTOP-2Q89F24 7 SRS1 ::1 SRSSystem.Common.Login.Business.LoginRule System.Runtime.Remoting.Messaging.IMethodReturnMessage InterceptMessage(System.Runtime.Remoting.Messaging.IMethodCallMessage) Begin
2018-01-16 10:06:37.3693 DESKTOP-2Q89F24 7 SRS1 ::1 SRSSystem.Common.Login.Business.LoginRule System.Runtime.Remoting.Messaging.IMethodReturnMessage ProcessMessage(System.Runtime.Remoting.Messaging.IMethodCallMessage) Begin
2018-01-16 10:06:37.3693 DESKTOP-2Q89F24 7 SRS1 ::1 SRSSystem.Common.Login.Business.LoginRule Void OnMethodSucceeded(System.Runtime.Remoting.Messaging.IMethodCallMessage, System.Runtime.Remoting.Messaging.IMethodReturnMessage) Begin
2018-01-16 10:06:37.3693 DESKTOP-2Q89F24 7 SRS1 ::1 SRSSystem.Common.Login.Business.LoginRule Void OnMethodSucceeded(System.Runtime.Remoting.Messaging.IMethodCallMessage, System.Runtime.Remoting.Messaging.IMethodReturnMessage) End
2018-01-16 10:06:37.3693 DESKTOP-2Q89F24 7 SRS1 ::1 SRSSystem.Common.Login.Business.LoginRule System.Runtime.Remoting.Messaging.IMethodReturnMessage ProcessMessage(System.Runtime.Remoting.Messaging.IMethodCallMessage) End
2018-01-16 10:06:37.3693 DESKTOP-2Q89F24 7 SRS1 ::1 SRSSystem.Common.Login.Business.LoginRule System.Runtime.Remoting.Messaging.IMethodReturnMessage InterceptMessage(System.Runtime.Remoting.Messaging.IMethodCallMessage) End
2018-01-16 10:06:37.3693 DESKTOP-2Q89F24 7 SRS1 ::1 SRSSystem.Common.Login.Business.LoginFacade SRS.Standards.MvcFramework.Core.Security.SecurityRegulationModel RegulationCheck(SRS.Standards.MvcFramework.Core.Security.SecurityRegulationModel) End
2018-01-16 10:06:37.3693 DESKTOP-2Q89F24 7 SRS1 ::1 SRSSystem.Common.Login.Business.LoginFacade Void OnMethodSucceeded(System.Runtime.Remoting.Messaging.IMethodCallMessage, System.Runtime.Remoting.Messaging.IMethodReturnMessage) Begin
2018-01-16 10:06:37.3693 DESKTOP-2Q89F24 7 SRS1 ::1 SRSSystem.Common.Login.Business.LoginFacade Void OnMethodSucceeded(System.Runtime.Remoting.Messaging.IMethodCallMessage, System.Runtime.Remoting.Messaging.IMethodReturnMessage) End
2018-01-16 10:06:37.3693 DESKTOP-2Q89F24 7 SRS1 ::1 SRSSystem.Common.Login.Business.LoginFacade System.Runtime.Remoting.Messaging.IMethodReturnMessage ProcessMessage(System.Runtime.Remoting.Messaging.IMethodCallMessage) End
2018-01-16 10:06:37.3693 DESKTOP-2Q89F24 7 SRS1 ::1 SRSSystem.Common.Login.Business.LoginFacade System.Runtime.Remoting.Messaging.IMethodReturnMessage InterceptMessage(System.Runtime.Remoting.Messaging.IMethodCallMessage) End
2018-01-16 10:06:37.3693 DESKTOP-2Q89F24 7 SRS1 ::1 SRSSystem.Common.Login.Business.LoginFacade System.Runtime.Remoting.Messaging.IMethodReturnMessage InterceptMessage(System.Runtime.Remoting.Messaging.IMethodCallMessage) Begin
2018-01-16 10:06:37.3693 DESKTOP-2Q89F24 7 SRS1 ::1 SRSSystem.Common.Login.Business.LoginFacade System.Runtime.Remoting.Messaging.IMethodReturnMessage ProcessMessage(System.Runtime.Remoting.Messaging.IMethodCallMessage) Begin
2018-01-16 10:06:37.3693 DESKTOP-2Q89F24 7 SRS1 ::1 SRSSystem.Common.Login.Business.LoginFacade Void OnMethodSucceeded(System.Runtime.Remoting.Messaging.IMethodCallMessage, System.Runtime.Remoting.Messaging.IMethodReturnMessage) Begin
2018-01-16 10:06:37.3848 DESKTOP-2Q89F24 7 SRS1 ::1 SRSSystem.Common.Login.Business.LoginFacade Void OnMethodSucceeded(System.Runtime.Remoting.Messaging.IMethodCallMessage, System.Runtime.Remoting.Messaging.IMethodReturnMessage) End
2018-01-16 10:06:37.3848 DESKTOP-2Q89F24 7 SRS1 ::1 SRSSystem.Common.Login.Business.LoginFacade System.Runtime.Remoting.Messaging.IMethodReturnMessage ProcessMessage(System.Runtime.Remoting.Messaging.IMethodCallMessage) End
2018-01-16 10:06:37.3848 DESKTOP-2Q89F24 7 SRS1 ::1 SRSSystem.Common.Login.Business.LoginFacade System.Runtime.Remoting.Messaging.IMethodReturnMessage InterceptMessage(System.Runtime.Remoting.Messaging.IMethodCallMessage) End
2018-01-16 10:06:37.3848 DESKTOP-2Q89F24 7 SRS1 ::1 SRSSystem.ZZ.ZZ1031.Business.ZZ1031SearchFacade System.Runtime.Remoting.Messaging.IMethodReturnMessage InterceptMessage(System.Runtime.Remoting.Messaging.IMethodCallMessage) Begin
2018-01-16 10:06:37.3848 DESKTOP-2Q89F24 7 SRS1 ::1 SRSSystem.ZZ.ZZ1031.Business.ZZ1031SearchFacade System.Runtime.Remoting.Messaging.IMethodReturnMessage ProcessMessage(System.Runtime.Remoting.Messaging.IMethodCallMessage) Begin
2018-01-16 10:06:37.3848 DESKTOP-2Q89F24 7 SRS1 ::1 SRSSystem.ZZ.ZZ1031.Business.ZZ1031SearchRule System.Runtime.Remoting.Messaging.IMethodReturnMessage InterceptMessage(System.Runtime.Remoting.Messaging.IMethodCallMessage) Begin
2018-01-16 10:06:37.3848 DESKTOP-2Q89F24 7 SRS1 ::1 SRSSystem.ZZ.ZZ1031.Business.ZZ1031SearchRule System.Runtime.Remoting.Messaging.IMethodReturnMessage ProcessMessage(System.Runtime.Remoting.Messaging.IMethodCallMessage) Begin
2018-01-16 10:06:37.3848 DESKTOP-2Q89F24 7 SRS1 ::1 SRSSystem.ZZ.ZZ1031.Business.ZZ1031SearchRule Void OnMethodSucceeded(System.Runtime.Remoting.Messaging.IMethodCallMessage, System.Runtime.Remoting.Messaging.IMethodReturnMessage) Begin
2018-01-16 10:06:37.3848 DESKTOP-2Q89F24 7 SRS1 ::1 SRSSystem.ZZ.ZZ1031.Business.ZZ1031SearchRule Void OnMethodSucceeded(System.Runtime.Remoting.Messaging.IMethodCallMessage, System.Runtime.Remoting.Messaging.IMethodReturnMessage) End
2018-01-16 10:06:37.3848 DESKTOP-2Q89F24 7 SRS1 ::1 SRSSystem.ZZ.ZZ1031.Business.ZZ1031SearchRule System.Runtime.Remoting.Messaging.IMethodReturnMessage ProcessMessage(System.Runtime.Remoting.Messaging.IMethodCallMessage) End
2018-01-16 10:06:37.3848 DESKTOP-2Q89F24 7 SRS1 ::1 SRSSystem.ZZ.ZZ1031.Business.ZZ1031SearchRule System.Runtime.Remoting.Messaging.IMethodReturnMessage InterceptMessage(System.Runtime.Remoting.Messaging.IMethodCallMessage) End
2018-01-16 10:06:37.3848 DESKTOP-2Q89F24 7 SRS1 ::1 SRSSystem.ZZ.ZZ1031.Business.ZZ1031SearchRule System.Runtime.Remoting.Messaging.IMethodReturnMessage InterceptMessage(System.Runtime.Remoting.Messaging.IMethodCallMessage) Begin
2018-01-16 10:06:37.3848 DESKTOP-2Q89F24 7 SRS1 ::1 SRSSystem.ZZ.ZZ1031.Business.ZZ1031SearchRule System.Runtime.Remoting.Messaging.IMethodReturnMessage ProcessMessage(System.Runtime.Remoting.Messaging.IMethodCallMessage) Begin
2018-01-16 10:06:37.6823 DESKTOP-2Q89F24 7 SRS1 ::1 SRSSystem.ZZ.ZZ1031.Business.ZZ1031SearchRule Void OnMethodSucceeded(System.Runtime.Remoting.Messaging.IMethodCallMessage, System.Runtime.Remoting.Messaging.IMethodReturnMessage) Begin
2018-01-16 10:06:37.6823 DESKTOP-2Q89F24 7 SRS1 ::1 SRSSystem.ZZ.ZZ1031.Business.ZZ1031SearchRule Void OnMethodSucceeded(System.Runtime.Remoting.Messaging.IMethodCallMessage, System.Runtime.Remoting.Messaging.IMethodReturnMessage) End
2018-01-16 10:06:37.6823 DESKTOP-2Q89F24 7 SRS1 ::1 SRSSystem.ZZ.ZZ1031.Business.ZZ1031SearchRule System.Runtime.Remoting.Messaging.IMethodReturnMessage ProcessMessage(System.Runtime.Remoting.Messaging.IMethodCallMessage) End
2018-01-16 10:06:37.6823 DESKTOP-2Q89F24 7 SRS1 ::1 SRSSystem.ZZ.ZZ1031.Business.ZZ1031SearchRule System.Runtime.Remoting.Messaging.IMethodReturnMessage InterceptMessage(System.Runtime.Remoting.Messaging.IMethodCallMessage) End
2018-01-16 10:06:37.6823 DESKTOP-2Q89F24 7 SRS1 ::1 SRSSystem.ZZ.ZZ1031.Business.ZZ1031SearchFacade Void OnMethodSucceeded(System.Runtime.Remoting.Messaging.IMethodCallMessage, System.Runtime.Remoting.Messaging.IMethodReturnMessage) Begin
2018-01-16 10:06:37.6823 DESKTOP-2Q89F24 7 SRS1 ::1 SRSSystem.ZZ.ZZ1031.Business.ZZ1031SearchFacade Void OnMethodSucceeded(System.Runtime.Remoting.Messaging.IMethodCallMessage, System.Runtime.Remoting.Messaging.IMethodReturnMessage) End
2018-01-16 10:06:37.6823 DESKTOP-2Q89F24 7 SRS1 ::1 SRSSystem.ZZ.ZZ1031.Business.ZZ1031SearchFacade System.Runtime.Remoting.Messaging.IMethodReturnMessage ProcessMessage(System.Runtime.Remoting.Messaging.IMethodCallMessage) End
2018-01-16 10:06:37.6823 DESKTOP-2Q89F24 7 SRS1 ::1 SRSSystem.ZZ.ZZ1031.Business.ZZ1031SearchFacade System.Runtime.Remoting.Messaging.IMethodReturnMessage InterceptMessage(System.Runtime.Remoting.Messaging.IMethodCallMessage) End
2018-01-16 10:06:37.6823 DESKTOP-2Q89F24 7 SRS1 ::1 SRSSystem.Common.Utilities.DataAccess.UtilityDataAccess System.Collections.Generic.IEnumerable`1[System.Collections.Generic.IDictionary`2[System.String,System.Object]] ExecuteStoredProcedure(System.String, IDynamicParameters) Begin
2018-01-16 10:06:37.9663 DESKTOP-2Q89F24 7 SRS1 ::1 SRSSystem.MVCApplication.Controllers.ZZ.ZZ1031.ZZ1031SearchController Void OnActionExecuted(System.Web.Mvc.ActionExecutedContext) Begin
2018-01-16 10:06:37.9663 DESKTOP-2Q89F24 7 SRS1 ::1 SRSSystem.MVCApplication.Controllers.ZZ.ZZ1031.ZZ1031SearchController System.Web.Mvc.ActionResult JudgeTrans(SRS.Standards.MvcFramework.Core.Facade.IViewModel) Begin
2018-01-16 10:06:37.9663 DESKTOP-2Q89F24 7 SRS1 ::1 SRSSystem.MVCApplication.Controllers.ZZ.ZZ1031.ZZ1031SearchController System.Web.Mvc.ActionResult JudgeTrans(SRS.Standards.MvcFramework.Core.Facade.IViewModel) End
2018-01-16 10:06:37.9663 DESKTOP-2Q89F24 7 SRS1 ::1 SRSSystem.MVCApplication.Controllers.ZZ.ZZ1031.ZZ1031SearchController Void OnActionExecuted(System.Web.Mvc.ActionExecutedContext) End
2018-01-16 10:06:37.9663 DESKTOP-2Q89F24 7 SRS1 ::1 SRS.Standards.MvcFramework.Core.MVC.ExtendedRazorViewEngine System.Web.Mvc.ViewEngineResult FindView(System.Web.Mvc.ControllerContext, System.String, System.String, Boolean) Begin
2018-01-16 10:06:37.9663 DESKTOP-2Q89F24 7 SRS1 ::1 SRS.Standards.MvcFramework.Core.MVC.ExtendedRazorViewEngine System.Web.Mvc.ViewEngineResult FindView(System.Web.Mvc.ControllerContext, System.String, System.String, Boolean) End
2018-01-16 10:06:37.9663 DESKTOP-2Q89F24 7 SRS1 ::1 SRS.Standards.MvcFramework.Core.MVC.ExtendedRazorViewEngine System.Web.Mvc.ViewEngineResult FindView(System.Web.Mvc.ControllerContext, System.String, System.String, Boolean) Begin
2018-01-16 10:06:38.9163 DESKTOP-2Q89F24 7 SRS1 ::1 SRS.Standards.MvcFramework.Core.MVC.ExtendedRazorViewEngine System.Web.Mvc.ViewEngineResult FindView(System.Web.Mvc.ControllerContext, System.String, System.String, Boolean) End
2018-01-16 10:06:38.9163 DESKTOP-2Q89F24 7 SRS1 ::1 SRSSystem.MVCApplication.Controllers.ZZ.ZZ1031.ZZ1031SearchController Void OnResultExecuted(System.Web.Mvc.ResultExecutedContext) Begin
2018-01-16 10:06:38.9163 DESKTOP-2Q89F24 7 SRS1 ::1 SRSSystem.MVCApplication.Controllers.ZZ.ZZ1031.ZZ1031SearchController Void OnResultExecuted(System.Web.Mvc.ResultExecutedContext) End
2018-01-16 10:07:09.2847 DESKTOP-2Q89F24 21 SRS1 ::1 SRSSystem.MVCApplication.Controllers.ZZ.ZZ1031.ZZ1031SearchController Void OnActionExecuting(System.Web.Mvc.ActionExecutingContext) Begin
2018-01-16 10:07:09.2847 DESKTOP-2Q89F24 21 SRS1 ::1 SRSSystem.ZZ.ZZ1031.Business.ZZ1031SearchFacade System.Runtime.Remoting.Messaging.IMethodReturnMessage InterceptMessage(System.Runtime.Remoting.Messaging.IMethodCallMessage) Begin
2018-01-16 10:07:09.2847 DESKTOP-2Q89F24 21 SRS1 ::1 SRSSystem.ZZ.ZZ1031.Business.ZZ1031SearchFacade System.Runtime.Remoting.Messaging.IMethodReturnMessage ProcessMessage(System.Runtime.Remoting.Messaging.IMethodCallMessage) Begin
2018-01-16 10:07:09.2847 DESKTOP-2Q89F24 21 SRS1 ::1 SRSSystem.ZZ.ZZ1031.Business.ZZ1031SearchFacade SRS.Standards.MvcFramework.Core.Security.AuthenticationModel Authentication(SRS.Standards.MvcFramework.Core.Security.AuthenticationModel) Begin
2018-01-16 10:07:09.2847 DESKTOP-2Q89F24 21 SRS1 ::1 SRSSystem.ZZ.ZZ1031.Business.ZZ1031SearchFacade Boolean OnAuthentication(SRS.Standards.MvcFramework.Core.Security.AuthenticationModel) Begin
2018-01-16 10:07:09.2847 DESKTOP-2Q89F24 21 SRS1 ::1 SRSSystem.ZZ.ZZ1031.Business.ZZ1031SearchFacade Boolean OnAuthentication(SRS.Standards.MvcFramework.Core.Security.AuthenticationModel) End
2018-01-16 10:07:09.2847 DESKTOP-2Q89F24 21 SRS1 ::1 SRSSystem.ZZ.ZZ1031.Business.ZZ1031SearchFacade SRS.Standards.MvcFramework.Core.Security.AuthenticationModel Authentication(SRS.Standards.MvcFramework.Core.Security.AuthenticationModel) End
2018-01-16 10:07:09.2847 DESKTOP-2Q89F24 21 SRS1 ::1 SRSSystem.ZZ.ZZ1031.Business.ZZ1031SearchFacade Void OnMethodSucceeded(System.Runtime.Remoting.Messaging.IMethodCallMessage, System.Runtime.Remoting.Messaging.IMethodReturnMessage) Begin
2018-01-16 10:07:09.2847 DESKTOP-2Q89F24 21 SRS1 ::1 SRSSystem.ZZ.ZZ1031.Business.ZZ1031SearchFacade Void OnMethodSucceeded(System.Runtime.Remoting.Messaging.IMethodCallMessage, System.Runtime.Remoting.Messaging.IMethodReturnMessage) End
2018-01-16 10:07:09.2847 DESKTOP-2Q89F24 21 SRS1 ::1 SRSSystem.ZZ.ZZ1031.Business.ZZ1031SearchFacade System.Runtime.Remoting.Messaging.IMethodReturnMessage ProcessMessage(System.Runtime.Remoting.Messaging.IMethodCallMessage) End
2018-01-16 10:07:09.2847 DESKTOP-2Q89F24 21 SRS1 ::1 SRSSystem.ZZ.ZZ1031.Business.ZZ1031SearchFacade System.Runtime.Remoting.Messaging.IMethodReturnMessage InterceptMessage(System.Runtime.Remoting.Messaging.IMethodCallMessage) End
2018-01-16 10:07:09.2847 DESKTOP-2Q89F24 21 SRS1 ::1 SRSSystem.ZZ.ZZ1031.Business.ZZ1031SearchFacade System.Runtime.Remoting.Messaging.IMethodReturnMessage InterceptMessage(System.Runtime.Remoting.Messaging.IMethodCallMessage) Begin
2018-01-16 10:07:09.2847 DESKTOP-2Q89F24 21 SRS1 ::1 SRSSystem.ZZ.ZZ1031.Business.ZZ1031SearchFacade System.Runtime.Remoting.Messaging.IMethodReturnMessage ProcessMessage(System.Runtime.Remoting.Messaging.IMethodCallMessage) Begin
2018-01-16 10:07:09.2847 DESKTOP-2Q89F24 21 SRS1 ::1 SRSSystem.ZZ.ZZ1031.Business.ZZ1031SearchFacade SRS.Standards.MvcFramework.Core.Security.SecurityRegulationModel SecurityCheck(SRS.Standards.MvcFramework.Core.Security.SecurityRegulationModel) Begin
2018-01-16 10:07:09.2847 DESKTOP-2Q89F24 21 SRS1 ::1 SRSSystem.ZZ.ZZ1031.Business.ZZ1031SearchFacade Boolean OnSecurityCheck(SRS.Standards.MvcFramework.Core.Security.SecurityRegulationModel) Begin
2018-01-16 10:07:09.2847 DESKTOP-2Q89F24 21 SRS1 ::1 SRSSystem.ZZ.ZZ1031.Business.ZZ1031SearchFacade Boolean OnSecurityCheck(SRS.Standards.MvcFramework.Core.Security.SecurityRegulationModel) End
2018-01-16 10:07:09.2847 DESKTOP-2Q89F24 21 SRS1 ::1 SRSSystem.ZZ.ZZ1031.Business.ZZ1031SearchFacade SRS.Standards.MvcFramework.Core.Security.SecurityRegulationModel SecurityCheck(SRS.Standards.MvcFramework.Core.Security.SecurityRegulationModel) End
2018-01-16 10:07:09.2847 DESKTOP-2Q89F24 21 SRS1 ::1 SRSSystem.ZZ.ZZ1031.Business.ZZ1031SearchFacade Void OnMethodSucceeded(System.Runtime.Remoting.Messaging.IMethodCallMessage, System.Runtime.Remoting.Messaging.IMethodReturnMessage) Begin
2018-01-16 10:07:09.2847 DESKTOP-2Q89F24 21 SRS1 ::1 SRSSystem.ZZ.ZZ1031.Business.ZZ1031SearchFacade Void OnMethodSucceeded(System.Runtime.Remoting.Messaging.IMethodCallMessage, System.Runtime.Remoting.Messaging.IMethodReturnMessage) End
2018-01-16 10:07:09.2847 DESKTOP-2Q89F24 21 SRS1 ::1 SRSSystem.ZZ.ZZ1031.Business.ZZ1031SearchFacade System.Runtime.Remoting.Messaging.IMethodReturnMessage ProcessMessage(System.Runtime.Remoting.Messaging.IMethodCallMessage) End
2018-01-16 10:07:09.2847 DESKTOP-2Q89F24 21 SRS1 ::1 SRSSystem.ZZ.ZZ1031.Business.ZZ1031SearchFacade System.Runtime.Remoting.Messaging.IMethodReturnMessage InterceptMessage(System.Runtime.Remoting.Messaging.IMethodCallMessage) End
2018-01-16 10:07:09.2847 DESKTOP-2Q89F24 21 SRS1 ::1 SRSSystem.MVCApplication.Controllers.ZZ.ZZ1031.ZZ1031SearchController Void OnActionExecuting(System.Web.Mvc.ActionExecutingContext) End
2018-01-16 10:07:09.2847 DESKTOP-2Q89F24 21 SRS1 ::1 SRSSystem.Common.Login.Business.LoginFacade System.Runtime.Remoting.Messaging.IMethodReturnMessage InterceptMessage(System.Runtime.Remoting.Messaging.IMethodCallMessage) Begin
2018-01-16 10:07:09.2847 DESKTOP-2Q89F24 21 SRS1 ::1 SRSSystem.Common.Login.Business.LoginFacade System.Runtime.Remoting.Messaging.IMethodReturnMessage ProcessMessage(System.Runtime.Remoting.Messaging.IMethodCallMessage) Begin
2018-01-16 10:07:09.2847 DESKTOP-2Q89F24 21 SRS1 ::1 SRSSystem.Common.Login.Business.LoginFacade SRS.Standards.MvcFramework.Core.Security.SecurityRegulationModel RegulationCheck(SRS.Standards.MvcFramework.Core.Security.SecurityRegulationModel) Begin
2018-01-16 10:07:09.2847 DESKTOP-2Q89F24 21 SRS1 ::1 SRSSystem.Common.Login.Business.LoginRule System.Runtime.Remoting.Messaging.IMethodReturnMessage InterceptMessage(System.Runtime.Remoting.Messaging.IMethodCallMessage) Begin
2018-01-16 10:07:09.2847 DESKTOP-2Q89F24 21 SRS1 ::1 SRSSystem.Common.Login.Business.LoginRule System.Runtime.Remoting.Messaging.IMethodReturnMessage ProcessMessage(System.Runtime.Remoting.Messaging.IMethodCallMessage) Begin
2018-01-16 10:07:09.2847 DESKTOP-2Q89F24 21 SRS1 ::1 SRSSystem.Common.Login.Business.LoginRule Void OnMethodSucceeded(System.Runtime.Remoting.Messaging.IMethodCallMessage, System.Runtime.Remoting.Messaging.IMethodReturnMessage) Begin
2018-01-16 10:07:09.2847 DESKTOP-2Q89F24 21 SRS1 ::1 SRSSystem.Common.Login.Business.LoginRule Void OnMethodSucceeded(System.Runtime.Remoting.Messaging.IMethodCallMessage, System.Runtime.Remoting.Messaging.IMethodReturnMessage) End
2018-01-16 10:07:09.2847 DESKTOP-2Q89F24 21 SRS1 ::1 SRSSystem.Common.Login.Business.LoginRule System.Runtime.Remoting.Messaging.IMethodReturnMessage ProcessMessage(System.Runtime.Remoting.Messaging.IMethodCallMessage) End
2018-01-16 10:07:09.2847 DESKTOP-2Q89F24 21 SRS1 ::1 SRSSystem.Common.Login.Business.LoginRule System.Runtime.Remoting.Messaging.IMethodReturnMessage InterceptMessage(System.Runtime.Remoting.Messaging.IMethodCallMessage) End
2018-01-16 10:07:09.2847 DESKTOP-2Q89F24 21 SRS1 ::1 SRSSystem.Common.Login.Business.LoginFacade SRS.Standards.MvcFramework.Core.Security.SecurityRegulationModel RegulationCheck(SRS.Standards.MvcFramework.Core.Security.SecurityRegulationModel) End
2018-01-16 10:07:09.2847 DESKTOP-2Q89F24 21 SRS1 ::1 SRSSystem.Common.Login.Business.LoginFacade Void OnMethodSucceeded(System.Runtime.Remoting.Messaging.IMethodCallMessage, System.Runtime.Remoting.Messaging.IMethodReturnMessage) Begin
2018-01-16 10:07:09.2847 DESKTOP-2Q89F24 21 SRS1 ::1 SRSSystem.Common.Login.Business.LoginFacade Void OnMethodSucceeded(System.Runtime.Remoting.Messaging.IMethodCallMessage, System.Runtime.Remoting.Messaging.IMethodReturnMessage) End
2018-01-16 10:07:09.2847 DESKTOP-2Q89F24 21 SRS1 ::1 SRSSystem.Common.Login.Business.LoginFacade System.Runtime.Remoting.Messaging.IMethodReturnMessage ProcessMessage(System.Runtime.Remoting.Messaging.IMethodCallMessage) End
2018-01-16 10:07:09.2847 DESKTOP-2Q89F24 21 SRS1 ::1 SRSSystem.Common.Login.Business.LoginFacade System.Runtime.Remoting.Messaging.IMethodReturnMessage InterceptMessage(System.Runtime.Remoting.Messaging.IMethodCallMessage) End
2018-01-16 10:07:09.2847 DESKTOP-2Q89F24 21 SRS1 ::1 SRSSystem.Common.Login.Business.LoginFacade System.Runtime.Remoting.Messaging.IMethodReturnMessage InterceptMessage(System.Runtime.Remoting.Messaging.IMethodCallMessage) Begin
2018-01-16 10:07:09.2847 DESKTOP-2Q89F24 21 SRS1 ::1 SRSSystem.Common.Login.Business.LoginFacade System.Runtime.Remoting.Messaging.IMethodReturnMessage ProcessMessage(System.Runtime.Remoting.Messaging.IMethodCallMessage) Begin
2018-01-16 10:07:09.2847 DESKTOP-2Q89F24 21 SRS1 ::1 SRSSystem.Common.Login.Business.LoginFacade Void OnMethodSucceeded(System.Runtime.Remoting.Messaging.IMethodCallMessage, System.Runtime.Remoting.Messaging.IMethodReturnMessage) Begin
2018-01-16 10:07:09.2847 DESKTOP-2Q89F24 21 SRS1 ::1 SRSSystem.Common.Login.Business.LoginFacade Void OnMethodSucceeded(System.Runtime.Remoting.Messaging.IMethodCallMessage, System.Runtime.Remoting.Messaging.IMethodReturnMessage) End
2018-01-16 10:07:09.2847 DESKTOP-2Q89F24 21 SRS1 ::1 SRSSystem.Common.Login.Business.LoginFacade System.Runtime.Remoting.Messaging.IMethodReturnMessage ProcessMessage(System.Runtime.Remoting.Messaging.IMethodCallMessage) End
2018-01-16 10:07:09.2847 DESKTOP-2Q89F24 21 SRS1 ::1 SRSSystem.Common.Login.Business.LoginFacade System.Runtime.Remoting.Messaging.IMethodReturnMessage InterceptMessage(System.Runtime.Remoting.Messaging.IMethodCallMessage) End
2018-01-16 10:07:09.2847 DESKTOP-2Q89F24 21 SRS1 ::1 SRSSystem.ZZ.ZZ1031.Business.ZZ1031SearchFacade System.Runtime.Remoting.Messaging.IMethodReturnMessage InterceptMessage(System.Runtime.Remoting.Messaging.IMethodCallMessage) Begin
2018-01-16 10:07:09.2847 DESKTOP-2Q89F24 21 SRS1 ::1 SRSSystem.ZZ.ZZ1031.Business.ZZ1031SearchFacade System.Runtime.Remoting.Messaging.IMethodReturnMessage ProcessMessage(System.Runtime.Remoting.Messaging.IMethodCallMessage) Begin
2018-01-16 10:07:09.2847 DESKTOP-2Q89F24 21 SRS1 ::1 SRSSystem.ZZ.ZZ1031.Business.ZZ1031SearchRule System.Runtime.Remoting.Messaging.IMethodReturnMessage InterceptMessage(System.Runtime.Remoting.Messaging.IMethodCallMessage) Begin
2018-01-16 10:07:09.2847 DESKTOP-2Q89F24 21 SRS1 ::1 SRSSystem.ZZ.ZZ1031.Business.ZZ1031SearchRule System.Runtime.Remoting.Messaging.IMethodReturnMessage ProcessMessage(System.Runtime.Remoting.Messaging.IMethodCallMessage) Begin
2018-01-16 10:07:09.3927 DESKTOP-2Q89F24 21 SRS1 ::1 SRSSystem.ZZ.ZZ1031.Business.ZZ1031SearchRule Void OnMethodSucceeded(System.Runtime.Remoting.Messaging.IMethodCallMessage, System.Runtime.Remoting.Messaging.IMethodReturnMessage) Begin
2018-01-16 10:07:09.3927 DESKTOP-2Q89F24 21 SRS1 ::1 SRSSystem.ZZ.ZZ1031.Business.ZZ1031SearchRule Void OnMethodSucceeded(System.Runtime.Remoting.Messaging.IMethodCallMessage, System.Runtime.Remoting.Messaging.IMethodReturnMessage) End
2018-01-16 10:07:09.3927 DESKTOP-2Q89F24 21 SRS1 ::1 SRSSystem.ZZ.ZZ1031.Business.ZZ1031SearchRule System.Runtime.Remoting.Messaging.IMethodReturnMessage ProcessMessage(System.Runtime.Remoting.Messaging.IMethodCallMessage) End
2018-01-16 10:07:09.3927 DESKTOP-2Q89F24 21 SRS1 ::1 SRSSystem.ZZ.ZZ1031.Business.ZZ1031SearchRule System.Runtime.Remoting.Messaging.IMethodReturnMessage InterceptMessage(System.Runtime.Remoting.Messaging.IMethodCallMessage) End
2018-01-16 10:07:09.3987 DESKTOP-2Q89F24 21 SRS1 ::1 SRSSystem.ZZ.ZZ1031.Business.ZZ1031SearchRule System.Runtime.Remoting.Messaging.IMethodReturnMessage InterceptMessage(System.Runtime.Remoting.Messaging.IMethodCallMessage) Begin
2018-01-16 10:07:09.3987 DESKTOP-2Q89F24 21 SRS1 ::1 SRSSystem.ZZ.ZZ1031.Business.ZZ1031SearchRule System.Runtime.Remoting.Messaging.IMethodReturnMessage ProcessMessage(System.Runtime.Remoting.Messaging.IMethodCallMessage) Begin
2018-01-16 10:07:09.3987 DESKTOP-2Q89F24 21 SRS1 ::1 SRSSystem.ZZ.ZZ1031.Business.ZZ1031SearchRule Void OnMethodSucceeded(System.Runtime.Remoting.Messaging.IMethodCallMessage, System.Runtime.Remoting.Messaging.IMethodReturnMessage) Begin
2018-01-16 10:07:09.3987 DESKTOP-2Q89F24 21 SRS1 ::1 SRSSystem.ZZ.ZZ1031.Business.ZZ1031SearchRule Void OnMethodSucceeded(System.Runtime.Remoting.Messaging.IMethodCallMessage, System.Runtime.Remoting.Messaging.IMethodReturnMessage) End
2018-01-16 10:07:09.3987 DESKTOP-2Q89F24 21 SRS1 ::1 SRSSystem.ZZ.ZZ1031.Business.ZZ1031SearchRule System.Runtime.Remoting.Messaging.IMethodReturnMessage ProcessMessage(System.Runtime.Remoting.Messaging.IMethodCallMessage) End
2018-01-16 10:07:09.3987 DESKTOP-2Q89F24 21 SRS1 ::1 SRSSystem.ZZ.ZZ1031.Business.ZZ1031SearchRule System.Runtime.Remoting.Messaging.IMethodReturnMessage InterceptMessage(System.Runtime.Remoting.Messaging.IMethodCallMessage) End
2018-01-16 10:07:09.3987 DESKTOP-2Q89F24 21 SRS1 ::1 SRSSystem.ZZ.ZZ1031.Business.ZZ1031SearchRule System.Runtime.Remoting.Messaging.IMethodReturnMessage InterceptMessage(System.Runtime.Remoting.Messaging.IMethodCallMessage) Begin
2018-01-16 10:07:09.3987 DESKTOP-2Q89F24 21 SRS1 ::1 SRSSystem.ZZ.ZZ1031.Business.ZZ1031SearchRule System.Runtime.Remoting.Messaging.IMethodReturnMessage ProcessMessage(System.Runtime.Remoting.Messaging.IMethodCallMessage) Begin
2018-01-16 10:07:09.3987 DESKTOP-2Q89F24 21 SRS1 ::1 SRSSystem.ZZ.ZZ1031.Business.ZZ1031SearchRule Void OnMethodSucceeded(System.Runtime.Remoting.Messaging.IMethodCallMessage, System.Runtime.Remoting.Messaging.IMethodReturnMessage) Begin
2018-01-16 10:07:09.3987 DESKTOP-2Q89F24 21 SRS1 ::1 SRSSystem.ZZ.ZZ1031.Business.ZZ1031SearchRule Void OnMethodSucceeded(System.Runtime.Remoting.Messaging.IMethodCallMessage, System.Runtime.Remoting.Messaging.IMethodReturnMessage) End
2018-01-16 10:07:09.3987 DESKTOP-2Q89F24 21 SRS1 ::1 SRSSystem.ZZ.ZZ1031.Business.ZZ1031SearchRule System.Runtime.Remoting.Messaging.IMethodReturnMessage ProcessMessage(System.Runtime.Remoting.Messaging.IMethodCallMessage) End
2018-01-16 10:07:09.3987 DESKTOP-2Q89F24 21 SRS1 ::1 SRSSystem.ZZ.ZZ1031.Business.ZZ1031SearchRule System.Runtime.Remoting.Messaging.IMethodReturnMessage InterceptMessage(System.Runtime.Remoting.Messaging.IMethodCallMessage) End
2018-01-16 10:07:09.3987 DESKTOP-2Q89F24 21 SRS1 ::1 SRSSystem.ZZ.ZZ1031.Business.ZZ1031SearchRule System.Runtime.Remoting.Messaging.IMethodReturnMessage InterceptMessage(System.Runtime.Remoting.Messaging.IMethodCallMessage) Begin
2018-01-16 10:07:09.3987 DESKTOP-2Q89F24 21 SRS1 ::1 SRSSystem.ZZ.ZZ1031.Business.ZZ1031SearchRule System.Runtime.Remoting.Messaging.IMethodReturnMessage ProcessMessage(System.Runtime.Remoting.Messaging.IMethodCallMessage) Begin
2018-01-16 10:07:09.3987 DESKTOP-2Q89F24 21 SRS1 ::1 SRSSystem.ZZ.ZZ1031.Business.ZZ1031SearchRule Void OnMethodSucceeded(System.Runtime.Remoting.Messaging.IMethodCallMessage, System.Runtime.Remoting.Messaging.IMethodReturnMessage) Begin
2018-01-16 10:07:09.3987 DESKTOP-2Q89F24 21 SRS1 ::1 SRSSystem.ZZ.ZZ1031.Business.ZZ1031SearchRule Void OnMethodSucceeded(System.Runtime.Remoting.Messaging.IMethodCallMessage, System.Runtime.Remoting.Messaging.IMethodReturnMessage) End
2018-01-16 10:07:09.3987 DESKTOP-2Q89F24 21 SRS1 ::1 SRSSystem.ZZ.ZZ1031.Business.ZZ1031SearchRule System.Runtime.Remoting.Messaging.IMethodReturnMessage ProcessMessage(System.Runtime.Remoting.Messaging.IMethodCallMessage) End
2018-01-16 10:07:09.3987 DESKTOP-2Q89F24 21 SRS1 ::1 SRSSystem.ZZ.ZZ1031.Business.ZZ1031SearchRule System.Runtime.Remoting.Messaging.IMethodReturnMessage InterceptMessage(System.Runtime.Remoting.Messaging.IMethodCallMessage) End
2018-01-16 10:07:09.3987 DESKTOP-2Q89F24 21 SRS1 ::1 SRSSystem.ZZ.ZZ1031.Business.ZZ1031SearchFacade Void OnMethodSucceeded(System.Runtime.Remoting.Messaging.IMethodCallMessage, System.Runtime.Remoting.Messaging.IMethodReturnMessage) Begin
2018-01-16 10:07:09.3987 DESKTOP-2Q89F24 21 SRS1 ::1 SRSSystem.ZZ.ZZ1031.Business.ZZ1031SearchFacade Void OnMethodSucceeded(System.Runtime.Remoting.Messaging.IMethodCallMessage, System.Runtime.Remoting.Messaging.IMethodReturnMessage) End
2018-01-16 10:07:09.3987 DESKTOP-2Q89F24 21 SRS1 ::1 SRSSystem.ZZ.ZZ1031.Business.ZZ1031SearchFacade System.Runtime.Remoting.Messaging.IMethodReturnMessage ProcessMessage(System.Runtime.Remoting.Messaging.IMethodCallMessage) End
2018-01-16 10:07:09.3987 DESKTOP-2Q89F24 21 SRS1 ::1 SRSSystem.ZZ.ZZ1031.Business.ZZ1031SearchFacade System.Runtime.Remoting.Messaging.IMethodReturnMessage InterceptMessage(System.Runtime.Remoting.Messaging.IMethodCallMessage) End
2018-01-16 10:07:09.4172 DESKTOP-2Q89F24 21 SRS1 ::1 SRSSystem.MVCApplication.Controllers.ZZ.ZZ1031.ZZ1031SearchController Void OnActionExecuted(System.Web.Mvc.ActionExecutedContext) Begin
2018-01-16 10:07:09.4172 DESKTOP-2Q89F24 21 SRS1 ::1 SRSSystem.MVCApplication.Controllers.ZZ.ZZ1031.ZZ1031SearchController System.Web.Mvc.ActionResult JudgeTrans(SRS.Standards.MvcFramework.Core.Facade.IViewModel) Begin
2018-01-16 10:07:09.4172 DESKTOP-2Q89F24 21 SRS1 ::1 SRSSystem.MVCApplication.Controllers.ZZ.ZZ1031.ZZ1031SearchController System.Web.Mvc.ActionResult JudgeTrans(SRS.Standards.MvcFramework.Core.Facade.IViewModel) End
2018-01-16 10:07:09.4172 DESKTOP-2Q89F24 21 SRS1 ::1 SRSSystem.MVCApplication.Controllers.ZZ.ZZ1031.ZZ1031SearchController Void OnActionExecuted(System.Web.Mvc.ActionExecutedContext) End
2018-01-16 10:07:09.4307 DESKTOP-2Q89F24 21 SRS1 ::1 SRSSystem.MVCApplication.Controllers.ZZ.ZZ1031.ZZ1031SearchController Void OnResultExecuted(System.Web.Mvc.ResultExecutedContext) Begin
2018-01-16 10:07:09.4307 DESKTOP-2Q89F24 21 SRS1 ::1 SRSSystem.MVCApplication.Controllers.ZZ.ZZ1031.ZZ1031SearchController Void OnResultExecuted(System.Web.Mvc.ResultExecutedContext) End
2018-01-16 10:07:09.4532 DESKTOP-2Q89F24 5 SRS1 ::1 SRSSystem.MVCApplication.Controllers.ZZ.ZZ1031.ZZ1031DetailController Void OnActionExecuting(System.Web.Mvc.ActionExecutingContext) Begin
2018-01-16 10:07:09.4532 DESKTOP-2Q89F24 5 SRS1 ::1 SRSSystem.ZZ.ZZ1031.Business.ZZ1031DetailFacade System.Runtime.Remoting.Messaging.IMethodReturnMessage InterceptMessage(System.Runtime.Remoting.Messaging.IMethodCallMessage) Begin
2018-01-16 10:07:09.4532 DESKTOP-2Q89F24 5 SRS1 ::1 SRSSystem.ZZ.ZZ1031.Business.ZZ1031DetailFacade System.Runtime.Remoting.Messaging.IMethodReturnMessage ProcessMessage(System.Runtime.Remoting.Messaging.IMethodCallMessage) Begin
2018-01-16 10:07:09.4532 DESKTOP-2Q89F24 5 SRS1 ::1 SRSSystem.ZZ.ZZ1031.Business.ZZ1031DetailFacade SRS.Standards.MvcFramework.Core.Security.AuthenticationModel Authentication(SRS.Standards.MvcFramework.Core.Security.AuthenticationModel) Begin
2018-01-16 10:07:09.4532 DESKTOP-2Q89F24 5 SRS1 ::1 SRSSystem.ZZ.ZZ1031.Business.ZZ1031DetailFacade Boolean OnAuthentication(SRS.Standards.MvcFramework.Core.Security.AuthenticationModel) Begin
2018-01-16 10:07:09.4532 DESKTOP-2Q89F24 5 SRS1 ::1 SRSSystem.ZZ.ZZ1031.Business.ZZ1031DetailFacade Boolean OnAuthentication(SRS.Standards.MvcFramework.Core.Security.AuthenticationModel) End
2018-01-16 10:07:09.4532 DESKTOP-2Q89F24 5 SRS1 ::1 SRSSystem.ZZ.ZZ1031.Business.ZZ1031DetailFacade SRS.Standards.MvcFramework.Core.Security.AuthenticationModel Authentication(SRS.Standards.MvcFramework.Core.Security.AuthenticationModel) End
2018-01-16 10:07:09.4532 DESKTOP-2Q89F24 5 SRS1 ::1 SRSSystem.ZZ.ZZ1031.Business.ZZ1031DetailFacade Void OnMethodSucceeded(System.Runtime.Remoting.Messaging.IMethodCallMessage, System.Runtime.Remoting.Messaging.IMethodReturnMessage) Begin
2018-01-16 10:07:09.4532 DESKTOP-2Q89F24 5 SRS1 ::1 SRSSystem.ZZ.ZZ1031.Business.ZZ1031DetailFacade Void OnMethodSucceeded(System.Runtime.Remoting.Messaging.IMethodCallMessage, System.Runtime.Remoting.Messaging.IMethodReturnMessage) End
2018-01-16 10:07:09.4532 DESKTOP-2Q89F24 5 SRS1 ::1 SRSSystem.ZZ.ZZ1031.Business.ZZ1031DetailFacade System.Runtime.Remoting.Messaging.IMethodReturnMessage ProcessMessage(System.Runtime.Remoting.Messaging.IMethodCallMessage) End
2018-01-16 10:07:09.4532 DESKTOP-2Q89F24 5 SRS1 ::1 SRSSystem.ZZ.ZZ1031.Business.ZZ1031DetailFacade System.Runtime.Remoting.Messaging.IMethodReturnMessage InterceptMessage(System.Runtime.Remoting.Messaging.IMethodCallMessage) End
2018-01-16 10:07:09.4532 DESKTOP-2Q89F24 5 SRS1 ::1 SRSSystem.ZZ.ZZ1031.Business.ZZ1031DetailFacade System.Runtime.Remoting.Messaging.IMethodReturnMessage InterceptMessage(System.Runtime.Remoting.Messaging.IMethodCallMessage) Begin
2018-01-16 10:07:09.4532 DESKTOP-2Q89F24 5 SRS1 ::1 SRSSystem.ZZ.ZZ1031.Business.ZZ1031DetailFacade System.Runtime.Remoting.Messaging.IMethodReturnMessage ProcessMessage(System.Runtime.Remoting.Messaging.IMethodCallMessage) Begin
2018-01-16 10:07:09.4532 DESKTOP-2Q89F24 5 SRS1 ::1 SRSSystem.ZZ.ZZ1031.Business.ZZ1031DetailFacade SRS.Standards.MvcFramework.Core.Security.SecurityRegulationModel SecurityCheck(SRS.Standards.MvcFramework.Core.Security.SecurityRegulationModel) Begin
2018-01-16 10:07:09.4532 DESKTOP-2Q89F24 5 SRS1 ::1 SRSSystem.ZZ.ZZ1031.Business.ZZ1031DetailFacade Boolean OnSecurityCheck(SRS.Standards.MvcFramework.Core.Security.SecurityRegulationModel) Begin
2018-01-16 10:07:09.4532 DESKTOP-2Q89F24 5 SRS1 ::1 SRSSystem.ZZ.ZZ1031.Business.ZZ1031DetailFacade Boolean OnSecurityCheck(SRS.Standards.MvcFramework.Core.Security.SecurityRegulationModel) End
2018-01-16 10:07:09.4532 DESKTOP-2Q89F24 5 SRS1 ::1 SRSSystem.ZZ.ZZ1031.Business.ZZ1031DetailFacade SRS.Standards.MvcFramework.Core.Security.SecurityRegulationModel SecurityCheck(SRS.Standards.MvcFramework.Core.Security.SecurityRegulationModel) End
2018-01-16 10:07:09.4532 DESKTOP-2Q89F24 5 SRS1 ::1 SRSSystem.ZZ.ZZ1031.Business.ZZ1031DetailFacade Void OnMethodSucceeded(System.Runtime.Remoting.Messaging.IMethodCallMessage, System.Runtime.Remoting.Messaging.IMethodReturnMessage) Begin
2018-01-16 10:07:09.4532 DESKTOP-2Q89F24 5 SRS1 ::1 SRSSystem.ZZ.ZZ1031.Business.ZZ1031DetailFacade Void OnMethodSucceeded(System.Runtime.Remoting.Messaging.IMethodCallMessage, System.Runtime.Remoting.Messaging.IMethodReturnMessage) End
2018-01-16 10:07:09.4532 DESKTOP-2Q89F24 5 SRS1 ::1 SRSSystem.ZZ.ZZ1031.Business.ZZ1031DetailFacade System.Runtime.Remoting.Messaging.IMethodReturnMessage ProcessMessage(System.Runtime.Remoting.Messaging.IMethodCallMessage) End
2018-01-16 10:07:09.4532 DESKTOP-2Q89F24 5 SRS1 ::1 SRSSystem.ZZ.ZZ1031.Business.ZZ1031DetailFacade System.Runtime.Remoting.Messaging.IMethodReturnMessage InterceptMessage(System.Runtime.Remoting.Messaging.IMethodCallMessage) End
2018-01-16 10:07:09.4532 DESKTOP-2Q89F24 5 SRS1 ::1 SRSSystem.MVCApplication.Controllers.ZZ.ZZ1031.ZZ1031DetailController Void OnActionExecuting(System.Web.Mvc.ActionExecutingContext) End
2018-01-16 10:07:09.4532 DESKTOP-2Q89F24 5 SRS1 ::1 SRSSystem.Common.Login.Business.LoginFacade System.Runtime.Remoting.Messaging.IMethodReturnMessage InterceptMessage(System.Runtime.Remoting.Messaging.IMethodCallMessage) Begin
2018-01-16 10:07:09.4532 DESKTOP-2Q89F24 5 SRS1 ::1 SRSSystem.Common.Login.Business.LoginFacade System.Runtime.Remoting.Messaging.IMethodReturnMessage ProcessMessage(System.Runtime.Remoting.Messaging.IMethodCallMessage) Begin
2018-01-16 10:07:09.4532 DESKTOP-2Q89F24 5 SRS1 ::1 SRSSystem.Common.Login.Business.LoginFacade SRS.Standards.MvcFramework.Core.Security.SecurityRegulationModel RegulationCheck(SRS.Standards.MvcFramework.Core.Security.SecurityRegulationModel) Begin
2018-01-16 10:07:09.4532 DESKTOP-2Q89F24 5 SRS1 ::1 SRSSystem.Common.Login.Business.LoginRule System.Runtime.Remoting.Messaging.IMethodReturnMessage InterceptMessage(System.Runtime.Remoting.Messaging.IMethodCallMessage) Begin
2018-01-16 10:07:09.4532 DESKTOP-2Q89F24 5 SRS1 ::1 SRSSystem.Common.Login.Business.LoginRule System.Runtime.Remoting.Messaging.IMethodReturnMessage ProcessMessage(System.Runtime.Remoting.Messaging.IMethodCallMessage) Begin
2018-01-16 10:07:09.4532 DESKTOP-2Q89F24 5 SRS1 ::1 SRSSystem.Common.Login.Business.LoginRule Void OnMethodSucceeded(System.Runtime.Remoting.Messaging.IMethodCallMessage, System.Runtime.Remoting.Messaging.IMethodReturnMessage) Begin
2018-01-16 10:07:09.4532 DESKTOP-2Q89F24 5 SRS1 ::1 SRSSystem.Common.Login.Business.LoginRule Void OnMethodSucceeded(System.Runtime.Remoting.Messaging.IMethodCallMessage, System.Runtime.Remoting.Messaging.IMethodReturnMessage) End
2018-01-16 10:07:09.4532 DESKTOP-2Q89F24 5 SRS1 ::1 SRSSystem.Common.Login.Business.LoginRule System.Runtime.Remoting.Messaging.IMethodReturnMessage ProcessMessage(System.Runtime.Remoting.Messaging.IMethodCallMessage) End
2018-01-16 10:07:09.4532 DESKTOP-2Q89F24 5 SRS1 ::1 SRSSystem.Common.Login.Business.LoginRule System.Runtime.Remoting.Messaging.IMethodReturnMessage InterceptMessage(System.Runtime.Remoting.Messaging.IMethodCallMessage) End
2018-01-16 10:07:09.4532 DESKTOP-2Q89F24 5 SRS1 ::1 SRSSystem.Common.Login.Business.LoginFacade SRS.Standards.MvcFramework.Core.Security.SecurityRegulationModel RegulationCheck(SRS.Standards.MvcFramework.Core.Security.SecurityRegulationModel) End
2018-01-16 10:07:09.4532 DESKTOP-2Q89F24 5 SRS1 ::1 SRSSystem.Common.Login.Business.LoginFacade Void OnMethodSucceeded(System.Runtime.Remoting.Messaging.IMethodCallMessage, System.Runtime.Remoting.Messaging.IMethodReturnMessage) Begin
2018-01-16 10:07:09.4532 DESKTOP-2Q89F24 5 SRS1 ::1 SRSSystem.Common.Login.Business.LoginFacade Void OnMethodSucceeded(System.Runtime.Remoting.Messaging.IMethodCallMessage, System.Runtime.Remoting.Messaging.IMethodReturnMessage) End
2018-01-16 10:07:09.4532 DESKTOP-2Q89F24 5 SRS1 ::1 SRSSystem.Common.Login.Business.LoginFacade System.Runtime.Remoting.Messaging.IMethodReturnMessage ProcessMessage(System.Runtime.Remoting.Messaging.IMethodCallMessage) End
2018-01-16 10:07:09.4532 DESKTOP-2Q89F24 5 SRS1 ::1 SRSSystem.Common.Login.Business.LoginFacade System.Runtime.Remoting.Messaging.IMethodReturnMessage InterceptMessage(System.Runtime.Remoting.Messaging.IMethodCallMessage) End
2018-01-16 10:07:09.4532 DESKTOP-2Q89F24 5 SRS1 ::1 SRSSystem.Common.Login.Business.LoginFacade System.Runtime.Remoting.Messaging.IMethodReturnMessage InterceptMessage(System.Runtime.Remoting.Messaging.IMethodCallMessage) Begin
2018-01-16 10:07:09.4532 DESKTOP-2Q89F24 5 SRS1 ::1 SRSSystem.Common.Login.Business.LoginFacade System.Runtime.Remoting.Messaging.IMethodReturnMessage ProcessMessage(System.Runtime.Remoting.Messaging.IMethodCallMessage) Begin
2018-01-16 10:07:09.4532 DESKTOP-2Q89F24 5 SRS1 ::1 SRSSystem.Common.Login.Business.LoginFacade Void OnMethodSucceeded(System.Runtime.Remoting.Messaging.IMethodCallMessage, System.Runtime.Remoting.Messaging.IMethodReturnMessage) Begin
2018-01-16 10:07:09.4532 DESKTOP-2Q89F24 5 SRS1 ::1 SRSSystem.Common.Login.Business.LoginFacade Void OnMethodSucceeded(System.Runtime.Remoting.Messaging.IMethodCallMessage, System.Runtime.Remoting.Messaging.IMethodReturnMessage) End
2018-01-16 10:07:09.4532 DESKTOP-2Q89F24 5 SRS1 ::1 SRSSystem.Common.Login.Business.LoginFacade System.Runtime.Remoting.Messaging.IMethodReturnMessage ProcessMessage(System.Runtime.Remoting.Messaging.IMethodCallMessage) End
2018-01-16 10:07:09.4532 DESKTOP-2Q89F24 5 SRS1 ::1 SRSSystem.Common.Login.Business.LoginFacade System.Runtime.Remoting.Messaging.IMethodReturnMessage InterceptMessage(System.Runtime.Remoting.Messaging.IMethodCallMessage) End
2018-01-16 10:07:09.4662 DESKTOP-2Q89F24 5 SRS1 ::1 SRSSystem.ZZ.ZZ1031.Business.ZZ1031DetailFacade System.Runtime.Remoting.Messaging.IMethodReturnMessage InterceptMessage(System.Runtime.Remoting.Messaging.IMethodCallMessage) Begin
2018-01-16 10:07:09.4662 DESKTOP-2Q89F24 5 SRS1 ::1 SRSSystem.ZZ.ZZ1031.Business.ZZ1031DetailFacade System.Runtime.Remoting.Messaging.IMethodReturnMessage ProcessMessage(System.Runtime.Remoting.Messaging.IMethodCallMessage) Begin
2018-01-16 10:07:09.4662 DESKTOP-2Q89F24 5 SRS1 ::1 SRSSystem.ZZ.ZZ1031.Business.ZZ1031DetailRule System.Runtime.Remoting.Messaging.IMethodReturnMessage InterceptMessage(System.Runtime.Remoting.Messaging.IMethodCallMessage) Begin
2018-01-16 10:07:09.4662 DESKTOP-2Q89F24 5 SRS1 ::1 SRSSystem.ZZ.ZZ1031.Business.ZZ1031DetailRule System.Runtime.Remoting.Messaging.IMethodReturnMessage ProcessMessage(System.Runtime.Remoting.Messaging.IMethodCallMessage) Begin
2018-01-16 10:07:09.5902 DESKTOP-2Q89F24 5 SRS1 ::1 SRSSystem.ZZ.ZZ1031.Business.ZZ1031DetailRule Void OnMethodSucceeded(System.Runtime.Remoting.Messaging.IMethodCallMessage, System.Runtime.Remoting.Messaging.IMethodReturnMessage) Begin
2018-01-16 10:07:09.5902 DESKTOP-2Q89F24 5 SRS1 ::1 SRSSystem.ZZ.ZZ1031.Business.ZZ1031DetailRule Void OnMethodSucceeded(System.Runtime.Remoting.Messaging.IMethodCallMessage, System.Runtime.Remoting.Messaging.IMethodReturnMessage) End
2018-01-16 10:07:09.5902 DESKTOP-2Q89F24 5 SRS1 ::1 SRSSystem.ZZ.ZZ1031.Business.ZZ1031DetailRule System.Runtime.Remoting.Messaging.IMethodReturnMessage ProcessMessage(System.Runtime.Remoting.Messaging.IMethodCallMessage) End
2018-01-16 10:07:09.5902 DESKTOP-2Q89F24 5 SRS1 ::1 SRSSystem.ZZ.ZZ1031.Business.ZZ1031DetailRule System.Runtime.Remoting.Messaging.IMethodReturnMessage InterceptMessage(System.Runtime.Remoting.Messaging.IMethodCallMessage) End
2018-01-16 10:07:09.5902 DESKTOP-2Q89F24 5 SRS1 ::1 SRSSystem.ZZ.ZZ1031.Business.ZZ1031DetailRule System.Runtime.Remoting.Messaging.IMethodReturnMessage InterceptMessage(System.Runtime.Remoting.Messaging.IMethodCallMessage) Begin
2018-01-16 10:07:09.5902 DESKTOP-2Q89F24 5 SRS1 ::1 SRSSystem.ZZ.ZZ1031.Business.ZZ1031DetailRule System.Runtime.Remoting.Messaging.IMethodReturnMessage ProcessMessage(System.Runtime.Remoting.Messaging.IMethodCallMessage) Begin
2018-01-16 10:07:09.6712 DESKTOP-2Q89F24 5 SRS1 ::1 SRSSystem.ZZ.ZZ1031.Business.ZZ1031DetailRule Void OnMethodSucceeded(System.Runtime.Remoting.Messaging.IMethodCallMessage, System.Runtime.Remoting.Messaging.IMethodReturnMessage) Begin
2018-01-16 10:07:09.6712 DESKTOP-2Q89F24 5 SRS1 ::1 SRSSystem.ZZ.ZZ1031.Business.ZZ1031DetailRule Void OnMethodSucceeded(System.Runtime.Remoting.Messaging.IMethodCallMessage, System.Runtime.Remoting.Messaging.IMethodReturnMessage) End
2018-01-16 10:07:09.6712 DESKTOP-2Q89F24 5 SRS1 ::1 SRSSystem.ZZ.ZZ1031.Business.ZZ1031DetailRule System.Runtime.Remoting.Messaging.IMethodReturnMessage ProcessMessage(System.Runtime.Remoting.Messaging.IMethodCallMessage) End
2018-01-16 10:07:09.6712 DESKTOP-2Q89F24 5 SRS1 ::1 SRSSystem.ZZ.ZZ1031.Business.ZZ1031DetailRule System.Runtime.Remoting.Messaging.IMethodReturnMessage InterceptMessage(System.Runtime.Remoting.Messaging.IMethodCallMessage) End
2018-01-16 10:07:09.6712 DESKTOP-2Q89F24 5 SRS1 ::1 SRSSystem.ZZ.ZZ1031.Business.ZZ1031DetailFacade Void OnMethodSucceeded(System.Runtime.Remoting.Messaging.IMethodCallMessage, System.Runtime.Remoting.Messaging.IMethodReturnMessage) Begin
2018-01-16 10:07:09.6712 DESKTOP-2Q89F24 5 SRS1 ::1 SRSSystem.ZZ.ZZ1031.Business.ZZ1031DetailFacade Void OnMethodSucceeded(System.Runtime.Remoting.Messaging.IMethodCallMessage, System.Runtime.Remoting.Messaging.IMethodReturnMessage) End
2018-01-16 10:07:09.6712 DESKTOP-2Q89F24 5 SRS1 ::1 SRSSystem.ZZ.ZZ1031.Business.ZZ1031DetailFacade System.Runtime.Remoting.Messaging.IMethodReturnMessage ProcessMessage(System.Runtime.Remoting.Messaging.IMethodCallMessage) End
2018-01-16 10:07:09.6712 DESKTOP-2Q89F24 5 SRS1 ::1 SRSSystem.ZZ.ZZ1031.Business.ZZ1031DetailFacade System.Runtime.Remoting.Messaging.IMethodReturnMessage InterceptMessage(System.Runtime.Remoting.Messaging.IMethodCallMessage) End
2018-01-16 10:07:09.6712 DESKTOP-2Q89F24 5 SRS1 ::1 SRSSystem.MVCApplication.Controllers.ZZ.ZZ1031.ZZ1031DetailController Void OnActionExecuted(System.Web.Mvc.ActionExecutedContext) Begin
2018-01-16 10:07:09.6712 DESKTOP-2Q89F24 5 SRS1 ::1 SRSSystem.MVCApplication.Controllers.ZZ.ZZ1031.ZZ1031DetailController System.Web.Mvc.ActionResult JudgeTrans(SRS.Standards.MvcFramework.Core.Facade.IViewModel) Begin
2018-01-16 10:07:09.6712 DESKTOP-2Q89F24 5 SRS1 ::1 SRSSystem.MVCApplication.Controllers.ZZ.ZZ1031.ZZ1031DetailController System.Web.Mvc.ActionResult JudgeTrans(SRS.Standards.MvcFramework.Core.Facade.IViewModel) End
2018-01-16 10:07:09.6712 DESKTOP-2Q89F24 5 SRS1 ::1 SRSSystem.MVCApplication.Controllers.ZZ.ZZ1031.ZZ1031DetailController Void OnActionExecuted(System.Web.Mvc.ActionExecutedContext) End
2018-01-16 10:07:09.6712 DESKTOP-2Q89F24 5 SRS1 ::1 SRS.Standards.MvcFramework.Core.MVC.ExtendedRazorViewEngine System.Web.Mvc.ViewEngineResult FindView(System.Web.Mvc.ControllerContext, System.String, System.String, Boolean) Begin
2018-01-16 10:07:09.6712 DESKTOP-2Q89F24 5 SRS1 ::1 SRS.Standards.MvcFramework.Core.MVC.ExtendedRazorViewEngine System.Web.Mvc.ViewEngineResult FindView(System.Web.Mvc.ControllerContext, System.String, System.String, Boolean) End
2018-01-16 10:07:09.6712 DESKTOP-2Q89F24 5 SRS1 ::1 SRS.Standards.MvcFramework.Core.MVC.ExtendedRazorViewEngine System.Web.Mvc.ViewEngineResult FindView(System.Web.Mvc.ControllerContext, System.String, System.String, Boolean) Begin
2018-01-16 10:07:09.6807 DESKTOP-2Q89F24 5 SRS1 ::1 SRS.Standards.MvcFramework.Core.MVC.ExtendedRazorViewEngine System.Web.Mvc.ViewEngineResult FindView(System.Web.Mvc.ControllerContext, System.String, System.String, Boolean) End
2018-01-16 10:07:09.7497 DESKTOP-2Q89F24 5 SRS1 ::1 SRSSystem.MVCApplication.Controllers.ZZ.ZZ1031.ZZ1031DetailController Void OnResultExecuted(System.Web.Mvc.ResultExecutedContext) Begin
2018-01-16 10:07:09.7497 DESKTOP-2Q89F24 5 SRS1 ::1 SRSSystem.MVCApplication.Controllers.ZZ.ZZ1031.ZZ1031DetailController Void OnResultExecuted(System.Web.Mvc.ResultExecutedContext) End
