2018-01-17 08:39:53.2155 DESKTOP-2Q89F24 1   SRS.Standards.MvcFramework.Core.MVC.ExtendedRazorViewEngine Void .ctor() Begin
2018-01-17 08:39:53.2275 DESKTOP-2Q89F24 1   SRS.Standards.MvcFramework.Core.MVC.ExtendedRazorViewEngine Void .ctor() End
2018-01-17 08:39:54.0674 DESKTOP-2Q89F24 5  ::1 SRSSystem.MVCApplication.Controllers.LoginController Void OnActionExecuting(System.Web.Mvc.ActionExecutingContext) Begin
2018-01-17 08:39:54.0734 DESKTOP-2Q89F24 5  ::1 SRSSystem.MVCApplication.Controllers.LoginController Void OnActionExecuting(System.Web.Mvc.ActionExecutingContext) End
2018-01-17 08:39:54.1054 DESKTOP-2Q89F24 5  ::1 SRSSystem.MVCApplication.Controllers.LoginController Void OnActionExecuted(System.Web.Mvc.ActionExecutedContext) Begin
2018-01-17 08:39:54.1054 DESKTOP-2Q89F24 5  ::1 SRSSystem.MVCApplication.Controllers.LoginController System.Web.Mvc.ActionResult JudgeTrans(SRS.Standards.MvcFramework.Core.Facade.IViewModel) Begin
2018-01-17 08:39:54.1054 DESKTOP-2Q89F24 5  ::1 SRSSystem.MVCApplication.Controllers.LoginController System.Web.Mvc.ActionResult JudgeTrans(SRS.Standards.MvcFramework.Core.Facade.IViewModel) End
2018-01-17 08:39:54.1054 DESKTOP-2Q89F24 5  ::1 SRSSystem.MVCApplication.Controllers.LoginController Void OnActionExecuted(System.Web.Mvc.ActionExecutedContext) End
2018-01-17 08:39:54.1054 DESKTOP-2Q89F24 5  ::1 SRS.Standards.MvcFramework.Core.MVC.ExtendedRazorViewEngine System.Web.Mvc.ViewEngineResult FindView(System.Web.Mvc.ControllerContext, System.String, System.String, Boolean) Begin
2018-01-17 08:39:54.1354 DESKTOP-2Q89F24 5  ::1 SRS.Standards.MvcFramework.Core.MVC.ExtendedRazorViewEngine System.Web.Mvc.ViewEngineResult FindView(System.Web.Mvc.ControllerContext, System.String, System.String, Boolean) End
2018-01-17 08:39:54.1354 DESKTOP-2Q89F24 5  ::1 SRS.Standards.MvcFramework.Core.MVC.ExtendedRazorViewEngine System.Web.Mvc.ViewEngineResult FindView(System.Web.Mvc.ControllerContext, System.String, System.String, Boolean) Begin
2018-01-17 08:39:55.2910 DESKTOP-2Q89F24 5  ::1 SRS.Standards.MvcFramework.Core.MVC.ExtendedRazorViewEngine System.Web.Mvc.ViewEngineResult FindView(System.Web.Mvc.ControllerContext, System.String, System.String, Boolean) End
2018-01-17 08:39:56.9795 DESKTOP-2Q89F24 5  ::1 SRSSystem.MVCApplication.Controllers.LoginController Void OnResultExecuted(System.Web.Mvc.ResultExecutedContext) Begin
2018-01-17 08:39:56.9795 DESKTOP-2Q89F24 5  ::1 SRSSystem.MVCApplication.Controllers.LoginController Void OnResultExecuted(System.Web.Mvc.ResultExecutedContext) End
2018-01-17 08:40:19.7230 DESKTOP-2Q89F24 14  ::1 SRSSystem.MVCApplication.Controllers.LoginController Void OnActionExecuting(System.Web.Mvc.ActionExecutingContext) Begin
2018-01-17 08:40:19.7230 DESKTOP-2Q89F24 14  ::1 SRSSystem.MVCApplication.Controllers.LoginController Void OnActionExecuting(System.Web.Mvc.ActionExecutingContext) End
2018-01-17 08:40:19.7230 DESKTOP-2Q89F24 14  ::1 SRSSystem.MVCApplication.Controllers.LoginController System.Web.Mvc.ActionResult Login(SRS.Standards.MvcFramework.Core.Security.AuthenticationModel) Begin
2018-01-17 08:40:19.7280 DESKTOP-2Q89F24 14  ::1 SRSSystem.Common.Login.Business.LoginFacade System.Runtime.Remoting.Messaging.IMethodReturnMessage InterceptMessage(System.Runtime.Remoting.Messaging.IMethodCallMessage) Begin
2018-01-17 08:40:19.7280 DESKTOP-2Q89F24 14  ::1 SRSSystem.Common.Login.Business.LoginFacade System.Runtime.Remoting.Messaging.IMethodReturnMessage ProcessMessage(System.Runtime.Remoting.Messaging.IMethodCallMessage) Begin
2018-01-17 08:40:19.7440 DESKTOP-2Q89F24 14  ::1 SRSSystem.Common.Login.Business.LoginFacade SRS.Standards.MvcFramework.Core.Security.AuthenticationModel Login(SRS.Standards.MvcFramework.Core.Security.AuthenticationModel) Begin
2018-01-17 08:40:19.7440 DESKTOP-2Q89F24 14  ::1 SRSSystem.Common.Login.Business.LoginFacade Boolean OnLogin(SRS.Standards.MvcFramework.Core.Security.AuthenticationModel) Begin
2018-01-17 08:40:19.7440 DESKTOP-2Q89F24 14  ::1 SRSSystem.Common.Login.Business.LoginRule System.Runtime.Remoting.Messaging.IMethodReturnMessage InterceptMessage(System.Runtime.Remoting.Messaging.IMethodCallMessage) Begin
2018-01-17 08:40:19.7440 DESKTOP-2Q89F24 14  ::1 SRSSystem.Common.Login.Business.LoginRule System.Runtime.Remoting.Messaging.IMethodReturnMessage ProcessMessage(System.Runtime.Remoting.Messaging.IMethodCallMessage) Begin
2018-01-17 08:40:19.7570 DESKTOP-2Q89F24 14  ::1 SRSSystem.Common.Login.Business.LoginRule Void OnMethodSucceeded(System.Runtime.Remoting.Messaging.IMethodCallMessage, System.Runtime.Remoting.Messaging.IMethodReturnMessage) Begin
2018-01-17 08:40:19.7570 DESKTOP-2Q89F24 14  ::1 SRSSystem.Common.Login.Business.LoginRule Void OnMethodSucceeded(System.Runtime.Remoting.Messaging.IMethodCallMessage, System.Runtime.Remoting.Messaging.IMethodReturnMessage) End
2018-01-17 08:40:19.7570 DESKTOP-2Q89F24 14  ::1 SRSSystem.Common.Login.Business.LoginRule System.Runtime.Remoting.Messaging.IMethodReturnMessage ProcessMessage(System.Runtime.Remoting.Messaging.IMethodCallMessage) End
2018-01-17 08:40:19.7570 DESKTOP-2Q89F24 14  ::1 SRSSystem.Common.Login.Business.LoginRule System.Runtime.Remoting.Messaging.IMethodReturnMessage InterceptMessage(System.Runtime.Remoting.Messaging.IMethodCallMessage) End
2018-01-17 08:40:19.7570 DESKTOP-2Q89F24 14  ::1 SRSSystem.Common.Login.Business.LoginRule System.Runtime.Remoting.Messaging.IMethodReturnMessage InterceptMessage(System.Runtime.Remoting.Messaging.IMethodCallMessage) Begin
2018-01-17 08:40:19.7570 DESKTOP-2Q89F24 14  ::1 SRSSystem.Common.Login.Business.LoginRule System.Runtime.Remoting.Messaging.IMethodReturnMessage ProcessMessage(System.Runtime.Remoting.Messaging.IMethodCallMessage) Begin
2018-01-17 08:40:19.7570 DESKTOP-2Q89F24 14  ::1 SRSSystem.Common.Login.Business.LoginRule Void OnMethodSucceeded(System.Runtime.Remoting.Messaging.IMethodCallMessage, System.Runtime.Remoting.Messaging.IMethodReturnMessage) Begin
2018-01-17 08:40:19.7570 DESKTOP-2Q89F24 14  ::1 SRSSystem.Common.Login.Business.LoginRule Void OnMethodSucceeded(System.Runtime.Remoting.Messaging.IMethodCallMessage, System.Runtime.Remoting.Messaging.IMethodReturnMessage) End
2018-01-17 08:40:19.7570 DESKTOP-2Q89F24 14  ::1 SRSSystem.Common.Login.Business.LoginRule System.Runtime.Remoting.Messaging.IMethodReturnMessage ProcessMessage(System.Runtime.Remoting.Messaging.IMethodCallMessage) End
2018-01-17 08:40:19.7570 DESKTOP-2Q89F24 14  ::1 SRSSystem.Common.Login.Business.LoginRule System.Runtime.Remoting.Messaging.IMethodReturnMessage InterceptMessage(System.Runtime.Remoting.Messaging.IMethodCallMessage) End
2018-01-17 08:40:19.7570 DESKTOP-2Q89F24 14  ::1 SRSSystem.Common.Login.Business.LoginRule System.Runtime.Remoting.Messaging.IMethodReturnMessage InterceptMessage(System.Runtime.Remoting.Messaging.IMethodCallMessage) Begin
2018-01-17 08:40:19.7570 DESKTOP-2Q89F24 14  ::1 SRSSystem.Common.Login.Business.LoginRule System.Runtime.Remoting.Messaging.IMethodReturnMessage ProcessMessage(System.Runtime.Remoting.Messaging.IMethodCallMessage) Begin
2018-01-17 08:40:19.7570 DESKTOP-2Q89F24 14  ::1 SRSSystem.Common.Login.Business.LoginRule Void OnMethodSucceeded(System.Runtime.Remoting.Messaging.IMethodCallMessage, System.Runtime.Remoting.Messaging.IMethodReturnMessage) Begin
2018-01-17 08:40:19.7570 DESKTOP-2Q89F24 14  ::1 SRSSystem.Common.Login.Business.LoginRule Void OnMethodSucceeded(System.Runtime.Remoting.Messaging.IMethodCallMessage, System.Runtime.Remoting.Messaging.IMethodReturnMessage) End
2018-01-17 08:40:19.7570 DESKTOP-2Q89F24 14  ::1 SRSSystem.Common.Login.Business.LoginRule System.Runtime.Remoting.Messaging.IMethodReturnMessage ProcessMessage(System.Runtime.Remoting.Messaging.IMethodCallMessage) End
2018-01-17 08:40:19.7570 DESKTOP-2Q89F24 14  ::1 SRSSystem.Common.Login.Business.LoginRule System.Runtime.Remoting.Messaging.IMethodReturnMessage InterceptMessage(System.Runtime.Remoting.Messaging.IMethodCallMessage) End
2018-01-17 08:40:19.7570 DESKTOP-2Q89F24 14  ::1 SRSSystem.Common.Login.Business.LoginRule System.Runtime.Remoting.Messaging.IMethodReturnMessage InterceptMessage(System.Runtime.Remoting.Messaging.IMethodCallMessage) Begin
2018-01-17 08:40:19.7570 DESKTOP-2Q89F24 14  ::1 SRSSystem.Common.Login.Business.LoginRule System.Runtime.Remoting.Messaging.IMethodReturnMessage ProcessMessage(System.Runtime.Remoting.Messaging.IMethodCallMessage) Begin
2018-01-17 08:40:19.7760 DESKTOP-2Q89F24 14  ::1 SRSSystem.Common.Login.Business.LoginRule Void OnMethodSucceeded(System.Runtime.Remoting.Messaging.IMethodCallMessage, System.Runtime.Remoting.Messaging.IMethodReturnMessage) Begin
2018-01-17 08:40:19.7760 DESKTOP-2Q89F24 14  ::1 SRSSystem.Common.Login.Business.LoginRule Void OnMethodSucceeded(System.Runtime.Remoting.Messaging.IMethodCallMessage, System.Runtime.Remoting.Messaging.IMethodReturnMessage) End
2018-01-17 08:40:19.7760 DESKTOP-2Q89F24 14  ::1 SRSSystem.Common.Login.Business.LoginRule System.Runtime.Remoting.Messaging.IMethodReturnMessage ProcessMessage(System.Runtime.Remoting.Messaging.IMethodCallMessage) End
2018-01-17 08:40:19.7760 DESKTOP-2Q89F24 14  ::1 SRSSystem.Common.Login.Business.LoginRule System.Runtime.Remoting.Messaging.IMethodReturnMessage InterceptMessage(System.Runtime.Remoting.Messaging.IMethodCallMessage) End
2018-01-17 08:40:19.7760 DESKTOP-2Q89F24 14  ::1 SRSSystem.Common.Login.Business.LoginFacade Boolean OnLogin(SRS.Standards.MvcFramework.Core.Security.AuthenticationModel) End
2018-01-17 08:40:19.7760 DESKTOP-2Q89F24 14  ::1 SRSSystem.Common.Login.Business.LoginFacade SRS.Standards.MvcFramework.Core.Security.AuthenticationModel Login(SRS.Standards.MvcFramework.Core.Security.AuthenticationModel) End
2018-01-17 08:40:19.7760 DESKTOP-2Q89F24 14  ::1 SRSSystem.Common.Login.Business.LoginFacade Void OnMethodSucceeded(System.Runtime.Remoting.Messaging.IMethodCallMessage, System.Runtime.Remoting.Messaging.IMethodReturnMessage) Begin
2018-01-17 08:40:19.7760 DESKTOP-2Q89F24 14  ::1 SRSSystem.Common.Login.Business.LoginFacade Void OnMethodSucceeded(System.Runtime.Remoting.Messaging.IMethodCallMessage, System.Runtime.Remoting.Messaging.IMethodReturnMessage) End
2018-01-17 08:40:19.7760 DESKTOP-2Q89F24 14  ::1 SRSSystem.Common.Login.Business.LoginFacade System.Runtime.Remoting.Messaging.IMethodReturnMessage ProcessMessage(System.Runtime.Remoting.Messaging.IMethodCallMessage) End
2018-01-17 08:40:19.7760 DESKTOP-2Q89F24 14  ::1 SRSSystem.Common.Login.Business.LoginFacade System.Runtime.Remoting.Messaging.IMethodReturnMessage InterceptMessage(System.Runtime.Remoting.Messaging.IMethodCallMessage) End
2018-01-17 08:40:19.7760 DESKTOP-2Q89F24 14  ::1 SRSSystem.MVCApplication.Controllers.LoginController System.Web.Mvc.ActionResult Login(SRS.Standards.MvcFramework.Core.Security.AuthenticationModel) End
2018-01-17 08:40:19.7760 DESKTOP-2Q89F24 14  ::1 SRSSystem.MVCApplication.Controllers.LoginController Void OnActionExecuted(System.Web.Mvc.ActionExecutedContext) Begin
2018-01-17 08:40:19.7760 DESKTOP-2Q89F24 14  ::1 SRSSystem.MVCApplication.Controllers.LoginController System.Web.Mvc.ActionResult JudgeTrans(SRS.Standards.MvcFramework.Core.Facade.IViewModel) Begin
2018-01-17 08:40:19.7760 DESKTOP-2Q89F24 14  ::1 SRSSystem.MVCApplication.Controllers.LoginController System.Web.Mvc.ActionResult JudgeTrans(SRS.Standards.MvcFramework.Core.Facade.IViewModel) End
2018-01-17 08:40:19.7760 DESKTOP-2Q89F24 14  ::1 SRSSystem.MVCApplication.Controllers.LoginController Void OnActionExecuted(System.Web.Mvc.ActionExecutedContext) End
2018-01-17 08:40:19.8105 DESKTOP-2Q89F24 14  ::1 SRSSystem.MVCApplication.Controllers.LoginController Void OnResultExecuted(System.Web.Mvc.ResultExecutedContext) Begin
2018-01-17 08:40:19.8105 DESKTOP-2Q89F24 14  ::1 SRSSystem.MVCApplication.Controllers.LoginController Void OnResultExecuted(System.Web.Mvc.ResultExecutedContext) End
2018-01-17 08:40:19.8570 DESKTOP-2Q89F24 14 SRS1 ::1 SRSSystem.MVCApplication.Controllers.MenuController Void OnActionExecuting(System.Web.Mvc.ActionExecutingContext) Begin
2018-01-17 08:40:19.8570 DESKTOP-2Q89F24 14 SRS1 ::1 SRSSystem.Common.Menu.Business.MenuFacade System.Runtime.Remoting.Messaging.IMethodReturnMessage InterceptMessage(System.Runtime.Remoting.Messaging.IMethodCallMessage) Begin
2018-01-17 08:40:19.8570 DESKTOP-2Q89F24 14 SRS1 ::1 SRSSystem.Common.Menu.Business.MenuFacade System.Runtime.Remoting.Messaging.IMethodReturnMessage ProcessMessage(System.Runtime.Remoting.Messaging.IMethodCallMessage) Begin
2018-01-17 08:40:19.8570 DESKTOP-2Q89F24 14 SRS1 ::1 SRSSystem.Common.Menu.Business.MenuFacade SRS.Standards.MvcFramework.Core.Security.AuthenticationModel Authentication(SRS.Standards.MvcFramework.Core.Security.AuthenticationModel) Begin
2018-01-17 08:40:19.8570 DESKTOP-2Q89F24 14 SRS1 ::1 SRSSystem.Common.Menu.Business.MenuFacade Boolean OnAuthentication(SRS.Standards.MvcFramework.Core.Security.AuthenticationModel) Begin
2018-01-17 08:40:19.8570 DESKTOP-2Q89F24 14 SRS1 ::1 SRSSystem.Common.Menu.Business.MenuFacade Boolean OnAuthentication(SRS.Standards.MvcFramework.Core.Security.AuthenticationModel) End
2018-01-17 08:40:19.8570 DESKTOP-2Q89F24 14 SRS1 ::1 SRSSystem.Common.Menu.Business.MenuFacade SRS.Standards.MvcFramework.Core.Security.AuthenticationModel Authentication(SRS.Standards.MvcFramework.Core.Security.AuthenticationModel) End
2018-01-17 08:40:19.8570 DESKTOP-2Q89F24 14 SRS1 ::1 SRSSystem.Common.Menu.Business.MenuFacade Void OnMethodSucceeded(System.Runtime.Remoting.Messaging.IMethodCallMessage, System.Runtime.Remoting.Messaging.IMethodReturnMessage) Begin
2018-01-17 08:40:19.8570 DESKTOP-2Q89F24 14 SRS1 ::1 SRSSystem.Common.Menu.Business.MenuFacade Void OnMethodSucceeded(System.Runtime.Remoting.Messaging.IMethodCallMessage, System.Runtime.Remoting.Messaging.IMethodReturnMessage) End
2018-01-17 08:40:19.8570 DESKTOP-2Q89F24 14 SRS1 ::1 SRSSystem.Common.Menu.Business.MenuFacade System.Runtime.Remoting.Messaging.IMethodReturnMessage ProcessMessage(System.Runtime.Remoting.Messaging.IMethodCallMessage) End
2018-01-17 08:40:19.8570 DESKTOP-2Q89F24 14 SRS1 ::1 SRSSystem.Common.Menu.Business.MenuFacade System.Runtime.Remoting.Messaging.IMethodReturnMessage InterceptMessage(System.Runtime.Remoting.Messaging.IMethodCallMessage) End
2018-01-17 08:40:19.8570 DESKTOP-2Q89F24 14 SRS1 ::1 SRSSystem.MVCApplication.Controllers.MenuController Void OnActionExecuting(System.Web.Mvc.ActionExecutingContext) End
2018-01-17 08:40:19.8570 DESKTOP-2Q89F24 14 SRS1 ::1 SRSSystem.Common.Menu.Business.MenuFacade System.Runtime.Remoting.Messaging.IMethodReturnMessage InterceptMessage(System.Runtime.Remoting.Messaging.IMethodCallMessage) Begin
2018-01-17 08:40:19.8570 DESKTOP-2Q89F24 14 SRS1 ::1 SRSSystem.Common.Menu.Business.MenuFacade System.Runtime.Remoting.Messaging.IMethodReturnMessage ProcessMessage(System.Runtime.Remoting.Messaging.IMethodCallMessage) Begin
2018-01-17 08:40:19.8570 DESKTOP-2Q89F24 14 SRS1 ::1 SRSSystem.Common.Menu.Business.MenuRule System.Runtime.Remoting.Messaging.IMethodReturnMessage InterceptMessage(System.Runtime.Remoting.Messaging.IMethodCallMessage) Begin
2018-01-17 08:40:19.8570 DESKTOP-2Q89F24 14 SRS1 ::1 SRSSystem.Common.Menu.Business.MenuRule System.Runtime.Remoting.Messaging.IMethodReturnMessage ProcessMessage(System.Runtime.Remoting.Messaging.IMethodCallMessage) Begin
2018-01-17 08:40:19.9151 DESKTOP-2Q89F24 14 SRS1 ::1 SRSSystem.Common.Menu.Business.MenuRule Void OnMethodSucceeded(System.Runtime.Remoting.Messaging.IMethodCallMessage, System.Runtime.Remoting.Messaging.IMethodReturnMessage) Begin
2018-01-17 08:40:19.9151 DESKTOP-2Q89F24 14 SRS1 ::1 SRSSystem.Common.Menu.Business.MenuRule Void OnMethodSucceeded(System.Runtime.Remoting.Messaging.IMethodCallMessage, System.Runtime.Remoting.Messaging.IMethodReturnMessage) End
2018-01-17 08:40:19.9151 DESKTOP-2Q89F24 14 SRS1 ::1 SRSSystem.Common.Menu.Business.MenuRule System.Runtime.Remoting.Messaging.IMethodReturnMessage ProcessMessage(System.Runtime.Remoting.Messaging.IMethodCallMessage) End
2018-01-17 08:40:19.9151 DESKTOP-2Q89F24 14 SRS1 ::1 SRSSystem.Common.Menu.Business.MenuRule System.Runtime.Remoting.Messaging.IMethodReturnMessage InterceptMessage(System.Runtime.Remoting.Messaging.IMethodCallMessage) End
2018-01-17 08:40:19.9151 DESKTOP-2Q89F24 14 SRS1 ::1 SRSSystem.Common.Menu.Business.MenuRule System.Runtime.Remoting.Messaging.IMethodReturnMessage InterceptMessage(System.Runtime.Remoting.Messaging.IMethodCallMessage) Begin
2018-01-17 08:40:19.9151 DESKTOP-2Q89F24 14 SRS1 ::1 SRSSystem.Common.Menu.Business.MenuRule System.Runtime.Remoting.Messaging.IMethodReturnMessage ProcessMessage(System.Runtime.Remoting.Messaging.IMethodCallMessage) Begin
2018-01-17 08:40:19.9151 DESKTOP-2Q89F24 14 SRS1 ::1 SRSSystem.Common.Menu.Business.MenuRule Void OnMethodSucceeded(System.Runtime.Remoting.Messaging.IMethodCallMessage, System.Runtime.Remoting.Messaging.IMethodReturnMessage) Begin
2018-01-17 08:40:19.9151 DESKTOP-2Q89F24 14 SRS1 ::1 SRSSystem.Common.Menu.Business.MenuRule Void OnMethodSucceeded(System.Runtime.Remoting.Messaging.IMethodCallMessage, System.Runtime.Remoting.Messaging.IMethodReturnMessage) End
2018-01-17 08:40:19.9151 DESKTOP-2Q89F24 14 SRS1 ::1 SRSSystem.Common.Menu.Business.MenuRule System.Runtime.Remoting.Messaging.IMethodReturnMessage ProcessMessage(System.Runtime.Remoting.Messaging.IMethodCallMessage) End
2018-01-17 08:40:19.9151 DESKTOP-2Q89F24 14 SRS1 ::1 SRSSystem.Common.Menu.Business.MenuRule System.Runtime.Remoting.Messaging.IMethodReturnMessage InterceptMessage(System.Runtime.Remoting.Messaging.IMethodCallMessage) End
2018-01-17 08:40:19.9151 DESKTOP-2Q89F24 14 SRS1 ::1 SRSSystem.Common.Menu.Business.MenuFacade Void OnMethodSucceeded(System.Runtime.Remoting.Messaging.IMethodCallMessage, System.Runtime.Remoting.Messaging.IMethodReturnMessage) Begin
2018-01-17 08:40:19.9151 DESKTOP-2Q89F24 14 SRS1 ::1 SRSSystem.Common.Menu.Business.MenuFacade Void OnMethodSucceeded(System.Runtime.Remoting.Messaging.IMethodCallMessage, System.Runtime.Remoting.Messaging.IMethodReturnMessage) End
2018-01-17 08:40:19.9151 DESKTOP-2Q89F24 14 SRS1 ::1 SRSSystem.Common.Menu.Business.MenuFacade System.Runtime.Remoting.Messaging.IMethodReturnMessage ProcessMessage(System.Runtime.Remoting.Messaging.IMethodCallMessage) End
2018-01-17 08:40:19.9151 DESKTOP-2Q89F24 14 SRS1 ::1 SRSSystem.Common.Menu.Business.MenuFacade System.Runtime.Remoting.Messaging.IMethodReturnMessage InterceptMessage(System.Runtime.Remoting.Messaging.IMethodCallMessage) End
2018-01-17 08:40:19.9151 DESKTOP-2Q89F24 14 SRS1 ::1 SRSSystem.MVCApplication.Controllers.MenuController Void OnActionExecuted(System.Web.Mvc.ActionExecutedContext) Begin
2018-01-17 08:40:19.9151 DESKTOP-2Q89F24 14 SRS1 ::1 SRSSystem.MVCApplication.Controllers.MenuController System.Web.Mvc.ActionResult JudgeTrans(SRS.Standards.MvcFramework.Core.Facade.IViewModel) Begin
2018-01-17 08:40:19.9151 DESKTOP-2Q89F24 14 SRS1 ::1 SRSSystem.MVCApplication.Controllers.MenuController System.Web.Mvc.ActionResult JudgeTrans(SRS.Standards.MvcFramework.Core.Facade.IViewModel) End
2018-01-17 08:40:19.9151 DESKTOP-2Q89F24 14 SRS1 ::1 SRSSystem.MVCApplication.Controllers.MenuController Void OnActionExecuted(System.Web.Mvc.ActionExecutedContext) End
2018-01-17 08:40:19.9151 DESKTOP-2Q89F24 14 SRS1 ::1 SRS.Standards.MvcFramework.Core.MVC.ExtendedRazorViewEngine System.Web.Mvc.ViewEngineResult FindView(System.Web.Mvc.ControllerContext, System.String, System.String, Boolean) Begin
2018-01-17 08:40:19.9151 DESKTOP-2Q89F24 14 SRS1 ::1 SRS.Standards.MvcFramework.Core.MVC.ExtendedRazorViewEngine System.Web.Mvc.ViewEngineResult FindView(System.Web.Mvc.ControllerContext, System.String, System.String, Boolean) End
2018-01-17 08:40:19.9151 DESKTOP-2Q89F24 14 SRS1 ::1 SRS.Standards.MvcFramework.Core.MVC.ExtendedRazorViewEngine System.Web.Mvc.ViewEngineResult FindView(System.Web.Mvc.ControllerContext, System.String, System.String, Boolean) Begin
2018-01-17 08:40:19.9151 DESKTOP-2Q89F24 14 SRS1 ::1 SRS.Standards.MvcFramework.Core.MVC.ExtendedRazorViewEngine System.Web.Mvc.ViewEngineResult FindView(System.Web.Mvc.ControllerContext, System.String, System.String, Boolean) End
2018-01-17 08:40:19.9331 DESKTOP-2Q89F24 14 SRS1 ::1 SRSSystem.MVCApplication.Controllers.MenuController Void OnResultExecuted(System.Web.Mvc.ResultExecutedContext) Begin
2018-01-17 08:40:19.9331 DESKTOP-2Q89F24 14 SRS1 ::1 SRSSystem.MVCApplication.Controllers.MenuController Void OnResultExecuted(System.Web.Mvc.ResultExecutedContext) End
2018-01-17 08:40:33.7558 DESKTOP-2Q89F24 8 SRS1 ::1 SRSSystem.MVCApplication.Controllers.ZZ.ZZ1031.ZZ1031SearchController Void OnActionExecuting(System.Web.Mvc.ActionExecutingContext) Begin
2018-01-17 08:40:33.7558 DESKTOP-2Q89F24 8 SRS1 ::1 SRSSystem.ZZ.ZZ1031.Business.ZZ1031SearchFacade System.Runtime.Remoting.Messaging.IMethodReturnMessage InterceptMessage(System.Runtime.Remoting.Messaging.IMethodCallMessage) Begin
2018-01-17 08:40:33.7558 DESKTOP-2Q89F24 8 SRS1 ::1 SRSSystem.ZZ.ZZ1031.Business.ZZ1031SearchFacade System.Runtime.Remoting.Messaging.IMethodReturnMessage ProcessMessage(System.Runtime.Remoting.Messaging.IMethodCallMessage) Begin
2018-01-17 08:40:33.7558 DESKTOP-2Q89F24 8 SRS1 ::1 SRSSystem.ZZ.ZZ1031.Business.ZZ1031SearchFacade SRS.Standards.MvcFramework.Core.Security.AuthenticationModel Authentication(SRS.Standards.MvcFramework.Core.Security.AuthenticationModel) Begin
2018-01-17 08:40:33.7578 DESKTOP-2Q89F24 8 SRS1 ::1 SRSSystem.ZZ.ZZ1031.Business.ZZ1031SearchFacade Boolean OnAuthentication(SRS.Standards.MvcFramework.Core.Security.AuthenticationModel) Begin
2018-01-17 08:40:33.7578 DESKTOP-2Q89F24 8 SRS1 ::1 SRSSystem.ZZ.ZZ1031.Business.ZZ1031SearchFacade Boolean OnAuthentication(SRS.Standards.MvcFramework.Core.Security.AuthenticationModel) End
2018-01-17 08:40:33.7578 DESKTOP-2Q89F24 8 SRS1 ::1 SRSSystem.ZZ.ZZ1031.Business.ZZ1031SearchFacade SRS.Standards.MvcFramework.Core.Security.AuthenticationModel Authentication(SRS.Standards.MvcFramework.Core.Security.AuthenticationModel) End
2018-01-17 08:40:33.7578 DESKTOP-2Q89F24 8 SRS1 ::1 SRSSystem.ZZ.ZZ1031.Business.ZZ1031SearchFacade Void OnMethodSucceeded(System.Runtime.Remoting.Messaging.IMethodCallMessage, System.Runtime.Remoting.Messaging.IMethodReturnMessage) Begin
2018-01-17 08:40:33.7578 DESKTOP-2Q89F24 8 SRS1 ::1 SRSSystem.ZZ.ZZ1031.Business.ZZ1031SearchFacade Void OnMethodSucceeded(System.Runtime.Remoting.Messaging.IMethodCallMessage, System.Runtime.Remoting.Messaging.IMethodReturnMessage) End
2018-01-17 08:40:33.7578 DESKTOP-2Q89F24 8 SRS1 ::1 SRSSystem.ZZ.ZZ1031.Business.ZZ1031SearchFacade System.Runtime.Remoting.Messaging.IMethodReturnMessage ProcessMessage(System.Runtime.Remoting.Messaging.IMethodCallMessage) End
2018-01-17 08:40:33.7578 DESKTOP-2Q89F24 8 SRS1 ::1 SRSSystem.ZZ.ZZ1031.Business.ZZ1031SearchFacade System.Runtime.Remoting.Messaging.IMethodReturnMessage InterceptMessage(System.Runtime.Remoting.Messaging.IMethodCallMessage) End
2018-01-17 08:40:33.7578 DESKTOP-2Q89F24 8 SRS1 ::1 SRSSystem.ZZ.ZZ1031.Business.ZZ1031SearchFacade System.Runtime.Remoting.Messaging.IMethodReturnMessage InterceptMessage(System.Runtime.Remoting.Messaging.IMethodCallMessage) Begin
2018-01-17 08:40:33.7578 DESKTOP-2Q89F24 8 SRS1 ::1 SRSSystem.ZZ.ZZ1031.Business.ZZ1031SearchFacade System.Runtime.Remoting.Messaging.IMethodReturnMessage ProcessMessage(System.Runtime.Remoting.Messaging.IMethodCallMessage) Begin
2018-01-17 08:40:33.7578 DESKTOP-2Q89F24 8 SRS1 ::1 SRSSystem.ZZ.ZZ1031.Business.ZZ1031SearchFacade SRS.Standards.MvcFramework.Core.Security.SecurityRegulationModel SecurityCheck(SRS.Standards.MvcFramework.Core.Security.SecurityRegulationModel) Begin
2018-01-17 08:40:33.7578 DESKTOP-2Q89F24 8 SRS1 ::1 SRSSystem.ZZ.ZZ1031.Business.ZZ1031SearchFacade Boolean OnSecurityCheck(SRS.Standards.MvcFramework.Core.Security.SecurityRegulationModel) Begin
2018-01-17 08:40:33.7578 DESKTOP-2Q89F24 8 SRS1 ::1 SRSSystem.ZZ.ZZ1031.Business.ZZ1031SearchFacade Boolean OnSecurityCheck(SRS.Standards.MvcFramework.Core.Security.SecurityRegulationModel) End
2018-01-17 08:40:33.7578 DESKTOP-2Q89F24 8 SRS1 ::1 SRSSystem.ZZ.ZZ1031.Business.ZZ1031SearchFacade SRS.Standards.MvcFramework.Core.Security.SecurityRegulationModel SecurityCheck(SRS.Standards.MvcFramework.Core.Security.SecurityRegulationModel) End
2018-01-17 08:40:33.7578 DESKTOP-2Q89F24 8 SRS1 ::1 SRSSystem.ZZ.ZZ1031.Business.ZZ1031SearchFacade Void OnMethodSucceeded(System.Runtime.Remoting.Messaging.IMethodCallMessage, System.Runtime.Remoting.Messaging.IMethodReturnMessage) Begin
2018-01-17 08:40:33.7578 DESKTOP-2Q89F24 8 SRS1 ::1 SRSSystem.ZZ.ZZ1031.Business.ZZ1031SearchFacade Void OnMethodSucceeded(System.Runtime.Remoting.Messaging.IMethodCallMessage, System.Runtime.Remoting.Messaging.IMethodReturnMessage) End
2018-01-17 08:40:33.7578 DESKTOP-2Q89F24 8 SRS1 ::1 SRSSystem.ZZ.ZZ1031.Business.ZZ1031SearchFacade System.Runtime.Remoting.Messaging.IMethodReturnMessage ProcessMessage(System.Runtime.Remoting.Messaging.IMethodCallMessage) End
2018-01-17 08:40:33.7578 DESKTOP-2Q89F24 8 SRS1 ::1 SRSSystem.ZZ.ZZ1031.Business.ZZ1031SearchFacade System.Runtime.Remoting.Messaging.IMethodReturnMessage InterceptMessage(System.Runtime.Remoting.Messaging.IMethodCallMessage) End
2018-01-17 08:40:33.7578 DESKTOP-2Q89F24 8 SRS1 ::1 SRSSystem.MVCApplication.Controllers.ZZ.ZZ1031.ZZ1031SearchController Void OnActionExecuting(System.Web.Mvc.ActionExecutingContext) End
2018-01-17 08:40:33.7578 DESKTOP-2Q89F24 8 SRS1 ::1 SRSSystem.Common.Login.Business.LoginFacade System.Runtime.Remoting.Messaging.IMethodReturnMessage InterceptMessage(System.Runtime.Remoting.Messaging.IMethodCallMessage) Begin
2018-01-17 08:40:33.7578 DESKTOP-2Q89F24 8 SRS1 ::1 SRSSystem.Common.Login.Business.LoginFacade System.Runtime.Remoting.Messaging.IMethodReturnMessage ProcessMessage(System.Runtime.Remoting.Messaging.IMethodCallMessage) Begin
2018-01-17 08:40:33.7578 DESKTOP-2Q89F24 8 SRS1 ::1 SRSSystem.Common.Login.Business.LoginFacade SRS.Standards.MvcFramework.Core.Security.SecurityRegulationModel RegulationCheck(SRS.Standards.MvcFramework.Core.Security.SecurityRegulationModel) Begin
2018-01-17 08:40:33.7578 DESKTOP-2Q89F24 8 SRS1 ::1 SRSSystem.Common.Login.Business.LoginRule System.Runtime.Remoting.Messaging.IMethodReturnMessage InterceptMessage(System.Runtime.Remoting.Messaging.IMethodCallMessage) Begin
2018-01-17 08:40:33.7578 DESKTOP-2Q89F24 8 SRS1 ::1 SRSSystem.Common.Login.Business.LoginRule System.Runtime.Remoting.Messaging.IMethodReturnMessage ProcessMessage(System.Runtime.Remoting.Messaging.IMethodCallMessage) Begin
2018-01-17 08:40:33.7578 DESKTOP-2Q89F24 8 SRS1 ::1 SRSSystem.Common.Login.Business.LoginRule Void OnMethodSucceeded(System.Runtime.Remoting.Messaging.IMethodCallMessage, System.Runtime.Remoting.Messaging.IMethodReturnMessage) Begin
2018-01-17 08:40:33.7578 DESKTOP-2Q89F24 8 SRS1 ::1 SRSSystem.Common.Login.Business.LoginRule Void OnMethodSucceeded(System.Runtime.Remoting.Messaging.IMethodCallMessage, System.Runtime.Remoting.Messaging.IMethodReturnMessage) End
2018-01-17 08:40:33.7578 DESKTOP-2Q89F24 8 SRS1 ::1 SRSSystem.Common.Login.Business.LoginRule System.Runtime.Remoting.Messaging.IMethodReturnMessage ProcessMessage(System.Runtime.Remoting.Messaging.IMethodCallMessage) End
2018-01-17 08:40:33.7578 DESKTOP-2Q89F24 8 SRS1 ::1 SRSSystem.Common.Login.Business.LoginRule System.Runtime.Remoting.Messaging.IMethodReturnMessage InterceptMessage(System.Runtime.Remoting.Messaging.IMethodCallMessage) End
2018-01-17 08:40:33.7578 DESKTOP-2Q89F24 8 SRS1 ::1 SRSSystem.Common.Login.Business.LoginFacade SRS.Standards.MvcFramework.Core.Security.SecurityRegulationModel RegulationCheck(SRS.Standards.MvcFramework.Core.Security.SecurityRegulationModel) End
2018-01-17 08:40:33.7578 DESKTOP-2Q89F24 8 SRS1 ::1 SRSSystem.Common.Login.Business.LoginFacade Void OnMethodSucceeded(System.Runtime.Remoting.Messaging.IMethodCallMessage, System.Runtime.Remoting.Messaging.IMethodReturnMessage) Begin
2018-01-17 08:40:33.7578 DESKTOP-2Q89F24 8 SRS1 ::1 SRSSystem.Common.Login.Business.LoginFacade Void OnMethodSucceeded(System.Runtime.Remoting.Messaging.IMethodCallMessage, System.Runtime.Remoting.Messaging.IMethodReturnMessage) End
2018-01-17 08:40:33.7578 DESKTOP-2Q89F24 8 SRS1 ::1 SRSSystem.Common.Login.Business.LoginFacade System.Runtime.Remoting.Messaging.IMethodReturnMessage ProcessMessage(System.Runtime.Remoting.Messaging.IMethodCallMessage) End
2018-01-17 08:40:33.7578 DESKTOP-2Q89F24 8 SRS1 ::1 SRSSystem.Common.Login.Business.LoginFacade System.Runtime.Remoting.Messaging.IMethodReturnMessage InterceptMessage(System.Runtime.Remoting.Messaging.IMethodCallMessage) End
2018-01-17 08:40:33.7578 DESKTOP-2Q89F24 8 SRS1 ::1 SRSSystem.Common.Login.Business.LoginFacade System.Runtime.Remoting.Messaging.IMethodReturnMessage InterceptMessage(System.Runtime.Remoting.Messaging.IMethodCallMessage) Begin
2018-01-17 08:40:33.7578 DESKTOP-2Q89F24 8 SRS1 ::1 SRSSystem.Common.Login.Business.LoginFacade System.Runtime.Remoting.Messaging.IMethodReturnMessage ProcessMessage(System.Runtime.Remoting.Messaging.IMethodCallMessage) Begin
2018-01-17 08:40:33.7578 DESKTOP-2Q89F24 8 SRS1 ::1 SRSSystem.Common.Login.Business.LoginFacade Void OnMethodSucceeded(System.Runtime.Remoting.Messaging.IMethodCallMessage, System.Runtime.Remoting.Messaging.IMethodReturnMessage) Begin
2018-01-17 08:40:33.7578 DESKTOP-2Q89F24 8 SRS1 ::1 SRSSystem.Common.Login.Business.LoginFacade Void OnMethodSucceeded(System.Runtime.Remoting.Messaging.IMethodCallMessage, System.Runtime.Remoting.Messaging.IMethodReturnMessage) End
2018-01-17 08:40:33.7578 DESKTOP-2Q89F24 8 SRS1 ::1 SRSSystem.Common.Login.Business.LoginFacade System.Runtime.Remoting.Messaging.IMethodReturnMessage ProcessMessage(System.Runtime.Remoting.Messaging.IMethodCallMessage) End
2018-01-17 08:40:33.7578 DESKTOP-2Q89F24 8 SRS1 ::1 SRSSystem.Common.Login.Business.LoginFacade System.Runtime.Remoting.Messaging.IMethodReturnMessage InterceptMessage(System.Runtime.Remoting.Messaging.IMethodCallMessage) End
2018-01-17 08:40:33.7578 DESKTOP-2Q89F24 8 SRS1 ::1 SRSSystem.ZZ.ZZ1031.Business.ZZ1031SearchFacade System.Runtime.Remoting.Messaging.IMethodReturnMessage InterceptMessage(System.Runtime.Remoting.Messaging.IMethodCallMessage) Begin
2018-01-17 08:40:33.7578 DESKTOP-2Q89F24 8 SRS1 ::1 SRSSystem.ZZ.ZZ1031.Business.ZZ1031SearchFacade System.Runtime.Remoting.Messaging.IMethodReturnMessage ProcessMessage(System.Runtime.Remoting.Messaging.IMethodCallMessage) Begin
2018-01-17 08:40:33.7578 DESKTOP-2Q89F24 8 SRS1 ::1 SRSSystem.ZZ.ZZ1031.Business.ZZ1031SearchRule System.Runtime.Remoting.Messaging.IMethodReturnMessage InterceptMessage(System.Runtime.Remoting.Messaging.IMethodCallMessage) Begin
2018-01-17 08:40:33.7578 DESKTOP-2Q89F24 8 SRS1 ::1 SRSSystem.ZZ.ZZ1031.Business.ZZ1031SearchRule System.Runtime.Remoting.Messaging.IMethodReturnMessage ProcessMessage(System.Runtime.Remoting.Messaging.IMethodCallMessage) Begin
2018-01-17 08:40:33.7578 DESKTOP-2Q89F24 8 SRS1 ::1 SRSSystem.ZZ.ZZ1031.Business.ZZ1031SearchRule Void OnMethodSucceeded(System.Runtime.Remoting.Messaging.IMethodCallMessage, System.Runtime.Remoting.Messaging.IMethodReturnMessage) Begin
2018-01-17 08:40:33.7578 DESKTOP-2Q89F24 8 SRS1 ::1 SRSSystem.ZZ.ZZ1031.Business.ZZ1031SearchRule Void OnMethodSucceeded(System.Runtime.Remoting.Messaging.IMethodCallMessage, System.Runtime.Remoting.Messaging.IMethodReturnMessage) End
2018-01-17 08:40:33.7578 DESKTOP-2Q89F24 8 SRS1 ::1 SRSSystem.ZZ.ZZ1031.Business.ZZ1031SearchRule System.Runtime.Remoting.Messaging.IMethodReturnMessage ProcessMessage(System.Runtime.Remoting.Messaging.IMethodCallMessage) End
2018-01-17 08:40:33.7578 DESKTOP-2Q89F24 8 SRS1 ::1 SRSSystem.ZZ.ZZ1031.Business.ZZ1031SearchRule System.Runtime.Remoting.Messaging.IMethodReturnMessage InterceptMessage(System.Runtime.Remoting.Messaging.IMethodCallMessage) End
2018-01-17 08:40:33.7578 DESKTOP-2Q89F24 8 SRS1 ::1 SRSSystem.ZZ.ZZ1031.Business.ZZ1031SearchRule System.Runtime.Remoting.Messaging.IMethodReturnMessage InterceptMessage(System.Runtime.Remoting.Messaging.IMethodCallMessage) Begin
2018-01-17 08:40:33.7578 DESKTOP-2Q89F24 8 SRS1 ::1 SRSSystem.ZZ.ZZ1031.Business.ZZ1031SearchRule System.Runtime.Remoting.Messaging.IMethodReturnMessage ProcessMessage(System.Runtime.Remoting.Messaging.IMethodCallMessage) Begin
2018-01-17 08:40:33.9869 DESKTOP-2Q89F24 8 SRS1 ::1 SRSSystem.ZZ.ZZ1031.Business.ZZ1031SearchRule Void OnMethodSucceeded(System.Runtime.Remoting.Messaging.IMethodCallMessage, System.Runtime.Remoting.Messaging.IMethodReturnMessage) Begin
2018-01-17 08:40:33.9869 DESKTOP-2Q89F24 8 SRS1 ::1 SRSSystem.ZZ.ZZ1031.Business.ZZ1031SearchRule Void OnMethodSucceeded(System.Runtime.Remoting.Messaging.IMethodCallMessage, System.Runtime.Remoting.Messaging.IMethodReturnMessage) End
2018-01-17 08:40:33.9869 DESKTOP-2Q89F24 8 SRS1 ::1 SRSSystem.ZZ.ZZ1031.Business.ZZ1031SearchRule System.Runtime.Remoting.Messaging.IMethodReturnMessage ProcessMessage(System.Runtime.Remoting.Messaging.IMethodCallMessage) End
2018-01-17 08:40:33.9869 DESKTOP-2Q89F24 8 SRS1 ::1 SRSSystem.ZZ.ZZ1031.Business.ZZ1031SearchRule System.Runtime.Remoting.Messaging.IMethodReturnMessage InterceptMessage(System.Runtime.Remoting.Messaging.IMethodCallMessage) End
2018-01-17 08:40:33.9869 DESKTOP-2Q89F24 8 SRS1 ::1 SRSSystem.ZZ.ZZ1031.Business.ZZ1031SearchFacade Void OnMethodSucceeded(System.Runtime.Remoting.Messaging.IMethodCallMessage, System.Runtime.Remoting.Messaging.IMethodReturnMessage) Begin
2018-01-17 08:40:33.9869 DESKTOP-2Q89F24 8 SRS1 ::1 SRSSystem.ZZ.ZZ1031.Business.ZZ1031SearchFacade Void OnMethodSucceeded(System.Runtime.Remoting.Messaging.IMethodCallMessage, System.Runtime.Remoting.Messaging.IMethodReturnMessage) End
2018-01-17 08:40:33.9869 DESKTOP-2Q89F24 8 SRS1 ::1 SRSSystem.ZZ.ZZ1031.Business.ZZ1031SearchFacade System.Runtime.Remoting.Messaging.IMethodReturnMessage ProcessMessage(System.Runtime.Remoting.Messaging.IMethodCallMessage) End
2018-01-17 08:40:33.9869 DESKTOP-2Q89F24 8 SRS1 ::1 SRSSystem.ZZ.ZZ1031.Business.ZZ1031SearchFacade System.Runtime.Remoting.Messaging.IMethodReturnMessage InterceptMessage(System.Runtime.Remoting.Messaging.IMethodCallMessage) End
2018-01-17 08:40:33.9919 DESKTOP-2Q89F24 8 SRS1 ::1 SRSSystem.Common.Utilities.DataAccess.UtilityDataAccess System.Collections.Generic.IEnumerable`1[System.Collections.Generic.IDictionary`2[System.String,System.Object]] ExecuteStoredProcedure(System.String, IDynamicParameters) Begin
2018-01-17 08:40:34.1619 DESKTOP-2Q89F24 8 SRS1 ::1 SRSSystem.MVCApplication.Controllers.ZZ.ZZ1031.ZZ1031SearchController Void OnActionExecuted(System.Web.Mvc.ActionExecutedContext) Begin
2018-01-17 08:40:34.1619 DESKTOP-2Q89F24 8 SRS1 ::1 SRSSystem.MVCApplication.Controllers.ZZ.ZZ1031.ZZ1031SearchController System.Web.Mvc.ActionResult JudgeTrans(SRS.Standards.MvcFramework.Core.Facade.IViewModel) Begin
2018-01-17 08:40:34.1619 DESKTOP-2Q89F24 8 SRS1 ::1 SRSSystem.MVCApplication.Controllers.ZZ.ZZ1031.ZZ1031SearchController System.Web.Mvc.ActionResult JudgeTrans(SRS.Standards.MvcFramework.Core.Facade.IViewModel) End
2018-01-17 08:40:34.1619 DESKTOP-2Q89F24 8 SRS1 ::1 SRSSystem.MVCApplication.Controllers.ZZ.ZZ1031.ZZ1031SearchController Void OnActionExecuted(System.Web.Mvc.ActionExecutedContext) End
2018-01-17 08:40:34.1619 DESKTOP-2Q89F24 8 SRS1 ::1 SRS.Standards.MvcFramework.Core.MVC.ExtendedRazorViewEngine System.Web.Mvc.ViewEngineResult FindView(System.Web.Mvc.ControllerContext, System.String, System.String, Boolean) Begin
2018-01-17 08:40:34.1619 DESKTOP-2Q89F24 8 SRS1 ::1 SRS.Standards.MvcFramework.Core.MVC.ExtendedRazorViewEngine System.Web.Mvc.ViewEngineResult FindView(System.Web.Mvc.ControllerContext, System.String, System.String, Boolean) End
2018-01-17 08:40:34.1619 DESKTOP-2Q89F24 8 SRS1 ::1 SRS.Standards.MvcFramework.Core.MVC.ExtendedRazorViewEngine System.Web.Mvc.ViewEngineResult FindView(System.Web.Mvc.ControllerContext, System.String, System.String, Boolean) Begin
2018-01-17 08:40:35.2206 DESKTOP-2Q89F24 8 SRS1 ::1 SRS.Standards.MvcFramework.Core.MVC.ExtendedRazorViewEngine System.Web.Mvc.ViewEngineResult FindView(System.Web.Mvc.ControllerContext, System.String, System.String, Boolean) End
2018-01-17 08:40:35.2301 DESKTOP-2Q89F24 8 SRS1 ::1 SRSSystem.MVCApplication.Controllers.ZZ.ZZ1031.ZZ1031SearchController Void OnResultExecuted(System.Web.Mvc.ResultExecutedContext) Begin
2018-01-17 08:40:35.2301 DESKTOP-2Q89F24 8 SRS1 ::1 SRSSystem.MVCApplication.Controllers.ZZ.ZZ1031.ZZ1031SearchController Void OnResultExecuted(System.Web.Mvc.ResultExecutedContext) End
2018-01-17 08:40:40.3761 DESKTOP-2Q89F24 8 SRS1 ::1 SRSSystem.MVCApplication.Controllers.ZZ.ZZ1031.ZZ1031SearchController Void OnActionExecuting(System.Web.Mvc.ActionExecutingContext) Begin
2018-01-17 08:40:40.3761 DESKTOP-2Q89F24 8 SRS1 ::1 SRSSystem.ZZ.ZZ1031.Business.ZZ1031SearchFacade System.Runtime.Remoting.Messaging.IMethodReturnMessage InterceptMessage(System.Runtime.Remoting.Messaging.IMethodCallMessage) Begin
2018-01-17 08:40:40.3761 DESKTOP-2Q89F24 8 SRS1 ::1 SRSSystem.ZZ.ZZ1031.Business.ZZ1031SearchFacade System.Runtime.Remoting.Messaging.IMethodReturnMessage ProcessMessage(System.Runtime.Remoting.Messaging.IMethodCallMessage) Begin
2018-01-17 08:40:40.3761 DESKTOP-2Q89F24 8 SRS1 ::1 SRSSystem.ZZ.ZZ1031.Business.ZZ1031SearchFacade SRS.Standards.MvcFramework.Core.Security.AuthenticationModel Authentication(SRS.Standards.MvcFramework.Core.Security.AuthenticationModel) Begin
2018-01-17 08:40:40.3761 DESKTOP-2Q89F24 8 SRS1 ::1 SRSSystem.ZZ.ZZ1031.Business.ZZ1031SearchFacade Boolean OnAuthentication(SRS.Standards.MvcFramework.Core.Security.AuthenticationModel) Begin
2018-01-17 08:40:40.3761 DESKTOP-2Q89F24 8 SRS1 ::1 SRSSystem.ZZ.ZZ1031.Business.ZZ1031SearchFacade Boolean OnAuthentication(SRS.Standards.MvcFramework.Core.Security.AuthenticationModel) End
2018-01-17 08:40:40.3761 DESKTOP-2Q89F24 8 SRS1 ::1 SRSSystem.ZZ.ZZ1031.Business.ZZ1031SearchFacade SRS.Standards.MvcFramework.Core.Security.AuthenticationModel Authentication(SRS.Standards.MvcFramework.Core.Security.AuthenticationModel) End
2018-01-17 08:40:40.3761 DESKTOP-2Q89F24 8 SRS1 ::1 SRSSystem.ZZ.ZZ1031.Business.ZZ1031SearchFacade Void OnMethodSucceeded(System.Runtime.Remoting.Messaging.IMethodCallMessage, System.Runtime.Remoting.Messaging.IMethodReturnMessage) Begin
2018-01-17 08:40:40.3761 DESKTOP-2Q89F24 8 SRS1 ::1 SRSSystem.ZZ.ZZ1031.Business.ZZ1031SearchFacade Void OnMethodSucceeded(System.Runtime.Remoting.Messaging.IMethodCallMessage, System.Runtime.Remoting.Messaging.IMethodReturnMessage) End
2018-01-17 08:40:40.3761 DESKTOP-2Q89F24 8 SRS1 ::1 SRSSystem.ZZ.ZZ1031.Business.ZZ1031SearchFacade System.Runtime.Remoting.Messaging.IMethodReturnMessage ProcessMessage(System.Runtime.Remoting.Messaging.IMethodCallMessage) End
2018-01-17 08:40:40.3761 DESKTOP-2Q89F24 8 SRS1 ::1 SRSSystem.ZZ.ZZ1031.Business.ZZ1031SearchFacade System.Runtime.Remoting.Messaging.IMethodReturnMessage InterceptMessage(System.Runtime.Remoting.Messaging.IMethodCallMessage) End
2018-01-17 08:40:40.3761 DESKTOP-2Q89F24 8 SRS1 ::1 SRSSystem.ZZ.ZZ1031.Business.ZZ1031SearchFacade System.Runtime.Remoting.Messaging.IMethodReturnMessage InterceptMessage(System.Runtime.Remoting.Messaging.IMethodCallMessage) Begin
2018-01-17 08:40:40.3761 DESKTOP-2Q89F24 8 SRS1 ::1 SRSSystem.ZZ.ZZ1031.Business.ZZ1031SearchFacade System.Runtime.Remoting.Messaging.IMethodReturnMessage ProcessMessage(System.Runtime.Remoting.Messaging.IMethodCallMessage) Begin
2018-01-17 08:40:40.3761 DESKTOP-2Q89F24 8 SRS1 ::1 SRSSystem.ZZ.ZZ1031.Business.ZZ1031SearchFacade SRS.Standards.MvcFramework.Core.Security.SecurityRegulationModel SecurityCheck(SRS.Standards.MvcFramework.Core.Security.SecurityRegulationModel) Begin
2018-01-17 08:40:40.3761 DESKTOP-2Q89F24 8 SRS1 ::1 SRSSystem.ZZ.ZZ1031.Business.ZZ1031SearchFacade Boolean OnSecurityCheck(SRS.Standards.MvcFramework.Core.Security.SecurityRegulationModel) Begin
2018-01-17 08:40:40.3761 DESKTOP-2Q89F24 8 SRS1 ::1 SRSSystem.ZZ.ZZ1031.Business.ZZ1031SearchFacade Boolean OnSecurityCheck(SRS.Standards.MvcFramework.Core.Security.SecurityRegulationModel) End
2018-01-17 08:40:40.3761 DESKTOP-2Q89F24 8 SRS1 ::1 SRSSystem.ZZ.ZZ1031.Business.ZZ1031SearchFacade SRS.Standards.MvcFramework.Core.Security.SecurityRegulationModel SecurityCheck(SRS.Standards.MvcFramework.Core.Security.SecurityRegulationModel) End
2018-01-17 08:40:40.3761 DESKTOP-2Q89F24 8 SRS1 ::1 SRSSystem.ZZ.ZZ1031.Business.ZZ1031SearchFacade Void OnMethodSucceeded(System.Runtime.Remoting.Messaging.IMethodCallMessage, System.Runtime.Remoting.Messaging.IMethodReturnMessage) Begin
2018-01-17 08:40:40.3761 DESKTOP-2Q89F24 8 SRS1 ::1 SRSSystem.ZZ.ZZ1031.Business.ZZ1031SearchFacade Void OnMethodSucceeded(System.Runtime.Remoting.Messaging.IMethodCallMessage, System.Runtime.Remoting.Messaging.IMethodReturnMessage) End
2018-01-17 08:40:40.3761 DESKTOP-2Q89F24 8 SRS1 ::1 SRSSystem.ZZ.ZZ1031.Business.ZZ1031SearchFacade System.Runtime.Remoting.Messaging.IMethodReturnMessage ProcessMessage(System.Runtime.Remoting.Messaging.IMethodCallMessage) End
2018-01-17 08:40:40.3761 DESKTOP-2Q89F24 8 SRS1 ::1 SRSSystem.ZZ.ZZ1031.Business.ZZ1031SearchFacade System.Runtime.Remoting.Messaging.IMethodReturnMessage InterceptMessage(System.Runtime.Remoting.Messaging.IMethodCallMessage) End
2018-01-17 08:40:40.3761 DESKTOP-2Q89F24 8 SRS1 ::1 SRSSystem.MVCApplication.Controllers.ZZ.ZZ1031.ZZ1031SearchController Void OnActionExecuting(System.Web.Mvc.ActionExecutingContext) End
2018-01-17 08:40:40.3761 DESKTOP-2Q89F24 8 SRS1 ::1 SRSSystem.Common.Login.Business.LoginFacade System.Runtime.Remoting.Messaging.IMethodReturnMessage InterceptMessage(System.Runtime.Remoting.Messaging.IMethodCallMessage) Begin
2018-01-17 08:40:40.3761 DESKTOP-2Q89F24 8 SRS1 ::1 SRSSystem.Common.Login.Business.LoginFacade System.Runtime.Remoting.Messaging.IMethodReturnMessage ProcessMessage(System.Runtime.Remoting.Messaging.IMethodCallMessage) Begin
2018-01-17 08:40:40.3761 DESKTOP-2Q89F24 8 SRS1 ::1 SRSSystem.Common.Login.Business.LoginFacade SRS.Standards.MvcFramework.Core.Security.SecurityRegulationModel RegulationCheck(SRS.Standards.MvcFramework.Core.Security.SecurityRegulationModel) Begin
2018-01-17 08:40:40.3761 DESKTOP-2Q89F24 8 SRS1 ::1 SRSSystem.Common.Login.Business.LoginRule System.Runtime.Remoting.Messaging.IMethodReturnMessage InterceptMessage(System.Runtime.Remoting.Messaging.IMethodCallMessage) Begin
2018-01-17 08:40:40.3761 DESKTOP-2Q89F24 8 SRS1 ::1 SRSSystem.Common.Login.Business.LoginRule System.Runtime.Remoting.Messaging.IMethodReturnMessage ProcessMessage(System.Runtime.Remoting.Messaging.IMethodCallMessage) Begin
2018-01-17 08:40:40.3761 DESKTOP-2Q89F24 8 SRS1 ::1 SRSSystem.Common.Login.Business.LoginRule Void OnMethodSucceeded(System.Runtime.Remoting.Messaging.IMethodCallMessage, System.Runtime.Remoting.Messaging.IMethodReturnMessage) Begin
2018-01-17 08:40:40.3761 DESKTOP-2Q89F24 8 SRS1 ::1 SRSSystem.Common.Login.Business.LoginRule Void OnMethodSucceeded(System.Runtime.Remoting.Messaging.IMethodCallMessage, System.Runtime.Remoting.Messaging.IMethodReturnMessage) End
2018-01-17 08:40:40.3761 DESKTOP-2Q89F24 8 SRS1 ::1 SRSSystem.Common.Login.Business.LoginRule System.Runtime.Remoting.Messaging.IMethodReturnMessage ProcessMessage(System.Runtime.Remoting.Messaging.IMethodCallMessage) End
2018-01-17 08:40:40.3761 DESKTOP-2Q89F24 8 SRS1 ::1 SRSSystem.Common.Login.Business.LoginRule System.Runtime.Remoting.Messaging.IMethodReturnMessage InterceptMessage(System.Runtime.Remoting.Messaging.IMethodCallMessage) End
2018-01-17 08:40:40.3761 DESKTOP-2Q89F24 8 SRS1 ::1 SRSSystem.Common.Login.Business.LoginFacade SRS.Standards.MvcFramework.Core.Security.SecurityRegulationModel RegulationCheck(SRS.Standards.MvcFramework.Core.Security.SecurityRegulationModel) End
2018-01-17 08:40:40.3761 DESKTOP-2Q89F24 8 SRS1 ::1 SRSSystem.Common.Login.Business.LoginFacade Void OnMethodSucceeded(System.Runtime.Remoting.Messaging.IMethodCallMessage, System.Runtime.Remoting.Messaging.IMethodReturnMessage) Begin
2018-01-17 08:40:40.3761 DESKTOP-2Q89F24 8 SRS1 ::1 SRSSystem.Common.Login.Business.LoginFacade Void OnMethodSucceeded(System.Runtime.Remoting.Messaging.IMethodCallMessage, System.Runtime.Remoting.Messaging.IMethodReturnMessage) End
2018-01-17 08:40:40.3761 DESKTOP-2Q89F24 8 SRS1 ::1 SRSSystem.Common.Login.Business.LoginFacade System.Runtime.Remoting.Messaging.IMethodReturnMessage ProcessMessage(System.Runtime.Remoting.Messaging.IMethodCallMessage) End
2018-01-17 08:40:40.3761 DESKTOP-2Q89F24 8 SRS1 ::1 SRSSystem.Common.Login.Business.LoginFacade System.Runtime.Remoting.Messaging.IMethodReturnMessage InterceptMessage(System.Runtime.Remoting.Messaging.IMethodCallMessage) End
2018-01-17 08:40:40.3761 DESKTOP-2Q89F24 8 SRS1 ::1 SRSSystem.Common.Login.Business.LoginFacade System.Runtime.Remoting.Messaging.IMethodReturnMessage InterceptMessage(System.Runtime.Remoting.Messaging.IMethodCallMessage) Begin
2018-01-17 08:40:40.3761 DESKTOP-2Q89F24 8 SRS1 ::1 SRSSystem.Common.Login.Business.LoginFacade System.Runtime.Remoting.Messaging.IMethodReturnMessage ProcessMessage(System.Runtime.Remoting.Messaging.IMethodCallMessage) Begin
2018-01-17 08:40:40.3761 DESKTOP-2Q89F24 8 SRS1 ::1 SRSSystem.Common.Login.Business.LoginFacade Void OnMethodSucceeded(System.Runtime.Remoting.Messaging.IMethodCallMessage, System.Runtime.Remoting.Messaging.IMethodReturnMessage) Begin
2018-01-17 08:40:40.3761 DESKTOP-2Q89F24 8 SRS1 ::1 SRSSystem.Common.Login.Business.LoginFacade Void OnMethodSucceeded(System.Runtime.Remoting.Messaging.IMethodCallMessage, System.Runtime.Remoting.Messaging.IMethodReturnMessage) End
2018-01-17 08:40:40.3761 DESKTOP-2Q89F24 8 SRS1 ::1 SRSSystem.Common.Login.Business.LoginFacade System.Runtime.Remoting.Messaging.IMethodReturnMessage ProcessMessage(System.Runtime.Remoting.Messaging.IMethodCallMessage) End
2018-01-17 08:40:40.3761 DESKTOP-2Q89F24 8 SRS1 ::1 SRSSystem.Common.Login.Business.LoginFacade System.Runtime.Remoting.Messaging.IMethodReturnMessage InterceptMessage(System.Runtime.Remoting.Messaging.IMethodCallMessage) End
2018-01-17 08:40:40.3761 DESKTOP-2Q89F24 8 SRS1 ::1 SRSSystem.ZZ.ZZ1031.Business.ZZ1031SearchFacade System.Runtime.Remoting.Messaging.IMethodReturnMessage InterceptMessage(System.Runtime.Remoting.Messaging.IMethodCallMessage) Begin
2018-01-17 08:40:40.3761 DESKTOP-2Q89F24 8 SRS1 ::1 SRSSystem.ZZ.ZZ1031.Business.ZZ1031SearchFacade System.Runtime.Remoting.Messaging.IMethodReturnMessage ProcessMessage(System.Runtime.Remoting.Messaging.IMethodCallMessage) Begin
2018-01-17 08:40:40.3761 DESKTOP-2Q89F24 8 SRS1 ::1 SRSSystem.ZZ.ZZ1031.Business.ZZ1031SearchRule System.Runtime.Remoting.Messaging.IMethodReturnMessage InterceptMessage(System.Runtime.Remoting.Messaging.IMethodCallMessage) Begin
2018-01-17 08:40:40.3761 DESKTOP-2Q89F24 8 SRS1 ::1 SRSSystem.ZZ.ZZ1031.Business.ZZ1031SearchRule System.Runtime.Remoting.Messaging.IMethodReturnMessage ProcessMessage(System.Runtime.Remoting.Messaging.IMethodCallMessage) Begin
2018-01-17 08:40:40.4541 DESKTOP-2Q89F24 8 SRS1 ::1 SRSSystem.ZZ.ZZ1031.Business.ZZ1031SearchRule Void OnMethodSucceeded(System.Runtime.Remoting.Messaging.IMethodCallMessage, System.Runtime.Remoting.Messaging.IMethodReturnMessage) Begin
2018-01-17 08:40:40.4541 DESKTOP-2Q89F24 8 SRS1 ::1 SRSSystem.ZZ.ZZ1031.Business.ZZ1031SearchRule Void OnMethodSucceeded(System.Runtime.Remoting.Messaging.IMethodCallMessage, System.Runtime.Remoting.Messaging.IMethodReturnMessage) End
2018-01-17 08:40:40.4541 DESKTOP-2Q89F24 8 SRS1 ::1 SRSSystem.ZZ.ZZ1031.Business.ZZ1031SearchRule System.Runtime.Remoting.Messaging.IMethodReturnMessage ProcessMessage(System.Runtime.Remoting.Messaging.IMethodCallMessage) End
2018-01-17 08:40:40.4541 DESKTOP-2Q89F24 8 SRS1 ::1 SRSSystem.ZZ.ZZ1031.Business.ZZ1031SearchRule System.Runtime.Remoting.Messaging.IMethodReturnMessage InterceptMessage(System.Runtime.Remoting.Messaging.IMethodCallMessage) End
2018-01-17 08:40:40.4541 DESKTOP-2Q89F24 8 SRS1 ::1 SRSSystem.ZZ.ZZ1031.Business.ZZ1031SearchRule System.Runtime.Remoting.Messaging.IMethodReturnMessage InterceptMessage(System.Runtime.Remoting.Messaging.IMethodCallMessage) Begin
2018-01-17 08:40:40.4541 DESKTOP-2Q89F24 8 SRS1 ::1 SRSSystem.ZZ.ZZ1031.Business.ZZ1031SearchRule System.Runtime.Remoting.Messaging.IMethodReturnMessage ProcessMessage(System.Runtime.Remoting.Messaging.IMethodCallMessage) Begin
2018-01-17 08:40:40.4541 DESKTOP-2Q89F24 8 SRS1 ::1 SRSSystem.ZZ.ZZ1031.Business.ZZ1031SearchRule Void OnMethodSucceeded(System.Runtime.Remoting.Messaging.IMethodCallMessage, System.Runtime.Remoting.Messaging.IMethodReturnMessage) Begin
2018-01-17 08:40:40.4541 DESKTOP-2Q89F24 8 SRS1 ::1 SRSSystem.ZZ.ZZ1031.Business.ZZ1031SearchRule Void OnMethodSucceeded(System.Runtime.Remoting.Messaging.IMethodCallMessage, System.Runtime.Remoting.Messaging.IMethodReturnMessage) End
2018-01-17 08:40:40.4541 DESKTOP-2Q89F24 8 SRS1 ::1 SRSSystem.ZZ.ZZ1031.Business.ZZ1031SearchRule System.Runtime.Remoting.Messaging.IMethodReturnMessage ProcessMessage(System.Runtime.Remoting.Messaging.IMethodCallMessage) End
2018-01-17 08:40:40.4541 DESKTOP-2Q89F24 8 SRS1 ::1 SRSSystem.ZZ.ZZ1031.Business.ZZ1031SearchRule System.Runtime.Remoting.Messaging.IMethodReturnMessage InterceptMessage(System.Runtime.Remoting.Messaging.IMethodCallMessage) End
2018-01-17 08:40:40.4611 DESKTOP-2Q89F24 8 SRS1 ::1 SRSSystem.ZZ.ZZ1031.Business.ZZ1031SearchRule System.Runtime.Remoting.Messaging.IMethodReturnMessage InterceptMessage(System.Runtime.Remoting.Messaging.IMethodCallMessage) Begin
2018-01-17 08:40:40.4611 DESKTOP-2Q89F24 8 SRS1 ::1 SRSSystem.ZZ.ZZ1031.Business.ZZ1031SearchRule System.Runtime.Remoting.Messaging.IMethodReturnMessage ProcessMessage(System.Runtime.Remoting.Messaging.IMethodCallMessage) Begin
2018-01-17 08:40:40.4611 DESKTOP-2Q89F24 8 SRS1 ::1 SRSSystem.ZZ.ZZ1031.Business.ZZ1031SearchRule Void OnMethodSucceeded(System.Runtime.Remoting.Messaging.IMethodCallMessage, System.Runtime.Remoting.Messaging.IMethodReturnMessage) Begin
2018-01-17 08:40:40.4611 DESKTOP-2Q89F24 8 SRS1 ::1 SRSSystem.ZZ.ZZ1031.Business.ZZ1031SearchRule Void OnMethodSucceeded(System.Runtime.Remoting.Messaging.IMethodCallMessage, System.Runtime.Remoting.Messaging.IMethodReturnMessage) End
2018-01-17 08:40:40.4611 DESKTOP-2Q89F24 8 SRS1 ::1 SRSSystem.ZZ.ZZ1031.Business.ZZ1031SearchRule System.Runtime.Remoting.Messaging.IMethodReturnMessage ProcessMessage(System.Runtime.Remoting.Messaging.IMethodCallMessage) End
2018-01-17 08:40:40.4611 DESKTOP-2Q89F24 8 SRS1 ::1 SRSSystem.ZZ.ZZ1031.Business.ZZ1031SearchRule System.Runtime.Remoting.Messaging.IMethodReturnMessage InterceptMessage(System.Runtime.Remoting.Messaging.IMethodCallMessage) End
2018-01-17 08:40:40.4611 DESKTOP-2Q89F24 8 SRS1 ::1 SRSSystem.ZZ.ZZ1031.Business.ZZ1031SearchRule System.Runtime.Remoting.Messaging.IMethodReturnMessage InterceptMessage(System.Runtime.Remoting.Messaging.IMethodCallMessage) Begin
2018-01-17 08:40:40.4611 DESKTOP-2Q89F24 8 SRS1 ::1 SRSSystem.ZZ.ZZ1031.Business.ZZ1031SearchRule System.Runtime.Remoting.Messaging.IMethodReturnMessage ProcessMessage(System.Runtime.Remoting.Messaging.IMethodCallMessage) Begin
2018-01-17 08:40:40.4611 DESKTOP-2Q89F24 8 SRS1 ::1 SRSSystem.ZZ.ZZ1031.Business.ZZ1031SearchRule Void OnMethodSucceeded(System.Runtime.Remoting.Messaging.IMethodCallMessage, System.Runtime.Remoting.Messaging.IMethodReturnMessage) Begin
2018-01-17 08:40:40.4611 DESKTOP-2Q89F24 8 SRS1 ::1 SRSSystem.ZZ.ZZ1031.Business.ZZ1031SearchRule Void OnMethodSucceeded(System.Runtime.Remoting.Messaging.IMethodCallMessage, System.Runtime.Remoting.Messaging.IMethodReturnMessage) End
2018-01-17 08:40:40.4611 DESKTOP-2Q89F24 8 SRS1 ::1 SRSSystem.ZZ.ZZ1031.Business.ZZ1031SearchRule System.Runtime.Remoting.Messaging.IMethodReturnMessage ProcessMessage(System.Runtime.Remoting.Messaging.IMethodCallMessage) End
2018-01-17 08:40:40.4611 DESKTOP-2Q89F24 8 SRS1 ::1 SRSSystem.ZZ.ZZ1031.Business.ZZ1031SearchRule System.Runtime.Remoting.Messaging.IMethodReturnMessage InterceptMessage(System.Runtime.Remoting.Messaging.IMethodCallMessage) End
2018-01-17 08:40:40.4611 DESKTOP-2Q89F24 8 SRS1 ::1 SRSSystem.ZZ.ZZ1031.Business.ZZ1031SearchFacade Void OnMethodSucceeded(System.Runtime.Remoting.Messaging.IMethodCallMessage, System.Runtime.Remoting.Messaging.IMethodReturnMessage) Begin
2018-01-17 08:40:40.4611 DESKTOP-2Q89F24 8 SRS1 ::1 SRSSystem.ZZ.ZZ1031.Business.ZZ1031SearchFacade Void OnMethodSucceeded(System.Runtime.Remoting.Messaging.IMethodCallMessage, System.Runtime.Remoting.Messaging.IMethodReturnMessage) End
2018-01-17 08:40:40.4611 DESKTOP-2Q89F24 8 SRS1 ::1 SRSSystem.ZZ.ZZ1031.Business.ZZ1031SearchFacade System.Runtime.Remoting.Messaging.IMethodReturnMessage ProcessMessage(System.Runtime.Remoting.Messaging.IMethodCallMessage) End
2018-01-17 08:40:40.4611 DESKTOP-2Q89F24 8 SRS1 ::1 SRSSystem.ZZ.ZZ1031.Business.ZZ1031SearchFacade System.Runtime.Remoting.Messaging.IMethodReturnMessage InterceptMessage(System.Runtime.Remoting.Messaging.IMethodCallMessage) End
2018-01-17 08:40:40.4781 DESKTOP-2Q89F24 8 SRS1 ::1 SRSSystem.MVCApplication.Controllers.ZZ.ZZ1031.ZZ1031SearchController Void OnActionExecuted(System.Web.Mvc.ActionExecutedContext) Begin
2018-01-17 08:40:40.4781 DESKTOP-2Q89F24 8 SRS1 ::1 SRSSystem.MVCApplication.Controllers.ZZ.ZZ1031.ZZ1031SearchController System.Web.Mvc.ActionResult JudgeTrans(SRS.Standards.MvcFramework.Core.Facade.IViewModel) Begin
2018-01-17 08:40:40.4781 DESKTOP-2Q89F24 8 SRS1 ::1 SRSSystem.MVCApplication.Controllers.ZZ.ZZ1031.ZZ1031SearchController System.Web.Mvc.ActionResult JudgeTrans(SRS.Standards.MvcFramework.Core.Facade.IViewModel) End
2018-01-17 08:40:40.4781 DESKTOP-2Q89F24 8 SRS1 ::1 SRSSystem.MVCApplication.Controllers.ZZ.ZZ1031.ZZ1031SearchController Void OnActionExecuted(System.Web.Mvc.ActionExecutedContext) End
2018-01-17 08:40:40.4941 DESKTOP-2Q89F24 8 SRS1 ::1 SRSSystem.MVCApplication.Controllers.ZZ.ZZ1031.ZZ1031SearchController Void OnResultExecuted(System.Web.Mvc.ResultExecutedContext) Begin
2018-01-17 08:40:40.4941 DESKTOP-2Q89F24 8 SRS1 ::1 SRSSystem.MVCApplication.Controllers.ZZ.ZZ1031.ZZ1031SearchController Void OnResultExecuted(System.Web.Mvc.ResultExecutedContext) End
2018-01-17 08:40:40.5101 DESKTOP-2Q89F24 15 SRS1 ::1 SRSSystem.MVCApplication.Controllers.ZZ.ZZ1031.ZZ1031DetailController Void OnActionExecuting(System.Web.Mvc.ActionExecutingContext) Begin
2018-01-17 08:40:40.5101 DESKTOP-2Q89F24 15 SRS1 ::1 SRSSystem.ZZ.ZZ1031.Business.ZZ1031DetailFacade System.Runtime.Remoting.Messaging.IMethodReturnMessage InterceptMessage(System.Runtime.Remoting.Messaging.IMethodCallMessage) Begin
2018-01-17 08:40:40.5101 DESKTOP-2Q89F24 15 SRS1 ::1 SRSSystem.ZZ.ZZ1031.Business.ZZ1031DetailFacade System.Runtime.Remoting.Messaging.IMethodReturnMessage ProcessMessage(System.Runtime.Remoting.Messaging.IMethodCallMessage) Begin
2018-01-17 08:40:40.5101 DESKTOP-2Q89F24 15 SRS1 ::1 SRSSystem.ZZ.ZZ1031.Business.ZZ1031DetailFacade SRS.Standards.MvcFramework.Core.Security.AuthenticationModel Authentication(SRS.Standards.MvcFramework.Core.Security.AuthenticationModel) Begin
2018-01-17 08:40:40.5101 DESKTOP-2Q89F24 15 SRS1 ::1 SRSSystem.ZZ.ZZ1031.Business.ZZ1031DetailFacade Boolean OnAuthentication(SRS.Standards.MvcFramework.Core.Security.AuthenticationModel) Begin
2018-01-17 08:40:40.5101 DESKTOP-2Q89F24 15 SRS1 ::1 SRSSystem.ZZ.ZZ1031.Business.ZZ1031DetailFacade Boolean OnAuthentication(SRS.Standards.MvcFramework.Core.Security.AuthenticationModel) End
2018-01-17 08:40:40.5101 DESKTOP-2Q89F24 15 SRS1 ::1 SRSSystem.ZZ.ZZ1031.Business.ZZ1031DetailFacade SRS.Standards.MvcFramework.Core.Security.AuthenticationModel Authentication(SRS.Standards.MvcFramework.Core.Security.AuthenticationModel) End
2018-01-17 08:40:40.5101 DESKTOP-2Q89F24 15 SRS1 ::1 SRSSystem.ZZ.ZZ1031.Business.ZZ1031DetailFacade Void OnMethodSucceeded(System.Runtime.Remoting.Messaging.IMethodCallMessage, System.Runtime.Remoting.Messaging.IMethodReturnMessage) Begin
2018-01-17 08:40:40.5101 DESKTOP-2Q89F24 15 SRS1 ::1 SRSSystem.ZZ.ZZ1031.Business.ZZ1031DetailFacade Void OnMethodSucceeded(System.Runtime.Remoting.Messaging.IMethodCallMessage, System.Runtime.Remoting.Messaging.IMethodReturnMessage) End
2018-01-17 08:40:40.5101 DESKTOP-2Q89F24 15 SRS1 ::1 SRSSystem.ZZ.ZZ1031.Business.ZZ1031DetailFacade System.Runtime.Remoting.Messaging.IMethodReturnMessage ProcessMessage(System.Runtime.Remoting.Messaging.IMethodCallMessage) End
2018-01-17 08:40:40.5101 DESKTOP-2Q89F24 15 SRS1 ::1 SRSSystem.ZZ.ZZ1031.Business.ZZ1031DetailFacade System.Runtime.Remoting.Messaging.IMethodReturnMessage InterceptMessage(System.Runtime.Remoting.Messaging.IMethodCallMessage) End
2018-01-17 08:40:40.5101 DESKTOP-2Q89F24 15 SRS1 ::1 SRSSystem.ZZ.ZZ1031.Business.ZZ1031DetailFacade System.Runtime.Remoting.Messaging.IMethodReturnMessage InterceptMessage(System.Runtime.Remoting.Messaging.IMethodCallMessage) Begin
2018-01-17 08:40:40.5101 DESKTOP-2Q89F24 15 SRS1 ::1 SRSSystem.ZZ.ZZ1031.Business.ZZ1031DetailFacade System.Runtime.Remoting.Messaging.IMethodReturnMessage ProcessMessage(System.Runtime.Remoting.Messaging.IMethodCallMessage) Begin
2018-01-17 08:40:40.5101 DESKTOP-2Q89F24 15 SRS1 ::1 SRSSystem.ZZ.ZZ1031.Business.ZZ1031DetailFacade SRS.Standards.MvcFramework.Core.Security.SecurityRegulationModel SecurityCheck(SRS.Standards.MvcFramework.Core.Security.SecurityRegulationModel) Begin
2018-01-17 08:40:40.5101 DESKTOP-2Q89F24 15 SRS1 ::1 SRSSystem.ZZ.ZZ1031.Business.ZZ1031DetailFacade Boolean OnSecurityCheck(SRS.Standards.MvcFramework.Core.Security.SecurityRegulationModel) Begin
2018-01-17 08:40:40.5101 DESKTOP-2Q89F24 15 SRS1 ::1 SRSSystem.ZZ.ZZ1031.Business.ZZ1031DetailFacade Boolean OnSecurityCheck(SRS.Standards.MvcFramework.Core.Security.SecurityRegulationModel) End
2018-01-17 08:40:40.5101 DESKTOP-2Q89F24 15 SRS1 ::1 SRSSystem.ZZ.ZZ1031.Business.ZZ1031DetailFacade SRS.Standards.MvcFramework.Core.Security.SecurityRegulationModel SecurityCheck(SRS.Standards.MvcFramework.Core.Security.SecurityRegulationModel) End
2018-01-17 08:40:40.5101 DESKTOP-2Q89F24 15 SRS1 ::1 SRSSystem.ZZ.ZZ1031.Business.ZZ1031DetailFacade Void OnMethodSucceeded(System.Runtime.Remoting.Messaging.IMethodCallMessage, System.Runtime.Remoting.Messaging.IMethodReturnMessage) Begin
2018-01-17 08:40:40.5101 DESKTOP-2Q89F24 15 SRS1 ::1 SRSSystem.ZZ.ZZ1031.Business.ZZ1031DetailFacade Void OnMethodSucceeded(System.Runtime.Remoting.Messaging.IMethodCallMessage, System.Runtime.Remoting.Messaging.IMethodReturnMessage) End
2018-01-17 08:40:40.5101 DESKTOP-2Q89F24 15 SRS1 ::1 SRSSystem.ZZ.ZZ1031.Business.ZZ1031DetailFacade System.Runtime.Remoting.Messaging.IMethodReturnMessage ProcessMessage(System.Runtime.Remoting.Messaging.IMethodCallMessage) End
2018-01-17 08:40:40.5101 DESKTOP-2Q89F24 15 SRS1 ::1 SRSSystem.ZZ.ZZ1031.Business.ZZ1031DetailFacade System.Runtime.Remoting.Messaging.IMethodReturnMessage InterceptMessage(System.Runtime.Remoting.Messaging.IMethodCallMessage) End
2018-01-17 08:40:40.5101 DESKTOP-2Q89F24 15 SRS1 ::1 SRSSystem.MVCApplication.Controllers.ZZ.ZZ1031.ZZ1031DetailController Void OnActionExecuting(System.Web.Mvc.ActionExecutingContext) End
2018-01-17 08:40:40.5231 DESKTOP-2Q89F24 15 SRS1 ::1 SRSSystem.Common.Login.Business.LoginFacade System.Runtime.Remoting.Messaging.IMethodReturnMessage InterceptMessage(System.Runtime.Remoting.Messaging.IMethodCallMessage) Begin
2018-01-17 08:40:40.5231 DESKTOP-2Q89F24 15 SRS1 ::1 SRSSystem.Common.Login.Business.LoginFacade System.Runtime.Remoting.Messaging.IMethodReturnMessage ProcessMessage(System.Runtime.Remoting.Messaging.IMethodCallMessage) Begin
2018-01-17 08:40:40.5231 DESKTOP-2Q89F24 15 SRS1 ::1 SRSSystem.Common.Login.Business.LoginFacade SRS.Standards.MvcFramework.Core.Security.SecurityRegulationModel RegulationCheck(SRS.Standards.MvcFramework.Core.Security.SecurityRegulationModel) Begin
2018-01-17 08:40:40.5231 DESKTOP-2Q89F24 15 SRS1 ::1 SRSSystem.Common.Login.Business.LoginRule System.Runtime.Remoting.Messaging.IMethodReturnMessage InterceptMessage(System.Runtime.Remoting.Messaging.IMethodCallMessage) Begin
2018-01-17 08:40:40.5231 DESKTOP-2Q89F24 15 SRS1 ::1 SRSSystem.Common.Login.Business.LoginRule System.Runtime.Remoting.Messaging.IMethodReturnMessage ProcessMessage(System.Runtime.Remoting.Messaging.IMethodCallMessage) Begin
2018-01-17 08:40:40.5231 DESKTOP-2Q89F24 15 SRS1 ::1 SRSSystem.Common.Login.Business.LoginRule Void OnMethodSucceeded(System.Runtime.Remoting.Messaging.IMethodCallMessage, System.Runtime.Remoting.Messaging.IMethodReturnMessage) Begin
2018-01-17 08:40:40.5231 DESKTOP-2Q89F24 15 SRS1 ::1 SRSSystem.Common.Login.Business.LoginRule Void OnMethodSucceeded(System.Runtime.Remoting.Messaging.IMethodCallMessage, System.Runtime.Remoting.Messaging.IMethodReturnMessage) End
2018-01-17 08:40:40.5231 DESKTOP-2Q89F24 15 SRS1 ::1 SRSSystem.Common.Login.Business.LoginRule System.Runtime.Remoting.Messaging.IMethodReturnMessage ProcessMessage(System.Runtime.Remoting.Messaging.IMethodCallMessage) End
2018-01-17 08:40:40.5231 DESKTOP-2Q89F24 15 SRS1 ::1 SRSSystem.Common.Login.Business.LoginRule System.Runtime.Remoting.Messaging.IMethodReturnMessage InterceptMessage(System.Runtime.Remoting.Messaging.IMethodCallMessage) End
2018-01-17 08:40:40.5231 DESKTOP-2Q89F24 15 SRS1 ::1 SRSSystem.Common.Login.Business.LoginFacade SRS.Standards.MvcFramework.Core.Security.SecurityRegulationModel RegulationCheck(SRS.Standards.MvcFramework.Core.Security.SecurityRegulationModel) End
2018-01-17 08:40:40.5231 DESKTOP-2Q89F24 15 SRS1 ::1 SRSSystem.Common.Login.Business.LoginFacade Void OnMethodSucceeded(System.Runtime.Remoting.Messaging.IMethodCallMessage, System.Runtime.Remoting.Messaging.IMethodReturnMessage) Begin
2018-01-17 08:40:40.5231 DESKTOP-2Q89F24 15 SRS1 ::1 SRSSystem.Common.Login.Business.LoginFacade Void OnMethodSucceeded(System.Runtime.Remoting.Messaging.IMethodCallMessage, System.Runtime.Remoting.Messaging.IMethodReturnMessage) End
2018-01-17 08:40:40.5231 DESKTOP-2Q89F24 15 SRS1 ::1 SRSSystem.Common.Login.Business.LoginFacade System.Runtime.Remoting.Messaging.IMethodReturnMessage ProcessMessage(System.Runtime.Remoting.Messaging.IMethodCallMessage) End
2018-01-17 08:40:40.5231 DESKTOP-2Q89F24 15 SRS1 ::1 SRSSystem.Common.Login.Business.LoginFacade System.Runtime.Remoting.Messaging.IMethodReturnMessage InterceptMessage(System.Runtime.Remoting.Messaging.IMethodCallMessage) End
2018-01-17 08:40:40.5231 DESKTOP-2Q89F24 15 SRS1 ::1 SRSSystem.Common.Login.Business.LoginFacade System.Runtime.Remoting.Messaging.IMethodReturnMessage InterceptMessage(System.Runtime.Remoting.Messaging.IMethodCallMessage) Begin
2018-01-17 08:40:40.5231 DESKTOP-2Q89F24 15 SRS1 ::1 SRSSystem.Common.Login.Business.LoginFacade System.Runtime.Remoting.Messaging.IMethodReturnMessage ProcessMessage(System.Runtime.Remoting.Messaging.IMethodCallMessage) Begin
2018-01-17 08:40:40.5231 DESKTOP-2Q89F24 15 SRS1 ::1 SRSSystem.Common.Login.Business.LoginFacade Void OnMethodSucceeded(System.Runtime.Remoting.Messaging.IMethodCallMessage, System.Runtime.Remoting.Messaging.IMethodReturnMessage) Begin
2018-01-17 08:40:40.5231 DESKTOP-2Q89F24 15 SRS1 ::1 SRSSystem.Common.Login.Business.LoginFacade Void OnMethodSucceeded(System.Runtime.Remoting.Messaging.IMethodCallMessage, System.Runtime.Remoting.Messaging.IMethodReturnMessage) End
2018-01-17 08:40:40.5231 DESKTOP-2Q89F24 15 SRS1 ::1 SRSSystem.Common.Login.Business.LoginFacade System.Runtime.Remoting.Messaging.IMethodReturnMessage ProcessMessage(System.Runtime.Remoting.Messaging.IMethodCallMessage) End
2018-01-17 08:40:40.5231 DESKTOP-2Q89F24 15 SRS1 ::1 SRSSystem.Common.Login.Business.LoginFacade System.Runtime.Remoting.Messaging.IMethodReturnMessage InterceptMessage(System.Runtime.Remoting.Messaging.IMethodCallMessage) End
2018-01-17 08:40:40.5231 DESKTOP-2Q89F24 15 SRS1 ::1 SRSSystem.ZZ.ZZ1031.Business.ZZ1031DetailFacade System.Runtime.Remoting.Messaging.IMethodReturnMessage InterceptMessage(System.Runtime.Remoting.Messaging.IMethodCallMessage) Begin
2018-01-17 08:40:40.5231 DESKTOP-2Q89F24 15 SRS1 ::1 SRSSystem.ZZ.ZZ1031.Business.ZZ1031DetailFacade System.Runtime.Remoting.Messaging.IMethodReturnMessage ProcessMessage(System.Runtime.Remoting.Messaging.IMethodCallMessage) Begin
2018-01-17 08:40:40.5231 DESKTOP-2Q89F24 15 SRS1 ::1 SRSSystem.ZZ.ZZ1031.Business.ZZ1031DetailRule System.Runtime.Remoting.Messaging.IMethodReturnMessage InterceptMessage(System.Runtime.Remoting.Messaging.IMethodCallMessage) Begin
2018-01-17 08:40:40.5231 DESKTOP-2Q89F24 15 SRS1 ::1 SRSSystem.ZZ.ZZ1031.Business.ZZ1031DetailRule System.Runtime.Remoting.Messaging.IMethodReturnMessage ProcessMessage(System.Runtime.Remoting.Messaging.IMethodCallMessage) Begin
2018-01-17 08:40:40.6191 DESKTOP-2Q89F24 15 SRS1 ::1 SRSSystem.ZZ.ZZ1031.Business.ZZ1031DetailRule Void OnMethodSucceeded(System.Runtime.Remoting.Messaging.IMethodCallMessage, System.Runtime.Remoting.Messaging.IMethodReturnMessage) Begin
2018-01-17 08:40:40.6191 DESKTOP-2Q89F24 15 SRS1 ::1 SRSSystem.ZZ.ZZ1031.Business.ZZ1031DetailRule Void OnMethodSucceeded(System.Runtime.Remoting.Messaging.IMethodCallMessage, System.Runtime.Remoting.Messaging.IMethodReturnMessage) End
2018-01-17 08:40:40.6191 DESKTOP-2Q89F24 15 SRS1 ::1 SRSSystem.ZZ.ZZ1031.Business.ZZ1031DetailRule System.Runtime.Remoting.Messaging.IMethodReturnMessage ProcessMessage(System.Runtime.Remoting.Messaging.IMethodCallMessage) End
2018-01-17 08:40:40.6191 DESKTOP-2Q89F24 15 SRS1 ::1 SRSSystem.ZZ.ZZ1031.Business.ZZ1031DetailRule System.Runtime.Remoting.Messaging.IMethodReturnMessage InterceptMessage(System.Runtime.Remoting.Messaging.IMethodCallMessage) End
2018-01-17 08:40:40.6191 DESKTOP-2Q89F24 15 SRS1 ::1 SRSSystem.ZZ.ZZ1031.Business.ZZ1031DetailRule System.Runtime.Remoting.Messaging.IMethodReturnMessage InterceptMessage(System.Runtime.Remoting.Messaging.IMethodCallMessage) Begin
2018-01-17 08:40:40.6191 DESKTOP-2Q89F24 15 SRS1 ::1 SRSSystem.ZZ.ZZ1031.Business.ZZ1031DetailRule System.Runtime.Remoting.Messaging.IMethodReturnMessage ProcessMessage(System.Runtime.Remoting.Messaging.IMethodCallMessage) Begin
2018-01-17 08:40:40.7351 DESKTOP-2Q89F24 15 SRS1 ::1 SRSSystem.ZZ.ZZ1031.Business.ZZ1031DetailRule Void OnMethodSucceeded(System.Runtime.Remoting.Messaging.IMethodCallMessage, System.Runtime.Remoting.Messaging.IMethodReturnMessage) Begin
2018-01-17 08:40:40.7351 DESKTOP-2Q89F24 15 SRS1 ::1 SRSSystem.ZZ.ZZ1031.Business.ZZ1031DetailRule Void OnMethodSucceeded(System.Runtime.Remoting.Messaging.IMethodCallMessage, System.Runtime.Remoting.Messaging.IMethodReturnMessage) End
2018-01-17 08:40:40.7351 DESKTOP-2Q89F24 15 SRS1 ::1 SRSSystem.ZZ.ZZ1031.Business.ZZ1031DetailRule System.Runtime.Remoting.Messaging.IMethodReturnMessage ProcessMessage(System.Runtime.Remoting.Messaging.IMethodCallMessage) End
2018-01-17 08:40:40.7351 DESKTOP-2Q89F24 15 SRS1 ::1 SRSSystem.ZZ.ZZ1031.Business.ZZ1031DetailRule System.Runtime.Remoting.Messaging.IMethodReturnMessage InterceptMessage(System.Runtime.Remoting.Messaging.IMethodCallMessage) End
2018-01-17 08:40:40.7351 DESKTOP-2Q89F24 15 SRS1 ::1 SRSSystem.ZZ.ZZ1031.Business.ZZ1031DetailFacade Void OnMethodSucceeded(System.Runtime.Remoting.Messaging.IMethodCallMessage, System.Runtime.Remoting.Messaging.IMethodReturnMessage) Begin
2018-01-17 08:40:40.7351 DESKTOP-2Q89F24 15 SRS1 ::1 SRSSystem.ZZ.ZZ1031.Business.ZZ1031DetailFacade Void OnMethodSucceeded(System.Runtime.Remoting.Messaging.IMethodCallMessage, System.Runtime.Remoting.Messaging.IMethodReturnMessage) End
2018-01-17 08:40:40.7351 DESKTOP-2Q89F24 15 SRS1 ::1 SRSSystem.ZZ.ZZ1031.Business.ZZ1031DetailFacade System.Runtime.Remoting.Messaging.IMethodReturnMessage ProcessMessage(System.Runtime.Remoting.Messaging.IMethodCallMessage) End
2018-01-17 08:40:40.7351 DESKTOP-2Q89F24 15 SRS1 ::1 SRSSystem.ZZ.ZZ1031.Business.ZZ1031DetailFacade System.Runtime.Remoting.Messaging.IMethodReturnMessage InterceptMessage(System.Runtime.Remoting.Messaging.IMethodCallMessage) End
2018-01-17 08:40:40.7351 DESKTOP-2Q89F24 15 SRS1 ::1 SRSSystem.MVCApplication.Controllers.ZZ.ZZ1031.ZZ1031DetailController Void OnActionExecuted(System.Web.Mvc.ActionExecutedContext) Begin
2018-01-17 08:40:40.7351 DESKTOP-2Q89F24 15 SRS1 ::1 SRSSystem.MVCApplication.Controllers.ZZ.ZZ1031.ZZ1031DetailController System.Web.Mvc.ActionResult JudgeTrans(SRS.Standards.MvcFramework.Core.Facade.IViewModel) Begin
2018-01-17 08:40:40.7351 DESKTOP-2Q89F24 15 SRS1 ::1 SRSSystem.MVCApplication.Controllers.ZZ.ZZ1031.ZZ1031DetailController System.Web.Mvc.ActionResult JudgeTrans(SRS.Standards.MvcFramework.Core.Facade.IViewModel) End
2018-01-17 08:40:40.7351 DESKTOP-2Q89F24 15 SRS1 ::1 SRSSystem.MVCApplication.Controllers.ZZ.ZZ1031.ZZ1031DetailController Void OnActionExecuted(System.Web.Mvc.ActionExecutedContext) End
2018-01-17 08:40:40.7351 DESKTOP-2Q89F24 15 SRS1 ::1 SRS.Standards.MvcFramework.Core.MVC.ExtendedRazorViewEngine System.Web.Mvc.ViewEngineResult FindView(System.Web.Mvc.ControllerContext, System.String, System.String, Boolean) Begin
2018-01-17 08:40:40.7351 DESKTOP-2Q89F24 15 SRS1 ::1 SRS.Standards.MvcFramework.Core.MVC.ExtendedRazorViewEngine System.Web.Mvc.ViewEngineResult FindView(System.Web.Mvc.ControllerContext, System.String, System.String, Boolean) End
2018-01-17 08:40:40.7351 DESKTOP-2Q89F24 15 SRS1 ::1 SRS.Standards.MvcFramework.Core.MVC.ExtendedRazorViewEngine System.Web.Mvc.ViewEngineResult FindView(System.Web.Mvc.ControllerContext, System.String, System.String, Boolean) Begin
2018-01-17 08:40:40.7351 DESKTOP-2Q89F24 15 SRS1 ::1 SRS.Standards.MvcFramework.Core.MVC.ExtendedRazorViewEngine System.Web.Mvc.ViewEngineResult FindView(System.Web.Mvc.ControllerContext, System.String, System.String, Boolean) End
2018-01-17 08:40:40.8246 DESKTOP-2Q89F24 15 SRS1 ::1 SRSSystem.MVCApplication.Controllers.ZZ.ZZ1031.ZZ1031DetailController Void OnResultExecuted(System.Web.Mvc.ResultExecutedContext) Begin
2018-01-17 08:40:40.8246 DESKTOP-2Q89F24 15 SRS1 ::1 SRSSystem.MVCApplication.Controllers.ZZ.ZZ1031.ZZ1031DetailController Void OnResultExecuted(System.Web.Mvc.ResultExecutedContext) End
2018-01-17 08:56:04.5847 DESKTOP-2Q89F24 1   SRS.Standards.MvcFramework.Core.MVC.ExtendedRazorViewEngine Void .ctor() Begin
2018-01-17 08:56:04.6267 DESKTOP-2Q89F24 1   SRS.Standards.MvcFramework.Core.MVC.ExtendedRazorViewEngine Void .ctor() End
2018-01-17 08:56:05.4335 DESKTOP-2Q89F24 7  ::1 SRSSystem.MVCApplication.Controllers.LoginController Void OnActionExecuting(System.Web.Mvc.ActionExecutingContext) Begin
2018-01-17 08:56:05.4585 DESKTOP-2Q89F24 7  ::1 SRSSystem.MVCApplication.Controllers.LoginController Void OnActionExecuting(System.Web.Mvc.ActionExecutingContext) End
2018-01-17 08:56:05.4975 DESKTOP-2Q89F24 7  ::1 SRSSystem.MVCApplication.Controllers.LoginController Void OnActionExecuted(System.Web.Mvc.ActionExecutedContext) Begin
2018-01-17 08:56:05.4975 DESKTOP-2Q89F24 7  ::1 SRSSystem.MVCApplication.Controllers.LoginController System.Web.Mvc.ActionResult JudgeTrans(SRS.Standards.MvcFramework.Core.Facade.IViewModel) Begin
2018-01-17 08:56:05.4975 DESKTOP-2Q89F24 7  ::1 SRSSystem.MVCApplication.Controllers.LoginController System.Web.Mvc.ActionResult JudgeTrans(SRS.Standards.MvcFramework.Core.Facade.IViewModel) End
2018-01-17 08:56:05.5075 DESKTOP-2Q89F24 7  ::1 SRSSystem.MVCApplication.Controllers.LoginController Void OnActionExecuted(System.Web.Mvc.ActionExecutedContext) End
2018-01-17 08:56:05.5075 DESKTOP-2Q89F24 7  ::1 SRS.Standards.MvcFramework.Core.MVC.ExtendedRazorViewEngine System.Web.Mvc.ViewEngineResult FindView(System.Web.Mvc.ControllerContext, System.String, System.String, Boolean) Begin
2018-01-17 08:56:05.5280 DESKTOP-2Q89F24 7  ::1 SRS.Standards.MvcFramework.Core.MVC.ExtendedRazorViewEngine System.Web.Mvc.ViewEngineResult FindView(System.Web.Mvc.ControllerContext, System.String, System.String, Boolean) End
2018-01-17 08:56:05.5280 DESKTOP-2Q89F24 7  ::1 SRS.Standards.MvcFramework.Core.MVC.ExtendedRazorViewEngine System.Web.Mvc.ViewEngineResult FindView(System.Web.Mvc.ControllerContext, System.String, System.String, Boolean) Begin
2018-01-17 08:56:06.6383 DESKTOP-2Q89F24 7  ::1 SRS.Standards.MvcFramework.Core.MVC.ExtendedRazorViewEngine System.Web.Mvc.ViewEngineResult FindView(System.Web.Mvc.ControllerContext, System.String, System.String, Boolean) End
2018-01-17 08:56:09.0533 DESKTOP-2Q89F24 7  ::1 SRSSystem.MVCApplication.Controllers.LoginController Void OnResultExecuted(System.Web.Mvc.ResultExecutedContext) Begin
2018-01-17 08:56:09.0543 DESKTOP-2Q89F24 7  ::1 SRSSystem.MVCApplication.Controllers.LoginController Void OnResultExecuted(System.Web.Mvc.ResultExecutedContext) End
