2018-01-18 15:03:21.7264 DESKTOP-2Q89F24 8  ::1 FacadeBase Login Begin
2018-01-18 15:03:21.7584 DESKTOP-2Q89F24 8  ::1 FacadeBase Login End
2018-01-18 15:03:21.8409 DESKTOP-2Q89F24 16 SRS1 ::1 FacadeBase Authentication Begin
2018-01-18 15:03:21.8409 DESKTOP-2Q89F24 16 SRS1 ::1 FacadeBase Authentication End
2018-01-18 15:03:21.8509 DESKTOP-2Q89F24 16 SRS1 ::1 MenuFacade Init Begin
2018-01-18 15:03:21.9139 DESKTOP-2Q89F24 16 SRS1 ::1 MenuFacade Init End
2018-01-18 15:04:52.4526 DESKTOP-2Q89F24 5 SRS1 ::1 FacadeBase Authentication Begin
2018-01-18 15:04:52.4526 DESKTOP-2Q89F24 5 SRS1 ::1 FacadeBase Authentication End
2018-01-18 15:04:52.4526 DESKTOP-2Q89F24 5 SRS1 ::1 FacadeBase SecurityCheck Begin
2018-01-18 15:04:52.4526 DESKTOP-2Q89F24 5 SRS1 ::1 FacadeBase SecurityCheck End
2018-01-18 15:04:52.4526 DESKTOP-2Q89F24 5 SRS1 ::1 LoginFacade RegulationCheck Begin
2018-01-18 15:04:52.4526 DESKTOP-2Q89F24 5 SRS1 ::1 LoginFacade RegulationCheck End
2018-01-18 15:04:52.4526 DESKTOP-2Q89F24 5 SRS1 ::1 LoginFacade GetPermission Begin
2018-01-18 15:04:52.4606 DESKTOP-2Q89F24 5 SRS1 ::1 LoginFacade GetPermission End
2018-01-18 15:04:52.4606 DESKTOP-2Q89F24 5 SRS1 ::1 ZZ1031SearchFacade Index Begin
2018-01-18 15:04:52.9496 DESKTOP-2Q89F24 5 SRS1 ::1 ZZ1031SearchFacade Index End
2018-01-18 15:05:04.7246 DESKTOP-2Q89F24 16 SRS1 ::1 FacadeBase Authentication Begin
2018-01-18 15:05:04.7246 DESKTOP-2Q89F24 16 SRS1 ::1 FacadeBase Authentication End
2018-01-18 15:05:04.7246 DESKTOP-2Q89F24 16 SRS1 ::1 FacadeBase SecurityCheck Begin
2018-01-18 15:05:04.7261 DESKTOP-2Q89F24 16 SRS1 ::1 FacadeBase SecurityCheck End
2018-01-18 15:05:04.7261 DESKTOP-2Q89F24 16 SRS1 ::1 LoginFacade RegulationCheck Begin
2018-01-18 15:05:04.7261 DESKTOP-2Q89F24 16 SRS1 ::1 LoginFacade RegulationCheck End
2018-01-18 15:05:04.7261 DESKTOP-2Q89F24 16 SRS1 ::1 LoginFacade GetPermission Begin
2018-01-18 15:05:04.7261 DESKTOP-2Q89F24 16 SRS1 ::1 LoginFacade GetPermission End
2018-01-18 15:05:04.7911 DESKTOP-2Q89F24 16 SRS1 ::1 FacadeBase Authentication Begin
2018-01-18 15:05:04.7911 DESKTOP-2Q89F24 16 SRS1 ::1 FacadeBase Authentication End
2018-01-18 15:05:04.7911 DESKTOP-2Q89F24 16 SRS1 ::1 FacadeBase SecurityCheck Begin
2018-01-18 15:05:04.7911 DESKTOP-2Q89F24 16 SRS1 ::1 FacadeBase SecurityCheck End
2018-01-18 15:05:04.7911 DESKTOP-2Q89F24 16 SRS1 ::1 LoginFacade RegulationCheck Begin
2018-01-18 15:05:04.7911 DESKTOP-2Q89F24 16 SRS1 ::1 LoginFacade RegulationCheck End
2018-01-18 15:05:04.7911 DESKTOP-2Q89F24 16 SRS1 ::1 LoginFacade GetPermission Begin
2018-01-18 15:05:04.7911 DESKTOP-2Q89F24 16 SRS1 ::1 LoginFacade GetPermission End
2018-01-18 15:05:04.7911 DESKTOP-2Q89F24 16 SRS1 ::1 ZZ1031DetailFacade Index Begin
2018-01-18 15:05:04.9296 DESKTOP-2Q89F24 16 SRS1 ::1 ZZ1031DetailFacade Index End
2018-01-18 15:10:20.7765 DESKTOP-2Q89F24 8  ::1 FacadeBase Login Begin
2018-01-18 15:10:20.8080 DESKTOP-2Q89F24 8  ::1 FacadeBase Login End
2018-01-18 15:10:20.9305 DESKTOP-2Q89F24 16 SRS1 ::1 FacadeBase Authentication Begin
2018-01-18 15:10:20.9305 DESKTOP-2Q89F24 16 SRS1 ::1 FacadeBase Authentication End
2018-01-18 15:10:20.9305 DESKTOP-2Q89F24 16 SRS1 ::1 MenuFacade Init Begin
2018-01-18 15:10:20.9930 DESKTOP-2Q89F24 16 SRS1 ::1 MenuFacade Init End
2018-01-18 15:10:27.4117 DESKTOP-2Q89F24 8 SRS1 ::1 FacadeBase Authentication Begin
2018-01-18 15:10:27.4117 DESKTOP-2Q89F24 8 SRS1 ::1 FacadeBase Authentication End
2018-01-18 15:10:27.4138 DESKTOP-2Q89F24 8 SRS1 ::1 FacadeBase SecurityCheck Begin
2018-01-18 15:10:27.4138 DESKTOP-2Q89F24 8 SRS1 ::1 FacadeBase SecurityCheck End
2018-01-18 15:10:27.4138 DESKTOP-2Q89F24 8 SRS1 ::1 LoginFacade RegulationCheck Begin
2018-01-18 15:10:27.4138 DESKTOP-2Q89F24 8 SRS1 ::1 LoginFacade RegulationCheck End
2018-01-18 15:10:27.4138 DESKTOP-2Q89F24 8 SRS1 ::1 LoginFacade GetPermission Begin
2018-01-18 15:10:27.4138 DESKTOP-2Q89F24 8 SRS1 ::1 LoginFacade GetPermission End
2018-01-18 15:10:27.4138 DESKTOP-2Q89F24 8 SRS1 ::1 ZZ1031SearchFacade Index Begin
2018-01-18 15:10:27.8043 DESKTOP-2Q89F24 8 SRS1 ::1 ZZ1031SearchFacade Index End
2018-01-18 15:10:36.3606 DESKTOP-2Q89F24 15 SRS1 ::1 FacadeBase Authentication Begin
2018-01-18 15:10:36.3606 DESKTOP-2Q89F24 15 SRS1 ::1 FacadeBase Authentication End
2018-01-18 15:10:36.3606 DESKTOP-2Q89F24 15 SRS1 ::1 FacadeBase SecurityCheck Begin
2018-01-18 15:10:36.3606 DESKTOP-2Q89F24 15 SRS1 ::1 FacadeBase SecurityCheck End
2018-01-18 15:10:36.3606 DESKTOP-2Q89F24 15 SRS1 ::1 LoginFacade RegulationCheck Begin
2018-01-18 15:10:36.3606 DESKTOP-2Q89F24 15 SRS1 ::1 LoginFacade RegulationCheck End
2018-01-18 15:10:36.3606 DESKTOP-2Q89F24 15 SRS1 ::1 LoginFacade GetPermission Begin
2018-01-18 15:10:36.3606 DESKTOP-2Q89F24 15 SRS1 ::1 LoginFacade GetPermission End
2018-01-18 15:10:36.4001 DESKTOP-2Q89F24 5 SRS1 ::1 FacadeBase Authentication Begin
2018-01-18 15:10:36.4001 DESKTOP-2Q89F24 5 SRS1 ::1 FacadeBase Authentication End
2018-01-18 15:10:36.4001 DESKTOP-2Q89F24 5 SRS1 ::1 FacadeBase SecurityCheck Begin
2018-01-18 15:10:36.4001 DESKTOP-2Q89F24 5 SRS1 ::1 FacadeBase SecurityCheck End
2018-01-18 15:10:36.4001 DESKTOP-2Q89F24 5 SRS1 ::1 LoginFacade RegulationCheck Begin
2018-01-18 15:10:36.4001 DESKTOP-2Q89F24 5 SRS1 ::1 LoginFacade RegulationCheck End
2018-01-18 15:10:36.4001 DESKTOP-2Q89F24 5 SRS1 ::1 LoginFacade GetPermission Begin
2018-01-18 15:10:36.4001 DESKTOP-2Q89F24 5 SRS1 ::1 LoginFacade GetPermission End
2018-01-18 15:10:36.4001 DESKTOP-2Q89F24 5 SRS1 ::1 ZZ1031DetailFacade Index Begin
2018-01-18 15:10:36.5246 DESKTOP-2Q89F24 5 SRS1 ::1 ZZ1031DetailFacade Index End
2018-01-18 15:11:04.5572 DESKTOP-2Q89F24 15 SRS1 ::1 FacadeBase Authentication Begin
2018-01-18 15:11:04.5572 DESKTOP-2Q89F24 15 SRS1 ::1 FacadeBase Authentication End
2018-01-18 15:11:04.5572 DESKTOP-2Q89F24 15 SRS1 ::1 FacadeBase SecurityCheck Begin
2018-01-18 15:11:04.5572 DESKTOP-2Q89F24 15 SRS1 ::1 FacadeBase SecurityCheck End
2018-01-18 15:11:04.5572 DESKTOP-2Q89F24 15 SRS1 ::1 LoginFacade RegulationCheck Begin
2018-01-18 15:11:04.5572 DESKTOP-2Q89F24 15 SRS1 ::1 LoginFacade RegulationCheck End
2018-01-18 15:11:04.5572 DESKTOP-2Q89F24 15 SRS1 ::1 LoginFacade GetPermission Begin
2018-01-18 15:11:04.5572 DESKTOP-2Q89F24 15 SRS1 ::1 LoginFacade GetPermission End
2018-01-18 15:11:04.5572 DESKTOP-2Q89F24 15 SRS1 ::1 ZZ1031DetailFacade Confirm Begin
2018-01-18 15:11:04.6677 DESKTOP-2Q89F24 15 SRS1 ::1 ZZ1031DetailFacade Confirm End
2018-01-18 15:16:10.0263 DESKTOP-2Q89F24 13  ::1 FacadeBase Login Begin
2018-01-18 15:16:10.0703 DESKTOP-2Q89F24 13  ::1 FacadeBase Login End
2018-01-18 15:16:10.1793 DESKTOP-2Q89F24 13 SRS1 ::1 FacadeBase Authentication Begin
2018-01-18 15:16:10.1793 DESKTOP-2Q89F24 13 SRS1 ::1 FacadeBase Authentication End
2018-01-18 15:16:10.1793 DESKTOP-2Q89F24 13 SRS1 ::1 MenuFacade Init Begin
2018-01-18 15:16:10.2443 DESKTOP-2Q89F24 13 SRS1 ::1 MenuFacade Init End
2018-01-18 15:16:15.5903 DESKTOP-2Q89F24 8 SRS1 ::1 FacadeBase Authentication Begin
2018-01-18 15:16:15.5903 DESKTOP-2Q89F24 8 SRS1 ::1 FacadeBase Authentication End
2018-01-18 15:16:15.5903 DESKTOP-2Q89F24 8 SRS1 ::1 FacadeBase SecurityCheck Begin
2018-01-18 15:16:15.5903 DESKTOP-2Q89F24 8 SRS1 ::1 FacadeBase SecurityCheck End
2018-01-18 15:16:15.5903 DESKTOP-2Q89F24 8 SRS1 ::1 LoginFacade RegulationCheck Begin
2018-01-18 15:16:15.5903 DESKTOP-2Q89F24 8 SRS1 ::1 LoginFacade RegulationCheck End
2018-01-18 15:16:15.5903 DESKTOP-2Q89F24 8 SRS1 ::1 LoginFacade GetPermission Begin
2018-01-18 15:16:15.5903 DESKTOP-2Q89F24 8 SRS1 ::1 LoginFacade GetPermission End
2018-01-18 15:16:15.5903 DESKTOP-2Q89F24 8 SRS1 ::1 ZZ1031SearchFacade Index Begin
2018-01-18 15:16:16.2263 DESKTOP-2Q89F24 8 SRS1 ::1 ZZ1031SearchFacade Index End
2018-01-18 15:19:59.2065 DESKTOP-2Q89F24 9 SRS1 ::1 FacadeBase Authentication Begin
2018-01-18 15:19:59.2065 DESKTOP-2Q89F24 9 SRS1 ::1 FacadeBase Authentication End
2018-01-18 15:19:59.2065 DESKTOP-2Q89F24 9 SRS1 ::1 FacadeBase SecurityCheck Begin
2018-01-18 15:19:59.2065 DESKTOP-2Q89F24 9 SRS1 ::1 FacadeBase SecurityCheck End
2018-01-18 15:19:59.2065 DESKTOP-2Q89F24 9 SRS1 ::1 LoginFacade RegulationCheck Begin
2018-01-18 15:19:59.2065 DESKTOP-2Q89F24 9 SRS1 ::1 LoginFacade RegulationCheck End
2018-01-18 15:19:59.2065 DESKTOP-2Q89F24 9 SRS1 ::1 LoginFacade GetPermission Begin
2018-01-18 15:19:59.2105 DESKTOP-2Q89F24 9 SRS1 ::1 LoginFacade GetPermission End
2018-01-18 15:19:59.2455 DESKTOP-2Q89F24 8 SRS1 ::1 FacadeBase Authentication Begin
2018-01-18 15:19:59.2455 DESKTOP-2Q89F24 8 SRS1 ::1 FacadeBase Authentication End
2018-01-18 15:19:59.2455 DESKTOP-2Q89F24 8 SRS1 ::1 FacadeBase SecurityCheck Begin
2018-01-18 15:19:59.2455 DESKTOP-2Q89F24 8 SRS1 ::1 FacadeBase SecurityCheck End
2018-01-18 15:19:59.2455 DESKTOP-2Q89F24 8 SRS1 ::1 LoginFacade RegulationCheck Begin
2018-01-18 15:19:59.2455 DESKTOP-2Q89F24 8 SRS1 ::1 LoginFacade RegulationCheck End
2018-01-18 15:19:59.2455 DESKTOP-2Q89F24 8 SRS1 ::1 LoginFacade GetPermission Begin
2018-01-18 15:19:59.2455 DESKTOP-2Q89F24 8 SRS1 ::1 LoginFacade GetPermission End
2018-01-18 15:19:59.2455 DESKTOP-2Q89F24 8 SRS1 ::1 ZZ1031DetailFacade Index Begin
2018-01-18 15:19:59.4469 DESKTOP-2Q89F24 8 SRS1 ::1 ZZ1031DetailFacade Index End
2018-01-18 15:20:09.5838 DESKTOP-2Q89F24 7 SRS1 ::1 FacadeBase Authentication Begin
2018-01-18 15:20:09.5838 DESKTOP-2Q89F24 7 SRS1 ::1 FacadeBase Authentication End
2018-01-18 15:20:09.5838 DESKTOP-2Q89F24 7 SRS1 ::1 FacadeBase SecurityCheck Begin
2018-01-18 15:20:09.5838 DESKTOP-2Q89F24 7 SRS1 ::1 FacadeBase SecurityCheck End
2018-01-18 15:20:09.5853 DESKTOP-2Q89F24 7 SRS1 ::1 LoginFacade RegulationCheck Begin
2018-01-18 15:20:09.5853 DESKTOP-2Q89F24 7 SRS1 ::1 LoginFacade RegulationCheck End
2018-01-18 15:20:09.5853 DESKTOP-2Q89F24 7 SRS1 ::1 LoginFacade GetPermission Begin
2018-01-18 15:20:09.5853 DESKTOP-2Q89F24 7 SRS1 ::1 LoginFacade GetPermission End
2018-01-18 15:20:09.5853 DESKTOP-2Q89F24 7 SRS1 ::1 ZZ1031DetailFacade Confirm Begin
2018-01-18 15:20:09.7013 DESKTOP-2Q89F24 7 SRS1 ::1 ZZ1031DetailFacade Confirm End
2018-01-18 15:35:35.1688 DESKTOP-2Q89F24 11  ::1 FacadeBase Login Begin
2018-01-18 15:35:35.2423 DESKTOP-2Q89F24 11  ::1 FacadeBase Login End
2018-01-18 15:35:35.3358 DESKTOP-2Q89F24 7 SRS1 ::1 FacadeBase Authentication Begin
2018-01-18 15:35:35.3508 DESKTOP-2Q89F24 7 SRS1 ::1 FacadeBase Authentication End
2018-01-18 15:35:35.3508 DESKTOP-2Q89F24 7 SRS1 ::1 MenuFacade Init Begin
2018-01-18 15:35:35.4023 DESKTOP-2Q89F24 7 SRS1 ::1 MenuFacade Init End
2018-01-18 15:35:41.5631 DESKTOP-2Q89F24 15 SRS1 ::1 FacadeBase Authentication Begin
2018-01-18 15:35:41.5631 DESKTOP-2Q89F24 15 SRS1 ::1 FacadeBase Authentication End
2018-01-18 15:35:41.5631 DESKTOP-2Q89F24 15 SRS1 ::1 FacadeBase SecurityCheck Begin
2018-01-18 15:35:41.5696 DESKTOP-2Q89F24 15 SRS1 ::1 FacadeBase SecurityCheck End
2018-01-18 15:35:41.5696 DESKTOP-2Q89F24 15 SRS1 ::1 LoginFacade RegulationCheck Begin
2018-01-18 15:35:41.5696 DESKTOP-2Q89F24 15 SRS1 ::1 LoginFacade RegulationCheck End
2018-01-18 15:35:41.5696 DESKTOP-2Q89F24 15 SRS1 ::1 LoginFacade GetPermission Begin
2018-01-18 15:35:41.5696 DESKTOP-2Q89F24 15 SRS1 ::1 LoginFacade GetPermission End
2018-01-18 15:35:41.5696 DESKTOP-2Q89F24 15 SRS1 ::1 ZZ1031SearchFacade Index Begin
2018-01-18 15:35:42.0076 DESKTOP-2Q89F24 15 SRS1 ::1 ZZ1031SearchFacade Index End
2018-01-18 15:41:45.6444 DESKTOP-2Q89F24 12 SRS1 ::1 FacadeBase Authentication Begin
2018-01-18 15:41:45.6444 DESKTOP-2Q89F24 12 SRS1 ::1 FacadeBase Authentication End
2018-01-18 15:41:45.6444 DESKTOP-2Q89F24 12 SRS1 ::1 FacadeBase SecurityCheck Begin
2018-01-18 15:41:45.6444 DESKTOP-2Q89F24 12 SRS1 ::1 FacadeBase SecurityCheck End
2018-01-18 15:41:45.6444 DESKTOP-2Q89F24 12 SRS1 ::1 LoginFacade RegulationCheck Begin
2018-01-18 15:41:45.6444 DESKTOP-2Q89F24 12 SRS1 ::1 LoginFacade RegulationCheck End
2018-01-18 15:41:45.6444 DESKTOP-2Q89F24 12 SRS1 ::1 LoginFacade GetPermission Begin
2018-01-18 15:41:45.6444 DESKTOP-2Q89F24 12 SRS1 ::1 LoginFacade GetPermission End
2018-01-18 15:41:45.6754 DESKTOP-2Q89F24 5 SRS1 ::1 FacadeBase Authentication Begin
2018-01-18 15:41:45.6754 DESKTOP-2Q89F24 5 SRS1 ::1 FacadeBase Authentication End
2018-01-18 15:41:45.6754 DESKTOP-2Q89F24 5 SRS1 ::1 FacadeBase SecurityCheck Begin
2018-01-18 15:41:45.6754 DESKTOP-2Q89F24 5 SRS1 ::1 FacadeBase SecurityCheck End
2018-01-18 15:41:45.6754 DESKTOP-2Q89F24 5 SRS1 ::1 LoginFacade RegulationCheck Begin
2018-01-18 15:41:45.6754 DESKTOP-2Q89F24 5 SRS1 ::1 LoginFacade RegulationCheck End
2018-01-18 15:41:45.6754 DESKTOP-2Q89F24 5 SRS1 ::1 LoginFacade GetPermission Begin
2018-01-18 15:41:45.6754 DESKTOP-2Q89F24 5 SRS1 ::1 LoginFacade GetPermission End
2018-01-18 15:41:45.6754 DESKTOP-2Q89F24 5 SRS1 ::1 ZZ1031DetailFacade Index Begin
2018-01-18 15:41:45.8229 DESKTOP-2Q89F24 5 SRS1 ::1 ZZ1031DetailFacade Index End
2018-01-18 15:41:50.0201 DESKTOP-2Q89F24 7 SRS1 ::1 FacadeBase Authentication Begin
2018-01-18 15:41:50.0201 DESKTOP-2Q89F24 7 SRS1 ::1 FacadeBase Authentication End
2018-01-18 15:41:50.0201 DESKTOP-2Q89F24 7 SRS1 ::1 FacadeBase SecurityCheck Begin
2018-01-18 15:41:50.0201 DESKTOP-2Q89F24 7 SRS1 ::1 FacadeBase SecurityCheck End
2018-01-18 15:41:50.0201 DESKTOP-2Q89F24 7 SRS1 ::1 LoginFacade RegulationCheck Begin
2018-01-18 15:41:50.0201 DESKTOP-2Q89F24 7 SRS1 ::1 LoginFacade RegulationCheck End
2018-01-18 15:41:50.0201 DESKTOP-2Q89F24 7 SRS1 ::1 LoginFacade GetPermission Begin
2018-01-18 15:41:50.0201 DESKTOP-2Q89F24 7 SRS1 ::1 LoginFacade GetPermission End
2018-01-18 15:41:50.1416 DESKTOP-2Q89F24 7 SRS1 ::1 FacadeBase Authentication Begin
2018-01-18 15:41:50.1416 DESKTOP-2Q89F24 7 SRS1 ::1 FacadeBase Authentication End
2018-01-18 15:41:50.1416 DESKTOP-2Q89F24 7 SRS1 ::1 FacadeBase SecurityCheck Begin
2018-01-18 15:41:50.1416 DESKTOP-2Q89F24 7 SRS1 ::1 FacadeBase SecurityCheck End
2018-01-18 15:41:50.1416 DESKTOP-2Q89F24 7 SRS1 ::1 LoginFacade RegulationCheck Begin
2018-01-18 15:41:50.1416 DESKTOP-2Q89F24 7 SRS1 ::1 LoginFacade RegulationCheck End
2018-01-18 15:41:50.1416 DESKTOP-2Q89F24 7 SRS1 ::1 LoginFacade GetPermission Begin
2018-01-18 15:41:50.1481 DESKTOP-2Q89F24 7 SRS1 ::1 LoginFacade GetPermission End
2018-01-18 15:41:50.1481 DESKTOP-2Q89F24 7 SRS1 ::1 ZZ1031SearchFacade Index Begin
2018-01-18 15:41:50.3566 DESKTOP-2Q89F24 7 SRS1 ::1 ZZ1031SearchFacade Index End
2018-01-18 15:41:53.2905 DESKTOP-2Q89F24 6 SRS1 ::1 FacadeBase Authentication Begin
2018-01-18 15:41:53.2905 DESKTOP-2Q89F24 6 SRS1 ::1 FacadeBase Authentication End
2018-01-18 15:41:53.2905 DESKTOP-2Q89F24 6 SRS1 ::1 FacadeBase SecurityCheck Begin
2018-01-18 15:41:53.2905 DESKTOP-2Q89F24 6 SRS1 ::1 FacadeBase SecurityCheck End
2018-01-18 15:41:53.2905 DESKTOP-2Q89F24 6 SRS1 ::1 LoginFacade RegulationCheck Begin
2018-01-18 15:41:53.2905 DESKTOP-2Q89F24 6 SRS1 ::1 LoginFacade RegulationCheck End
2018-01-18 15:41:53.2905 DESKTOP-2Q89F24 6 SRS1 ::1 LoginFacade GetPermission Begin
2018-01-18 15:41:53.2905 DESKTOP-2Q89F24 6 SRS1 ::1 LoginFacade GetPermission End
2018-01-18 15:41:53.3105 DESKTOP-2Q89F24 6 SRS1 ::1 ZZ1031SearchFacade Search Begin
2018-01-18 15:41:53.5260 DESKTOP-2Q89F24 6 SRS1 ::1 ZZ1031SearchFacade Search End
2018-01-18 15:41:53.5710 DESKTOP-2Q89F24 11 SRS1 ::1 FacadeBase Authentication Begin
2018-01-18 15:41:53.5710 DESKTOP-2Q89F24 11 SRS1 ::1 FacadeBase Authentication End
2018-01-18 15:41:53.5710 DESKTOP-2Q89F24 11 SRS1 ::1 FacadeBase SecurityCheck Begin
2018-01-18 15:41:53.5870 DESKTOP-2Q89F24 11 SRS1 ::1 FacadeBase SecurityCheck End
2018-01-18 15:41:53.5870 DESKTOP-2Q89F24 11 SRS1 ::1 LoginFacade RegulationCheck Begin
2018-01-18 15:41:53.5870 DESKTOP-2Q89F24 11 SRS1 ::1 LoginFacade RegulationCheck End
2018-01-18 15:41:53.5870 DESKTOP-2Q89F24 11 SRS1 ::1 LoginFacade GetPermission Begin
2018-01-18 15:41:53.5870 DESKTOP-2Q89F24 11 SRS1 ::1 LoginFacade GetPermission End
2018-01-18 15:41:53.5870 DESKTOP-2Q89F24 11 SRS1 ::1 ZZ1031DetailFacade Index Begin
2018-01-18 15:41:53.7915 DESKTOP-2Q89F24 11 SRS1 ::1 ZZ1031DetailFacade Index End
2018-01-18 16:40:18.1673 DESKTOP-2Q89F24 5  ::1 FacadeBase Login Begin
2018-01-18 16:40:18.1963 DESKTOP-2Q89F24 5  ::1 FacadeBase Login End
2018-01-18 16:40:18.2783 DESKTOP-2Q89F24 5 SRS1 ::1 FacadeBase Authentication Begin
2018-01-18 16:40:18.2883 DESKTOP-2Q89F24 5 SRS1 ::1 FacadeBase Authentication End
2018-01-18 16:40:18.2883 DESKTOP-2Q89F24 5 SRS1 ::1 MenuFacade Init Begin
2018-01-18 16:40:18.3528 DESKTOP-2Q89F24 5 SRS1 ::1 MenuFacade Init End
2018-01-18 16:40:29.3908 DESKTOP-2Q89F24 6 SRS1 ::1 FacadeBase Authentication Begin
2018-01-18 16:40:29.3908 DESKTOP-2Q89F24 6 SRS1 ::1 FacadeBase Authentication End
2018-01-18 16:40:29.3908 DESKTOP-2Q89F24 6 SRS1 ::1 FacadeBase SecurityCheck Begin
2018-01-18 16:40:29.3908 DESKTOP-2Q89F24 6 SRS1 ::1 FacadeBase SecurityCheck End
2018-01-18 16:40:29.3908 DESKTOP-2Q89F24 6 SRS1 ::1 LoginFacade RegulationCheck Begin
2018-01-18 16:40:29.3908 DESKTOP-2Q89F24 6 SRS1 ::1 LoginFacade RegulationCheck End
2018-01-18 16:40:29.3978 DESKTOP-2Q89F24 6 SRS1 ::1 LoginFacade GetPermission Begin
2018-01-18 16:40:29.3978 DESKTOP-2Q89F24 6 SRS1 ::1 LoginFacade GetPermission End
2018-01-18 16:40:29.3978 DESKTOP-2Q89F24 6 SRS1 ::1 ZZ1031SearchFacade Index Begin
2018-01-18 16:40:29.7573 DESKTOP-2Q89F24 6 SRS1 ::1 ZZ1031SearchFacade Index End
2018-01-18 16:40:39.1961 DESKTOP-2Q89F24 6 SRS1 ::1 FacadeBase Authentication Begin
2018-01-18 16:40:39.1961 DESKTOP-2Q89F24 6 SRS1 ::1 FacadeBase Authentication End
2018-01-18 16:40:39.1961 DESKTOP-2Q89F24 6 SRS1 ::1 FacadeBase SecurityCheck Begin
2018-01-18 16:40:39.1961 DESKTOP-2Q89F24 6 SRS1 ::1 FacadeBase SecurityCheck End
2018-01-18 16:40:39.1961 DESKTOP-2Q89F24 6 SRS1 ::1 LoginFacade RegulationCheck Begin
2018-01-18 16:40:39.1961 DESKTOP-2Q89F24 6 SRS1 ::1 LoginFacade RegulationCheck End
2018-01-18 16:40:39.1961 DESKTOP-2Q89F24 6 SRS1 ::1 LoginFacade GetPermission Begin
2018-01-18 16:40:39.1961 DESKTOP-2Q89F24 6 SRS1 ::1 LoginFacade GetPermission End
2018-01-18 16:40:39.1961 DESKTOP-2Q89F24 6 SRS1 ::1 ZZ1031SearchFacade Search Begin
2018-01-18 16:40:39.2886 DESKTOP-2Q89F24 6 SRS1 ::1 ZZ1031SearchFacade Search End
2018-01-18 16:40:39.3671 DESKTOP-2Q89F24 6 SRS1 ::1 FacadeBase Authentication Begin
2018-01-18 16:40:39.3671 DESKTOP-2Q89F24 6 SRS1 ::1 FacadeBase Authentication End
2018-01-18 16:40:39.3671 DESKTOP-2Q89F24 6 SRS1 ::1 FacadeBase SecurityCheck Begin
2018-01-18 16:40:39.3671 DESKTOP-2Q89F24 6 SRS1 ::1 FacadeBase SecurityCheck End
2018-01-18 16:40:39.3671 DESKTOP-2Q89F24 6 SRS1 ::1 LoginFacade RegulationCheck Begin
2018-01-18 16:40:39.3671 DESKTOP-2Q89F24 6 SRS1 ::1 LoginFacade RegulationCheck End
2018-01-18 16:40:39.3671 DESKTOP-2Q89F24 6 SRS1 ::1 LoginFacade GetPermission Begin
2018-01-18 16:40:39.3671 DESKTOP-2Q89F24 6 SRS1 ::1 LoginFacade GetPermission End
2018-01-18 16:40:39.3671 DESKTOP-2Q89F24 6 SRS1 ::1 ZZ1031DetailFacade Index Begin
2018-01-18 16:40:39.5076 DESKTOP-2Q89F24 6 SRS1 ::1 ZZ1031DetailFacade Index End
2018-01-18 16:58:40.9337 DESKTOP-2Q89F24 13  ::1 FacadeBase Login Begin
2018-01-18 16:58:40.9642 DESKTOP-2Q89F24 13  ::1 FacadeBase Login End
2018-01-18 16:58:41.0697 DESKTOP-2Q89F24 13 SRS1 ::1 FacadeBase Authentication Begin
2018-01-18 16:58:41.0697 DESKTOP-2Q89F24 13 SRS1 ::1 FacadeBase Authentication End
2018-01-18 16:58:41.0697 DESKTOP-2Q89F24 13 SRS1 ::1 MenuFacade Init Begin
2018-01-18 16:58:41.1402 DESKTOP-2Q89F24 13 SRS1 ::1 MenuFacade Init End
2018-01-18 16:58:54.6421 DESKTOP-2Q89F24 14 SRS1 ::1 FacadeBase Authentication Begin
2018-01-18 16:58:54.6421 DESKTOP-2Q89F24 14 SRS1 ::1 FacadeBase Authentication End
2018-01-18 16:58:54.6421 DESKTOP-2Q89F24 14 SRS1 ::1 FacadeBase SecurityCheck Begin
2018-01-18 16:58:54.6421 DESKTOP-2Q89F24 14 SRS1 ::1 FacadeBase SecurityCheck End
2018-01-18 16:58:54.6421 DESKTOP-2Q89F24 14 SRS1 ::1 LoginFacade RegulationCheck Begin
2018-01-18 16:58:54.6481 DESKTOP-2Q89F24 14 SRS1 ::1 LoginFacade RegulationCheck End
2018-01-18 16:58:54.6481 DESKTOP-2Q89F24 14 SRS1 ::1 LoginFacade GetPermission Begin
2018-01-18 16:58:54.6481 DESKTOP-2Q89F24 14 SRS1 ::1 LoginFacade GetPermission End
2018-01-18 16:58:54.6481 DESKTOP-2Q89F24 14 SRS1 ::1 ZZ1031SearchFacade Index Begin
2018-01-18 16:58:55.3316 DESKTOP-2Q89F24 14 SRS1 ::1 ZZ1031SearchFacade Index End
2018-01-18 16:59:03.0036 DESKTOP-2Q89F24 5 SRS1 ::1 FacadeBase Authentication Begin
2018-01-18 16:59:03.0036 DESKTOP-2Q89F24 5 SRS1 ::1 FacadeBase Authentication End
2018-01-18 16:59:03.0036 DESKTOP-2Q89F24 5 SRS1 ::1 FacadeBase SecurityCheck Begin
2018-01-18 16:59:03.0036 DESKTOP-2Q89F24 5 SRS1 ::1 FacadeBase SecurityCheck End
2018-01-18 16:59:03.0036 DESKTOP-2Q89F24 5 SRS1 ::1 LoginFacade RegulationCheck Begin
2018-01-18 16:59:03.0036 DESKTOP-2Q89F24 5 SRS1 ::1 LoginFacade RegulationCheck End
2018-01-18 16:59:03.0036 DESKTOP-2Q89F24 5 SRS1 ::1 LoginFacade GetPermission Begin
2018-01-18 16:59:03.0036 DESKTOP-2Q89F24 5 SRS1 ::1 LoginFacade GetPermission End
2018-01-18 16:59:03.0036 DESKTOP-2Q89F24 5 SRS1 ::1 ZZ1031SearchFacade Search Begin
2018-01-18 16:59:03.1321 DESKTOP-2Q89F24 5 SRS1 ::1 ZZ1031SearchFacade Search End
2018-01-18 16:59:03.2201 DESKTOP-2Q89F24 14 SRS1 ::1 FacadeBase Authentication Begin
2018-01-18 16:59:03.2201 DESKTOP-2Q89F24 14 SRS1 ::1 FacadeBase Authentication End
2018-01-18 16:59:03.2201 DESKTOP-2Q89F24 14 SRS1 ::1 FacadeBase SecurityCheck Begin
2018-01-18 16:59:03.2201 DESKTOP-2Q89F24 14 SRS1 ::1 FacadeBase SecurityCheck End
2018-01-18 16:59:03.2261 DESKTOP-2Q89F24 14 SRS1 ::1 LoginFacade RegulationCheck Begin
2018-01-18 16:59:03.2261 DESKTOP-2Q89F24 14 SRS1 ::1 LoginFacade RegulationCheck End
2018-01-18 16:59:03.2261 DESKTOP-2Q89F24 14 SRS1 ::1 LoginFacade GetPermission Begin
2018-01-18 16:59:03.2261 DESKTOP-2Q89F24 14 SRS1 ::1 LoginFacade GetPermission End
2018-01-18 16:59:03.2261 DESKTOP-2Q89F24 14 SRS1 ::1 ZZ1031DetailFacade Index Begin
2018-01-18 16:59:03.4481 DESKTOP-2Q89F24 14 SRS1 ::1 ZZ1031DetailFacade Index End
2018-01-18 17:01:57.7063 DESKTOP-2Q89F24 13 SRS1 ::1 FacadeBase Authentication Begin
2018-01-18 17:01:57.7063 DESKTOP-2Q89F24 13 SRS1 ::1 FacadeBase Authentication End
2018-01-18 17:01:57.7063 DESKTOP-2Q89F24 13 SRS1 ::1 FacadeBase SecurityCheck Begin
2018-01-18 17:01:57.7063 DESKTOP-2Q89F24 13 SRS1 ::1 FacadeBase SecurityCheck End
2018-01-18 17:01:57.7063 DESKTOP-2Q89F24 13 SRS1 ::1 LoginFacade RegulationCheck Begin
2018-01-18 17:01:57.7063 DESKTOP-2Q89F24 13 SRS1 ::1 LoginFacade RegulationCheck End
2018-01-18 17:01:57.7063 DESKTOP-2Q89F24 13 SRS1 ::1 LoginFacade GetPermission Begin
2018-01-18 17:01:57.7063 DESKTOP-2Q89F24 13 SRS1 ::1 LoginFacade GetPermission End
2018-01-18 17:01:57.7063 DESKTOP-2Q89F24 13 SRS1 ::1 ZZ1031SearchFacade Index Begin
2018-01-18 17:01:58.0778 DESKTOP-2Q89F24 13 SRS1 ::1 ZZ1031SearchFacade Index End
2018-01-18 17:02:00.8126 DESKTOP-2Q89F24 13 SRS1 ::1 FacadeBase Authentication Begin
2018-01-18 17:02:00.8126 DESKTOP-2Q89F24 13 SRS1 ::1 FacadeBase Authentication End
2018-01-18 17:02:00.8126 DESKTOP-2Q89F24 13 SRS1 ::1 FacadeBase SecurityCheck Begin
2018-01-18 17:02:00.8126 DESKTOP-2Q89F24 13 SRS1 ::1 FacadeBase SecurityCheck End
2018-01-18 17:02:00.8126 DESKTOP-2Q89F24 13 SRS1 ::1 LoginFacade RegulationCheck Begin
2018-01-18 17:02:00.8126 DESKTOP-2Q89F24 13 SRS1 ::1 LoginFacade RegulationCheck End
2018-01-18 17:02:00.8126 DESKTOP-2Q89F24 13 SRS1 ::1 LoginFacade GetPermission Begin
2018-01-18 17:02:00.8126 DESKTOP-2Q89F24 13 SRS1 ::1 LoginFacade GetPermission End
2018-01-18 17:02:00.8126 DESKTOP-2Q89F24 13 SRS1 ::1 ZZ1031SearchFacade Search Begin
2018-01-18 17:02:01.0111 DESKTOP-2Q89F24 13 SRS1 ::1 ZZ1031SearchFacade Search End
2018-01-18 17:02:01.0446 DESKTOP-2Q89F24 5 SRS1 ::1 FacadeBase Authentication Begin
2018-01-18 17:02:01.0446 DESKTOP-2Q89F24 5 SRS1 ::1 FacadeBase Authentication End
2018-01-18 17:02:01.0446 DESKTOP-2Q89F24 5 SRS1 ::1 FacadeBase SecurityCheck Begin
2018-01-18 17:02:01.0446 DESKTOP-2Q89F24 5 SRS1 ::1 FacadeBase SecurityCheck End
2018-01-18 17:02:01.0446 DESKTOP-2Q89F24 5 SRS1 ::1 LoginFacade RegulationCheck Begin
2018-01-18 17:02:01.0446 DESKTOP-2Q89F24 5 SRS1 ::1 LoginFacade RegulationCheck End
2018-01-18 17:02:01.0446 DESKTOP-2Q89F24 5 SRS1 ::1 LoginFacade GetPermission Begin
2018-01-18 17:02:01.0446 DESKTOP-2Q89F24 5 SRS1 ::1 LoginFacade GetPermission End
2018-01-18 17:02:01.0446 DESKTOP-2Q89F24 5 SRS1 ::1 ZZ1031DetailFacade Index Begin
2018-01-18 17:02:01.3041 DESKTOP-2Q89F24 5 SRS1 ::1 ZZ1031DetailFacade Index End
2018-01-18 17:11:41.3421 DESKTOP-2Q89F24 8  ::1 FacadeBase Login Begin
2018-01-18 17:11:41.3821 DESKTOP-2Q89F24 8  ::1 FacadeBase Login End
2018-01-18 17:11:41.5116 DESKTOP-2Q89F24 5 SRS1 ::1 FacadeBase Authentication Begin
2018-01-18 17:11:41.5116 DESKTOP-2Q89F24 5 SRS1 ::1 FacadeBase Authentication End
2018-01-18 17:11:41.5116 DESKTOP-2Q89F24 5 SRS1 ::1 MenuFacade Init Begin
2018-01-18 17:11:41.5706 DESKTOP-2Q89F24 5 SRS1 ::1 MenuFacade Init End
2018-01-18 17:11:48.8826 DESKTOP-2Q89F24 12 SRS1 ::1 FacadeBase Authentication Begin
2018-01-18 17:11:48.8826 DESKTOP-2Q89F24 12 SRS1 ::1 FacadeBase Authentication End
2018-01-18 17:11:48.8826 DESKTOP-2Q89F24 12 SRS1 ::1 FacadeBase SecurityCheck Begin
2018-01-18 17:11:48.8826 DESKTOP-2Q89F24 12 SRS1 ::1 FacadeBase SecurityCheck End
2018-01-18 17:11:48.8826 DESKTOP-2Q89F24 12 SRS1 ::1 LoginFacade RegulationCheck Begin
2018-01-18 17:11:48.8826 DESKTOP-2Q89F24 12 SRS1 ::1 LoginFacade RegulationCheck End
2018-01-18 17:11:48.8826 DESKTOP-2Q89F24 12 SRS1 ::1 LoginFacade GetPermission Begin
2018-01-18 17:11:48.8826 DESKTOP-2Q89F24 12 SRS1 ::1 LoginFacade GetPermission End
2018-01-18 17:11:48.8826 DESKTOP-2Q89F24 12 SRS1 ::1 ZZ1031SearchFacade Index Begin
2018-01-18 17:11:49.4556 DESKTOP-2Q89F24 12 SRS1 ::1 ZZ1031SearchFacade Index End
2018-01-18 17:11:57.6322 DESKTOP-2Q89F24 13 SRS1 ::1 FacadeBase Authentication Begin
2018-01-18 17:11:57.6322 DESKTOP-2Q89F24 13 SRS1 ::1 FacadeBase Authentication End
2018-01-18 17:11:57.6322 DESKTOP-2Q89F24 13 SRS1 ::1 FacadeBase SecurityCheck Begin
2018-01-18 17:11:57.6322 DESKTOP-2Q89F24 13 SRS1 ::1 FacadeBase SecurityCheck End
2018-01-18 17:11:57.6322 DESKTOP-2Q89F24 13 SRS1 ::1 LoginFacade RegulationCheck Begin
2018-01-18 17:11:57.6322 DESKTOP-2Q89F24 13 SRS1 ::1 LoginFacade RegulationCheck End
2018-01-18 17:11:57.6322 DESKTOP-2Q89F24 13 SRS1 ::1 LoginFacade GetPermission Begin
2018-01-18 17:11:57.6322 DESKTOP-2Q89F24 13 SRS1 ::1 LoginFacade GetPermission End
2018-01-18 17:11:57.6322 DESKTOP-2Q89F24 13 SRS1 ::1 ZZ1031SearchFacade Search Begin
2018-01-18 17:11:57.7572 DESKTOP-2Q89F24 13 SRS1 ::1 ZZ1031SearchFacade Search End
2018-01-18 17:11:57.8382 DESKTOP-2Q89F24 13 SRS1 ::1 FacadeBase Authentication Begin
2018-01-18 17:11:57.8382 DESKTOP-2Q89F24 13 SRS1 ::1 FacadeBase Authentication End
2018-01-18 17:11:57.8382 DESKTOP-2Q89F24 13 SRS1 ::1 FacadeBase SecurityCheck Begin
2018-01-18 17:11:57.8382 DESKTOP-2Q89F24 13 SRS1 ::1 FacadeBase SecurityCheck End
2018-01-18 17:11:57.8382 DESKTOP-2Q89F24 13 SRS1 ::1 LoginFacade RegulationCheck Begin
2018-01-18 17:11:57.8382 DESKTOP-2Q89F24 13 SRS1 ::1 LoginFacade RegulationCheck End
2018-01-18 17:11:57.8382 DESKTOP-2Q89F24 13 SRS1 ::1 LoginFacade GetPermission Begin
2018-01-18 17:11:57.8382 DESKTOP-2Q89F24 13 SRS1 ::1 LoginFacade GetPermission End
2018-01-18 17:11:57.8382 DESKTOP-2Q89F24 13 SRS1 ::1 ZZ1031DetailFacade Index Begin
2018-01-18 17:11:58.0422 DESKTOP-2Q89F24 13 SRS1 ::1 ZZ1031DetailFacade Index End
2018-01-18 17:12:21.3666 DESKTOP-2Q89F24 6 SRS1 ::1 FacadeBase Authentication Begin
2018-01-18 17:12:21.3666 DESKTOP-2Q89F24 6 SRS1 ::1 FacadeBase Authentication End
2018-01-18 17:12:21.3666 DESKTOP-2Q89F24 6 SRS1 ::1 FacadeBase SecurityCheck Begin
2018-01-18 17:12:21.3666 DESKTOP-2Q89F24 6 SRS1 ::1 FacadeBase SecurityCheck End
2018-01-18 17:12:21.3666 DESKTOP-2Q89F24 6 SRS1 ::1 LoginFacade RegulationCheck Begin
2018-01-18 17:12:21.3666 DESKTOP-2Q89F24 6 SRS1 ::1 LoginFacade RegulationCheck End
2018-01-18 17:12:21.3666 DESKTOP-2Q89F24 6 SRS1 ::1 LoginFacade GetPermission Begin
2018-01-18 17:12:21.3666 DESKTOP-2Q89F24 6 SRS1 ::1 LoginFacade GetPermission End
2018-01-18 17:12:21.3666 DESKTOP-2Q89F24 6 SRS1 ::1 ZZ1031SearchFacade Index Begin
2018-01-18 17:12:21.9151 DESKTOP-2Q89F24 6 SRS1 ::1 ZZ1031SearchFacade Index End
2018-01-18 17:12:28.7826 DESKTOP-2Q89F24 13 SRS1 ::1 FacadeBase Authentication Begin
2018-01-18 17:12:28.7826 DESKTOP-2Q89F24 13 SRS1 ::1 FacadeBase Authentication End
2018-01-18 17:12:28.7826 DESKTOP-2Q89F24 13 SRS1 ::1 FacadeBase SecurityCheck Begin
2018-01-18 17:12:28.7826 DESKTOP-2Q89F24 13 SRS1 ::1 FacadeBase SecurityCheck End
2018-01-18 17:12:28.7826 DESKTOP-2Q89F24 13 SRS1 ::1 LoginFacade RegulationCheck Begin
2018-01-18 17:12:28.7826 DESKTOP-2Q89F24 13 SRS1 ::1 LoginFacade RegulationCheck End
2018-01-18 17:12:28.7826 DESKTOP-2Q89F24 13 SRS1 ::1 LoginFacade GetPermission Begin
2018-01-18 17:12:28.7826 DESKTOP-2Q89F24 13 SRS1 ::1 LoginFacade GetPermission End
2018-01-18 17:12:28.7826 DESKTOP-2Q89F24 13 SRS1 ::1 ZZ1031SearchFacade Search Begin
2018-01-18 17:12:28.8981 DESKTOP-2Q89F24 13 SRS1 ::1 ZZ1031SearchFacade Search End
2018-01-18 17:12:28.9481 DESKTOP-2Q89F24 7 SRS1 ::1 FacadeBase Authentication Begin
2018-01-18 17:12:28.9481 DESKTOP-2Q89F24 7 SRS1 ::1 FacadeBase Authentication End
2018-01-18 17:12:28.9481 DESKTOP-2Q89F24 7 SRS1 ::1 FacadeBase SecurityCheck Begin
2018-01-18 17:12:28.9481 DESKTOP-2Q89F24 7 SRS1 ::1 FacadeBase SecurityCheck End
2018-01-18 17:12:28.9481 DESKTOP-2Q89F24 7 SRS1 ::1 LoginFacade RegulationCheck Begin
2018-01-18 17:12:28.9481 DESKTOP-2Q89F24 7 SRS1 ::1 LoginFacade RegulationCheck End
2018-01-18 17:12:28.9481 DESKTOP-2Q89F24 7 SRS1 ::1 LoginFacade GetPermission Begin
2018-01-18 17:12:28.9481 DESKTOP-2Q89F24 7 SRS1 ::1 LoginFacade GetPermission End
2018-01-18 17:12:28.9481 DESKTOP-2Q89F24 7 SRS1 ::1 ZZ1031DetailFacade Index Begin
2018-01-18 17:12:29.2686 DESKTOP-2Q89F24 7 SRS1 ::1 ZZ1031DetailFacade Index End
2018-01-18 17:16:06.4457 DESKTOP-2Q89F24 12  ::1 FacadeBase Login Begin
2018-01-18 17:16:06.4922 DESKTOP-2Q89F24 12  ::1 FacadeBase Login End
2018-01-18 17:16:06.6227 DESKTOP-2Q89F24 9 SRS1 ::1 FacadeBase Authentication Begin
2018-01-18 17:16:06.6227 DESKTOP-2Q89F24 9 SRS1 ::1 FacadeBase Authentication End
2018-01-18 17:16:06.6227 DESKTOP-2Q89F24 9 SRS1 ::1 MenuFacade Init Begin
2018-01-18 17:16:06.6852 DESKTOP-2Q89F24 9 SRS1 ::1 MenuFacade Init End
2018-01-18 17:16:14.6512 DESKTOP-2Q89F24 9 SRS1 ::1 FacadeBase Authentication Begin
2018-01-18 17:16:14.6512 DESKTOP-2Q89F24 9 SRS1 ::1 FacadeBase Authentication End
2018-01-18 17:16:14.6512 DESKTOP-2Q89F24 9 SRS1 ::1 FacadeBase SecurityCheck Begin
2018-01-18 17:16:14.6512 DESKTOP-2Q89F24 9 SRS1 ::1 FacadeBase SecurityCheck End
2018-01-18 17:16:14.6512 DESKTOP-2Q89F24 9 SRS1 ::1 LoginFacade RegulationCheck Begin
2018-01-18 17:16:14.6512 DESKTOP-2Q89F24 9 SRS1 ::1 LoginFacade RegulationCheck End
2018-01-18 17:16:14.6512 DESKTOP-2Q89F24 9 SRS1 ::1 LoginFacade GetPermission Begin
2018-01-18 17:16:14.6512 DESKTOP-2Q89F24 9 SRS1 ::1 LoginFacade GetPermission End
2018-01-18 17:16:14.6512 DESKTOP-2Q89F24 9 SRS1 ::1 ZZ1031SearchFacade Index Begin
2018-01-18 17:16:15.1377 DESKTOP-2Q89F24 9 SRS1 ::1 ZZ1031SearchFacade Index End
2018-01-18 17:16:20.2233 DESKTOP-2Q89F24 11 SRS1 ::1 FacadeBase Authentication Begin
2018-01-18 17:16:20.2233 DESKTOP-2Q89F24 11 SRS1 ::1 FacadeBase Authentication End
2018-01-18 17:16:20.2233 DESKTOP-2Q89F24 11 SRS1 ::1 FacadeBase SecurityCheck Begin
2018-01-18 17:16:20.2233 DESKTOP-2Q89F24 11 SRS1 ::1 FacadeBase SecurityCheck End
2018-01-18 17:16:20.2233 DESKTOP-2Q89F24 11 SRS1 ::1 LoginFacade RegulationCheck Begin
2018-01-18 17:16:20.2233 DESKTOP-2Q89F24 11 SRS1 ::1 LoginFacade RegulationCheck End
2018-01-18 17:16:20.2233 DESKTOP-2Q89F24 11 SRS1 ::1 LoginFacade GetPermission Begin
2018-01-18 17:16:20.2268 DESKTOP-2Q89F24 11 SRS1 ::1 LoginFacade GetPermission End
2018-01-18 17:16:20.2268 DESKTOP-2Q89F24 11 SRS1 ::1 ZZ1031SearchFacade Search Begin
2018-01-18 17:16:20.4618 DESKTOP-2Q89F24 11 SRS1 ::1 ZZ1031SearchFacade Search End
2018-01-18 17:16:20.5448 DESKTOP-2Q89F24 10 SRS1 ::1 FacadeBase Authentication Begin
2018-01-18 17:16:20.5448 DESKTOP-2Q89F24 10 SRS1 ::1 FacadeBase Authentication End
2018-01-18 17:16:20.5448 DESKTOP-2Q89F24 10 SRS1 ::1 FacadeBase SecurityCheck Begin
2018-01-18 17:16:20.5448 DESKTOP-2Q89F24 10 SRS1 ::1 FacadeBase SecurityCheck End
2018-01-18 17:16:20.5448 DESKTOP-2Q89F24 10 SRS1 ::1 LoginFacade RegulationCheck Begin
2018-01-18 17:16:20.5448 DESKTOP-2Q89F24 10 SRS1 ::1 LoginFacade RegulationCheck End
2018-01-18 17:16:20.5448 DESKTOP-2Q89F24 10 SRS1 ::1 LoginFacade GetPermission Begin
2018-01-18 17:16:20.5448 DESKTOP-2Q89F24 10 SRS1 ::1 LoginFacade GetPermission End
2018-01-18 17:16:20.5448 DESKTOP-2Q89F24 10 SRS1 ::1 ZZ1031DetailFacade Index Begin
2018-01-18 17:16:20.8158 DESKTOP-2Q89F24 10 SRS1 ::1 ZZ1031DetailFacade Index End
