2018-01-12 08:22:58.7165 DESKTOP-2Q89F24 5 SRS1 ::1 LoginRule CheckLoginFailedLockDown Begin
2018-01-12 08:22:58.7165 DESKTOP-2Q89F24 5 SRS1 ::1 LoginRule CheckLoginFailedLockDown End
2018-01-12 08:22:58.7165 DESKTOP-2Q89F24 5 SRS1 ::1 LoginRule GetAuthentication Begin
2018-01-12 08:22:58.7165 DESKTOP-2Q89F24 5 SRS1 ::1 LoginRule GetAuthentication End
2018-01-12 08:22:58.7165 DESKTOP-2Q89F24 5 SRS1 ::1 LoginRule ClearLoginFailedCount Begin
2018-01-12 08:22:58.7165 DESKTOP-2Q89F24 5 SRS1 ::1 LoginRule ClearLoginFailedCount End
2018-01-12 08:22:58.7165 DESKTOP-2Q89F24 5 SRS1 ::1 LoginRule SetUserInfo Begin
2018-01-12 08:22:58.7165 DESKTOP-2Q89F24 5 SRS1 ::1 LoginRule SetUserInfo End
2018-01-12 08:22:58.8255 DESKTOP-2Q89F24 14 SRS1 ::1 MenuRule GetMenuData Begin
2018-01-12 08:22:58.8975 DESKTOP-2Q89F24 14 SRS1 ::1 MenuRule GetMenuData End
2018-01-12 08:22:58.8975 DESKTOP-2Q89F24 14 SRS1 ::1 MenuRule GetNoticeData Begin
2018-01-12 08:22:58.8975 DESKTOP-2Q89F24 14 SRS1 ::1 MenuRule GetNoticeData End
2018-01-12 08:23:26.4508 DESKTOP-2Q89F24 5 SRS1 ::1 LoginRule OnRegulationCheck Begin
2018-01-12 08:23:26.4508 DESKTOP-2Q89F24 5 SRS1 ::1 LoginRule OnRegulationCheck End
2018-01-12 08:23:26.4508 DESKTOP-2Q89F24 5 SRS1 ::1 ZZ1031SearchRule Init Begin
2018-01-12 08:23:26.4508 DESKTOP-2Q89F24 5 SRS1 ::1 ZZ1031SearchRule Init End
2018-01-12 08:23:26.4508 DESKTOP-2Q89F24 5 SRS1 ::1 ZZ1031SearchRule GetCommonData Begin
2018-01-12 08:23:26.5008 DESKTOP-2Q89F24 5 SRS1 ::1 ZZ1031SearchRule GetCommonData End
2018-01-12 08:23:29.8659 DESKTOP-2Q89F24 6 SRS1 ::1 LoginRule OnRegulationCheck Begin
2018-01-12 08:23:29.8659 DESKTOP-2Q89F24 6 SRS1 ::1 LoginRule OnRegulationCheck End
2018-01-12 08:23:29.8659 DESKTOP-2Q89F24 6 SRS1 ::1 ZZ1031SearchRule GetCommonData Begin
2018-01-12 08:23:29.8988 DESKTOP-2Q89F24 6 SRS1 ::1 ZZ1031SearchRule GetCommonData End
2018-01-12 08:23:29.8988 DESKTOP-2Q89F24 6 SRS1 ::1 RuleBase HasSearchPermission Begin
2018-01-12 08:23:29.8988 DESKTOP-2Q89F24 6 SRS1 ::1 RuleBase HasSearchPermission End
2018-01-12 08:28:10.3728 DESKTOP-2Q89F24 12 SRS1 ::1 LoginRule CheckLoginFailedLockDown Begin
2018-01-12 08:28:10.3728 DESKTOP-2Q89F24 12 SRS1 ::1 LoginRule CheckLoginFailedLockDown End
2018-01-12 08:28:10.3728 DESKTOP-2Q89F24 12 SRS1 ::1 LoginRule GetAuthentication Begin
2018-01-12 08:28:10.3728 DESKTOP-2Q89F24 12 SRS1 ::1 LoginRule GetAuthentication End
2018-01-12 08:28:10.3728 DESKTOP-2Q89F24 12 SRS1 ::1 LoginRule ClearLoginFailedCount Begin
2018-01-12 08:28:10.3728 DESKTOP-2Q89F24 12 SRS1 ::1 LoginRule ClearLoginFailedCount End
2018-01-12 08:28:10.3728 DESKTOP-2Q89F24 12 SRS1 ::1 LoginRule SetUserInfo Begin
2018-01-12 08:28:10.3728 DESKTOP-2Q89F24 12 SRS1 ::1 LoginRule SetUserInfo End
2018-01-12 08:28:10.4508 DESKTOP-2Q89F24 6 SRS1 ::1 MenuRule GetMenuData Begin
2018-01-12 08:28:10.5018 DESKTOP-2Q89F24 6 SRS1 ::1 MenuRule GetMenuData End
2018-01-12 08:28:10.5018 DESKTOP-2Q89F24 6 SRS1 ::1 MenuRule GetNoticeData Begin
2018-01-12 08:28:10.5018 DESKTOP-2Q89F24 6 SRS1 ::1 MenuRule GetNoticeData End
2018-01-12 08:28:13.8915 DESKTOP-2Q89F24 8 SRS1 ::1 LoginRule OnRegulationCheck Begin
2018-01-12 08:28:13.8915 DESKTOP-2Q89F24 8 SRS1 ::1 LoginRule OnRegulationCheck End
2018-01-12 08:28:13.9035 DESKTOP-2Q89F24 8 SRS1 ::1 ZZ1031SearchRule Init Begin
2018-01-12 08:28:13.9035 DESKTOP-2Q89F24 8 SRS1 ::1 ZZ1031SearchRule Init End
2018-01-12 08:28:13.9035 DESKTOP-2Q89F24 8 SRS1 ::1 ZZ1031SearchRule GetCommonData Begin
2018-01-12 08:28:14.0009 DESKTOP-2Q89F24 8 SRS1 ::1 ZZ1031SearchRule GetCommonData End
2018-01-12 08:28:15.9519 DESKTOP-2Q89F24 5 SRS1 ::1 LoginRule OnRegulationCheck Begin
2018-01-12 08:28:15.9519 DESKTOP-2Q89F24 5 SRS1 ::1 LoginRule OnRegulationCheck End
2018-01-12 08:28:15.9519 DESKTOP-2Q89F24 5 SRS1 ::1 ZZ1031SearchRule GetCommonData Begin
2018-01-12 08:28:15.9709 DESKTOP-2Q89F24 5 SRS1 ::1 ZZ1031SearchRule GetCommonData End
2018-01-12 08:28:15.9709 DESKTOP-2Q89F24 5 SRS1 ::1 RuleBase HasSearchPermission Begin
2018-01-12 08:28:15.9709 DESKTOP-2Q89F24 5 SRS1 ::1 RuleBase HasSearchPermission End
2018-01-12 08:28:15.9709 DESKTOP-2Q89F24 5 SRS1 ::1 ZZ1031SearchRule CheckCondition Begin
2018-01-12 08:28:15.9709 DESKTOP-2Q89F24 5 SRS1 ::1 ZZ1031SearchRule CheckCondition End
2018-01-12 08:28:15.9709 DESKTOP-2Q89F24 5 SRS1 ::1 ZZ1031SearchRule Search Begin
2018-01-12 08:28:15.9709 DESKTOP-2Q89F24 5 SRS1 ::1 ZZ1031SearchRule Search End
2018-01-12 08:28:16.0149 DESKTOP-2Q89F24 12 SRS1 ::1 LoginRule OnRegulationCheck Begin
2018-01-12 08:28:16.0149 DESKTOP-2Q89F24 12 SRS1 ::1 LoginRule OnRegulationCheck End
2018-01-12 08:28:16.0149 DESKTOP-2Q89F24 12 SRS1 ::1 ZZ1031DetailRule Init Begin
2018-01-12 08:56:00.9977 DESKTOP-2Q89F24 11 SRS1 ::1 LoginRule CheckLoginFailedLockDown Begin
2018-01-12 08:56:00.9977 DESKTOP-2Q89F24 11 SRS1 ::1 LoginRule CheckLoginFailedLockDown End
2018-01-12 08:56:00.9977 DESKTOP-2Q89F24 11 SRS1 ::1 LoginRule GetAuthentication Begin
2018-01-12 08:56:00.9977 DESKTOP-2Q89F24 11 SRS1 ::1 LoginRule GetAuthentication End
2018-01-12 08:56:00.9977 DESKTOP-2Q89F24 11 SRS1 ::1 LoginRule ClearLoginFailedCount Begin
2018-01-12 08:56:00.9977 DESKTOP-2Q89F24 11 SRS1 ::1 LoginRule ClearLoginFailedCount End
2018-01-12 08:56:00.9977 DESKTOP-2Q89F24 11 SRS1 ::1 LoginRule SetUserInfo Begin
2018-01-12 08:56:00.9977 DESKTOP-2Q89F24 11 SRS1 ::1 LoginRule SetUserInfo End
2018-01-12 08:56:01.0787 DESKTOP-2Q89F24 8 SRS1 ::1 MenuRule GetMenuData Begin
2018-01-12 08:56:01.1247 DESKTOP-2Q89F24 8 SRS1 ::1 MenuRule GetMenuData End
2018-01-12 08:56:01.1247 DESKTOP-2Q89F24 8 SRS1 ::1 MenuRule GetNoticeData Begin
2018-01-12 08:56:01.1247 DESKTOP-2Q89F24 8 SRS1 ::1 MenuRule GetNoticeData End
2018-01-12 08:56:04.0759 DESKTOP-2Q89F24 8 SRS1 ::1 LoginRule OnRegulationCheck Begin
2018-01-12 08:56:04.0759 DESKTOP-2Q89F24 8 SRS1 ::1 LoginRule OnRegulationCheck End
2018-01-12 08:56:04.0759 DESKTOP-2Q89F24 8 SRS1 ::1 ZZ1031SearchRule Init Begin
2018-01-12 08:56:04.0759 DESKTOP-2Q89F24 8 SRS1 ::1 ZZ1031SearchRule Init End
2018-01-12 08:56:04.0759 DESKTOP-2Q89F24 8 SRS1 ::1 ZZ1031SearchRule GetCommonData Begin
2018-01-12 08:56:04.2367 DESKTOP-2Q89F24 8 SRS1 ::1 ZZ1031SearchRule GetCommonData End
2018-01-12 08:56:07.5160 DESKTOP-2Q89F24 10 SRS1 ::1 LoginRule OnRegulationCheck Begin
2018-01-12 08:56:07.5160 DESKTOP-2Q89F24 10 SRS1 ::1 LoginRule OnRegulationCheck End
2018-01-12 08:56:07.5762 DESKTOP-2Q89F24 6 SRS1 ::1 LoginRule OnRegulationCheck Begin
2018-01-12 08:56:07.5762 DESKTOP-2Q89F24 6 SRS1 ::1 LoginRule OnRegulationCheck End
2018-01-12 08:56:07.5910 DESKTOP-2Q89F24 6 SRS1 ::1 ZZ1031DetailRule Init Begin
2018-01-12 08:56:07.5910 DESKTOP-2Q89F24 6 SRS1 ::1 ZZ1031DetailRule Init End
2018-01-12 08:56:07.5910 DESKTOP-2Q89F24 6 SRS1 ::1 ZZ1031DetailRule GetCommonData Begin
2018-01-12 08:56:07.6220 DESKTOP-2Q89F24 6 SRS1 ::1 ZZ1031DetailRule GetCommonData End
2018-01-12 08:56:16.3251 DESKTOP-2Q89F24 12 SRS1 ::1 LoginRule OnRegulationCheck Begin
2018-01-12 08:56:16.3251 DESKTOP-2Q89F24 12 SRS1 ::1 LoginRule OnRegulationCheck End
2018-01-12 08:56:16.3251 DESKTOP-2Q89F24 12 SRS1 ::1 ZZ1031SearchRule Init Begin
2018-01-12 08:56:16.3251 DESKTOP-2Q89F24 12 SRS1 ::1 ZZ1031SearchRule Init End
2018-01-12 08:56:16.3251 DESKTOP-2Q89F24 12 SRS1 ::1 ZZ1031SearchRule GetCommonData Begin
2018-01-12 08:56:16.4671 DESKTOP-2Q89F24 12 SRS1 ::1 ZZ1031SearchRule GetCommonData End
2018-01-12 08:57:43.2480 DESKTOP-2Q89F24 8 SRS1 ::1 LoginRule OnRegulationCheck Begin
2018-01-12 08:57:43.2480 DESKTOP-2Q89F24 8 SRS1 ::1 LoginRule OnRegulationCheck End
2018-01-12 08:57:43.2840 DESKTOP-2Q89F24 8 SRS1 ::1 LoginRule OnRegulationCheck Begin
2018-01-12 08:57:43.2840 DESKTOP-2Q89F24 8 SRS1 ::1 LoginRule OnRegulationCheck End
2018-01-12 08:57:43.2840 DESKTOP-2Q89F24 8 SRS1 ::1 ZZ1031DetailRule Init Begin
2018-01-12 08:57:43.2840 DESKTOP-2Q89F24 8 SRS1 ::1 ZZ1031DetailRule Init End
2018-01-12 08:57:43.2840 DESKTOP-2Q89F24 8 SRS1 ::1 ZZ1031DetailRule GetCommonData Begin
2018-01-12 08:57:43.3130 DESKTOP-2Q89F24 8 SRS1 ::1 ZZ1031DetailRule GetCommonData End
2018-01-12 08:59:07.5199 DESKTOP-2Q89F24 10 SRS1 ::1 LoginRule OnRegulationCheck Begin
2018-01-12 08:59:07.5199 DESKTOP-2Q89F24 10 SRS1 ::1 LoginRule OnRegulationCheck End
2018-01-12 08:59:07.5291 DESKTOP-2Q89F24 10 SRS1 ::1 ZZ1031SearchRule Init Begin
2018-01-12 08:59:07.5291 DESKTOP-2Q89F24 10 SRS1 ::1 ZZ1031SearchRule Init End
2018-01-12 08:59:07.5291 DESKTOP-2Q89F24 10 SRS1 ::1 ZZ1031SearchRule GetCommonData Begin
2018-01-12 08:59:07.6533 DESKTOP-2Q89F24 10 SRS1 ::1 ZZ1031SearchRule GetCommonData End
2018-01-12 08:59:09.3575 DESKTOP-2Q89F24 10 SRS1 ::1 LoginRule OnRegulationCheck Begin
2018-01-12 08:59:09.3575 DESKTOP-2Q89F24 10 SRS1 ::1 LoginRule OnRegulationCheck End
2018-01-12 08:59:09.3575 DESKTOP-2Q89F24 10 SRS1 ::1 ZZ1031SearchRule GetCommonData Begin
2018-01-12 08:59:09.3775 DESKTOP-2Q89F24 10 SRS1 ::1 ZZ1031SearchRule GetCommonData End
2018-01-12 08:59:09.3775 DESKTOP-2Q89F24 10 SRS1 ::1 RuleBase HasSearchPermission Begin
2018-01-12 08:59:09.3775 DESKTOP-2Q89F24 10 SRS1 ::1 RuleBase HasSearchPermission End
2018-01-12 08:59:09.3775 DESKTOP-2Q89F24 10 SRS1 ::1 ZZ1031SearchRule CheckCondition Begin
2018-01-12 08:59:09.3775 DESKTOP-2Q89F24 10 SRS1 ::1 ZZ1031SearchRule CheckCondition End
2018-01-12 08:59:09.3775 DESKTOP-2Q89F24 10 SRS1 ::1 ZZ1031SearchRule Search Begin
2018-01-12 08:59:09.3775 DESKTOP-2Q89F24 10 SRS1 ::1 ZZ1031SearchRule Search End
2018-01-12 08:59:09.4505 DESKTOP-2Q89F24 10 SRS1 ::1 LoginRule OnRegulationCheck Begin
2018-01-12 08:59:09.4505 DESKTOP-2Q89F24 10 SRS1 ::1 LoginRule OnRegulationCheck End
2018-01-12 08:59:09.4505 DESKTOP-2Q89F24 10 SRS1 ::1 ZZ1031DetailRule Init Begin
2018-01-12 08:59:09.6924 DESKTOP-2Q89F24 10 SRS1 ::1 ZZ1031DetailRule Init End
2018-01-12 08:59:09.6924 DESKTOP-2Q89F24 10 SRS1 ::1 ZZ1031DetailRule GetCommonData Begin
2018-01-12 08:59:09.7204 DESKTOP-2Q89F24 10 SRS1 ::1 ZZ1031DetailRule GetCommonData End
2018-01-12 09:00:34.8597 DESKTOP-2Q89F24 5 SRS1 ::1 LoginRule OnRegulationCheck Begin
2018-01-12 09:00:34.8597 DESKTOP-2Q89F24 5 SRS1 ::1 LoginRule OnRegulationCheck End
2018-01-12 09:00:34.8597 DESKTOP-2Q89F24 5 SRS1 ::1 ZZ1031SearchRule Init Begin
2018-01-12 09:00:34.8597 DESKTOP-2Q89F24 5 SRS1 ::1 ZZ1031SearchRule Init End
2018-01-12 09:00:34.8728 DESKTOP-2Q89F24 5 SRS1 ::1 ZZ1031SearchRule GetCommonData Begin
2018-01-12 09:00:34.9823 DESKTOP-2Q89F24 5 SRS1 ::1 ZZ1031SearchRule GetCommonData End
2018-01-12 09:31:04.6100 DESKTOP-2Q89F24 5 SRS1 ::1 LoginRule CheckLoginFailedLockDown Begin
2018-01-12 09:31:04.6100 DESKTOP-2Q89F24 5 SRS1 ::1 LoginRule CheckLoginFailedLockDown End
2018-01-12 09:31:04.6100 DESKTOP-2Q89F24 5 SRS1 ::1 LoginRule GetAuthentication Begin
2018-01-12 09:31:04.6100 DESKTOP-2Q89F24 5 SRS1 ::1 LoginRule GetAuthentication End
2018-01-12 09:31:04.6100 DESKTOP-2Q89F24 5 SRS1 ::1 LoginRule ClearLoginFailedCount Begin
2018-01-12 09:31:04.6100 DESKTOP-2Q89F24 5 SRS1 ::1 LoginRule ClearLoginFailedCount End
2018-01-12 09:31:04.6100 DESKTOP-2Q89F24 5 SRS1 ::1 LoginRule SetUserInfo Begin
2018-01-12 09:31:04.6100 DESKTOP-2Q89F24 5 SRS1 ::1 LoginRule SetUserInfo End
2018-01-12 09:31:04.7320 DESKTOP-2Q89F24 5 SRS1 ::1 MenuRule GetMenuData Begin
2018-01-12 09:31:04.8170 DESKTOP-2Q89F24 5 SRS1 ::1 MenuRule GetMenuData End
2018-01-12 09:31:04.8170 DESKTOP-2Q89F24 5 SRS1 ::1 MenuRule GetNoticeData Begin
2018-01-12 09:31:04.8170 DESKTOP-2Q89F24 5 SRS1 ::1 MenuRule GetNoticeData End
2018-01-12 09:31:07.7482 DESKTOP-2Q89F24 10 SRS1 ::1 LoginRule OnRegulationCheck Begin
2018-01-12 09:31:07.7482 DESKTOP-2Q89F24 10 SRS1 ::1 LoginRule OnRegulationCheck End
2018-01-12 09:31:07.7482 DESKTOP-2Q89F24 10 SRS1 ::1 ZZ1031SearchRule Init Begin
2018-01-12 09:31:07.7482 DESKTOP-2Q89F24 10 SRS1 ::1 ZZ1031SearchRule Init End
2018-01-12 09:31:07.7482 DESKTOP-2Q89F24 10 SRS1 ::1 ZZ1031SearchRule GetCommonData Begin
2018-01-12 09:31:07.8632 DESKTOP-2Q89F24 10 SRS1 ::1 ZZ1031SearchRule GetCommonData End
2018-01-12 09:31:10.8612 DESKTOP-2Q89F24 8 SRS1 ::1 LoginRule OnRegulationCheck Begin
2018-01-12 09:31:10.8612 DESKTOP-2Q89F24 8 SRS1 ::1 LoginRule OnRegulationCheck End
2018-01-12 09:31:10.8612 DESKTOP-2Q89F24 8 SRS1 ::1 ZZ1031SearchRule GetCommonData Begin
2018-01-12 09:31:10.8932 DESKTOP-2Q89F24 8 SRS1 ::1 ZZ1031SearchRule GetCommonData End
2018-01-12 09:31:10.8932 DESKTOP-2Q89F24 8 SRS1 ::1 RuleBase HasSearchPermission Begin
2018-01-12 09:31:10.8932 DESKTOP-2Q89F24 8 SRS1 ::1 RuleBase HasSearchPermission End
2018-01-12 09:31:10.8932 DESKTOP-2Q89F24 8 SRS1 ::1 ZZ1031SearchRule CheckCondition Begin
2018-01-12 09:31:10.8932 DESKTOP-2Q89F24 8 SRS1 ::1 ZZ1031SearchRule CheckCondition End
2018-01-12 09:31:10.8932 DESKTOP-2Q89F24 8 SRS1 ::1 ZZ1031SearchRule Search Begin
2018-01-12 09:31:10.8932 DESKTOP-2Q89F24 8 SRS1 ::1 ZZ1031SearchRule Search End
2018-01-12 09:31:11.0448 DESKTOP-2Q89F24 7 SRS1 ::1 LoginRule OnRegulationCheck Begin
2018-01-12 09:31:11.0448 DESKTOP-2Q89F24 7 SRS1 ::1 LoginRule OnRegulationCheck End
2018-01-12 09:31:11.0448 DESKTOP-2Q89F24 7 SRS1 ::1 ZZ1031DetailRule Init Begin
2018-01-12 09:31:11.1708 DESKTOP-2Q89F24 7 SRS1 ::1 ZZ1031DetailRule Init End
2018-01-12 09:31:11.1708 DESKTOP-2Q89F24 7 SRS1 ::1 ZZ1031DetailRule GetCommonData Begin
2018-01-12 09:31:11.2138 DESKTOP-2Q89F24 7 SRS1 ::1 ZZ1031DetailRule GetCommonData End
2018-01-12 09:31:32.3572 DESKTOP-2Q89F24 6 SRS1 ::1 LoginRule OnRegulationCheck Begin
2018-01-12 09:31:32.3572 DESKTOP-2Q89F24 6 SRS1 ::1 LoginRule OnRegulationCheck End
2018-01-12 09:31:32.3572 DESKTOP-2Q89F24 6 SRS1 ::1 ZZ1031DetailRule GetCommonData Begin
2018-01-12 09:31:32.4412 DESKTOP-2Q89F24 6 SRS1 ::1 ZZ1031DetailRule GetCommonData End
2018-01-12 09:31:32.4412 DESKTOP-2Q89F24 6 SRS1 ::1 ZZ1031DetailRule CheckInput Begin
2018-01-12 09:31:32.4502 DESKTOP-2Q89F24 6 SRS1 ::1 ZZ1031DetailRule CheckInput End
2018-01-12 09:31:37.2989 DESKTOP-2Q89F24 5 SRS1 ::1 LoginRule OnRegulationCheck Begin
2018-01-12 09:31:37.2989 DESKTOP-2Q89F24 5 SRS1 ::1 LoginRule OnRegulationCheck End
2018-01-12 09:31:37.3269 DESKTOP-2Q89F24 6 SRS1 ::1 LoginRule OnRegulationCheck Begin
2018-01-12 09:31:37.3269 DESKTOP-2Q89F24 6 SRS1 ::1 LoginRule OnRegulationCheck End
2018-01-12 09:31:37.3269 DESKTOP-2Q89F24 6 SRS1 ::1 ZZ1031SearchRule Init Begin
2018-01-12 09:31:37.3269 DESKTOP-2Q89F24 6 SRS1 ::1 ZZ1031SearchRule Init End
2018-01-12 09:31:37.3269 DESKTOP-2Q89F24 6 SRS1 ::1 ZZ1031SearchRule GetCommonData Begin
2018-01-12 09:31:37.3509 DESKTOP-2Q89F24 6 SRS1 ::1 ZZ1031SearchRule GetCommonData End
2018-01-12 09:31:39.7989 DESKTOP-2Q89F24 6 SRS1 ::1 LoginRule OnRegulationCheck Begin
2018-01-12 09:31:39.7989 DESKTOP-2Q89F24 6 SRS1 ::1 LoginRule OnRegulationCheck End
2018-01-12 09:31:39.7989 DESKTOP-2Q89F24 6 SRS1 ::1 ZZ1031SearchRule GetCommonData Begin
2018-01-12 09:31:39.8169 DESKTOP-2Q89F24 6 SRS1 ::1 ZZ1031SearchRule GetCommonData End
2018-01-12 09:31:39.8169 DESKTOP-2Q89F24 6 SRS1 ::1 RuleBase HasSearchPermission Begin
2018-01-12 09:31:39.8169 DESKTOP-2Q89F24 6 SRS1 ::1 RuleBase HasSearchPermission End
2018-01-12 09:31:39.8169 DESKTOP-2Q89F24 6 SRS1 ::1 ZZ1031SearchRule CheckCondition Begin
2018-01-12 09:31:39.8169 DESKTOP-2Q89F24 6 SRS1 ::1 ZZ1031SearchRule CheckCondition End
2018-01-12 09:31:39.8169 DESKTOP-2Q89F24 6 SRS1 ::1 ZZ1031SearchRule Search Begin
2018-01-12 09:31:39.8169 DESKTOP-2Q89F24 6 SRS1 ::1 ZZ1031SearchRule Search End
2018-01-12 09:31:39.8799 DESKTOP-2Q89F24 8 SRS1 ::1 LoginRule OnRegulationCheck Begin
2018-01-12 09:31:39.8799 DESKTOP-2Q89F24 8 SRS1 ::1 LoginRule OnRegulationCheck End
2018-01-12 09:31:39.8899 DESKTOP-2Q89F24 8 SRS1 ::1 ZZ1031DetailRule Init Begin
2018-01-12 09:31:40.1649 DESKTOP-2Q89F24 8 SRS1 ::1 ZZ1031DetailRule Init End
2018-01-12 09:31:40.1649 DESKTOP-2Q89F24 8 SRS1 ::1 ZZ1031DetailRule GetCommonData Begin
2018-01-12 09:31:40.2169 DESKTOP-2Q89F24 8 SRS1 ::1 ZZ1031DetailRule GetCommonData End
2018-01-12 09:31:45.1275 DESKTOP-2Q89F24 5 SRS1 ::1 LoginRule OnRegulationCheck Begin
2018-01-12 09:31:45.1275 DESKTOP-2Q89F24 5 SRS1 ::1 LoginRule OnRegulationCheck End
2018-01-12 09:31:45.1275 DESKTOP-2Q89F24 5 SRS1 ::1 ZZ1031SearchRule Init Begin
2018-01-12 09:31:45.1275 DESKTOP-2Q89F24 5 SRS1 ::1 ZZ1031SearchRule Init End
2018-01-12 09:31:45.1275 DESKTOP-2Q89F24 5 SRS1 ::1 ZZ1031SearchRule GetCommonData Begin
2018-01-12 09:31:45.2848 DESKTOP-2Q89F24 5 SRS1 ::1 ZZ1031SearchRule GetCommonData End
2018-01-12 09:31:47.7690 DESKTOP-2Q89F24 5 SRS1 ::1 LoginRule OnRegulationCheck Begin
2018-01-12 09:31:47.7690 DESKTOP-2Q89F24 5 SRS1 ::1 LoginRule OnRegulationCheck End
2018-01-12 09:31:47.7980 DESKTOP-2Q89F24 6 SRS1 ::1 LoginRule OnRegulationCheck Begin
2018-01-12 09:31:47.7980 DESKTOP-2Q89F24 6 SRS1 ::1 LoginRule OnRegulationCheck End
2018-01-12 09:31:47.7980 DESKTOP-2Q89F24 6 SRS1 ::1 ZZ1031DetailRule Init Begin
2018-01-12 09:31:47.7980 DESKTOP-2Q89F24 6 SRS1 ::1 ZZ1031DetailRule Init End
2018-01-12 09:31:47.7980 DESKTOP-2Q89F24 6 SRS1 ::1 ZZ1031DetailRule GetCommonData Begin
2018-01-12 09:31:47.8450 DESKTOP-2Q89F24 6 SRS1 ::1 ZZ1031DetailRule GetCommonData End
2018-01-12 09:32:12.3810 DESKTOP-2Q89F24 7 SRS1 ::1 LoginRule OnRegulationCheck Begin
2018-01-12 09:32:12.3810 DESKTOP-2Q89F24 7 SRS1 ::1 LoginRule OnRegulationCheck End
2018-01-12 09:32:12.4130 DESKTOP-2Q89F24 5 SRS1 ::1 LoginRule OnRegulationCheck Begin
2018-01-12 09:32:12.4130 DESKTOP-2Q89F24 5 SRS1 ::1 LoginRule OnRegulationCheck End
2018-01-12 09:32:12.4130 DESKTOP-2Q89F24 5 SRS1 ::1 ZZ1031SearchRule Init Begin
2018-01-12 09:32:12.4130 DESKTOP-2Q89F24 5 SRS1 ::1 ZZ1031SearchRule Init End
2018-01-12 09:32:12.4130 DESKTOP-2Q89F24 5 SRS1 ::1 ZZ1031SearchRule GetCommonData Begin
2018-01-12 09:32:12.4320 DESKTOP-2Q89F24 5 SRS1 ::1 ZZ1031SearchRule GetCommonData End
2018-01-12 09:32:14.4139 DESKTOP-2Q89F24 7 SRS1 ::1 LoginRule OnRegulationCheck Begin
2018-01-12 09:32:14.4139 DESKTOP-2Q89F24 7 SRS1 ::1 LoginRule OnRegulationCheck End
2018-01-12 09:32:14.4139 DESKTOP-2Q89F24 7 SRS1 ::1 ZZ1031SearchRule GetCommonData Begin
2018-01-12 09:32:14.4389 DESKTOP-2Q89F24 7 SRS1 ::1 ZZ1031SearchRule GetCommonData End
2018-01-12 09:32:14.4389 DESKTOP-2Q89F24 7 SRS1 ::1 RuleBase HasSearchPermission Begin
2018-01-12 09:32:14.4389 DESKTOP-2Q89F24 7 SRS1 ::1 RuleBase HasSearchPermission End
2018-01-12 09:32:14.4389 DESKTOP-2Q89F24 7 SRS1 ::1 ZZ1031SearchRule CheckCondition Begin
2018-01-12 09:32:14.4389 DESKTOP-2Q89F24 7 SRS1 ::1 ZZ1031SearchRule CheckCondition End
2018-01-12 09:32:14.4389 DESKTOP-2Q89F24 7 SRS1 ::1 ZZ1031SearchRule Search Begin
2018-01-12 09:32:14.4389 DESKTOP-2Q89F24 7 SRS1 ::1 ZZ1031SearchRule Search End
2018-01-12 09:32:14.4849 DESKTOP-2Q89F24 8 SRS1 ::1 LoginRule OnRegulationCheck Begin
2018-01-12 09:32:14.4849 DESKTOP-2Q89F24 8 SRS1 ::1 LoginRule OnRegulationCheck End
2018-01-12 09:32:14.4849 DESKTOP-2Q89F24 8 SRS1 ::1 ZZ1031DetailRule Init Begin
2018-01-12 09:32:14.6689 DESKTOP-2Q89F24 8 SRS1 ::1 ZZ1031DetailRule Init End
2018-01-12 09:32:14.6689 DESKTOP-2Q89F24 8 SRS1 ::1 ZZ1031DetailRule GetCommonData Begin
2018-01-12 09:32:14.6989 DESKTOP-2Q89F24 8 SRS1 ::1 ZZ1031DetailRule GetCommonData End
2018-01-12 09:32:34.9978 DESKTOP-2Q89F24 5 SRS1 ::1 LoginRule OnRegulationCheck Begin
2018-01-12 09:32:34.9978 DESKTOP-2Q89F24 5 SRS1 ::1 LoginRule OnRegulationCheck End
2018-01-12 09:32:35.0358 DESKTOP-2Q89F24 6 SRS1 ::1 LoginRule OnRegulationCheck Begin
2018-01-12 09:32:35.0358 DESKTOP-2Q89F24 6 SRS1 ::1 LoginRule OnRegulationCheck End
2018-01-12 09:32:35.0358 DESKTOP-2Q89F24 6 SRS1 ::1 ZZ1031SearchRule Init Begin
2018-01-12 09:32:35.0358 DESKTOP-2Q89F24 6 SRS1 ::1 ZZ1031SearchRule Init End
2018-01-12 09:32:35.0358 DESKTOP-2Q89F24 6 SRS1 ::1 ZZ1031SearchRule GetCommonData Begin
2018-01-12 09:32:35.0778 DESKTOP-2Q89F24 6 SRS1 ::1 ZZ1031SearchRule GetCommonData End
2018-01-12 09:32:37.0168 DESKTOP-2Q89F24 8 SRS1 ::1 LoginRule OnRegulationCheck Begin
2018-01-12 09:32:37.0168 DESKTOP-2Q89F24 8 SRS1 ::1 LoginRule OnRegulationCheck End
2018-01-12 09:32:37.0838 DESKTOP-2Q89F24 8 SRS1 ::1 LoginRule OnRegulationCheck Begin
2018-01-12 09:32:37.0838 DESKTOP-2Q89F24 8 SRS1 ::1 LoginRule OnRegulationCheck End
2018-01-12 09:32:37.0908 DESKTOP-2Q89F24 8 SRS1 ::1 ZZ1031DetailRule Init Begin
2018-01-12 09:32:37.0908 DESKTOP-2Q89F24 8 SRS1 ::1 ZZ1031DetailRule Init End
2018-01-12 09:32:37.0908 DESKTOP-2Q89F24 8 SRS1 ::1 ZZ1031DetailRule GetCommonData Begin
2018-01-12 09:32:37.1088 DESKTOP-2Q89F24 8 SRS1 ::1 ZZ1031DetailRule GetCommonData End
2018-01-12 09:33:00.5535 DESKTOP-2Q89F24 8 SRS1 ::1 LoginRule OnRegulationCheck Begin
2018-01-12 09:33:00.5535 DESKTOP-2Q89F24 8 SRS1 ::1 LoginRule OnRegulationCheck End
2018-01-12 09:33:00.5535 DESKTOP-2Q89F24 8 SRS1 ::1 ZZ1031DetailRule GetCommonData Begin
2018-01-12 09:33:00.5715 DESKTOP-2Q89F24 8 SRS1 ::1 ZZ1031DetailRule GetCommonData End
2018-01-12 09:33:00.5715 DESKTOP-2Q89F24 8 SRS1 ::1 ZZ1031DetailRule CheckInput Begin
2018-01-12 09:33:00.6255 DESKTOP-2Q89F24 8 SRS1 ::1 ZZ1031DetailRule CheckInput End
2018-01-12 09:33:05.8071 DESKTOP-2Q89F24 5 SRS1 ::1 LoginRule OnRegulationCheck Begin
2018-01-12 09:33:05.8071 DESKTOP-2Q89F24 5 SRS1 ::1 LoginRule OnRegulationCheck End
2018-01-12 09:33:05.8101 DESKTOP-2Q89F24 5 SRS1 ::1 ZZ1031DetailRule GetCommonData Begin
2018-01-12 09:33:05.8411 DESKTOP-2Q89F24 5 SRS1 ::1 ZZ1031DetailRule GetCommonData End
2018-01-12 09:33:05.8411 DESKTOP-2Q89F24 5 SRS1 ::1 ZZ1031DetailRule CheckInput Begin
2018-01-12 09:33:06.0521 DESKTOP-2Q89F24 5 SRS1 ::1 ZZ1031DetailRule CheckInput End
2018-01-12 09:33:11.8201 DESKTOP-2Q89F24 10 SRS1 ::1 LoginRule OnRegulationCheck Begin
2018-01-12 09:33:11.8201 DESKTOP-2Q89F24 10 SRS1 ::1 LoginRule OnRegulationCheck End
2018-01-12 09:33:11.8201 DESKTOP-2Q89F24 10 SRS1 ::1 ZZ1031DetailRule GetCommonData Begin
2018-01-12 09:33:11.8371 DESKTOP-2Q89F24 10 SRS1 ::1 ZZ1031DetailRule GetCommonData End
2018-01-12 09:33:11.8371 DESKTOP-2Q89F24 10 SRS1 ::1 ZZ1031DetailRule CheckInput Begin
2018-01-12 09:33:11.8581 DESKTOP-2Q89F24 10 SRS1 ::1 ZZ1031DetailRule CheckInput End
2018-01-12 09:33:15.1224 DESKTOP-2Q89F24 8 SRS1 ::1 LoginRule OnRegulationCheck Begin
2018-01-12 09:33:15.1224 DESKTOP-2Q89F24 8 SRS1 ::1 LoginRule OnRegulationCheck End
2018-01-12 09:33:15.1224 DESKTOP-2Q89F24 8 SRS1 ::1 ZZ1031DetailRule GetCommonData Begin
2018-01-12 09:33:15.1454 DESKTOP-2Q89F24 8 SRS1 ::1 ZZ1031DetailRule GetCommonData End
2018-01-12 09:33:15.1454 DESKTOP-2Q89F24 8 SRS1 ::1 ZZ1031DetailRule CheckInput Begin
2018-01-12 09:33:15.1454 DESKTOP-2Q89F24 8 SRS1 ::1 ZZ1031DetailRule CheckInput End
2018-01-12 09:33:18.7627 DESKTOP-2Q89F24 8 SRS1 ::1 LoginRule OnRegulationCheck Begin
2018-01-12 09:33:18.7627 DESKTOP-2Q89F24 8 SRS1 ::1 LoginRule OnRegulationCheck End
2018-01-12 09:33:18.7627 DESKTOP-2Q89F24 8 SRS1 ::1 ZZ1031DetailRule GetCommonData Begin
2018-01-12 09:33:18.8137 DESKTOP-2Q89F24 8 SRS1 ::1 ZZ1031DetailRule GetCommonData End
2018-01-12 09:33:18.8137 DESKTOP-2Q89F24 8 SRS1 ::1 RuleBase HasInsertPermission Begin
2018-01-12 09:33:18.8137 DESKTOP-2Q89F24 8 SRS1 ::1 RuleBase HasInsertPermission End
2018-01-12 09:33:18.8137 DESKTOP-2Q89F24 8 SRS1 ::1 ZZ1031DetailRule CheckInput Begin
2018-01-12 09:33:18.8137 DESKTOP-2Q89F24 8 SRS1 ::1 ZZ1031DetailRule CheckInput End
2018-01-12 09:33:18.8137 DESKTOP-2Q89F24 8 SRS1 ::1 ZZ1031DetailRule InsertDetail Begin
2018-01-12 09:33:18.8137 DESKTOP-2Q89F24 8 SRS1 ::1 ZZ1031DetailRule InsertDetail End
2018-01-12 09:33:18.8727 DESKTOP-2Q89F24 8 SRS1 ::1 LoginRule OnRegulationCheck Begin
2018-01-12 09:33:18.8727 DESKTOP-2Q89F24 8 SRS1 ::1 LoginRule OnRegulationCheck End
2018-01-12 09:33:18.8727 DESKTOP-2Q89F24 8 SRS1 ::1 ZZ1031SearchRule Init Begin
2018-01-12 09:33:18.8727 DESKTOP-2Q89F24 8 SRS1 ::1 ZZ1031SearchRule Init End
2018-01-12 09:33:18.8727 DESKTOP-2Q89F24 8 SRS1 ::1 ZZ1031SearchRule GetCommonData Begin
2018-01-12 09:33:18.9047 DESKTOP-2Q89F24 8 SRS1 ::1 ZZ1031SearchRule GetCommonData End
2018-01-12 09:33:21.0837 DESKTOP-2Q89F24 8 SRS1 ::1 LoginRule OnRegulationCheck Begin
2018-01-12 09:33:21.0837 DESKTOP-2Q89F24 8 SRS1 ::1 LoginRule OnRegulationCheck End
2018-01-12 09:33:21.0837 DESKTOP-2Q89F24 8 SRS1 ::1 ZZ1031SearchRule GetCommonData Begin
2018-01-12 09:33:21.1107 DESKTOP-2Q89F24 8 SRS1 ::1 ZZ1031SearchRule GetCommonData End
2018-01-12 09:33:21.1107 DESKTOP-2Q89F24 8 SRS1 ::1 RuleBase HasSearchPermission Begin
2018-01-12 09:33:21.1107 DESKTOP-2Q89F24 8 SRS1 ::1 RuleBase HasSearchPermission End
2018-01-12 09:33:21.1107 DESKTOP-2Q89F24 8 SRS1 ::1 ZZ1031SearchRule CheckCondition Begin
2018-01-12 09:33:21.1107 DESKTOP-2Q89F24 8 SRS1 ::1 ZZ1031SearchRule CheckCondition End
2018-01-12 09:33:21.1107 DESKTOP-2Q89F24 8 SRS1 ::1 ZZ1031SearchRule Search Begin
2018-01-12 09:33:21.1107 DESKTOP-2Q89F24 8 SRS1 ::1 ZZ1031SearchRule Search End
2018-01-12 09:33:21.1377 DESKTOP-2Q89F24 8 SRS1 ::1 LoginRule OnRegulationCheck Begin
2018-01-12 09:33:21.1377 DESKTOP-2Q89F24 8 SRS1 ::1 LoginRule OnRegulationCheck End
2018-01-12 09:33:21.1377 DESKTOP-2Q89F24 8 SRS1 ::1 ZZ1031DetailRule Init Begin
2018-01-12 09:33:21.2527 DESKTOP-2Q89F24 8 SRS1 ::1 ZZ1031DetailRule Init End
2018-01-12 09:33:21.2527 DESKTOP-2Q89F24 8 SRS1 ::1 ZZ1031DetailRule GetCommonData Begin
2018-01-12 09:33:21.2857 DESKTOP-2Q89F24 8 SRS1 ::1 ZZ1031DetailRule GetCommonData End
2018-01-12 09:33:28.9462 DESKTOP-2Q89F24 7 SRS1 ::1 LoginRule OnRegulationCheck Begin
2018-01-12 09:33:28.9462 DESKTOP-2Q89F24 7 SRS1 ::1 LoginRule OnRegulationCheck End
2018-01-12 09:33:28.9772 DESKTOP-2Q89F24 5 SRS1 ::1 LoginRule OnRegulationCheck Begin
2018-01-12 09:33:28.9772 DESKTOP-2Q89F24 5 SRS1 ::1 LoginRule OnRegulationCheck End
2018-01-12 09:33:28.9772 DESKTOP-2Q89F24 5 SRS1 ::1 ZZ1031SearchRule Init Begin
2018-01-12 09:33:28.9772 DESKTOP-2Q89F24 5 SRS1 ::1 ZZ1031SearchRule Init End
2018-01-12 09:33:28.9772 DESKTOP-2Q89F24 5 SRS1 ::1 ZZ1031SearchRule GetCommonData Begin
2018-01-12 09:33:28.9961 DESKTOP-2Q89F24 5 SRS1 ::1 ZZ1031SearchRule GetCommonData End
2018-01-12 09:33:30.3721 DESKTOP-2Q89F24 6 SRS1 ::1 LoginRule OnRegulationCheck Begin
2018-01-12 09:33:30.3721 DESKTOP-2Q89F24 6 SRS1 ::1 LoginRule OnRegulationCheck End
2018-01-12 09:33:30.4072 DESKTOP-2Q89F24 8 SRS1 ::1 LoginRule OnRegulationCheck Begin
2018-01-12 09:33:30.4072 DESKTOP-2Q89F24 8 SRS1 ::1 LoginRule OnRegulationCheck End
2018-01-12 09:33:30.4072 DESKTOP-2Q89F24 8 SRS1 ::1 ZZ1031DetailRule Init Begin
2018-01-12 09:33:30.4072 DESKTOP-2Q89F24 8 SRS1 ::1 ZZ1031DetailRule Init End
2018-01-12 09:33:30.4072 DESKTOP-2Q89F24 8 SRS1 ::1 ZZ1031DetailRule GetCommonData Begin
2018-01-12 09:33:30.4362 DESKTOP-2Q89F24 8 SRS1 ::1 ZZ1031DetailRule GetCommonData End
2018-01-12 09:34:32.7993 DESKTOP-2Q89F24 10 SRS1 ::1 LoginRule OnRegulationCheck Begin
2018-01-12 09:34:32.7993 DESKTOP-2Q89F24 10 SRS1 ::1 LoginRule OnRegulationCheck End
2018-01-12 09:34:32.7993 DESKTOP-2Q89F24 10 SRS1 ::1 ZZ1031DetailRule GetCommonData Begin
2018-01-12 09:34:32.8733 DESKTOP-2Q89F24 10 SRS1 ::1 ZZ1031DetailRule GetCommonData End
2018-01-12 09:34:32.8733 DESKTOP-2Q89F24 10 SRS1 ::1 ZZ1031DetailRule CheckInput Begin
2018-01-12 09:34:32.8733 DESKTOP-2Q89F24 10 SRS1 ::1 ZZ1031DetailRule CheckInput End
2018-01-12 09:35:04.5191 DESKTOP-2Q89F24 7 SRS1 ::1 LoginRule OnRegulationCheck Begin
2018-01-12 09:35:04.5191 DESKTOP-2Q89F24 7 SRS1 ::1 LoginRule OnRegulationCheck End
2018-01-12 09:35:04.6241 DESKTOP-2Q89F24 7 SRS1 ::1 LoginRule OnRegulationCheck Begin
2018-01-12 09:35:04.6241 DESKTOP-2Q89F24 7 SRS1 ::1 LoginRule OnRegulationCheck End
2018-01-12 09:35:04.6241 DESKTOP-2Q89F24 7 SRS1 ::1 ZZ1031SearchRule Init Begin
2018-01-12 09:35:04.6241 DESKTOP-2Q89F24 7 SRS1 ::1 ZZ1031SearchRule Init End
2018-01-12 09:35:04.6241 DESKTOP-2Q89F24 7 SRS1 ::1 ZZ1031SearchRule GetCommonData Begin
2018-01-12 09:35:04.6541 DESKTOP-2Q89F24 7 SRS1 ::1 ZZ1031SearchRule GetCommonData End
2018-01-12 09:35:06.2001 DESKTOP-2Q89F24 5 SRS1 ::1 LoginRule OnRegulationCheck Begin
2018-01-12 09:35:06.2001 DESKTOP-2Q89F24 5 SRS1 ::1 LoginRule OnRegulationCheck End
2018-01-12 09:35:06.2001 DESKTOP-2Q89F24 5 SRS1 ::1 ZZ1031SearchRule GetCommonData Begin
2018-01-12 09:35:06.2421 DESKTOP-2Q89F24 5 SRS1 ::1 ZZ1031SearchRule GetCommonData End
2018-01-12 09:35:06.2421 DESKTOP-2Q89F24 5 SRS1 ::1 RuleBase HasSearchPermission Begin
2018-01-12 09:35:06.2421 DESKTOP-2Q89F24 5 SRS1 ::1 RuleBase HasSearchPermission End
2018-01-12 09:35:06.2421 DESKTOP-2Q89F24 5 SRS1 ::1 ZZ1031SearchRule CheckCondition Begin
2018-01-12 09:35:06.2421 DESKTOP-2Q89F24 5 SRS1 ::1 ZZ1031SearchRule CheckCondition End
2018-01-12 09:35:06.2421 DESKTOP-2Q89F24 5 SRS1 ::1 ZZ1031SearchRule Search Begin
2018-01-12 09:35:06.2421 DESKTOP-2Q89F24 5 SRS1 ::1 ZZ1031SearchRule Search End
2018-01-12 09:35:06.3761 DESKTOP-2Q89F24 5 SRS1 ::1 LoginRule OnRegulationCheck Begin
2018-01-12 09:35:06.3761 DESKTOP-2Q89F24 5 SRS1 ::1 LoginRule OnRegulationCheck End
2018-01-12 09:35:06.3761 DESKTOP-2Q89F24 5 SRS1 ::1 ZZ1031DetailRule Init Begin
2018-01-12 09:35:06.5131 DESKTOP-2Q89F24 5 SRS1 ::1 ZZ1031DetailRule Init End
2018-01-12 09:35:06.5131 DESKTOP-2Q89F24 5 SRS1 ::1 ZZ1031DetailRule GetCommonData Begin
2018-01-12 09:35:06.5511 DESKTOP-2Q89F24 5 SRS1 ::1 ZZ1031DetailRule GetCommonData End
2018-01-12 09:49:54.3106 DESKTOP-2Q89F24 11 SRS1 ::1 LoginRule CheckLoginFailedLockDown Begin
2018-01-12 09:49:54.3106 DESKTOP-2Q89F24 11 SRS1 ::1 LoginRule CheckLoginFailedLockDown End
2018-01-12 09:49:54.3106 DESKTOP-2Q89F24 11 SRS1 ::1 LoginRule GetAuthentication Begin
2018-01-12 09:49:54.3106 DESKTOP-2Q89F24 11 SRS1 ::1 LoginRule GetAuthentication End
2018-01-12 09:49:54.3106 DESKTOP-2Q89F24 11 SRS1 ::1 LoginRule ClearLoginFailedCount Begin
2018-01-12 09:49:54.3106 DESKTOP-2Q89F24 11 SRS1 ::1 LoginRule ClearLoginFailedCount End
2018-01-12 09:49:54.3106 DESKTOP-2Q89F24 11 SRS1 ::1 LoginRule SetUserInfo Begin
2018-01-12 09:49:54.3106 DESKTOP-2Q89F24 11 SRS1 ::1 LoginRule SetUserInfo End
2018-01-12 09:49:54.4817 DESKTOP-2Q89F24 8 SRS1 ::1 MenuRule GetMenuData Begin
2018-01-12 09:49:54.6277 DESKTOP-2Q89F24 8 SRS1 ::1 MenuRule GetMenuData End
2018-01-12 09:49:54.6277 DESKTOP-2Q89F24 8 SRS1 ::1 MenuRule GetNoticeData Begin
2018-01-12 09:49:54.6277 DESKTOP-2Q89F24 8 SRS1 ::1 MenuRule GetNoticeData End
2018-01-12 09:49:57.1381 DESKTOP-2Q89F24 11 SRS1 ::1 LoginRule OnRegulationCheck Begin
2018-01-12 09:49:57.1381 DESKTOP-2Q89F24 11 SRS1 ::1 LoginRule OnRegulationCheck End
2018-01-12 09:49:57.1606 DESKTOP-2Q89F24 11 SRS1 ::1 ZZ1031SearchRule Init Begin
2018-01-12 09:49:57.1606 DESKTOP-2Q89F24 11 SRS1 ::1 ZZ1031SearchRule Init End
2018-01-12 09:49:57.1606 DESKTOP-2Q89F24 11 SRS1 ::1 ZZ1031SearchRule GetCommonData Begin
2018-01-12 09:49:57.4061 DESKTOP-2Q89F24 11 SRS1 ::1 ZZ1031SearchRule GetCommonData End
2018-01-12 09:50:01.1380 DESKTOP-2Q89F24 10 SRS1 ::1 LoginRule OnRegulationCheck Begin
2018-01-12 09:50:01.1380 DESKTOP-2Q89F24 10 SRS1 ::1 LoginRule OnRegulationCheck End
2018-01-12 09:50:01.1380 DESKTOP-2Q89F24 10 SRS1 ::1 ZZ1031SearchRule GetCommonData Begin
2018-01-12 09:50:01.1660 DESKTOP-2Q89F24 10 SRS1 ::1 ZZ1031SearchRule GetCommonData End
2018-01-12 09:50:01.1660 DESKTOP-2Q89F24 10 SRS1 ::1 RuleBase HasSearchPermission Begin
2018-01-12 09:50:01.1660 DESKTOP-2Q89F24 10 SRS1 ::1 RuleBase HasSearchPermission End
2018-01-12 09:50:01.1660 DESKTOP-2Q89F24 10 SRS1 ::1 ZZ1031SearchRule CheckCondition Begin
2018-01-12 09:50:01.2030 DESKTOP-2Q89F24 10 SRS1 ::1 ZZ1031SearchRule CheckCondition End
2018-01-12 09:50:01.2030 DESKTOP-2Q89F24 10 SRS1 ::1 ZZ1031SearchRule Search Begin
2018-01-12 09:50:01.2030 DESKTOP-2Q89F24 10 SRS1 ::1 ZZ1031SearchRule Search End
2018-01-12 09:50:01.3410 DESKTOP-2Q89F24 10 SRS1 ::1 LoginRule OnRegulationCheck Begin
2018-01-12 09:50:01.3410 DESKTOP-2Q89F24 10 SRS1 ::1 LoginRule OnRegulationCheck End
2018-01-12 09:50:01.3410 DESKTOP-2Q89F24 10 SRS1 ::1 ZZ1031DetailRule Init Begin
2018-01-12 09:50:01.4365 DESKTOP-2Q89F24 10 SRS1 ::1 ZZ1031DetailRule Init End
2018-01-12 09:50:01.4365 DESKTOP-2Q89F24 10 SRS1 ::1 ZZ1031DetailRule GetCommonData Begin
2018-01-12 09:50:01.6255 DESKTOP-2Q89F24 10 SRS1 ::1 ZZ1031DetailRule GetCommonData End
2018-01-12 09:50:04.5297 DESKTOP-2Q89F24 10 SRS1 ::1 LoginRule OnRegulationCheck Begin
2018-01-12 09:50:04.5297 DESKTOP-2Q89F24 10 SRS1 ::1 LoginRule OnRegulationCheck End
2018-01-12 09:50:04.5297 DESKTOP-2Q89F24 10 SRS1 ::1 ZZ1031DetailRule GetCommonData Begin
2018-01-12 09:50:04.5782 DESKTOP-2Q89F24 10 SRS1 ::1 ZZ1031DetailRule GetCommonData End
2018-01-12 09:50:04.5782 DESKTOP-2Q89F24 10 SRS1 ::1 ZZ1031DetailRule CheckInput Begin
2018-01-12 09:50:04.5782 DESKTOP-2Q89F24 10 SRS1 ::1 ZZ1031DetailRule CheckInput End
2018-01-12 09:50:10.1709 DESKTOP-2Q89F24 6 SRS1 ::1 LoginRule OnRegulationCheck Begin
2018-01-12 09:50:10.1709 DESKTOP-2Q89F24 6 SRS1 ::1 LoginRule OnRegulationCheck End
2018-01-12 09:50:10.1709 DESKTOP-2Q89F24 6 SRS1 ::1 ZZ1031DetailRule GetCommonData Begin
2018-01-12 09:50:10.2009 DESKTOP-2Q89F24 6 SRS1 ::1 ZZ1031DetailRule GetCommonData End
2018-01-12 09:50:10.2009 DESKTOP-2Q89F24 6 SRS1 ::1 RuleBase HasUpdatePermission Begin
2018-01-12 09:50:10.2009 DESKTOP-2Q89F24 6 SRS1 ::1 RuleBase HasUpdatePermission End
2018-01-12 09:50:10.2009 DESKTOP-2Q89F24 6 SRS1 ::1 ZZ1031DetailRule CheckInput Begin
2018-01-12 09:50:10.2009 DESKTOP-2Q89F24 6 SRS1 ::1 ZZ1031DetailRule CheckInput End
2018-01-12 09:52:28.3598 DESKTOP-2Q89F24 11 SRS1 ::1 LoginRule CheckLoginFailedLockDown Begin
2018-01-12 09:52:28.3598 DESKTOP-2Q89F24 11 SRS1 ::1 LoginRule CheckLoginFailedLockDown End
2018-01-12 09:52:28.3598 DESKTOP-2Q89F24 11 SRS1 ::1 LoginRule GetAuthentication Begin
2018-01-12 09:52:28.3598 DESKTOP-2Q89F24 11 SRS1 ::1 LoginRule GetAuthentication End
2018-01-12 09:52:28.3598 DESKTOP-2Q89F24 11 SRS1 ::1 LoginRule ClearLoginFailedCount Begin
2018-01-12 09:52:28.3598 DESKTOP-2Q89F24 11 SRS1 ::1 LoginRule ClearLoginFailedCount End
2018-01-12 09:52:28.3598 DESKTOP-2Q89F24 11 SRS1 ::1 LoginRule SetUserInfo Begin
2018-01-12 09:52:28.3723 DESKTOP-2Q89F24 11 SRS1 ::1 LoginRule SetUserInfo End
2018-01-12 09:52:28.4833 DESKTOP-2Q89F24 5 SRS1 ::1 MenuRule GetMenuData Begin
2018-01-12 09:52:28.5448 DESKTOP-2Q89F24 5 SRS1 ::1 MenuRule GetMenuData End
2018-01-12 09:52:28.5448 DESKTOP-2Q89F24 5 SRS1 ::1 MenuRule GetNoticeData Begin
2018-01-12 09:52:28.5448 DESKTOP-2Q89F24 5 SRS1 ::1 MenuRule GetNoticeData End
2018-01-12 09:52:31.9211 DESKTOP-2Q89F24 6 SRS1 ::1 LoginRule OnRegulationCheck Begin
2018-01-12 09:52:31.9211 DESKTOP-2Q89F24 6 SRS1 ::1 LoginRule OnRegulationCheck End
2018-01-12 09:52:31.9211 DESKTOP-2Q89F24 6 SRS1 ::1 ZZ1031SearchRule Init Begin
2018-01-12 09:52:31.9366 DESKTOP-2Q89F24 6 SRS1 ::1 ZZ1031SearchRule Init End
2018-01-12 09:52:31.9366 DESKTOP-2Q89F24 6 SRS1 ::1 ZZ1031SearchRule GetCommonData Begin
2018-01-12 09:52:32.0916 DESKTOP-2Q89F24 6 SRS1 ::1 ZZ1031SearchRule GetCommonData End
2018-01-12 09:52:34.4593 DESKTOP-2Q89F24 6 SRS1 ::1 LoginRule OnRegulationCheck Begin
2018-01-12 09:52:34.4593 DESKTOP-2Q89F24 6 SRS1 ::1 LoginRule OnRegulationCheck End
2018-01-12 09:52:34.4593 DESKTOP-2Q89F24 6 SRS1 ::1 ZZ1031SearchRule GetCommonData Begin
2018-01-12 09:52:34.4858 DESKTOP-2Q89F24 6 SRS1 ::1 ZZ1031SearchRule GetCommonData End
2018-01-12 09:52:34.4858 DESKTOP-2Q89F24 6 SRS1 ::1 RuleBase HasSearchPermission Begin
2018-01-12 09:52:34.4858 DESKTOP-2Q89F24 6 SRS1 ::1 RuleBase HasSearchPermission End
2018-01-12 09:52:34.4858 DESKTOP-2Q89F24 6 SRS1 ::1 ZZ1031SearchRule CheckCondition Begin
2018-01-12 09:52:34.4858 DESKTOP-2Q89F24 6 SRS1 ::1 ZZ1031SearchRule CheckCondition End
2018-01-12 09:52:34.4858 DESKTOP-2Q89F24 6 SRS1 ::1 ZZ1031SearchRule Search Begin
2018-01-12 09:52:34.4858 DESKTOP-2Q89F24 6 SRS1 ::1 ZZ1031SearchRule Search End
2018-01-12 09:52:34.5473 DESKTOP-2Q89F24 5 SRS1 ::1 LoginRule OnRegulationCheck Begin
2018-01-12 09:52:34.5473 DESKTOP-2Q89F24 5 SRS1 ::1 LoginRule OnRegulationCheck End
2018-01-12 09:52:34.5603 DESKTOP-2Q89F24 5 SRS1 ::1 ZZ1031DetailRule Init Begin
2018-01-12 09:52:34.9078 DESKTOP-2Q89F24 5 SRS1 ::1 ZZ1031DetailRule Init End
2018-01-12 09:52:34.9078 DESKTOP-2Q89F24 5 SRS1 ::1 ZZ1031DetailRule GetCommonData Begin
2018-01-12 09:52:34.9993 DESKTOP-2Q89F24 5 SRS1 ::1 ZZ1031DetailRule GetCommonData End
2018-01-12 09:52:37.4213 DESKTOP-2Q89F24 7 SRS1 ::1 LoginRule OnRegulationCheck Begin
2018-01-12 09:52:37.4213 DESKTOP-2Q89F24 7 SRS1 ::1 LoginRule OnRegulationCheck End
2018-01-12 09:52:37.4213 DESKTOP-2Q89F24 7 SRS1 ::1 ZZ1031DetailRule GetCommonData Begin
2018-01-12 09:52:37.4363 DESKTOP-2Q89F24 7 SRS1 ::1 ZZ1031DetailRule GetCommonData End
2018-01-12 09:52:37.4363 DESKTOP-2Q89F24 7 SRS1 ::1 ZZ1031DetailRule CheckInput Begin
2018-01-12 09:52:37.4513 DESKTOP-2Q89F24 7 SRS1 ::1 ZZ1031DetailRule CheckInput End
2018-01-12 10:06:27.0660 DESKTOP-2Q89F24 13 SRS1 ::1 LoginRule CheckLoginFailedLockDown Begin
2018-01-12 10:06:27.0660 DESKTOP-2Q89F24 13 SRS1 ::1 LoginRule CheckLoginFailedLockDown End
2018-01-12 10:06:27.0660 DESKTOP-2Q89F24 13 SRS1 ::1 LoginRule GetAuthentication Begin
2018-01-12 10:06:27.0660 DESKTOP-2Q89F24 13 SRS1 ::1 LoginRule GetAuthentication End
2018-01-12 10:06:27.0755 DESKTOP-2Q89F24 13 SRS1 ::1 LoginRule ClearLoginFailedCount Begin
2018-01-12 10:06:27.0755 DESKTOP-2Q89F24 13 SRS1 ::1 LoginRule ClearLoginFailedCount End
2018-01-12 10:06:27.0755 DESKTOP-2Q89F24 13 SRS1 ::1 LoginRule SetUserInfo Begin
2018-01-12 10:06:27.0755 DESKTOP-2Q89F24 13 SRS1 ::1 LoginRule SetUserInfo End
2018-01-12 10:06:27.1845 DESKTOP-2Q89F24 11 SRS1 ::1 MenuRule GetMenuData Begin
2018-01-12 10:06:27.2525 DESKTOP-2Q89F24 11 SRS1 ::1 MenuRule GetMenuData End
2018-01-12 10:06:27.2525 DESKTOP-2Q89F24 11 SRS1 ::1 MenuRule GetNoticeData Begin
2018-01-12 10:06:27.2525 DESKTOP-2Q89F24 11 SRS1 ::1 MenuRule GetNoticeData End
2018-01-12 10:06:30.9198 DESKTOP-2Q89F24 13 SRS1 ::1 LoginRule OnRegulationCheck Begin
2018-01-12 10:06:30.9198 DESKTOP-2Q89F24 13 SRS1 ::1 LoginRule OnRegulationCheck End
2018-01-12 10:06:30.9348 DESKTOP-2Q89F24 13 SRS1 ::1 ZZ1031SearchRule Init Begin
2018-01-12 10:06:30.9348 DESKTOP-2Q89F24 13 SRS1 ::1 ZZ1031SearchRule Init End
2018-01-12 10:06:30.9348 DESKTOP-2Q89F24 13 SRS1 ::1 ZZ1031SearchRule GetCommonData Begin
2018-01-12 10:06:31.0728 DESKTOP-2Q89F24 13 SRS1 ::1 ZZ1031SearchRule GetCommonData End
2018-01-12 10:06:34.9368 DESKTOP-2Q89F24 10 SRS1 ::1 LoginRule OnRegulationCheck Begin
2018-01-12 10:06:34.9368 DESKTOP-2Q89F24 10 SRS1 ::1 LoginRule OnRegulationCheck End
2018-01-12 10:06:34.9368 DESKTOP-2Q89F24 10 SRS1 ::1 ZZ1031SearchRule GetCommonData Begin
2018-01-12 10:06:34.9563 DESKTOP-2Q89F24 10 SRS1 ::1 ZZ1031SearchRule GetCommonData End
2018-01-12 10:06:34.9563 DESKTOP-2Q89F24 10 SRS1 ::1 RuleBase HasSearchPermission Begin
2018-01-12 10:06:34.9563 DESKTOP-2Q89F24 10 SRS1 ::1 RuleBase HasSearchPermission End
2018-01-12 10:06:34.9563 DESKTOP-2Q89F24 10 SRS1 ::1 ZZ1031SearchRule CheckCondition Begin
2018-01-12 10:06:34.9563 DESKTOP-2Q89F24 10 SRS1 ::1 ZZ1031SearchRule CheckCondition End
2018-01-12 10:06:34.9563 DESKTOP-2Q89F24 10 SRS1 ::1 ZZ1031SearchRule Search Begin
2018-01-12 10:06:34.9563 DESKTOP-2Q89F24 10 SRS1 ::1 ZZ1031SearchRule Search End
2018-01-12 10:06:35.0443 DESKTOP-2Q89F24 11 SRS1 ::1 LoginRule OnRegulationCheck Begin
2018-01-12 10:06:35.0443 DESKTOP-2Q89F24 11 SRS1 ::1 LoginRule OnRegulationCheck End
2018-01-12 10:06:35.0443 DESKTOP-2Q89F24 11 SRS1 ::1 ZZ1031DetailRule Init Begin
2018-01-12 10:06:35.2958 DESKTOP-2Q89F24 11 SRS1 ::1 ZZ1031DetailRule Init End
2018-01-12 10:06:35.2958 DESKTOP-2Q89F24 11 SRS1 ::1 ZZ1031DetailRule GetCommonData Begin
2018-01-12 10:06:35.3468 DESKTOP-2Q89F24 11 SRS1 ::1 ZZ1031DetailRule GetCommonData End
2018-01-12 10:06:42.2695 DESKTOP-2Q89F24 9 SRS1 ::1 LoginRule OnRegulationCheck Begin
2018-01-12 10:06:42.2695 DESKTOP-2Q89F24 9 SRS1 ::1 LoginRule OnRegulationCheck End
2018-01-12 10:06:42.2695 DESKTOP-2Q89F24 9 SRS1 ::1 ZZ1031DetailRule GetCommonData Begin
2018-01-12 10:06:42.2920 DESKTOP-2Q89F24 9 SRS1 ::1 ZZ1031DetailRule GetCommonData End
2018-01-12 10:06:42.2920 DESKTOP-2Q89F24 9 SRS1 ::1 RuleBase HasDeletePermission Begin
2018-01-12 10:06:42.2920 DESKTOP-2Q89F24 9 SRS1 ::1 RuleBase HasDeletePermission End
2018-01-12 10:06:42.2920 DESKTOP-2Q89F24 9 SRS1 ::1 ZZ1031DetailRule CheckInput Begin
2018-01-12 10:06:42.3105 DESKTOP-2Q89F24 9 SRS1 ::1 ZZ1031DetailRule CheckInput End
2018-01-12 10:08:58.7161 DESKTOP-2Q89F24 8 SRS1 ::1 LoginRule CheckLoginFailedLockDown Begin
2018-01-12 10:08:58.7161 DESKTOP-2Q89F24 8 SRS1 ::1 LoginRule CheckLoginFailedLockDown End
2018-01-12 10:08:58.7161 DESKTOP-2Q89F24 8 SRS1 ::1 LoginRule GetAuthentication Begin
2018-01-12 10:08:58.7161 DESKTOP-2Q89F24 8 SRS1 ::1 LoginRule GetAuthentication End
2018-01-12 10:08:58.7161 DESKTOP-2Q89F24 8 SRS1 ::1 LoginRule ClearLoginFailedCount Begin
2018-01-12 10:08:58.7316 DESKTOP-2Q89F24 8 SRS1 ::1 LoginRule ClearLoginFailedCount End
2018-01-12 10:08:58.7316 DESKTOP-2Q89F24 8 SRS1 ::1 LoginRule SetUserInfo Begin
2018-01-12 10:08:58.7316 DESKTOP-2Q89F24 8 SRS1 ::1 LoginRule SetUserInfo End
2018-01-12 10:08:58.8591 DESKTOP-2Q89F24 5 SRS1 ::1 MenuRule GetMenuData Begin
2018-01-12 10:08:58.9236 DESKTOP-2Q89F24 5 SRS1 ::1 MenuRule GetMenuData End
2018-01-12 10:08:58.9236 DESKTOP-2Q89F24 5 SRS1 ::1 MenuRule GetNoticeData Begin
2018-01-12 10:08:58.9236 DESKTOP-2Q89F24 5 SRS1 ::1 MenuRule GetNoticeData End
2018-01-12 10:09:01.9054 DESKTOP-2Q89F24 9 SRS1 ::1 LoginRule OnRegulationCheck Begin
2018-01-12 10:09:01.9054 DESKTOP-2Q89F24 9 SRS1 ::1 LoginRule OnRegulationCheck End
2018-01-12 10:09:01.9189 DESKTOP-2Q89F24 9 SRS1 ::1 ZZ1031SearchRule Init Begin
2018-01-12 10:09:01.9189 DESKTOP-2Q89F24 9 SRS1 ::1 ZZ1031SearchRule Init End
2018-01-12 10:09:01.9189 DESKTOP-2Q89F24 9 SRS1 ::1 ZZ1031SearchRule GetCommonData Begin
2018-01-12 10:09:02.0794 DESKTOP-2Q89F24 9 SRS1 ::1 ZZ1031SearchRule GetCommonData End
2018-01-12 10:09:04.3141 DESKTOP-2Q89F24 13 SRS1 ::1 LoginRule OnRegulationCheck Begin
2018-01-12 10:09:04.3141 DESKTOP-2Q89F24 13 SRS1 ::1 LoginRule OnRegulationCheck End
2018-01-12 10:09:04.3141 DESKTOP-2Q89F24 13 SRS1 ::1 ZZ1031SearchRule GetCommonData Begin
2018-01-12 10:09:04.5016 DESKTOP-2Q89F24 13 SRS1 ::1 ZZ1031SearchRule GetCommonData End
2018-01-12 10:09:04.5016 DESKTOP-2Q89F24 13 SRS1 ::1 RuleBase HasSearchPermission Begin
2018-01-12 10:09:04.5016 DESKTOP-2Q89F24 13 SRS1 ::1 RuleBase HasSearchPermission End
2018-01-12 10:09:04.5016 DESKTOP-2Q89F24 13 SRS1 ::1 ZZ1031SearchRule CheckCondition Begin
2018-01-12 10:09:04.5181 DESKTOP-2Q89F24 13 SRS1 ::1 ZZ1031SearchRule CheckCondition End
2018-01-12 10:09:04.5181 DESKTOP-2Q89F24 13 SRS1 ::1 ZZ1031SearchRule Search Begin
2018-01-12 10:09:04.5181 DESKTOP-2Q89F24 13 SRS1 ::1 ZZ1031SearchRule Search End
2018-01-12 10:09:04.6106 DESKTOP-2Q89F24 6 SRS1 ::1 LoginRule OnRegulationCheck Begin
2018-01-12 10:09:04.6106 DESKTOP-2Q89F24 6 SRS1 ::1 LoginRule OnRegulationCheck End
2018-01-12 10:09:04.6106 DESKTOP-2Q89F24 6 SRS1 ::1 ZZ1031DetailRule Init Begin
2018-01-12 10:09:04.7646 DESKTOP-2Q89F24 6 SRS1 ::1 ZZ1031DetailRule Init End
2018-01-12 10:09:04.7646 DESKTOP-2Q89F24 6 SRS1 ::1 ZZ1031DetailRule GetCommonData Begin
2018-01-12 10:09:04.8251 DESKTOP-2Q89F24 6 SRS1 ::1 ZZ1031DetailRule GetCommonData End
2018-01-12 13:04:37.3449 DESKTOP-2Q89F24 10  ::1 LoginRule CheckLoginFailedLockDown Begin
2018-01-12 13:04:37.3449 DESKTOP-2Q89F24 10  ::1 LoginRule CheckLoginFailedLockDown End
2018-01-12 13:04:37.3564 DESKTOP-2Q89F24 10  ::1 LoginRule GetAuthentication Begin
2018-01-12 13:04:37.3564 DESKTOP-2Q89F24 10  ::1 LoginRule GetAuthentication End
2018-01-12 13:04:37.3564 DESKTOP-2Q89F24 10  ::1 LoginRule ClearLoginFailedCount Begin
2018-01-12 13:04:37.3564 DESKTOP-2Q89F24 10  ::1 LoginRule ClearLoginFailedCount End
2018-01-12 13:04:37.3564 DESKTOP-2Q89F24 10  ::1 LoginRule SetUserInfo Begin
2018-01-12 13:04:37.3564 DESKTOP-2Q89F24 10  ::1 LoginRule SetUserInfo End
2018-01-12 13:04:37.5139 DESKTOP-2Q89F24 10 SRS1 ::1 MenuRule GetMenuData Begin
2018-01-12 13:04:37.7039 DESKTOP-2Q89F24 10 SRS1 ::1 MenuRule GetMenuData End
2018-01-12 13:04:37.7039 DESKTOP-2Q89F24 10 SRS1 ::1 MenuRule GetNoticeData Begin
2018-01-12 13:04:37.7159 DESKTOP-2Q89F24 10 SRS1 ::1 MenuRule GetNoticeData End
2018-01-12 13:04:40.8409 DESKTOP-2Q89F24 8 SRS1 ::1 LoginRule OnRegulationCheck Begin
2018-01-12 13:04:40.8409 DESKTOP-2Q89F24 8 SRS1 ::1 LoginRule OnRegulationCheck End
2018-01-12 13:04:40.8409 DESKTOP-2Q89F24 8 SRS1 ::1 ZZ1031SearchRule Init Begin
2018-01-12 13:04:40.8409 DESKTOP-2Q89F24 8 SRS1 ::1 ZZ1031SearchRule Init End
2018-01-12 13:04:40.8409 DESKTOP-2Q89F24 8 SRS1 ::1 ZZ1031SearchRule GetCommonData Begin
2018-01-12 13:04:41.2329 DESKTOP-2Q89F24 8 SRS1 ::1 ZZ1031SearchRule GetCommonData End
2018-01-12 13:04:45.9164 DESKTOP-2Q89F24 8 SRS1 ::1 LoginRule OnRegulationCheck Begin
2018-01-12 13:04:45.9164 DESKTOP-2Q89F24 8 SRS1 ::1 LoginRule OnRegulationCheck End
2018-01-12 13:04:45.9194 DESKTOP-2Q89F24 8 SRS1 ::1 ZZ1031SearchRule GetCommonData Begin
2018-01-12 13:04:45.9704 DESKTOP-2Q89F24 8 SRS1 ::1 ZZ1031SearchRule GetCommonData End
2018-01-12 13:04:45.9704 DESKTOP-2Q89F24 8 SRS1 ::1 RuleBase HasSearchPermission Begin
2018-01-12 13:04:45.9824 DESKTOP-2Q89F24 8 SRS1 ::1 RuleBase HasSearchPermission End
2018-01-12 13:04:45.9824 DESKTOP-2Q89F24 8 SRS1 ::1 ZZ1031SearchRule CheckCondition Begin
2018-01-12 13:04:45.9824 DESKTOP-2Q89F24 8 SRS1 ::1 ZZ1031SearchRule CheckCondition End
2018-01-12 13:04:45.9824 DESKTOP-2Q89F24 8 SRS1 ::1 ZZ1031SearchRule Search Begin
2018-01-12 13:04:45.9824 DESKTOP-2Q89F24 8 SRS1 ::1 ZZ1031SearchRule Search End
2018-01-12 13:04:46.1694 DESKTOP-2Q89F24 13 SRS1 ::1 LoginRule OnRegulationCheck Begin
2018-01-12 13:04:46.1694 DESKTOP-2Q89F24 13 SRS1 ::1 LoginRule OnRegulationCheck End
2018-01-12 13:04:46.1694 DESKTOP-2Q89F24 13 SRS1 ::1 ZZ1031DetailRule Init Begin
2018-01-12 13:04:46.5289 DESKTOP-2Q89F24 13 SRS1 ::1 ZZ1031DetailRule Init End
2018-01-12 13:04:46.5289 DESKTOP-2Q89F24 13 SRS1 ::1 ZZ1031DetailRule GetCommonData Begin
2018-01-12 13:04:46.5514 DESKTOP-2Q89F24 13 SRS1 ::1 ZZ1031DetailRule GetCommonData End
2018-01-12 13:35:25.1285 DESKTOP-2Q89F24 13 SRS1 ::1 LoginRule CheckLoginFailedLockDown Begin
2018-01-12 13:35:25.1285 DESKTOP-2Q89F24 13 SRS1 ::1 LoginRule CheckLoginFailedLockDown End
2018-01-12 13:35:25.1285 DESKTOP-2Q89F24 13 SRS1 ::1 LoginRule GetAuthentication Begin
2018-01-12 13:35:25.1285 DESKTOP-2Q89F24 13 SRS1 ::1 LoginRule GetAuthentication End
2018-01-12 13:35:25.1380 DESKTOP-2Q89F24 13 SRS1 ::1 LoginRule ClearLoginFailedCount Begin
2018-01-12 13:35:25.1380 DESKTOP-2Q89F24 13 SRS1 ::1 LoginRule ClearLoginFailedCount End
2018-01-12 13:35:25.1380 DESKTOP-2Q89F24 13 SRS1 ::1 LoginRule SetUserInfo Begin
2018-01-12 13:35:25.1380 DESKTOP-2Q89F24 13 SRS1 ::1 LoginRule SetUserInfo End
2018-01-12 13:35:25.3565 DESKTOP-2Q89F24 13 SRS1 ::1 MenuRule GetMenuData Begin
2018-01-12 13:35:25.4695 DESKTOP-2Q89F24 13 SRS1 ::1 MenuRule GetMenuData End
2018-01-12 13:35:25.4695 DESKTOP-2Q89F24 13 SRS1 ::1 MenuRule GetNoticeData Begin
2018-01-12 13:35:25.4695 DESKTOP-2Q89F24 13 SRS1 ::1 MenuRule GetNoticeData End
2018-01-12 13:35:27.9673 DESKTOP-2Q89F24 7 SRS1 ::1 LoginRule OnRegulationCheck Begin
2018-01-12 13:35:27.9673 DESKTOP-2Q89F24 7 SRS1 ::1 LoginRule OnRegulationCheck End
2018-01-12 13:35:27.9818 DESKTOP-2Q89F24 7 SRS1 ::1 ZZ1031SearchRule Init Begin
2018-01-12 13:35:27.9818 DESKTOP-2Q89F24 7 SRS1 ::1 ZZ1031SearchRule Init End
2018-01-12 13:35:27.9818 DESKTOP-2Q89F24 7 SRS1 ::1 ZZ1031SearchRule GetCommonData Begin
2018-01-12 13:35:28.3413 DESKTOP-2Q89F24 7 SRS1 ::1 ZZ1031SearchRule GetCommonData End
2018-01-12 13:35:32.2016 DESKTOP-2Q89F24 5 SRS1 ::1 LoginRule OnRegulationCheck Begin
2018-01-12 13:35:32.2016 DESKTOP-2Q89F24 5 SRS1 ::1 LoginRule OnRegulationCheck End
2018-01-12 13:35:32.2016 DESKTOP-2Q89F24 5 SRS1 ::1 ZZ1031SearchRule GetCommonData Begin
2018-01-12 13:35:32.2236 DESKTOP-2Q89F24 5 SRS1 ::1 ZZ1031SearchRule GetCommonData End
2018-01-12 13:35:32.2236 DESKTOP-2Q89F24 5 SRS1 ::1 RuleBase HasSearchPermission Begin
2018-01-12 13:35:32.2236 DESKTOP-2Q89F24 5 SRS1 ::1 RuleBase HasSearchPermission End
2018-01-12 13:35:32.2236 DESKTOP-2Q89F24 5 SRS1 ::1 ZZ1031SearchRule CheckCondition Begin
2018-01-12 13:35:32.2236 DESKTOP-2Q89F24 5 SRS1 ::1 ZZ1031SearchRule CheckCondition End
2018-01-12 13:35:32.2236 DESKTOP-2Q89F24 5 SRS1 ::1 ZZ1031SearchRule Search Begin
2018-01-12 13:35:32.2236 DESKTOP-2Q89F24 5 SRS1 ::1 ZZ1031SearchRule Search End
2018-01-12 13:35:32.4666 DESKTOP-2Q89F24 5 SRS1 ::1 LoginRule OnRegulationCheck Begin
2018-01-12 13:35:32.4666 DESKTOP-2Q89F24 5 SRS1 ::1 LoginRule OnRegulationCheck End
2018-01-12 13:35:32.4666 DESKTOP-2Q89F24 5 SRS1 ::1 ZZ1031DetailRule Init Begin
2018-01-12 13:35:32.8726 DESKTOP-2Q89F24 5 SRS1 ::1 ZZ1031DetailRule Init End
2018-01-12 13:35:32.8726 DESKTOP-2Q89F24 5 SRS1 ::1 ZZ1031DetailRule GetCommonData Begin
2018-01-12 13:35:32.9531 DESKTOP-2Q89F24 5 SRS1 ::1 ZZ1031DetailRule GetCommonData End
2018-01-12 13:35:35.0016 DESKTOP-2Q89F24 5 SRS1 ::1 LoginRule OnRegulationCheck Begin
2018-01-12 13:35:35.0126 DESKTOP-2Q89F24 5 SRS1 ::1 LoginRule OnRegulationCheck End
2018-01-12 13:35:56.2377 DESKTOP-2Q89F24 13 SRS1 ::1 LoginRule OnRegulationCheck Begin
2018-01-12 13:35:56.2377 DESKTOP-2Q89F24 13 SRS1 ::1 LoginRule OnRegulationCheck End
2018-01-12 13:36:06.7070 DESKTOP-2Q89F24 8 SRS1 ::1 LoginRule OnRegulationCheck Begin
2018-01-12 13:36:06.7070 DESKTOP-2Q89F24 8 SRS1 ::1 LoginRule OnRegulationCheck End
2018-01-12 13:36:06.7070 DESKTOP-2Q89F24 8 SRS1 ::1 ZZ1031DetailRule GetCommonData Begin
2018-01-12 13:36:06.7560 DESKTOP-2Q89F24 8 SRS1 ::1 ZZ1031DetailRule GetCommonData End
2018-01-12 13:36:06.7560 DESKTOP-2Q89F24 8 SRS1 ::1 ZZ1031DetailRule CheckInput Begin
2018-01-12 13:36:06.7635 DESKTOP-2Q89F24 8 SRS1 ::1 ZZ1031DetailRule CheckInput End
2018-01-12 13:36:09.7497 DESKTOP-2Q89F24 8 SRS1 ::1 LoginRule OnRegulationCheck Begin
2018-01-12 13:36:09.7497 DESKTOP-2Q89F24 8 SRS1 ::1 LoginRule OnRegulationCheck End
2018-01-12 13:39:58.5449 DESKTOP-2Q89F24 13 SRS1 ::1 LoginRule CheckLoginFailedLockDown Begin
2018-01-12 13:39:58.5449 DESKTOP-2Q89F24 13 SRS1 ::1 LoginRule CheckLoginFailedLockDown End
2018-01-12 13:39:58.5449 DESKTOP-2Q89F24 13 SRS1 ::1 LoginRule GetAuthentication Begin
2018-01-12 13:39:58.5449 DESKTOP-2Q89F24 13 SRS1 ::1 LoginRule GetAuthentication End
2018-01-12 13:39:58.5449 DESKTOP-2Q89F24 13 SRS1 ::1 LoginRule ClearLoginFailedCount Begin
2018-01-12 13:39:58.5449 DESKTOP-2Q89F24 13 SRS1 ::1 LoginRule ClearLoginFailedCount End
2018-01-12 13:39:58.5449 DESKTOP-2Q89F24 13 SRS1 ::1 LoginRule SetUserInfo Begin
2018-01-12 13:39:58.5449 DESKTOP-2Q89F24 13 SRS1 ::1 LoginRule SetUserInfo End
2018-01-12 13:39:58.7059 DESKTOP-2Q89F24 13 SRS1 ::1 MenuRule GetMenuData Begin
2018-01-12 13:39:58.7969 DESKTOP-2Q89F24 13 SRS1 ::1 MenuRule GetMenuData End
2018-01-12 13:39:58.7969 DESKTOP-2Q89F24 13 SRS1 ::1 MenuRule GetNoticeData Begin
2018-01-12 13:39:58.7969 DESKTOP-2Q89F24 13 SRS1 ::1 MenuRule GetNoticeData End
2018-01-12 13:40:01.7952 DESKTOP-2Q89F24 8 SRS1 ::1 LoginRule OnRegulationCheck Begin
2018-01-12 13:40:01.7952 DESKTOP-2Q89F24 8 SRS1 ::1 LoginRule OnRegulationCheck End
2018-01-12 13:40:01.8097 DESKTOP-2Q89F24 8 SRS1 ::1 ZZ1031SearchRule Init Begin
2018-01-12 13:40:01.8097 DESKTOP-2Q89F24 8 SRS1 ::1 ZZ1031SearchRule Init End
2018-01-12 13:40:01.8097 DESKTOP-2Q89F24 8 SRS1 ::1 ZZ1031SearchRule GetCommonData Begin
2018-01-12 13:40:01.8917 DESKTOP-2Q89F24 8 SRS1 ::1 ZZ1031SearchRule GetCommonData End
2018-01-12 14:02:41.0323 DESKTOP-2Q89F24 12 SRS1 ::1 LoginRule CheckLoginFailedLockDown Begin
2018-01-12 14:02:41.0323 DESKTOP-2Q89F24 12 SRS1 ::1 LoginRule CheckLoginFailedLockDown End
2018-01-12 14:02:41.0323 DESKTOP-2Q89F24 12 SRS1 ::1 LoginRule GetAuthentication Begin
2018-01-12 14:02:41.0323 DESKTOP-2Q89F24 12 SRS1 ::1 LoginRule GetAuthentication End
2018-01-12 14:02:41.0323 DESKTOP-2Q89F24 12 SRS1 ::1 LoginRule ClearLoginFailedCount Begin
2018-01-12 14:02:41.0323 DESKTOP-2Q89F24 12 SRS1 ::1 LoginRule ClearLoginFailedCount End
2018-01-12 14:02:41.0323 DESKTOP-2Q89F24 12 SRS1 ::1 LoginRule SetUserInfo Begin
2018-01-12 14:02:41.0323 DESKTOP-2Q89F24 12 SRS1 ::1 LoginRule SetUserInfo End
2018-01-12 14:02:41.2323 DESKTOP-2Q89F24 7 SRS1 ::1 MenuRule GetMenuData Begin
2018-01-12 14:02:41.3723 DESKTOP-2Q89F24 7 SRS1 ::1 MenuRule GetMenuData End
2018-01-12 14:02:41.3723 DESKTOP-2Q89F24 7 SRS1 ::1 MenuRule GetNoticeData Begin
2018-01-12 14:02:41.3723 DESKTOP-2Q89F24 7 SRS1 ::1 MenuRule GetNoticeData End
2018-01-12 14:02:44.8793 DESKTOP-2Q89F24 12 SRS1 ::1 LoginRule OnRegulationCheck Begin
2018-01-12 14:02:44.8793 DESKTOP-2Q89F24 12 SRS1 ::1 LoginRule OnRegulationCheck End
2018-01-12 14:02:44.8883 DESKTOP-2Q89F24 12 SRS1 ::1 ZZ1031SearchRule Init Begin
2018-01-12 14:02:44.8883 DESKTOP-2Q89F24 12 SRS1 ::1 ZZ1031SearchRule Init End
2018-01-12 14:02:44.8883 DESKTOP-2Q89F24 12 SRS1 ::1 ZZ1031SearchRule GetCommonData Begin
2018-01-12 14:02:45.3233 DESKTOP-2Q89F24 12 SRS1 ::1 ZZ1031SearchRule GetCommonData End
2018-01-12 14:34:42.7065 DESKTOP-2Q89F24 7 SRS1 ::1 LoginRule CheckLoginFailedLockDown Begin
2018-01-12 14:34:42.7065 DESKTOP-2Q89F24 7 SRS1 ::1 LoginRule CheckLoginFailedLockDown End
2018-01-12 14:34:42.7065 DESKTOP-2Q89F24 7 SRS1 ::1 LoginRule GetAuthentication Begin
2018-01-12 14:34:42.7065 DESKTOP-2Q89F24 7 SRS1 ::1 LoginRule GetAuthentication End
2018-01-12 14:34:42.7065 DESKTOP-2Q89F24 7 SRS1 ::1 LoginRule ClearLoginFailedCount Begin
2018-01-12 14:34:42.7065 DESKTOP-2Q89F24 7 SRS1 ::1 LoginRule ClearLoginFailedCount End
2018-01-12 14:34:42.7065 DESKTOP-2Q89F24 7 SRS1 ::1 LoginRule SetUserInfo Begin
2018-01-12 14:34:42.7180 DESKTOP-2Q89F24 7 SRS1 ::1 LoginRule SetUserInfo End
2018-01-12 14:34:42.8880 DESKTOP-2Q89F24 7 SRS1 ::1 MenuRule GetMenuData Begin
2018-01-12 14:34:42.9725 DESKTOP-2Q89F24 7 SRS1 ::1 MenuRule GetMenuData End
2018-01-12 14:34:42.9725 DESKTOP-2Q89F24 7 SRS1 ::1 MenuRule GetNoticeData Begin
2018-01-12 14:34:42.9725 DESKTOP-2Q89F24 7 SRS1 ::1 MenuRule GetNoticeData End
2018-01-12 14:34:45.7793 DESKTOP-2Q89F24 8 SRS1 ::1 LoginRule OnRegulationCheck Begin
2018-01-12 14:34:45.7793 DESKTOP-2Q89F24 8 SRS1 ::1 LoginRule OnRegulationCheck End
2018-01-12 14:34:45.7793 DESKTOP-2Q89F24 8 SRS1 ::1 ZZ1031SearchRule Init Begin
2018-01-12 14:34:45.7793 DESKTOP-2Q89F24 8 SRS1 ::1 ZZ1031SearchRule Init End
2018-01-12 14:34:45.7793 DESKTOP-2Q89F24 8 SRS1 ::1 ZZ1031SearchRule GetCommonData Begin
2018-01-12 14:34:46.0328 DESKTOP-2Q89F24 8 SRS1 ::1 ZZ1031SearchRule GetCommonData End
2018-01-12 14:41:23.6534 DESKTOP-2Q89F24 6 SRS1 ::1 LoginRule CheckLoginFailedLockDown Begin
2018-01-12 14:41:23.6534 DESKTOP-2Q89F24 6 SRS1 ::1 LoginRule CheckLoginFailedLockDown End
2018-01-12 14:41:23.6534 DESKTOP-2Q89F24 6 SRS1 ::1 LoginRule GetAuthentication Begin
2018-01-12 14:41:23.6689 DESKTOP-2Q89F24 6 SRS1 ::1 LoginRule GetAuthentication End
2018-01-12 14:41:23.6689 DESKTOP-2Q89F24 6 SRS1 ::1 LoginRule ClearLoginFailedCount Begin
2018-01-12 14:41:23.6689 DESKTOP-2Q89F24 6 SRS1 ::1 LoginRule ClearLoginFailedCount End
2018-01-12 14:41:23.6689 DESKTOP-2Q89F24 6 SRS1 ::1 LoginRule SetUserInfo Begin
2018-01-12 14:41:23.6689 DESKTOP-2Q89F24 6 SRS1 ::1 LoginRule SetUserInfo End
2018-01-12 14:41:23.8589 DESKTOP-2Q89F24 6 SRS1 ::1 MenuRule GetMenuData Begin
2018-01-12 14:41:23.9819 DESKTOP-2Q89F24 6 SRS1 ::1 MenuRule GetMenuData End
2018-01-12 14:41:23.9819 DESKTOP-2Q89F24 6 SRS1 ::1 MenuRule GetNoticeData Begin
2018-01-12 14:41:23.9819 DESKTOP-2Q89F24 6 SRS1 ::1 MenuRule GetNoticeData End
2018-01-12 14:41:26.6845 DESKTOP-2Q89F24 13 SRS1 ::1 LoginRule OnRegulationCheck Begin
2018-01-12 14:41:26.6845 DESKTOP-2Q89F24 13 SRS1 ::1 LoginRule OnRegulationCheck End
2018-01-12 14:41:26.6845 DESKTOP-2Q89F24 13 SRS1 ::1 ZZ1031SearchRule Init Begin
2018-01-12 14:41:26.6845 DESKTOP-2Q89F24 13 SRS1 ::1 ZZ1031SearchRule Init End
2018-01-12 14:41:26.6845 DESKTOP-2Q89F24 13 SRS1 ::1 ZZ1031SearchRule GetCommonData Begin
2018-01-12 14:41:27.0405 DESKTOP-2Q89F24 13 SRS1 ::1 ZZ1031SearchRule GetCommonData End
2018-01-12 14:41:31.7331 DESKTOP-2Q89F24 5 SRS1 ::1 LoginRule OnRegulationCheck Begin
2018-01-12 14:41:31.7331 DESKTOP-2Q89F24 5 SRS1 ::1 LoginRule OnRegulationCheck End
2018-01-12 14:41:31.7331 DESKTOP-2Q89F24 5 SRS1 ::1 ZZ1031SearchRule GetCommonData Begin
2018-01-12 14:41:31.8191 DESKTOP-2Q89F24 5 SRS1 ::1 ZZ1031SearchRule GetCommonData End
2018-01-12 14:41:31.8191 DESKTOP-2Q89F24 5 SRS1 ::1 RuleBase HasSearchPermission Begin
2018-01-12 14:41:31.8256 DESKTOP-2Q89F24 5 SRS1 ::1 RuleBase HasSearchPermission End
2018-01-12 14:41:31.8256 DESKTOP-2Q89F24 5 SRS1 ::1 ZZ1031SearchRule CheckCondition Begin
2018-01-12 14:41:31.8426 DESKTOP-2Q89F24 5 SRS1 ::1 ZZ1031SearchRule CheckCondition End
2018-01-12 14:41:31.8426 DESKTOP-2Q89F24 5 SRS1 ::1 ZZ1031SearchRule Search Begin
2018-01-12 14:41:31.8426 DESKTOP-2Q89F24 5 SRS1 ::1 ZZ1031SearchRule Search End
2018-01-12 14:41:32.0471 DESKTOP-2Q89F24 5 SRS1 ::1 LoginRule OnRegulationCheck Begin
2018-01-12 14:41:32.0596 DESKTOP-2Q89F24 5 SRS1 ::1 LoginRule OnRegulationCheck End
2018-01-12 14:41:32.0596 DESKTOP-2Q89F24 5 SRS1 ::1 ZZ1031DetailRule Init Begin
2018-01-12 14:41:32.5201 DESKTOP-2Q89F24 5 SRS1 ::1 ZZ1031DetailRule Init End
2018-01-12 14:41:32.5201 DESKTOP-2Q89F24 5 SRS1 ::1 ZZ1031DetailRule GetCommonData Begin
2018-01-12 14:41:32.5596 DESKTOP-2Q89F24 5 SRS1 ::1 ZZ1031DetailRule GetCommonData End
2018-01-12 14:42:46.1040 DESKTOP-2Q89F24 13 SRS1 ::1 LoginRule OnRegulationCheck Begin
2018-01-12 14:42:46.1040 DESKTOP-2Q89F24 13 SRS1 ::1 LoginRule OnRegulationCheck End
2018-01-12 14:42:46.1549 DESKTOP-2Q89F24 5 SRS1 ::1 LoginRule OnRegulationCheck Begin
2018-01-12 14:42:46.1549 DESKTOP-2Q89F24 5 SRS1 ::1 LoginRule OnRegulationCheck End
2018-01-12 14:42:46.1549 DESKTOP-2Q89F24 5 SRS1 ::1 ZZ1031SearchRule Init Begin
2018-01-12 14:42:46.1549 DESKTOP-2Q89F24 5 SRS1 ::1 ZZ1031SearchRule Init End
2018-01-12 14:42:46.1549 DESKTOP-2Q89F24 5 SRS1 ::1 ZZ1031SearchRule GetCommonData Begin
2018-01-12 14:42:46.3574 DESKTOP-2Q89F24 5 SRS1 ::1 ZZ1031SearchRule GetCommonData End
2018-01-12 14:43:41.6179 DESKTOP-2Q89F24 10 SRS1 ::1 LoginRule OnRegulationCheck Begin
2018-01-12 14:43:41.6179 DESKTOP-2Q89F24 10 SRS1 ::1 LoginRule OnRegulationCheck End
2018-01-12 14:43:41.6179 DESKTOP-2Q89F24 10 SRS1 ::1 ZZ1031SearchRule GetCommonData Begin
2018-01-12 14:43:41.8189 DESKTOP-2Q89F24 10 SRS1 ::1 ZZ1031SearchRule GetCommonData End
2018-01-12 14:43:41.8189 DESKTOP-2Q89F24 10 SRS1 ::1 RuleBase HasSearchPermission Begin
2018-01-12 14:43:41.8189 DESKTOP-2Q89F24 10 SRS1 ::1 RuleBase HasSearchPermission End
2018-01-12 14:43:41.8189 DESKTOP-2Q89F24 10 SRS1 ::1 ZZ1031SearchRule CheckCondition Begin
2018-01-12 14:43:41.8189 DESKTOP-2Q89F24 10 SRS1 ::1 ZZ1031SearchRule CheckCondition End
2018-01-12 14:43:41.8189 DESKTOP-2Q89F24 10 SRS1 ::1 ZZ1031SearchRule Search Begin
2018-01-12 14:43:41.8189 DESKTOP-2Q89F24 10 SRS1 ::1 ZZ1031SearchRule Search End
2018-01-12 14:43:41.9864 DESKTOP-2Q89F24 10 SRS1 ::1 LoginRule OnRegulationCheck Begin
2018-01-12 14:43:41.9864 DESKTOP-2Q89F24 10 SRS1 ::1 LoginRule OnRegulationCheck End
2018-01-12 14:43:41.9864 DESKTOP-2Q89F24 10 SRS1 ::1 ZZ1031DetailRule Init Begin
2018-01-12 14:43:42.3299 DESKTOP-2Q89F24 10 SRS1 ::1 ZZ1031DetailRule Init End
2018-01-12 14:43:42.3299 DESKTOP-2Q89F24 10 SRS1 ::1 ZZ1031DetailRule GetCommonData Begin
2018-01-12 14:43:42.3824 DESKTOP-2Q89F24 10 SRS1 ::1 ZZ1031DetailRule GetCommonData End
2018-01-12 14:45:33.7539 DESKTOP-2Q89F24 12 SRS1 ::1 LoginRule OnRegulationCheck Begin
2018-01-12 14:45:33.7539 DESKTOP-2Q89F24 12 SRS1 ::1 LoginRule OnRegulationCheck End
2018-01-12 14:45:33.8454 DESKTOP-2Q89F24 13 SRS1 ::1 LoginRule OnRegulationCheck Begin
2018-01-12 14:45:33.8454 DESKTOP-2Q89F24 13 SRS1 ::1 LoginRule OnRegulationCheck End
2018-01-12 14:45:33.8454 DESKTOP-2Q89F24 13 SRS1 ::1 ZZ1031SearchRule Init Begin
2018-01-12 14:45:33.8454 DESKTOP-2Q89F24 13 SRS1 ::1 ZZ1031SearchRule Init End
2018-01-12 14:45:33.8454 DESKTOP-2Q89F24 13 SRS1 ::1 ZZ1031SearchRule GetCommonData Begin
2018-01-12 14:45:34.0054 DESKTOP-2Q89F24 13 SRS1 ::1 ZZ1031SearchRule GetCommonData End
2018-01-12 14:45:41.5284 DESKTOP-2Q89F24 5 SRS1 ::1 LoginRule OnRegulationCheck Begin
2018-01-12 14:45:41.5284 DESKTOP-2Q89F24 5 SRS1 ::1 LoginRule OnRegulationCheck End
2018-01-12 14:45:41.5284 DESKTOP-2Q89F24 5 SRS1 ::1 ZZ1031SearchRule GetCommonData Begin
2018-01-12 14:45:41.6914 DESKTOP-2Q89F24 5 SRS1 ::1 ZZ1031SearchRule GetCommonData End
2018-01-12 14:45:41.6914 DESKTOP-2Q89F24 5 SRS1 ::1 RuleBase HasSearchPermission Begin
2018-01-12 14:45:41.6914 DESKTOP-2Q89F24 5 SRS1 ::1 RuleBase HasSearchPermission End
2018-01-12 14:45:41.6914 DESKTOP-2Q89F24 5 SRS1 ::1 ZZ1031SearchRule CheckCondition Begin
2018-01-12 14:45:41.6914 DESKTOP-2Q89F24 5 SRS1 ::1 ZZ1031SearchRule CheckCondition End
2018-01-12 14:45:41.6914 DESKTOP-2Q89F24 5 SRS1 ::1 ZZ1031SearchRule Search Begin
2018-01-12 14:45:41.6914 DESKTOP-2Q89F24 5 SRS1 ::1 ZZ1031SearchRule Search End
2018-01-12 14:45:41.9069 DESKTOP-2Q89F24 5 SRS1 ::1 LoginRule OnRegulationCheck Begin
2018-01-12 14:45:41.9069 DESKTOP-2Q89F24 5 SRS1 ::1 LoginRule OnRegulationCheck End
2018-01-12 14:45:41.9219 DESKTOP-2Q89F24 5 SRS1 ::1 ZZ1031DetailRule Init Begin
2018-01-12 14:45:42.3304 DESKTOP-2Q89F24 5 SRS1 ::1 ZZ1031DetailRule Init End
2018-01-12 14:45:42.3304 DESKTOP-2Q89F24 5 SRS1 ::1 ZZ1031DetailRule GetCommonData Begin
2018-01-12 14:45:42.4199 DESKTOP-2Q89F24 5 SRS1 ::1 ZZ1031DetailRule GetCommonData End
2018-01-12 15:58:08.2372 DESKTOP-2Q89F24 10 SRS1 ::1 LoginRule CheckLoginFailedLockDown Begin
2018-01-12 15:58:08.2372 DESKTOP-2Q89F24 10 SRS1 ::1 LoginRule CheckLoginFailedLockDown End
2018-01-12 15:58:08.2372 DESKTOP-2Q89F24 10 SRS1 ::1 LoginRule GetAuthentication Begin
2018-01-12 15:58:08.2372 DESKTOP-2Q89F24 10 SRS1 ::1 LoginRule GetAuthentication End
2018-01-12 15:58:08.2372 DESKTOP-2Q89F24 10 SRS1 ::1 LoginRule ClearLoginFailedCount Begin
2018-01-12 15:58:08.2372 DESKTOP-2Q89F24 10 SRS1 ::1 LoginRule ClearLoginFailedCount End
2018-01-12 15:58:08.2372 DESKTOP-2Q89F24 10 SRS1 ::1 LoginRule SetUserInfo Begin
2018-01-12 15:58:08.2472 DESKTOP-2Q89F24 10 SRS1 ::1 LoginRule SetUserInfo End
2018-01-12 15:58:08.5032 DESKTOP-2Q89F24 11 SRS1 ::1 MenuRule GetMenuData Begin
2018-01-12 15:58:08.6792 DESKTOP-2Q89F24 11 SRS1 ::1 MenuRule GetMenuData End
2018-01-12 15:58:08.6792 DESKTOP-2Q89F24 11 SRS1 ::1 MenuRule GetNoticeData Begin
2018-01-12 15:58:08.6792 DESKTOP-2Q89F24 11 SRS1 ::1 MenuRule GetNoticeData End
2018-01-12 15:58:11.8411 DESKTOP-2Q89F24 10 SRS1 ::1 LoginRule OnRegulationCheck Begin
2018-01-12 15:58:11.8411 DESKTOP-2Q89F24 10 SRS1 ::1 LoginRule OnRegulationCheck End
2018-01-12 15:58:11.8411 DESKTOP-2Q89F24 10 SRS1 ::1 ZZ1031SearchRule Init Begin
2018-01-12 15:58:11.8411 DESKTOP-2Q89F24 10 SRS1 ::1 ZZ1031SearchRule Init End
2018-01-12 15:58:11.8411 DESKTOP-2Q89F24 10 SRS1 ::1 ZZ1031SearchRule GetCommonData Begin
2018-01-12 15:58:12.0986 DESKTOP-2Q89F24 10 SRS1 ::1 ZZ1031SearchRule GetCommonData End
2018-01-12 15:58:16.7986 DESKTOP-2Q89F24 11 SRS1 ::1 LoginRule OnRegulationCheck Begin
2018-01-12 15:58:16.7986 DESKTOP-2Q89F24 11 SRS1 ::1 LoginRule OnRegulationCheck End
2018-01-12 15:58:16.7986 DESKTOP-2Q89F24 11 SRS1 ::1 ZZ1031SearchRule GetCommonData Begin
2018-01-12 15:58:16.8441 DESKTOP-2Q89F24 11 SRS1 ::1 ZZ1031SearchRule GetCommonData End
2018-01-12 15:58:16.8441 DESKTOP-2Q89F24 11 SRS1 ::1 RuleBase HasSearchPermission Begin
2018-01-12 15:58:16.8441 DESKTOP-2Q89F24 11 SRS1 ::1 RuleBase HasSearchPermission End
2018-01-12 15:58:16.8441 DESKTOP-2Q89F24 11 SRS1 ::1 ZZ1031SearchRule CheckCondition Begin
2018-01-12 15:58:16.8441 DESKTOP-2Q89F24 11 SRS1 ::1 ZZ1031SearchRule CheckCondition End
2018-01-12 15:58:16.8441 DESKTOP-2Q89F24 11 SRS1 ::1 ZZ1031SearchRule Search Begin
2018-01-12 15:58:16.8441 DESKTOP-2Q89F24 11 SRS1 ::1 ZZ1031SearchRule Search End
2018-01-12 15:58:17.0321 DESKTOP-2Q89F24 12 SRS1 ::1 LoginRule OnRegulationCheck Begin
2018-01-12 15:58:17.0321 DESKTOP-2Q89F24 12 SRS1 ::1 LoginRule OnRegulationCheck End
2018-01-12 15:58:17.0321 DESKTOP-2Q89F24 12 SRS1 ::1 ZZ1031DetailRule Init Begin
2018-01-12 15:58:17.4671 DESKTOP-2Q89F24 12 SRS1 ::1 ZZ1031DetailRule Init End
2018-01-12 15:58:17.4671 DESKTOP-2Q89F24 12 SRS1 ::1 ZZ1031DetailRule GetCommonData Begin
2018-01-12 15:58:17.5416 DESKTOP-2Q89F24 12 SRS1 ::1 ZZ1031DetailRule GetCommonData End
2018-01-12 16:02:04.4832 DESKTOP-2Q89F24 5 SRS1 ::1 LoginRule CheckLoginFailedLockDown Begin
2018-01-12 16:02:04.4832 DESKTOP-2Q89F24 5 SRS1 ::1 LoginRule CheckLoginFailedLockDown End
2018-01-12 16:02:04.4832 DESKTOP-2Q89F24 5 SRS1 ::1 LoginRule GetAuthentication Begin
2018-01-12 16:02:04.4832 DESKTOP-2Q89F24 5 SRS1 ::1 LoginRule GetAuthentication End
2018-01-12 16:02:04.4832 DESKTOP-2Q89F24 5 SRS1 ::1 LoginRule ClearLoginFailedCount Begin
2018-01-12 16:02:04.4832 DESKTOP-2Q89F24 5 SRS1 ::1 LoginRule ClearLoginFailedCount End
2018-01-12 16:02:04.4832 DESKTOP-2Q89F24 5 SRS1 ::1 LoginRule SetUserInfo Begin
2018-01-12 16:02:04.4832 DESKTOP-2Q89F24 5 SRS1 ::1 LoginRule SetUserInfo End
2018-01-12 16:02:04.6222 DESKTOP-2Q89F24 10 SRS1 ::1 MenuRule GetMenuData Begin
2018-01-12 16:02:04.6892 DESKTOP-2Q89F24 10 SRS1 ::1 MenuRule GetMenuData End
2018-01-12 16:02:04.6892 DESKTOP-2Q89F24 10 SRS1 ::1 MenuRule GetNoticeData Begin
2018-01-12 16:02:04.6892 DESKTOP-2Q89F24 10 SRS1 ::1 MenuRule GetNoticeData End
2018-01-12 16:02:07.1068 DESKTOP-2Q89F24 7 SRS1 ::1 LoginRule OnRegulationCheck Begin
2018-01-12 16:02:07.1068 DESKTOP-2Q89F24 7 SRS1 ::1 LoginRule OnRegulationCheck End
2018-01-12 16:02:07.1068 DESKTOP-2Q89F24 7 SRS1 ::1 ZZ1031SearchRule Init Begin
2018-01-12 16:02:07.1068 DESKTOP-2Q89F24 7 SRS1 ::1 ZZ1031SearchRule Init End
2018-01-12 16:02:07.1068 DESKTOP-2Q89F24 7 SRS1 ::1 ZZ1031SearchRule GetCommonData Begin
2018-01-12 16:02:07.4893 DESKTOP-2Q89F24 7 SRS1 ::1 ZZ1031SearchRule GetCommonData End
2018-01-12 16:02:11.7470 DESKTOP-2Q89F24 12 SRS1 ::1 LoginRule OnRegulationCheck Begin
2018-01-12 16:02:11.7470 DESKTOP-2Q89F24 12 SRS1 ::1 LoginRule OnRegulationCheck End
2018-01-12 16:02:11.7470 DESKTOP-2Q89F24 12 SRS1 ::1 ZZ1031SearchRule GetCommonData Begin
2018-01-12 16:02:11.8025 DESKTOP-2Q89F24 12 SRS1 ::1 ZZ1031SearchRule GetCommonData End
2018-01-12 16:02:11.8025 DESKTOP-2Q89F24 12 SRS1 ::1 RuleBase HasSearchPermission Begin
2018-01-12 16:02:11.8025 DESKTOP-2Q89F24 12 SRS1 ::1 RuleBase HasSearchPermission End
2018-01-12 16:02:11.8025 DESKTOP-2Q89F24 12 SRS1 ::1 ZZ1031SearchRule CheckCondition Begin
2018-01-12 16:02:11.8130 DESKTOP-2Q89F24 12 SRS1 ::1 ZZ1031SearchRule CheckCondition End
2018-01-12 16:02:11.8130 DESKTOP-2Q89F24 12 SRS1 ::1 ZZ1031SearchRule Search Begin
2018-01-12 16:02:11.8130 DESKTOP-2Q89F24 12 SRS1 ::1 ZZ1031SearchRule Search End
2018-01-12 16:02:11.9220 DESKTOP-2Q89F24 9 SRS1 ::1 LoginRule OnRegulationCheck Begin
2018-01-12 16:02:11.9220 DESKTOP-2Q89F24 9 SRS1 ::1 LoginRule OnRegulationCheck End
2018-01-12 16:02:11.9350 DESKTOP-2Q89F24 9 SRS1 ::1 ZZ1031DetailRule Init Begin
2018-01-12 16:02:12.5115 DESKTOP-2Q89F24 9 SRS1 ::1 ZZ1031DetailRule Init End
2018-01-12 16:02:12.5115 DESKTOP-2Q89F24 9 SRS1 ::1 ZZ1031DetailRule GetCommonData Begin
2018-01-12 16:02:12.6540 DESKTOP-2Q89F24 9 SRS1 ::1 ZZ1031DetailRule GetCommonData End
2018-01-12 16:05:30.8722 DESKTOP-2Q89F24 10 SRS1 ::1 LoginRule CheckLoginFailedLockDown Begin
2018-01-12 16:05:30.8722 DESKTOP-2Q89F24 10 SRS1 ::1 LoginRule CheckLoginFailedLockDown End
2018-01-12 16:05:30.8722 DESKTOP-2Q89F24 10 SRS1 ::1 LoginRule GetAuthentication Begin
2018-01-12 16:05:30.8722 DESKTOP-2Q89F24 10 SRS1 ::1 LoginRule GetAuthentication End
2018-01-12 16:05:30.8722 DESKTOP-2Q89F24 10 SRS1 ::1 LoginRule ClearLoginFailedCount Begin
2018-01-12 16:05:30.8722 DESKTOP-2Q89F24 10 SRS1 ::1 LoginRule ClearLoginFailedCount End
2018-01-12 16:05:30.8722 DESKTOP-2Q89F24 10 SRS1 ::1 LoginRule SetUserInfo Begin
2018-01-12 16:05:30.8722 DESKTOP-2Q89F24 10 SRS1 ::1 LoginRule SetUserInfo End
2018-01-12 16:05:31.0017 DESKTOP-2Q89F24 10 SRS1 ::1 MenuRule GetMenuData Begin
2018-01-12 16:05:31.0947 DESKTOP-2Q89F24 10 SRS1 ::1 MenuRule GetMenuData End
2018-01-12 16:05:31.0947 DESKTOP-2Q89F24 10 SRS1 ::1 MenuRule GetNoticeData Begin
2018-01-12 16:05:31.0947 DESKTOP-2Q89F24 10 SRS1 ::1 MenuRule GetNoticeData End
2018-01-12 16:05:34.2643 DESKTOP-2Q89F24 9 SRS1 ::1 LoginRule OnRegulationCheck Begin
2018-01-12 16:05:34.2643 DESKTOP-2Q89F24 9 SRS1 ::1 LoginRule OnRegulationCheck End
2018-01-12 16:05:34.2788 DESKTOP-2Q89F24 9 SRS1 ::1 ZZ1031SearchRule Init Begin
2018-01-12 16:05:34.2788 DESKTOP-2Q89F24 9 SRS1 ::1 ZZ1031SearchRule Init End
2018-01-12 16:05:34.2788 DESKTOP-2Q89F24 9 SRS1 ::1 ZZ1031SearchRule GetCommonData Begin
2018-01-12 16:05:34.2988 DESKTOP-2Q89F24 9 SRS1 ::1 ZZ1031SearchRule GetCommonData End
2018-01-12 16:05:38.5159 DESKTOP-2Q89F24 6 SRS1 ::1 LoginRule OnRegulationCheck Begin
2018-01-12 16:05:38.5159 DESKTOP-2Q89F24 6 SRS1 ::1 LoginRule OnRegulationCheck End
2018-01-12 16:05:38.5159 DESKTOP-2Q89F24 6 SRS1 ::1 ZZ1031SearchRule GetCommonData Begin
2018-01-12 16:05:38.5159 DESKTOP-2Q89F24 6 SRS1 ::1 ZZ1031SearchRule GetCommonData End
2018-01-12 16:05:38.5159 DESKTOP-2Q89F24 6 SRS1 ::1 RuleBase HasSearchPermission Begin
2018-01-12 16:05:38.5159 DESKTOP-2Q89F24 6 SRS1 ::1 RuleBase HasSearchPermission End
2018-01-12 16:05:38.5159 DESKTOP-2Q89F24 6 SRS1 ::1 ZZ1031SearchRule CheckCondition Begin
2018-01-12 16:05:38.5339 DESKTOP-2Q89F24 6 SRS1 ::1 ZZ1031SearchRule CheckCondition End
2018-01-12 16:05:38.5339 DESKTOP-2Q89F24 6 SRS1 ::1 ZZ1031SearchRule Search Begin
2018-01-12 16:05:38.5339 DESKTOP-2Q89F24 6 SRS1 ::1 ZZ1031SearchRule Search End
2018-01-12 16:05:38.6729 DESKTOP-2Q89F24 5 SRS1 ::1 LoginRule OnRegulationCheck Begin
2018-01-12 16:05:38.6729 DESKTOP-2Q89F24 5 SRS1 ::1 LoginRule OnRegulationCheck End
2018-01-12 16:05:38.6958 DESKTOP-2Q89F24 5 SRS1 ::1 ZZ1031DetailRule Init Begin
2018-01-12 16:05:39.2663 DESKTOP-2Q89F24 5 SRS1 ::1 ZZ1031DetailRule Init End
2018-01-12 16:05:39.2663 DESKTOP-2Q89F24 5 SRS1 ::1 ZZ1031DetailRule GetCommonData Begin
2018-01-12 16:05:39.3494 DESKTOP-2Q89F24 5 SRS1 ::1 ZZ1031DetailRule GetCommonData End
2018-01-12 16:10:54.2966 DESKTOP-2Q89F24 5 SRS1 ::1 LoginRule CheckLoginFailedLockDown Begin
2018-01-12 16:10:54.2966 DESKTOP-2Q89F24 5 SRS1 ::1 LoginRule CheckLoginFailedLockDown End
2018-01-12 16:10:54.2966 DESKTOP-2Q89F24 5 SRS1 ::1 LoginRule GetAuthentication Begin
2018-01-12 16:10:54.2966 DESKTOP-2Q89F24 5 SRS1 ::1 LoginRule GetAuthentication End
2018-01-12 16:10:54.2966 DESKTOP-2Q89F24 5 SRS1 ::1 LoginRule ClearLoginFailedCount Begin
2018-01-12 16:10:54.2966 DESKTOP-2Q89F24 5 SRS1 ::1 LoginRule ClearLoginFailedCount End
2018-01-12 16:10:54.2966 DESKTOP-2Q89F24 5 SRS1 ::1 LoginRule SetUserInfo Begin
2018-01-12 16:10:54.3106 DESKTOP-2Q89F24 5 SRS1 ::1 LoginRule SetUserInfo End
2018-01-12 16:10:54.4346 DESKTOP-2Q89F24 10 SRS1 ::1 MenuRule GetMenuData Begin
2018-01-12 16:10:54.5001 DESKTOP-2Q89F24 10 SRS1 ::1 MenuRule GetMenuData End
2018-01-12 16:10:54.5001 DESKTOP-2Q89F24 10 SRS1 ::1 MenuRule GetNoticeData Begin
2018-01-12 16:10:54.5001 DESKTOP-2Q89F24 10 SRS1 ::1 MenuRule GetNoticeData End
2018-01-12 16:10:57.3414 DESKTOP-2Q89F24 9 SRS1 ::1 LoginRule OnRegulationCheck Begin
2018-01-12 16:10:57.3414 DESKTOP-2Q89F24 9 SRS1 ::1 LoginRule OnRegulationCheck End
2018-01-12 16:10:57.3414 DESKTOP-2Q89F24 9 SRS1 ::1 ZZ1031SearchRule Init Begin
2018-01-12 16:10:57.3414 DESKTOP-2Q89F24 9 SRS1 ::1 ZZ1031SearchRule Init End
2018-01-12 16:10:57.3414 DESKTOP-2Q89F24 9 SRS1 ::1 ZZ1031SearchRule GetCommonData Begin
2018-01-12 16:10:57.4864 DESKTOP-2Q89F24 9 SRS1 ::1 ZZ1031SearchRule GetCommonData End
2018-01-12 16:11:02.3304 DESKTOP-2Q89F24 11 SRS1 ::1 LoginRule OnRegulationCheck Begin
2018-01-12 16:11:02.3304 DESKTOP-2Q89F24 11 SRS1 ::1 LoginRule OnRegulationCheck End
2018-01-12 16:11:02.3304 DESKTOP-2Q89F24 11 SRS1 ::1 ZZ1031SearchRule GetCommonData Begin
2018-01-12 16:11:02.3634 DESKTOP-2Q89F24 11 SRS1 ::1 ZZ1031SearchRule GetCommonData End
2018-01-12 16:11:02.3634 DESKTOP-2Q89F24 11 SRS1 ::1 RuleBase HasSearchPermission Begin
2018-01-12 16:11:02.3634 DESKTOP-2Q89F24 11 SRS1 ::1 RuleBase HasSearchPermission End
2018-01-12 16:11:02.3634 DESKTOP-2Q89F24 11 SRS1 ::1 ZZ1031SearchRule CheckCondition Begin
2018-01-12 16:11:02.3734 DESKTOP-2Q89F24 11 SRS1 ::1 ZZ1031SearchRule CheckCondition End
2018-01-12 16:11:02.3734 DESKTOP-2Q89F24 11 SRS1 ::1 ZZ1031SearchRule Search Begin
2018-01-12 16:11:02.3734 DESKTOP-2Q89F24 11 SRS1 ::1 ZZ1031SearchRule Search End
2018-01-12 16:11:02.5444 DESKTOP-2Q89F24 10 SRS1 ::1 LoginRule OnRegulationCheck Begin
2018-01-12 16:11:02.5444 DESKTOP-2Q89F24 10 SRS1 ::1 LoginRule OnRegulationCheck End
2018-01-12 16:11:02.5599 DESKTOP-2Q89F24 10 SRS1 ::1 ZZ1031DetailRule Init Begin
2018-01-12 16:11:02.9539 DESKTOP-2Q89F24 10 SRS1 ::1 ZZ1031DetailRule Init End
2018-01-12 16:11:02.9539 DESKTOP-2Q89F24 10 SRS1 ::1 ZZ1031DetailRule GetCommonData Begin
2018-01-12 16:11:03.0484 DESKTOP-2Q89F24 10 SRS1 ::1 ZZ1031DetailRule GetCommonData End
2018-01-12 16:18:55.8258 DESKTOP-2Q89F24 10 SRS1 ::1 LoginRule CheckLoginFailedLockDown Begin
2018-01-12 16:18:55.8258 DESKTOP-2Q89F24 10 SRS1 ::1 LoginRule CheckLoginFailedLockDown End
2018-01-12 16:18:55.8258 DESKTOP-2Q89F24 10 SRS1 ::1 LoginRule GetAuthentication Begin
2018-01-12 16:18:55.8418 DESKTOP-2Q89F24 10 SRS1 ::1 LoginRule GetAuthentication End
2018-01-12 16:18:55.8418 DESKTOP-2Q89F24 10 SRS1 ::1 LoginRule ClearLoginFailedCount Begin
2018-01-12 16:18:55.8418 DESKTOP-2Q89F24 10 SRS1 ::1 LoginRule ClearLoginFailedCount End
2018-01-12 16:18:55.8418 DESKTOP-2Q89F24 10 SRS1 ::1 LoginRule SetUserInfo Begin
2018-01-12 16:18:55.8418 DESKTOP-2Q89F24 10 SRS1 ::1 LoginRule SetUserInfo End
2018-01-12 16:18:55.9838 DESKTOP-2Q89F24 10 SRS1 ::1 MenuRule GetMenuData Begin
2018-01-12 16:18:56.0648 DESKTOP-2Q89F24 10 SRS1 ::1 MenuRule GetMenuData End
2018-01-12 16:18:56.0648 DESKTOP-2Q89F24 10 SRS1 ::1 MenuRule GetNoticeData Begin
2018-01-12 16:18:56.0648 DESKTOP-2Q89F24 10 SRS1 ::1 MenuRule GetNoticeData End
2018-01-12 16:19:03.1431 DESKTOP-2Q89F24 11 SRS1 ::1 LoginRule OnRegulationCheck Begin
2018-01-12 16:19:03.1431 DESKTOP-2Q89F24 11 SRS1 ::1 LoginRule OnRegulationCheck End
2018-01-12 16:19:03.1556 DESKTOP-2Q89F24 11 SRS1 ::1 ZZ1031SearchRule Init Begin
2018-01-12 16:19:03.1556 DESKTOP-2Q89F24 11 SRS1 ::1 ZZ1031SearchRule Init End
2018-01-12 16:19:03.1556 DESKTOP-2Q89F24 11 SRS1 ::1 ZZ1031SearchRule GetCommonData Begin
2018-01-12 16:19:03.2826 DESKTOP-2Q89F24 11 SRS1 ::1 ZZ1031SearchRule GetCommonData End
2018-01-12 16:19:08.3616 DESKTOP-2Q89F24 7 SRS1 ::1 LoginRule OnRegulationCheck Begin
2018-01-12 16:19:08.3616 DESKTOP-2Q89F24 7 SRS1 ::1 LoginRule OnRegulationCheck End
2018-01-12 16:19:08.3616 DESKTOP-2Q89F24 7 SRS1 ::1 ZZ1031SearchRule GetCommonData Begin
2018-01-12 16:19:08.3931 DESKTOP-2Q89F24 7 SRS1 ::1 ZZ1031SearchRule GetCommonData End
2018-01-12 16:19:08.3931 DESKTOP-2Q89F24 7 SRS1 ::1 RuleBase HasSearchPermission Begin
2018-01-12 16:19:08.3931 DESKTOP-2Q89F24 7 SRS1 ::1 RuleBase HasSearchPermission End
2018-01-12 16:19:08.3931 DESKTOP-2Q89F24 7 SRS1 ::1 ZZ1031SearchRule CheckCondition Begin
2018-01-12 16:19:08.3931 DESKTOP-2Q89F24 7 SRS1 ::1 ZZ1031SearchRule CheckCondition End
2018-01-12 16:19:08.3931 DESKTOP-2Q89F24 7 SRS1 ::1 ZZ1031SearchRule Search Begin
2018-01-12 16:19:08.3931 DESKTOP-2Q89F24 7 SRS1 ::1 ZZ1031SearchRule Search End
2018-01-12 16:19:08.6731 DESKTOP-2Q89F24 9 SRS1 ::1 LoginRule OnRegulationCheck Begin
2018-01-12 16:19:08.6731 DESKTOP-2Q89F24 9 SRS1 ::1 LoginRule OnRegulationCheck End
2018-01-12 16:19:08.6731 DESKTOP-2Q89F24 9 SRS1 ::1 ZZ1031DetailRule Init Begin
2018-01-12 16:19:08.8611 DESKTOP-2Q89F24 9 SRS1 ::1 ZZ1031DetailRule Init End
2018-01-12 16:19:08.8611 DESKTOP-2Q89F24 9 SRS1 ::1 ZZ1031DetailRule GetCommonData Begin
2018-01-12 16:19:09.0051 DESKTOP-2Q89F24 9 SRS1 ::1 ZZ1031DetailRule GetCommonData End
2018-01-12 16:23:40.5342 DESKTOP-2Q89F24 9 SRS1 ::1 LoginRule CheckLoginFailedLockDown Begin
2018-01-12 16:23:40.5342 DESKTOP-2Q89F24 9 SRS1 ::1 LoginRule CheckLoginFailedLockDown End
2018-01-12 16:23:40.5342 DESKTOP-2Q89F24 9 SRS1 ::1 LoginRule GetAuthentication Begin
2018-01-12 16:23:40.5457 DESKTOP-2Q89F24 9 SRS1 ::1 LoginRule GetAuthentication End
2018-01-12 16:23:40.5457 DESKTOP-2Q89F24 9 SRS1 ::1 LoginRule ClearLoginFailedCount Begin
2018-01-12 16:23:40.5457 DESKTOP-2Q89F24 9 SRS1 ::1 LoginRule ClearLoginFailedCount End
2018-01-12 16:23:40.5457 DESKTOP-2Q89F24 9 SRS1 ::1 LoginRule SetUserInfo Begin
2018-01-12 16:23:40.5457 DESKTOP-2Q89F24 9 SRS1 ::1 LoginRule SetUserInfo End
2018-01-12 16:23:40.6617 DESKTOP-2Q89F24 11 SRS1 ::1 MenuRule GetMenuData Begin
2018-01-12 16:23:40.7099 DESKTOP-2Q89F24 11 SRS1 ::1 MenuRule GetMenuData End
2018-01-12 16:23:40.7099 DESKTOP-2Q89F24 11 SRS1 ::1 MenuRule GetNoticeData Begin
2018-01-12 16:23:40.7099 DESKTOP-2Q89F24 11 SRS1 ::1 MenuRule GetNoticeData End
2018-01-12 16:23:44.6380 DESKTOP-2Q89F24 10 SRS1 ::1 LoginRule OnRegulationCheck Begin
2018-01-12 16:23:44.6380 DESKTOP-2Q89F24 10 SRS1 ::1 LoginRule OnRegulationCheck End
2018-01-12 16:23:44.6380 DESKTOP-2Q89F24 10 SRS1 ::1 ZZ1031SearchRule Init Begin
2018-01-12 16:23:44.6380 DESKTOP-2Q89F24 10 SRS1 ::1 ZZ1031SearchRule Init End
2018-01-12 16:23:44.6380 DESKTOP-2Q89F24 10 SRS1 ::1 ZZ1031SearchRule GetCommonData Begin
2018-01-12 16:23:44.8425 DESKTOP-2Q89F24 10 SRS1 ::1 ZZ1031SearchRule GetCommonData End
2018-01-12 16:23:47.7060 DESKTOP-2Q89F24 11 SRS1 ::1 LoginRule OnRegulationCheck Begin
2018-01-12 16:23:47.7060 DESKTOP-2Q89F24 11 SRS1 ::1 LoginRule OnRegulationCheck End
2018-01-12 16:23:47.7060 DESKTOP-2Q89F24 11 SRS1 ::1 ZZ1031SearchRule GetCommonData Begin
2018-01-12 16:23:47.7325 DESKTOP-2Q89F24 11 SRS1 ::1 ZZ1031SearchRule GetCommonData End
2018-01-12 16:23:47.7325 DESKTOP-2Q89F24 11 SRS1 ::1 RuleBase HasSearchPermission Begin
2018-01-12 16:23:47.7325 DESKTOP-2Q89F24 11 SRS1 ::1 RuleBase HasSearchPermission End
2018-01-12 16:23:47.7325 DESKTOP-2Q89F24 11 SRS1 ::1 ZZ1031SearchRule CheckCondition Begin
2018-01-12 16:23:47.7325 DESKTOP-2Q89F24 11 SRS1 ::1 ZZ1031SearchRule CheckCondition End
2018-01-12 16:23:47.7325 DESKTOP-2Q89F24 11 SRS1 ::1 ZZ1031SearchRule Search Begin
2018-01-12 16:23:47.7325 DESKTOP-2Q89F24 11 SRS1 ::1 ZZ1031SearchRule Search End
2018-01-12 16:23:47.9040 DESKTOP-2Q89F24 11 SRS1 ::1 LoginRule OnRegulationCheck Begin
2018-01-12 16:23:47.9040 DESKTOP-2Q89F24 11 SRS1 ::1 LoginRule OnRegulationCheck End
2018-01-12 16:23:47.9040 DESKTOP-2Q89F24 11 SRS1 ::1 ZZ1031DetailRule Init Begin
2018-01-12 16:23:48.2710 DESKTOP-2Q89F24 11 SRS1 ::1 ZZ1031DetailRule Init End
2018-01-12 16:23:48.2710 DESKTOP-2Q89F24 11 SRS1 ::1 ZZ1031DetailRule GetCommonData Begin
2018-01-12 16:23:48.3150 DESKTOP-2Q89F24 11 SRS1 ::1 ZZ1031DetailRule GetCommonData End
2018-01-12 16:32:12.4050 DESKTOP-2Q89F24 5 SRS1 ::1 LoginRule CheckLoginFailedLockDown Begin
2018-01-12 16:32:12.4050 DESKTOP-2Q89F24 5 SRS1 ::1 LoginRule CheckLoginFailedLockDown End
2018-01-12 16:32:12.4050 DESKTOP-2Q89F24 5 SRS1 ::1 LoginRule GetAuthentication Begin
2018-01-12 16:32:12.4050 DESKTOP-2Q89F24 5 SRS1 ::1 LoginRule GetAuthentication End
2018-01-12 16:32:12.4050 DESKTOP-2Q89F24 5 SRS1 ::1 LoginRule ClearLoginFailedCount Begin
2018-01-12 16:32:12.4050 DESKTOP-2Q89F24 5 SRS1 ::1 LoginRule ClearLoginFailedCount End
2018-01-12 16:32:12.4050 DESKTOP-2Q89F24 5 SRS1 ::1 LoginRule SetUserInfo Begin
2018-01-12 16:32:12.4195 DESKTOP-2Q89F24 5 SRS1 ::1 LoginRule SetUserInfo End
2018-01-12 16:32:12.5595 DESKTOP-2Q89F24 10 SRS1 ::1 MenuRule GetMenuData Begin
2018-01-12 16:32:12.6240 DESKTOP-2Q89F24 10 SRS1 ::1 MenuRule GetMenuData End
2018-01-12 16:32:12.6240 DESKTOP-2Q89F24 10 SRS1 ::1 MenuRule GetNoticeData Begin
2018-01-12 16:32:12.6240 DESKTOP-2Q89F24 10 SRS1 ::1 MenuRule GetNoticeData End
2018-01-12 16:32:15.1692 DESKTOP-2Q89F24 13 SRS1 ::1 LoginRule OnRegulationCheck Begin
2018-01-12 16:32:15.1692 DESKTOP-2Q89F24 13 SRS1 ::1 LoginRule OnRegulationCheck End
2018-01-12 16:32:15.1692 DESKTOP-2Q89F24 13 SRS1 ::1 ZZ1031SearchRule Init Begin
2018-01-12 16:32:15.1692 DESKTOP-2Q89F24 13 SRS1 ::1 ZZ1031SearchRule Init End
2018-01-12 16:32:15.1692 DESKTOP-2Q89F24 13 SRS1 ::1 ZZ1031SearchRule GetCommonData Begin
2018-01-12 16:32:15.2697 DESKTOP-2Q89F24 13 SRS1 ::1 ZZ1031SearchRule GetCommonData End
2018-01-12 16:32:21.2554 DESKTOP-2Q89F24 5 SRS1 ::1 LoginRule OnRegulationCheck Begin
2018-01-12 16:32:21.2554 DESKTOP-2Q89F24 5 SRS1 ::1 LoginRule OnRegulationCheck End
2018-01-12 16:32:21.2554 DESKTOP-2Q89F24 5 SRS1 ::1 ZZ1031SearchRule GetCommonData Begin
2018-01-12 16:32:21.2749 DESKTOP-2Q89F24 5 SRS1 ::1 ZZ1031SearchRule GetCommonData End
2018-01-12 16:32:21.2749 DESKTOP-2Q89F24 5 SRS1 ::1 RuleBase HasSearchPermission Begin
2018-01-12 16:32:21.2749 DESKTOP-2Q89F24 5 SRS1 ::1 RuleBase HasSearchPermission End
2018-01-12 16:32:21.2749 DESKTOP-2Q89F24 5 SRS1 ::1 ZZ1031SearchRule CheckCondition Begin
2018-01-12 16:32:21.2809 DESKTOP-2Q89F24 5 SRS1 ::1 ZZ1031SearchRule CheckCondition End
2018-01-12 16:32:21.2809 DESKTOP-2Q89F24 5 SRS1 ::1 ZZ1031SearchRule Search Begin
2018-01-12 16:32:21.2809 DESKTOP-2Q89F24 5 SRS1 ::1 ZZ1031SearchRule Search End
2018-01-12 16:32:21.3254 DESKTOP-2Q89F24 6 SRS1 ::1 LoginRule OnRegulationCheck Begin
2018-01-12 16:32:21.3254 DESKTOP-2Q89F24 6 SRS1 ::1 LoginRule OnRegulationCheck End
2018-01-12 16:32:21.3254 DESKTOP-2Q89F24 6 SRS1 ::1 ZZ1031DetailRule Init Begin
2018-01-12 16:32:22.0769 DESKTOP-2Q89F24 6 SRS1 ::1 ZZ1031DetailRule Init End
2018-01-12 16:32:22.0769 DESKTOP-2Q89F24 6 SRS1 ::1 ZZ1031DetailRule GetCommonData Begin
2018-01-12 16:32:22.1379 DESKTOP-2Q89F24 6 SRS1 ::1 ZZ1031DetailRule GetCommonData End
2018-01-12 16:35:06.2959 DESKTOP-2Q89F24 5 SRS1 ::1 LoginRule CheckLoginFailedLockDown Begin
2018-01-12 16:35:06.2959 DESKTOP-2Q89F24 5 SRS1 ::1 LoginRule CheckLoginFailedLockDown End
2018-01-12 16:35:06.2959 DESKTOP-2Q89F24 5 SRS1 ::1 LoginRule GetAuthentication Begin
2018-01-12 16:35:06.2959 DESKTOP-2Q89F24 5 SRS1 ::1 LoginRule GetAuthentication End
2018-01-12 16:35:06.2959 DESKTOP-2Q89F24 5 SRS1 ::1 LoginRule IncrementLoginFailedCount Begin
2018-01-12 16:35:06.2959 DESKTOP-2Q89F24 5 SRS1 ::1 LoginRule IncrementLoginFailedCount End
2018-01-12 16:35:15.8277 DESKTOP-2Q89F24 13 SRS1 ::1 LoginRule CheckLoginFailedLockDown Begin
2018-01-12 16:35:15.8277 DESKTOP-2Q89F24 13 SRS1 ::1 LoginRule CheckLoginFailedLockDown End
2018-01-12 16:35:15.8277 DESKTOP-2Q89F24 13 SRS1 ::1 LoginRule GetAuthentication Begin
2018-01-12 16:35:15.8277 DESKTOP-2Q89F24 13 SRS1 ::1 LoginRule GetAuthentication End
2018-01-12 16:35:15.8277 DESKTOP-2Q89F24 13 SRS1 ::1 LoginRule ClearLoginFailedCount Begin
2018-01-12 16:35:15.8277 DESKTOP-2Q89F24 13 SRS1 ::1 LoginRule ClearLoginFailedCount End
2018-01-12 16:35:15.8277 DESKTOP-2Q89F24 13 SRS1 ::1 LoginRule SetUserInfo Begin
2018-01-12 16:35:15.8277 DESKTOP-2Q89F24 13 SRS1 ::1 LoginRule SetUserInfo End
2018-01-12 16:35:15.9362 DESKTOP-2Q89F24 12 SRS1 ::1 MenuRule GetMenuData Begin
2018-01-12 16:35:16.0762 DESKTOP-2Q89F24 12 SRS1 ::1 MenuRule GetMenuData End
2018-01-12 16:35:16.0762 DESKTOP-2Q89F24 12 SRS1 ::1 MenuRule GetNoticeData Begin
2018-01-12 16:35:16.0762 DESKTOP-2Q89F24 12 SRS1 ::1 MenuRule GetNoticeData End
2018-01-12 16:35:18.7007 DESKTOP-2Q89F24 6 SRS1 ::1 LoginRule OnRegulationCheck Begin
2018-01-12 16:35:18.7007 DESKTOP-2Q89F24 6 SRS1 ::1 LoginRule OnRegulationCheck End
2018-01-12 16:35:18.7007 DESKTOP-2Q89F24 6 SRS1 ::1 ZZ1031SearchRule Init Begin
2018-01-12 16:35:18.7007 DESKTOP-2Q89F24 6 SRS1 ::1 ZZ1031SearchRule Init End
2018-01-12 16:35:18.7007 DESKTOP-2Q89F24 6 SRS1 ::1 ZZ1031SearchRule GetCommonData Begin
2018-01-12 16:35:18.9387 DESKTOP-2Q89F24 6 SRS1 ::1 ZZ1031SearchRule GetCommonData End
2018-01-12 16:35:23.0448 DESKTOP-2Q89F24 11 SRS1 ::1 LoginRule OnRegulationCheck Begin
2018-01-12 16:35:23.0448 DESKTOP-2Q89F24 11 SRS1 ::1 LoginRule OnRegulationCheck End
2018-01-12 16:35:23.0448 DESKTOP-2Q89F24 11 SRS1 ::1 ZZ1031SearchRule GetCommonData Begin
2018-01-12 16:35:23.0938 DESKTOP-2Q89F24 11 SRS1 ::1 ZZ1031SearchRule GetCommonData End
2018-01-12 16:35:23.0938 DESKTOP-2Q89F24 11 SRS1 ::1 RuleBase HasSearchPermission Begin
2018-01-12 16:35:23.0938 DESKTOP-2Q89F24 11 SRS1 ::1 RuleBase HasSearchPermission End
2018-01-12 16:35:23.0938 DESKTOP-2Q89F24 11 SRS1 ::1 ZZ1031SearchRule CheckCondition Begin
2018-01-12 16:35:23.0938 DESKTOP-2Q89F24 11 SRS1 ::1 ZZ1031SearchRule CheckCondition End
2018-01-12 16:35:23.0938 DESKTOP-2Q89F24 11 SRS1 ::1 ZZ1031SearchRule Search Begin
2018-01-12 16:35:23.0938 DESKTOP-2Q89F24 11 SRS1 ::1 ZZ1031SearchRule Search End
2018-01-12 16:35:23.3148 DESKTOP-2Q89F24 5 SRS1 ::1 LoginRule OnRegulationCheck Begin
2018-01-12 16:35:23.3148 DESKTOP-2Q89F24 5 SRS1 ::1 LoginRule OnRegulationCheck End
2018-01-12 16:35:23.3408 DESKTOP-2Q89F24 5 SRS1 ::1 ZZ1031DetailRule Init Begin
2018-01-12 16:35:23.7018 DESKTOP-2Q89F24 5 SRS1 ::1 ZZ1031DetailRule Init End
2018-01-12 16:35:23.7018 DESKTOP-2Q89F24 5 SRS1 ::1 ZZ1031DetailRule GetCommonData Begin
2018-01-12 16:35:23.7953 DESKTOP-2Q89F24 5 SRS1 ::1 ZZ1031DetailRule GetCommonData End
2018-01-12 17:13:40.4371 DESKTOP-2Q89F24 10 SRS1 ::1 LoginRule CheckLoginFailedLockDown Begin
2018-01-12 17:13:40.4371 DESKTOP-2Q89F24 10 SRS1 ::1 LoginRule CheckLoginFailedLockDown End
2018-01-12 17:13:40.4371 DESKTOP-2Q89F24 10 SRS1 ::1 LoginRule GetAuthentication Begin
2018-01-12 17:13:40.4521 DESKTOP-2Q89F24 10 SRS1 ::1 LoginRule GetAuthentication End
2018-01-12 17:13:40.4521 DESKTOP-2Q89F24 10 SRS1 ::1 LoginRule ClearLoginFailedCount Begin
2018-01-12 17:13:40.4521 DESKTOP-2Q89F24 10 SRS1 ::1 LoginRule ClearLoginFailedCount End
2018-01-12 17:13:40.4521 DESKTOP-2Q89F24 10 SRS1 ::1 LoginRule SetUserInfo Begin
2018-01-12 17:13:40.4521 DESKTOP-2Q89F24 10 SRS1 ::1 LoginRule SetUserInfo End
2018-01-12 17:13:40.6246 DESKTOP-2Q89F24 10 SRS1 ::1 MenuRule GetMenuData Begin
2018-01-12 17:13:40.7361 DESKTOP-2Q89F24 10 SRS1 ::1 MenuRule GetMenuData End
2018-01-12 17:13:40.7361 DESKTOP-2Q89F24 10 SRS1 ::1 MenuRule GetNoticeData Begin
2018-01-12 17:13:40.7361 DESKTOP-2Q89F24 10 SRS1 ::1 MenuRule GetNoticeData End
2018-01-12 17:13:48.7825 DESKTOP-2Q89F24 10 SRS1 ::1 LoginRule OnRegulationCheck Begin
2018-01-12 17:13:48.7825 DESKTOP-2Q89F24 10 SRS1 ::1 LoginRule OnRegulationCheck End
2018-01-12 17:13:48.7825 DESKTOP-2Q89F24 10 SRS1 ::1 ZZ1031SearchRule Init Begin
2018-01-12 17:13:48.7940 DESKTOP-2Q89F24 10 SRS1 ::1 ZZ1031SearchRule Init End
2018-01-12 17:13:48.7940 DESKTOP-2Q89F24 10 SRS1 ::1 ZZ1031SearchRule GetCommonData Begin
2018-01-12 17:13:48.9040 DESKTOP-2Q89F24 10 SRS1 ::1 ZZ1031SearchRule GetCommonData End
2018-01-12 17:14:00.7403 DESKTOP-2Q89F24 10 SRS1 ::1 LoginRule OnRegulationCheck Begin
2018-01-12 17:14:00.7403 DESKTOP-2Q89F24 10 SRS1 ::1 LoginRule OnRegulationCheck End
2018-01-12 17:14:00.7403 DESKTOP-2Q89F24 10 SRS1 ::1 ZZ1031SearchRule GetCommonData Begin
2018-01-12 17:14:00.7603 DESKTOP-2Q89F24 10 SRS1 ::1 ZZ1031SearchRule GetCommonData End
2018-01-12 17:14:00.7603 DESKTOP-2Q89F24 10 SRS1 ::1 RuleBase HasSearchPermission Begin
2018-01-12 17:14:00.7603 DESKTOP-2Q89F24 10 SRS1 ::1 RuleBase HasSearchPermission End
2018-01-12 17:14:00.7603 DESKTOP-2Q89F24 10 SRS1 ::1 ZZ1031SearchRule CheckCondition Begin
2018-01-12 17:14:00.7643 DESKTOP-2Q89F24 10 SRS1 ::1 ZZ1031SearchRule CheckCondition End
2018-01-12 17:14:00.7643 DESKTOP-2Q89F24 10 SRS1 ::1 ZZ1031SearchRule Search Begin
2018-01-12 17:14:00.7643 DESKTOP-2Q89F24 10 SRS1 ::1 ZZ1031SearchRule Search End
2018-01-12 17:14:01.0138 DESKTOP-2Q89F24 10 SRS1 ::1 LoginRule OnRegulationCheck Begin
2018-01-12 17:14:01.0138 DESKTOP-2Q89F24 10 SRS1 ::1 LoginRule OnRegulationCheck End
2018-01-12 17:14:01.0138 DESKTOP-2Q89F24 10 SRS1 ::1 ZZ1031DetailRule Init Begin
2018-01-12 17:14:01.2843 DESKTOP-2Q89F24 10 SRS1 ::1 ZZ1031DetailRule Init End
2018-01-12 17:14:01.2843 DESKTOP-2Q89F24 10 SRS1 ::1 ZZ1031DetailRule GetCommonData Begin
2018-01-12 17:14:01.3458 DESKTOP-2Q89F24 10 SRS1 ::1 ZZ1031DetailRule GetCommonData End
2018-01-12 17:20:11.4717 DESKTOP-2Q89F24 6 SRS1 ::1 LoginRule CheckLoginFailedLockDown Begin
2018-01-12 17:20:11.4717 DESKTOP-2Q89F24 6 SRS1 ::1 LoginRule CheckLoginFailedLockDown End
2018-01-12 17:20:11.4717 DESKTOP-2Q89F24 6 SRS1 ::1 LoginRule GetAuthentication Begin
2018-01-12 17:20:11.4898 DESKTOP-2Q89F24 6 SRS1 ::1 LoginRule GetAuthentication End
2018-01-12 17:20:11.4898 DESKTOP-2Q89F24 6 SRS1 ::1 LoginRule ClearLoginFailedCount Begin
2018-01-12 17:20:11.4898 DESKTOP-2Q89F24 6 SRS1 ::1 LoginRule ClearLoginFailedCount End
2018-01-12 17:20:11.4898 DESKTOP-2Q89F24 6 SRS1 ::1 LoginRule SetUserInfo Begin
2018-01-12 17:20:11.5372 DESKTOP-2Q89F24 6 SRS1 ::1 LoginRule SetUserInfo End
2018-01-12 17:20:11.8572 DESKTOP-2Q89F24 10 SRS1 ::1 MenuRule GetMenuData Begin
2018-01-12 17:20:12.2397 DESKTOP-2Q89F24 10 SRS1 ::1 MenuRule GetMenuData End
2018-01-12 17:20:12.2397 DESKTOP-2Q89F24 10 SRS1 ::1 MenuRule GetNoticeData Begin
2018-01-12 17:20:12.2397 DESKTOP-2Q89F24 10 SRS1 ::1 MenuRule GetNoticeData End
2018-01-12 17:20:16.6067 DESKTOP-2Q89F24 6 SRS1 ::1 LoginRule OnRegulationCheck Begin
2018-01-12 17:20:16.6067 DESKTOP-2Q89F24 6 SRS1 ::1 LoginRule OnRegulationCheck End
2018-01-12 17:20:16.6067 DESKTOP-2Q89F24 6 SRS1 ::1 ZZ1031SearchRule Init Begin
2018-01-12 17:20:16.6067 DESKTOP-2Q89F24 6 SRS1 ::1 ZZ1031SearchRule Init End
2018-01-12 17:20:16.6067 DESKTOP-2Q89F24 6 SRS1 ::1 ZZ1031SearchRule GetCommonData Begin
2018-01-12 17:20:16.8772 DESKTOP-2Q89F24 6 SRS1 ::1 ZZ1031SearchRule GetCommonData End
2018-01-12 17:20:25.0698 DESKTOP-2Q89F24 5 SRS1 ::1 LoginRule OnRegulationCheck Begin
2018-01-12 17:20:25.0698 DESKTOP-2Q89F24 5 SRS1 ::1 LoginRule OnRegulationCheck End
2018-01-12 17:20:25.0753 DESKTOP-2Q89F24 5 SRS1 ::1 ZZ1031SearchRule GetCommonData Begin
2018-01-12 17:20:25.1098 DESKTOP-2Q89F24 5 SRS1 ::1 ZZ1031SearchRule GetCommonData End
2018-01-12 17:20:25.1098 DESKTOP-2Q89F24 5 SRS1 ::1 RuleBase HasSearchPermission Begin
2018-01-12 17:20:25.1098 DESKTOP-2Q89F24 5 SRS1 ::1 RuleBase HasSearchPermission End
2018-01-12 17:20:25.1098 DESKTOP-2Q89F24 5 SRS1 ::1 ZZ1031SearchRule CheckCondition Begin
2018-01-12 17:20:25.1223 DESKTOP-2Q89F24 5 SRS1 ::1 ZZ1031SearchRule CheckCondition End
2018-01-12 17:20:25.1223 DESKTOP-2Q89F24 5 SRS1 ::1 ZZ1031SearchRule Search Begin
2018-01-12 17:20:25.1223 DESKTOP-2Q89F24 5 SRS1 ::1 ZZ1031SearchRule Search End
2018-01-12 17:20:25.5288 DESKTOP-2Q89F24 5 SRS1 ::1 LoginRule OnRegulationCheck Begin
2018-01-12 17:20:25.5288 DESKTOP-2Q89F24 5 SRS1 ::1 LoginRule OnRegulationCheck End
2018-01-12 17:20:25.5288 DESKTOP-2Q89F24 5 SRS1 ::1 ZZ1031DetailRule Init Begin
2018-01-12 17:20:26.0048 DESKTOP-2Q89F24 5 SRS1 ::1 ZZ1031DetailRule Init End
2018-01-12 17:20:26.0048 DESKTOP-2Q89F24 5 SRS1 ::1 ZZ1031DetailRule GetCommonData Begin
2018-01-12 17:20:26.1248 DESKTOP-2Q89F24 5 SRS1 ::1 ZZ1031DetailRule GetCommonData End
2018-01-12 17:23:00.4695 DESKTOP-2Q89F24 5 SRS1 ::1 LoginRule CheckLoginFailedLockDown Begin
2018-01-12 17:23:00.4695 DESKTOP-2Q89F24 5 SRS1 ::1 LoginRule CheckLoginFailedLockDown End
2018-01-12 17:23:00.4695 DESKTOP-2Q89F24 5 SRS1 ::1 LoginRule GetAuthentication Begin
2018-01-12 17:23:00.4695 DESKTOP-2Q89F24 5 SRS1 ::1 LoginRule GetAuthentication End
2018-01-12 17:23:00.4695 DESKTOP-2Q89F24 5 SRS1 ::1 LoginRule ClearLoginFailedCount Begin
2018-01-12 17:23:00.4695 DESKTOP-2Q89F24 5 SRS1 ::1 LoginRule ClearLoginFailedCount End
2018-01-12 17:23:00.4695 DESKTOP-2Q89F24 5 SRS1 ::1 LoginRule SetUserInfo Begin
2018-01-12 17:23:00.4695 DESKTOP-2Q89F24 5 SRS1 ::1 LoginRule SetUserInfo End
2018-01-12 17:23:00.5130 DESKTOP-2Q89F24 7 SRS1 ::1 MenuRule GetMenuData Begin
2018-01-12 17:23:00.6125 DESKTOP-2Q89F24 7 SRS1 ::1 MenuRule GetMenuData End
2018-01-12 17:23:00.6125 DESKTOP-2Q89F24 7 SRS1 ::1 MenuRule GetNoticeData Begin
2018-01-12 17:23:00.6125 DESKTOP-2Q89F24 7 SRS1 ::1 MenuRule GetNoticeData End
2018-01-12 17:23:03.8572 DESKTOP-2Q89F24 6 SRS1 ::1 LoginRule OnRegulationCheck Begin
2018-01-12 17:23:03.8572 DESKTOP-2Q89F24 6 SRS1 ::1 LoginRule OnRegulationCheck End
2018-01-12 17:23:03.8572 DESKTOP-2Q89F24 6 SRS1 ::1 ZZ1031SearchRule Init Begin
2018-01-12 17:23:03.8572 DESKTOP-2Q89F24 6 SRS1 ::1 ZZ1031SearchRule Init End
2018-01-12 17:23:03.8572 DESKTOP-2Q89F24 6 SRS1 ::1 ZZ1031SearchRule GetCommonData Begin
2018-01-12 17:23:04.0842 DESKTOP-2Q89F24 6 SRS1 ::1 ZZ1031SearchRule GetCommonData End
2018-01-12 17:23:07.0393 DESKTOP-2Q89F24 10 SRS1 ::1 LoginRule OnRegulationCheck Begin
2018-01-12 17:23:07.0393 DESKTOP-2Q89F24 10 SRS1 ::1 LoginRule OnRegulationCheck End
2018-01-12 17:23:07.0393 DESKTOP-2Q89F24 10 SRS1 ::1 ZZ1031SearchRule GetCommonData Begin
2018-01-12 17:23:07.0563 DESKTOP-2Q89F24 10 SRS1 ::1 ZZ1031SearchRule GetCommonData End
2018-01-12 17:23:07.0563 DESKTOP-2Q89F24 10 SRS1 ::1 RuleBase HasSearchPermission Begin
2018-01-12 17:23:07.0563 DESKTOP-2Q89F24 10 SRS1 ::1 RuleBase HasSearchPermission End
2018-01-12 17:23:07.0563 DESKTOP-2Q89F24 10 SRS1 ::1 ZZ1031SearchRule CheckCondition Begin
2018-01-12 17:23:07.0563 DESKTOP-2Q89F24 10 SRS1 ::1 ZZ1031SearchRule CheckCondition End
2018-01-12 17:23:07.0563 DESKTOP-2Q89F24 10 SRS1 ::1 ZZ1031SearchRule Search Begin
2018-01-12 17:23:07.0563 DESKTOP-2Q89F24 10 SRS1 ::1 ZZ1031SearchRule Search End
2018-01-12 17:23:07.1538 DESKTOP-2Q89F24 10 SRS1 ::1 LoginRule OnRegulationCheck Begin
2018-01-12 17:23:07.1538 DESKTOP-2Q89F24 10 SRS1 ::1 LoginRule OnRegulationCheck End
2018-01-12 17:23:07.1538 DESKTOP-2Q89F24 10 SRS1 ::1 ZZ1031DetailRule Init Begin
2018-01-12 17:23:08.0203 DESKTOP-2Q89F24 10 SRS1 ::1 ZZ1031DetailRule Init End
2018-01-12 17:23:08.0203 DESKTOP-2Q89F24 10 SRS1 ::1 ZZ1031DetailRule GetCommonData Begin
2018-01-12 17:23:08.1258 DESKTOP-2Q89F24 10 SRS1 ::1 ZZ1031DetailRule GetCommonData End
2018-01-12 17:26:15.2491 DESKTOP-2Q89F24 13 SRS1 ::1 LoginRule CheckLoginFailedLockDown Begin
2018-01-12 17:26:15.2491 DESKTOP-2Q89F24 13 SRS1 ::1 LoginRule CheckLoginFailedLockDown End
2018-01-12 17:26:15.2491 DESKTOP-2Q89F24 13 SRS1 ::1 LoginRule GetAuthentication Begin
2018-01-12 17:26:15.2491 DESKTOP-2Q89F24 13 SRS1 ::1 LoginRule GetAuthentication End
2018-01-12 17:26:15.2491 DESKTOP-2Q89F24 13 SRS1 ::1 LoginRule ClearLoginFailedCount Begin
2018-01-12 17:26:15.2631 DESKTOP-2Q89F24 13 SRS1 ::1 LoginRule ClearLoginFailedCount End
2018-01-12 17:26:15.2631 DESKTOP-2Q89F24 13 SRS1 ::1 LoginRule SetUserInfo Begin
2018-01-12 17:26:15.2631 DESKTOP-2Q89F24 13 SRS1 ::1 LoginRule SetUserInfo End
2018-01-12 17:26:15.3912 DESKTOP-2Q89F24 8 SRS1 ::1 MenuRule GetMenuData Begin
2018-01-12 17:26:15.4977 DESKTOP-2Q89F24 8 SRS1 ::1 MenuRule GetMenuData End
2018-01-12 17:26:15.4977 DESKTOP-2Q89F24 8 SRS1 ::1 MenuRule GetNoticeData Begin
2018-01-12 17:26:15.4977 DESKTOP-2Q89F24 8 SRS1 ::1 MenuRule GetNoticeData End
2018-01-12 17:26:19.1848 DESKTOP-2Q89F24 5 SRS1 ::1 LoginRule OnRegulationCheck Begin
2018-01-12 17:26:19.1848 DESKTOP-2Q89F24 5 SRS1 ::1 LoginRule OnRegulationCheck End
2018-01-12 17:26:19.1848 DESKTOP-2Q89F24 5 SRS1 ::1 ZZ1031SearchRule Init Begin
2018-01-12 17:26:19.1848 DESKTOP-2Q89F24 5 SRS1 ::1 ZZ1031SearchRule Init End
2018-01-12 17:26:19.1848 DESKTOP-2Q89F24 5 SRS1 ::1 ZZ1031SearchRule GetCommonData Begin
2018-01-12 17:26:19.2383 DESKTOP-2Q89F24 5 SRS1 ::1 ZZ1031SearchRule GetCommonData End
2018-01-12 17:26:24.0829 DESKTOP-2Q89F24 10 SRS1 ::1 LoginRule OnRegulationCheck Begin
2018-01-12 17:26:24.0829 DESKTOP-2Q89F24 10 SRS1 ::1 LoginRule OnRegulationCheck End
2018-01-12 17:26:24.0829 DESKTOP-2Q89F24 10 SRS1 ::1 ZZ1031SearchRule GetCommonData Begin
2018-01-12 17:26:24.1460 DESKTOP-2Q89F24 10 SRS1 ::1 ZZ1031SearchRule GetCommonData End
2018-01-12 17:26:24.1460 DESKTOP-2Q89F24 10 SRS1 ::1 RuleBase HasSearchPermission Begin
2018-01-12 17:26:24.1460 DESKTOP-2Q89F24 10 SRS1 ::1 RuleBase HasSearchPermission End
2018-01-12 17:26:24.1460 DESKTOP-2Q89F24 10 SRS1 ::1 ZZ1031SearchRule CheckCondition Begin
2018-01-12 17:26:24.1735 DESKTOP-2Q89F24 10 SRS1 ::1 ZZ1031SearchRule CheckCondition End
2018-01-12 17:26:24.1735 DESKTOP-2Q89F24 10 SRS1 ::1 ZZ1031SearchRule Search Begin
2018-01-12 17:26:24.1735 DESKTOP-2Q89F24 10 SRS1 ::1 ZZ1031SearchRule Search End
2018-01-12 17:26:24.4590 DESKTOP-2Q89F24 7 SRS1 ::1 LoginRule OnRegulationCheck Begin
2018-01-12 17:26:24.4590 DESKTOP-2Q89F24 7 SRS1 ::1 LoginRule OnRegulationCheck End
2018-01-12 17:26:24.4660 DESKTOP-2Q89F24 7 SRS1 ::1 ZZ1031DetailRule Init Begin
2018-01-12 17:26:24.9225 DESKTOP-2Q89F24 7 SRS1 ::1 ZZ1031DetailRule Init End
2018-01-12 17:26:24.9225 DESKTOP-2Q89F24 7 SRS1 ::1 ZZ1031DetailRule GetCommonData Begin
2018-01-12 17:26:24.9345 DESKTOP-2Q89F24 7 SRS1 ::1 ZZ1031DetailRule GetCommonData End
2018-01-12 17:39:07.9370 DESKTOP-2Q89F24 7  ::1 LoginRule CheckLoginFailedLockDown Begin
2018-01-12 17:39:07.9370 DESKTOP-2Q89F24 7  ::1 LoginRule CheckLoginFailedLockDown End
2018-01-12 17:39:07.9370 DESKTOP-2Q89F24 7  ::1 LoginRule GetAuthentication Begin
2018-01-12 17:39:07.9370 DESKTOP-2Q89F24 7  ::1 LoginRule GetAuthentication End
2018-01-12 17:39:07.9370 DESKTOP-2Q89F24 7  ::1 LoginRule ClearLoginFailedCount Begin
2018-01-12 17:39:07.9370 DESKTOP-2Q89F24 7  ::1 LoginRule ClearLoginFailedCount End
2018-01-12 17:39:07.9370 DESKTOP-2Q89F24 7  ::1 LoginRule SetUserInfo Begin
2018-01-12 17:39:07.9370 DESKTOP-2Q89F24 7  ::1 LoginRule SetUserInfo End
2018-01-12 17:39:08.0471 DESKTOP-2Q89F24 10 SRS1 ::1 MenuRule GetMenuData Begin
2018-01-12 17:39:08.1221 DESKTOP-2Q89F24 10 SRS1 ::1 MenuRule GetMenuData End
2018-01-12 17:39:08.1221 DESKTOP-2Q89F24 10 SRS1 ::1 MenuRule GetNoticeData Begin
2018-01-12 17:39:08.1221 DESKTOP-2Q89F24 10 SRS1 ::1 MenuRule GetNoticeData End
2018-01-12 17:39:29.6093 DESKTOP-2Q89F24 6 SRS1 ::1 LoginRule OnRegulationCheck Begin
2018-01-12 17:39:29.6093 DESKTOP-2Q89F24 6 SRS1 ::1 LoginRule OnRegulationCheck End
2018-01-12 17:39:29.6093 DESKTOP-2Q89F24 6 SRS1 ::1 ZZ1031SearchRule Init Begin
2018-01-12 17:39:29.6093 DESKTOP-2Q89F24 6 SRS1 ::1 ZZ1031SearchRule Init End
2018-01-12 17:39:29.6093 DESKTOP-2Q89F24 6 SRS1 ::1 ZZ1031SearchRule GetCommonData Begin
2018-01-12 17:39:29.8408 DESKTOP-2Q89F24 6 SRS1 ::1 ZZ1031SearchRule GetCommonData End
2018-01-12 17:39:34.1848 DESKTOP-2Q89F24 5 SRS1 ::1 LoginRule OnRegulationCheck Begin
2018-01-12 17:39:34.1848 DESKTOP-2Q89F24 5 SRS1 ::1 LoginRule OnRegulationCheck End
2018-01-12 17:39:34.1848 DESKTOP-2Q89F24 5 SRS1 ::1 ZZ1031SearchRule GetCommonData Begin
2018-01-12 17:39:34.2258 DESKTOP-2Q89F24 5 SRS1 ::1 ZZ1031SearchRule GetCommonData End
2018-01-12 17:39:34.2258 DESKTOP-2Q89F24 5 SRS1 ::1 RuleBase HasSearchPermission Begin
2018-01-12 17:39:34.2258 DESKTOP-2Q89F24 5 SRS1 ::1 RuleBase HasSearchPermission End
2018-01-12 17:39:34.2258 DESKTOP-2Q89F24 5 SRS1 ::1 ZZ1031SearchRule CheckCondition Begin
2018-01-12 17:39:34.2348 DESKTOP-2Q89F24 5 SRS1 ::1 ZZ1031SearchRule CheckCondition End
2018-01-12 17:39:34.2348 DESKTOP-2Q89F24 5 SRS1 ::1 ZZ1031SearchRule Search Begin
2018-01-12 17:39:34.2348 DESKTOP-2Q89F24 5 SRS1 ::1 ZZ1031SearchRule Search End
2018-01-12 17:39:34.3308 DESKTOP-2Q89F24 10 SRS1 ::1 LoginRule OnRegulationCheck Begin
2018-01-12 17:39:34.3308 DESKTOP-2Q89F24 10 SRS1 ::1 LoginRule OnRegulationCheck End
2018-01-12 17:39:34.3408 DESKTOP-2Q89F24 10 SRS1 ::1 ZZ1031DetailRule Init Begin
2018-01-12 17:39:34.8588 DESKTOP-2Q89F24 10 SRS1 ::1 ZZ1031DetailRule Init End
2018-01-12 17:39:34.8588 DESKTOP-2Q89F24 10 SRS1 ::1 ZZ1031DetailRule GetCommonData Begin
2018-01-12 17:39:34.9543 DESKTOP-2Q89F24 10 SRS1 ::1 ZZ1031DetailRule GetCommonData End
