2018-01-22 09:19:03.5892 DESKTOP-2Q89F24 7  ::1 LoginRule CheckLoginFailedLockDown Begin
2018-01-22 09:19:03.5892 DESKTOP-2Q89F24 7  ::1 LoginRule CheckLoginFailedLockDown End
2018-01-22 09:19:03.5892 DESKTOP-2Q89F24 7  ::1 LoginRule GetAuthentication Begin
2018-01-22 09:19:03.5892 DESKTOP-2Q89F24 7  ::1 LoginRule GetAuthentication End
2018-01-22 09:19:03.5892 DESKTOP-2Q89F24 7  ::1 LoginRule ClearLoginFailedCount Begin
2018-01-22 09:19:03.5892 DESKTOP-2Q89F24 7  ::1 LoginRule ClearLoginFailedCount End
2018-01-22 09:19:03.5892 DESKTOP-2Q89F24 7  ::1 LoginRule SetUserInfo Begin
2018-01-22 09:19:03.6032 DESKTOP-2Q89F24 7  ::1 LoginRule SetUserInfo End
2018-01-22 09:19:03.7892 DESKTOP-2Q89F24 15 SRS1 ::1 MenuRule GetMenuData Begin
2018-01-22 09:19:03.9352 DESKTOP-2Q89F24 15 SRS1 ::1 MenuRule GetMenuData End
2018-01-22 09:19:03.9352 DESKTOP-2Q89F24 15 SRS1 ::1 MenuRule GetNoticeData Begin
2018-01-22 09:19:03.9352 DESKTOP-2Q89F24 15 SRS1 ::1 MenuRule GetNoticeData End
2018-01-22 09:19:14.1794 DESKTOP-2Q89F24 6 SRS1 ::1 LoginRule OnRegulationCheck Begin
2018-01-22 09:19:14.1794 DESKTOP-2Q89F24 6 SRS1 ::1 LoginRule OnRegulationCheck End
2018-01-22 09:19:14.1794 DESKTOP-2Q89F24 6 SRS1 ::1 ZZ1031SearchRule Init Begin
2018-01-22 09:19:14.1794 DESKTOP-2Q89F24 6 SRS1 ::1 ZZ1031SearchRule Init End
2018-01-22 09:19:14.1794 DESKTOP-2Q89F24 6 SRS1 ::1 ZZ1031SearchRule GetCommonData Begin
2018-01-22 09:19:14.4174 DESKTOP-2Q89F24 6 SRS1 ::1 ZZ1031SearchRule GetCommonData End
2018-01-22 09:19:21.8661 DESKTOP-2Q89F24 16 SRS1 ::1 LoginRule OnRegulationCheck Begin
2018-01-22 09:19:21.8661 DESKTOP-2Q89F24 16 SRS1 ::1 LoginRule OnRegulationCheck End
2018-01-22 09:19:21.8661 DESKTOP-2Q89F24 16 SRS1 ::1 ZZ1031SearchRule GetCommonData Begin
2018-01-22 09:19:21.9791 DESKTOP-2Q89F24 16 SRS1 ::1 ZZ1031SearchRule GetCommonData End
2018-01-22 09:19:21.9791 DESKTOP-2Q89F24 16 SRS1 ::1 RuleBase HasSearchPermission Begin
2018-01-22 09:19:21.9791 DESKTOP-2Q89F24 16 SRS1 ::1 RuleBase HasSearchPermission End
2018-01-22 09:19:21.9791 DESKTOP-2Q89F24 16 SRS1 ::1 ZZ1031SearchRule CheckCondition Begin
2018-01-22 09:19:21.9791 DESKTOP-2Q89F24 16 SRS1 ::1 ZZ1031SearchRule CheckCondition End
2018-01-22 09:19:21.9791 DESKTOP-2Q89F24 16 SRS1 ::1 ZZ1031SearchRule Search Begin
2018-01-22 09:19:21.9791 DESKTOP-2Q89F24 16 SRS1 ::1 ZZ1031SearchRule Search End
2018-01-22 09:19:22.0741 DESKTOP-2Q89F24 16 SRS1 ::1 LoginRule OnRegulationCheck Begin
2018-01-22 09:19:22.0741 DESKTOP-2Q89F24 16 SRS1 ::1 LoginRule OnRegulationCheck End
2018-01-22 09:19:22.0741 DESKTOP-2Q89F24 16 SRS1 ::1 ZZ1031DetailRule Init Begin
2018-01-22 09:19:22.1171 DESKTOP-2Q89F24 16 SRS1 ::1 ZZ1031DetailRule Init End
2018-01-22 09:19:22.1171 DESKTOP-2Q89F24 16 SRS1 ::1 ZZ1031DetailRule GetCommonData Begin
2018-01-22 09:19:22.2807 DESKTOP-2Q89F24 16 SRS1 ::1 ZZ1031DetailRule GetCommonData End
2018-01-22 09:21:09.1161 DESKTOP-2Q89F24 13  ::1 LoginRule CheckLoginFailedLockDown Begin
2018-01-22 09:21:09.1161 DESKTOP-2Q89F24 13  ::1 LoginRule CheckLoginFailedLockDown End
2018-01-22 09:21:09.1161 DESKTOP-2Q89F24 13  ::1 LoginRule GetAuthentication Begin
2018-01-22 09:21:09.1161 DESKTOP-2Q89F24 13  ::1 LoginRule GetAuthentication End
2018-01-22 09:21:09.1161 DESKTOP-2Q89F24 13  ::1 LoginRule ClearLoginFailedCount Begin
2018-01-22 09:21:09.1161 DESKTOP-2Q89F24 13  ::1 LoginRule ClearLoginFailedCount End
2018-01-22 09:21:09.1161 DESKTOP-2Q89F24 13  ::1 LoginRule SetUserInfo Begin
2018-01-22 09:21:09.1161 DESKTOP-2Q89F24 13  ::1 LoginRule SetUserInfo End
2018-01-22 09:21:09.2291 DESKTOP-2Q89F24 13 SRS1 ::1 MenuRule GetMenuData Begin
2018-01-22 09:21:09.2751 DESKTOP-2Q89F24 13 SRS1 ::1 MenuRule GetMenuData End
2018-01-22 09:21:09.2751 DESKTOP-2Q89F24 13 SRS1 ::1 MenuRule GetNoticeData Begin
2018-01-22 09:21:09.2751 DESKTOP-2Q89F24 13 SRS1 ::1 MenuRule GetNoticeData End
2018-01-22 09:21:22.2450 DESKTOP-2Q89F24 12 SRS1 ::1 LoginRule OnRegulationCheck Begin
2018-01-22 09:21:22.2450 DESKTOP-2Q89F24 12 SRS1 ::1 LoginRule OnRegulationCheck End
2018-01-22 09:21:22.2450 DESKTOP-2Q89F24 12 SRS1 ::1 ZZ1031SearchRule Init Begin
2018-01-22 09:21:22.2450 DESKTOP-2Q89F24 12 SRS1 ::1 ZZ1031SearchRule Init End
2018-01-22 09:21:22.2450 DESKTOP-2Q89F24 12 SRS1 ::1 ZZ1031SearchRule GetCommonData Begin
2018-01-22 09:21:22.4600 DESKTOP-2Q89F24 12 SRS1 ::1 ZZ1031SearchRule GetCommonData End
2018-01-22 09:21:31.5228 DESKTOP-2Q89F24 9 SRS1 ::1 LoginRule OnRegulationCheck Begin
2018-01-22 09:21:31.5228 DESKTOP-2Q89F24 9 SRS1 ::1 LoginRule OnRegulationCheck End
2018-01-22 09:21:31.5228 DESKTOP-2Q89F24 9 SRS1 ::1 ZZ1031SearchRule GetCommonData Begin
2018-01-22 09:21:31.9498 DESKTOP-2Q89F24 9 SRS1 ::1 ZZ1031SearchRule GetCommonData End
2018-01-22 09:21:31.9498 DESKTOP-2Q89F24 9 SRS1 ::1 RuleBase HasSearchPermission Begin
2018-01-22 09:21:31.9598 DESKTOP-2Q89F24 9 SRS1 ::1 RuleBase HasSearchPermission End
2018-01-22 09:21:31.9598 DESKTOP-2Q89F24 9 SRS1 ::1 ZZ1031SearchRule CheckCondition Begin
2018-01-22 09:21:31.9598 DESKTOP-2Q89F24 9 SRS1 ::1 ZZ1031SearchRule CheckCondition End
2018-01-22 09:21:31.9598 DESKTOP-2Q89F24 9 SRS1 ::1 ZZ1031SearchRule Search Begin
2018-01-22 09:21:31.9598 DESKTOP-2Q89F24 9 SRS1 ::1 ZZ1031SearchRule Search End
2018-01-22 09:21:32.0398 DESKTOP-2Q89F24 10 SRS1 ::1 LoginRule OnRegulationCheck Begin
2018-01-22 09:21:32.0398 DESKTOP-2Q89F24 10 SRS1 ::1 LoginRule OnRegulationCheck End
2018-01-22 09:21:32.0398 DESKTOP-2Q89F24 10 SRS1 ::1 ZZ1031DetailRule Init Begin
2018-01-22 09:21:32.1328 DESKTOP-2Q89F24 10 SRS1 ::1 ZZ1031DetailRule Init End
2018-01-22 09:21:32.1328 DESKTOP-2Q89F24 10 SRS1 ::1 ZZ1031DetailRule GetCommonData Begin
2018-01-22 09:21:32.2278 DESKTOP-2Q89F24 10 SRS1 ::1 ZZ1031DetailRule GetCommonData End
2018-01-22 09:24:51.7419 DESKTOP-2Q89F24 11  ::1 LoginRule CheckLoginFailedLockDown Begin
2018-01-22 09:24:51.7419 DESKTOP-2Q89F24 11  ::1 LoginRule CheckLoginFailedLockDown End
2018-01-22 09:24:51.7419 DESKTOP-2Q89F24 11  ::1 LoginRule GetAuthentication Begin
2018-01-22 09:24:51.7419 DESKTOP-2Q89F24 11  ::1 LoginRule GetAuthentication End
2018-01-22 09:24:51.7419 DESKTOP-2Q89F24 11  ::1 LoginRule ClearLoginFailedCount Begin
2018-01-22 09:24:51.7419 DESKTOP-2Q89F24 11  ::1 LoginRule ClearLoginFailedCount End
2018-01-22 09:24:51.7419 DESKTOP-2Q89F24 11  ::1 LoginRule SetUserInfo Begin
2018-01-22 09:24:51.7419 DESKTOP-2Q89F24 11  ::1 LoginRule SetUserInfo End
2018-01-22 09:24:51.8989 DESKTOP-2Q89F24 11 SRS1 ::1 MenuRule GetMenuData Begin
2018-01-22 09:24:51.9549 DESKTOP-2Q89F24 11 SRS1 ::1 MenuRule GetMenuData End
2018-01-22 09:24:51.9549 DESKTOP-2Q89F24 11 SRS1 ::1 MenuRule GetNoticeData Begin
2018-01-22 09:24:51.9549 DESKTOP-2Q89F24 11 SRS1 ::1 MenuRule GetNoticeData End
2018-01-22 09:25:02.0228 DESKTOP-2Q89F24 8 SRS1 ::1 LoginRule OnRegulationCheck Begin
2018-01-22 09:25:02.0228 DESKTOP-2Q89F24 8 SRS1 ::1 LoginRule OnRegulationCheck End
2018-01-22 09:25:02.0228 DESKTOP-2Q89F24 8 SRS1 ::1 ZZ1031SearchRule Init Begin
2018-01-22 09:25:02.0228 DESKTOP-2Q89F24 8 SRS1 ::1 ZZ1031SearchRule Init End
2018-01-22 09:25:02.0228 DESKTOP-2Q89F24 8 SRS1 ::1 ZZ1031SearchRule GetCommonData Begin
2018-01-22 09:25:02.2648 DESKTOP-2Q89F24 8 SRS1 ::1 ZZ1031SearchRule GetCommonData End
2018-01-22 09:25:12.7274 DESKTOP-2Q89F24 6 SRS1 ::1 LoginRule OnRegulationCheck Begin
2018-01-22 09:25:12.7274 DESKTOP-2Q89F24 6 SRS1 ::1 LoginRule OnRegulationCheck End
2018-01-22 09:25:12.7274 DESKTOP-2Q89F24 6 SRS1 ::1 ZZ1031SearchRule GetCommonData Begin
2018-01-22 09:25:12.8374 DESKTOP-2Q89F24 6 SRS1 ::1 ZZ1031SearchRule GetCommonData End
2018-01-22 09:25:12.8374 DESKTOP-2Q89F24 6 SRS1 ::1 RuleBase HasSearchPermission Begin
2018-01-22 09:25:12.8374 DESKTOP-2Q89F24 6 SRS1 ::1 RuleBase HasSearchPermission End
2018-01-22 09:25:12.8374 DESKTOP-2Q89F24 6 SRS1 ::1 ZZ1031SearchRule CheckCondition Begin
2018-01-22 09:25:12.8514 DESKTOP-2Q89F24 6 SRS1 ::1 ZZ1031SearchRule CheckCondition End
2018-01-22 09:25:12.8514 DESKTOP-2Q89F24 6 SRS1 ::1 ZZ1031SearchRule Search Begin
2018-01-22 09:25:12.8514 DESKTOP-2Q89F24 6 SRS1 ::1 ZZ1031SearchRule Search End
2018-01-22 09:25:12.9324 DESKTOP-2Q89F24 13 SRS1 ::1 LoginRule OnRegulationCheck Begin
2018-01-22 09:25:12.9324 DESKTOP-2Q89F24 13 SRS1 ::1 LoginRule OnRegulationCheck End
2018-01-22 09:25:12.9324 DESKTOP-2Q89F24 13 SRS1 ::1 ZZ1031DetailRule Init Begin
2018-01-22 09:25:12.9964 DESKTOP-2Q89F24 13 SRS1 ::1 ZZ1031DetailRule Init End
2018-01-22 09:25:12.9964 DESKTOP-2Q89F24 13 SRS1 ::1 ZZ1031DetailRule GetCommonData Begin
2018-01-22 09:25:13.1764 DESKTOP-2Q89F24 13 SRS1 ::1 ZZ1031DetailRule GetCommonData End
2018-01-22 10:16:44.0216 DESKTOP-2Q89F24 13  ::1 LoginRule CheckLoginFailedLockDown Begin
2018-01-22 10:16:44.0216 DESKTOP-2Q89F24 13  ::1 LoginRule CheckLoginFailedLockDown End
2018-01-22 10:16:44.0216 DESKTOP-2Q89F24 13  ::1 LoginRule GetAuthentication Begin
2018-01-22 10:16:44.0216 DESKTOP-2Q89F24 13  ::1 LoginRule GetAuthentication End
2018-01-22 10:16:44.0216 DESKTOP-2Q89F24 13  ::1 LoginRule ClearLoginFailedCount Begin
2018-01-22 10:16:44.0216 DESKTOP-2Q89F24 13  ::1 LoginRule ClearLoginFailedCount End
2018-01-22 10:16:44.0216 DESKTOP-2Q89F24 13  ::1 LoginRule SetUserInfo Begin
2018-01-22 10:16:44.0216 DESKTOP-2Q89F24 13  ::1 LoginRule SetUserInfo End
2018-01-22 10:16:44.1156 DESKTOP-2Q89F24 12 SRS1 ::1 MenuRule GetMenuData Begin
2018-01-22 10:16:44.1936 DESKTOP-2Q89F24 12 SRS1 ::1 MenuRule GetMenuData End
2018-01-22 10:16:44.1936 DESKTOP-2Q89F24 12 SRS1 ::1 MenuRule GetNoticeData Begin
2018-01-22 10:16:44.1936 DESKTOP-2Q89F24 12 SRS1 ::1 MenuRule GetNoticeData End
2018-01-22 10:16:47.4009 DESKTOP-2Q89F24 8 SRS1 ::1 LoginRule OnRegulationCheck Begin
2018-01-22 10:16:47.4009 DESKTOP-2Q89F24 8 SRS1 ::1 LoginRule OnRegulationCheck End
2018-01-22 10:16:47.4009 DESKTOP-2Q89F24 8 SRS1 ::1 ZZ1031SearchRule Init Begin
2018-01-22 10:16:47.4009 DESKTOP-2Q89F24 8 SRS1 ::1 ZZ1031SearchRule Init End
2018-01-22 10:16:47.4009 DESKTOP-2Q89F24 8 SRS1 ::1 ZZ1031SearchRule GetCommonData Begin
2018-01-22 10:16:47.6659 DESKTOP-2Q89F24 8 SRS1 ::1 ZZ1031SearchRule GetCommonData End
