2018-01-15 08:28:27.7645 DESKTOP-2Q89F24 16  ::1 LoginRule CheckLoginFailedLockDown Begin
2018-01-15 08:28:27.7795 DESKTOP-2Q89F24 16  ::1 LoginRule CheckLoginFailedLockDown End
2018-01-15 08:28:27.7795 DESKTOP-2Q89F24 16  ::1 LoginRule GetAuthentication Begin
2018-01-15 08:28:27.7795 DESKTOP-2Q89F24 16  ::1 LoginRule GetAuthentication End
2018-01-15 08:28:27.7795 DESKTOP-2Q89F24 16  ::1 LoginRule ClearLoginFailedCount Begin
2018-01-15 08:28:27.7795 DESKTOP-2Q89F24 16  ::1 LoginRule ClearLoginFailedCount End
2018-01-15 08:28:27.7795 DESKTOP-2Q89F24 16  ::1 LoginRule SetUserInfo Begin
2018-01-15 08:28:27.7795 DESKTOP-2Q89F24 16  ::1 LoginRule SetUserInfo End
2018-01-15 08:28:28.1698 DESKTOP-2Q89F24 5 SRS1 ::1 MenuRule GetMenuData Begin
2018-01-15 08:28:28.2638 DESKTOP-2Q89F24 5 SRS1 ::1 MenuRule GetMenuData End
2018-01-15 08:28:28.2638 DESKTOP-2Q89F24 5 SRS1 ::1 MenuRule GetNoticeData Begin
2018-01-15 08:28:28.2638 DESKTOP-2Q89F24 5 SRS1 ::1 MenuRule GetNoticeData End
2018-01-15 08:28:31.4193 DESKTOP-2Q89F24 6 SRS1 ::1 LoginRule OnRegulationCheck Begin
2018-01-15 08:28:31.4193 DESKTOP-2Q89F24 6 SRS1 ::1 LoginRule OnRegulationCheck End
2018-01-15 08:28:31.4193 DESKTOP-2Q89F24 6 SRS1 ::1 ZZ1031SearchRule Init Begin
2018-01-15 08:28:31.4193 DESKTOP-2Q89F24 6 SRS1 ::1 ZZ1031SearchRule Init End
2018-01-15 08:28:31.4193 DESKTOP-2Q89F24 6 SRS1 ::1 ZZ1031SearchRule GetCommonData Begin
2018-01-15 08:28:31.4561 DESKTOP-2Q89F24 6 SRS1 ::1 ZZ1031SearchRule GetCommonData End
2018-01-15 08:29:12.8052 DESKTOP-2Q89F24 15 SRS1 ::1 LoginRule OnRegulationCheck Begin
2018-01-15 08:29:12.8052 DESKTOP-2Q89F24 15 SRS1 ::1 LoginRule OnRegulationCheck End
2018-01-15 08:29:12.8052 DESKTOP-2Q89F24 15 SRS1 ::1 ZZ1031SearchRule GetCommonData Begin
2018-01-15 08:29:12.8122 DESKTOP-2Q89F24 15 SRS1 ::1 ZZ1031SearchRule GetCommonData End
2018-01-15 08:29:12.8122 DESKTOP-2Q89F24 15 SRS1 ::1 RuleBase HasSearchPermission Begin
2018-01-15 08:29:12.8122 DESKTOP-2Q89F24 15 SRS1 ::1 RuleBase HasSearchPermission End
2018-01-15 08:29:12.8122 DESKTOP-2Q89F24 15 SRS1 ::1 ZZ1031SearchRule CheckCondition Begin
2018-01-15 08:29:12.8122 DESKTOP-2Q89F24 15 SRS1 ::1 ZZ1031SearchRule CheckCondition End
2018-01-15 08:29:12.8122 DESKTOP-2Q89F24 15 SRS1 ::1 ZZ1031SearchRule Search Begin
2018-01-15 08:29:12.8122 DESKTOP-2Q89F24 15 SRS1 ::1 ZZ1031SearchRule Search End
2018-01-15 08:29:12.8592 DESKTOP-2Q89F24 15 SRS1 ::1 LoginRule OnRegulationCheck Begin
2018-01-15 08:29:12.8592 DESKTOP-2Q89F24 15 SRS1 ::1 LoginRule OnRegulationCheck End
2018-01-15 08:29:12.8592 DESKTOP-2Q89F24 15 SRS1 ::1 ZZ1031DetailRule Init Begin
2018-01-15 08:29:12.9042 DESKTOP-2Q89F24 15 SRS1 ::1 ZZ1031DetailRule Init End
2018-01-15 08:29:12.9042 DESKTOP-2Q89F24 15 SRS1 ::1 ZZ1031DetailRule GetCommonData Begin
2018-01-15 08:29:12.9192 DESKTOP-2Q89F24 15 SRS1 ::1 ZZ1031DetailRule GetCommonData End
2018-01-15 08:54:15.0447 DESKTOP-2Q89F24 8  ::1 LoginRule CheckLoginFailedLockDown Begin
2018-01-15 08:54:15.0447 DESKTOP-2Q89F24 8  ::1 LoginRule CheckLoginFailedLockDown End
2018-01-15 08:54:15.0447 DESKTOP-2Q89F24 8  ::1 LoginRule GetAuthentication Begin
2018-01-15 08:54:15.0447 DESKTOP-2Q89F24 8  ::1 LoginRule GetAuthentication End
2018-01-15 08:54:15.0447 DESKTOP-2Q89F24 8  ::1 LoginRule ClearLoginFailedCount Begin
2018-01-15 08:54:15.0447 DESKTOP-2Q89F24 8  ::1 LoginRule ClearLoginFailedCount End
2018-01-15 08:54:15.0447 DESKTOP-2Q89F24 8  ::1 LoginRule SetUserInfo Begin
2018-01-15 08:54:15.0447 DESKTOP-2Q89F24 8  ::1 LoginRule SetUserInfo End
2018-01-15 08:54:15.2812 DESKTOP-2Q89F24 7 SRS1 ::1 MenuRule GetMenuData Begin
2018-01-15 08:54:15.3107 DESKTOP-2Q89F24 7 SRS1 ::1 MenuRule GetMenuData End
2018-01-15 08:54:15.3107 DESKTOP-2Q89F24 7 SRS1 ::1 MenuRule GetNoticeData Begin
2018-01-15 08:54:15.3107 DESKTOP-2Q89F24 7 SRS1 ::1 MenuRule GetNoticeData End
2018-01-15 08:54:45.0137 DESKTOP-2Q89F24 11  ::1 LoginRule CheckLoginFailedLockDown Begin
2018-01-15 08:54:45.0137 DESKTOP-2Q89F24 11  ::1 LoginRule CheckLoginFailedLockDown End
2018-01-15 08:54:45.0137 DESKTOP-2Q89F24 11  ::1 LoginRule GetAuthentication Begin
2018-01-15 08:54:45.0137 DESKTOP-2Q89F24 11  ::1 LoginRule GetAuthentication End
2018-01-15 08:54:45.0137 DESKTOP-2Q89F24 11  ::1 LoginRule ClearLoginFailedCount Begin
2018-01-15 08:54:45.0137 DESKTOP-2Q89F24 11  ::1 LoginRule ClearLoginFailedCount End
2018-01-15 08:54:45.0137 DESKTOP-2Q89F24 11  ::1 LoginRule SetUserInfo Begin
2018-01-15 08:54:45.0137 DESKTOP-2Q89F24 11  ::1 LoginRule SetUserInfo End
2018-01-15 08:54:45.1607 DESKTOP-2Q89F24 12 SRS1 ::1 MenuRule GetMenuData Begin
2018-01-15 08:54:45.2817 DESKTOP-2Q89F24 12 SRS1 ::1 MenuRule GetMenuData End
2018-01-15 08:54:45.2817 DESKTOP-2Q89F24 12 SRS1 ::1 MenuRule GetNoticeData Begin
2018-01-15 08:54:45.2817 DESKTOP-2Q89F24 12 SRS1 ::1 MenuRule GetNoticeData End
2018-01-15 08:54:50.2487 DESKTOP-2Q89F24 7 SRS1 ::1 LoginRule OnRegulationCheck Begin
2018-01-15 08:54:50.2487 DESKTOP-2Q89F24 7 SRS1 ::1 LoginRule OnRegulationCheck End
2018-01-15 08:54:50.2487 DESKTOP-2Q89F24 7 SRS1 ::1 ZZ1031SearchRule Init Begin
2018-01-15 08:54:50.2487 DESKTOP-2Q89F24 7 SRS1 ::1 ZZ1031SearchRule Init End
2018-01-15 08:54:50.2487 DESKTOP-2Q89F24 7 SRS1 ::1 ZZ1031SearchRule GetCommonData Begin
2018-01-15 08:54:50.2487 DESKTOP-2Q89F24 7 SRS1 ::1 ZZ1031SearchRule GetCommonData End
2018-01-15 08:54:55.5823 DESKTOP-2Q89F24 6 SRS1 ::1 LoginRule OnRegulationCheck Begin
2018-01-15 08:54:55.5823 DESKTOP-2Q89F24 6 SRS1 ::1 LoginRule OnRegulationCheck End
2018-01-15 08:54:55.5823 DESKTOP-2Q89F24 6 SRS1 ::1 ZZ1031SearchRule GetCommonData Begin
2018-01-15 08:54:55.5823 DESKTOP-2Q89F24 6 SRS1 ::1 ZZ1031SearchRule GetCommonData End
2018-01-15 08:54:55.5823 DESKTOP-2Q89F24 6 SRS1 ::1 RuleBase HasSearchPermission Begin
2018-01-15 08:54:55.5823 DESKTOP-2Q89F24 6 SRS1 ::1 RuleBase HasSearchPermission End
2018-01-15 08:54:55.5823 DESKTOP-2Q89F24 6 SRS1 ::1 ZZ1031SearchRule CheckCondition Begin
2018-01-15 08:54:55.5938 DESKTOP-2Q89F24 6 SRS1 ::1 ZZ1031SearchRule CheckCondition End
2018-01-15 08:54:55.5938 DESKTOP-2Q89F24 6 SRS1 ::1 ZZ1031SearchRule Search Begin
2018-01-15 08:54:55.5938 DESKTOP-2Q89F24 6 SRS1 ::1 ZZ1031SearchRule Search End
2018-01-15 08:54:55.6278 DESKTOP-2Q89F24 8 SRS1 ::1 LoginRule OnRegulationCheck Begin
2018-01-15 08:54:55.6278 DESKTOP-2Q89F24 8 SRS1 ::1 LoginRule OnRegulationCheck End
2018-01-15 08:54:55.6278 DESKTOP-2Q89F24 8 SRS1 ::1 ZZ1031DetailRule Init Begin
2018-01-15 08:54:55.7158 DESKTOP-2Q89F24 8 SRS1 ::1 ZZ1031DetailRule Init End
2018-01-15 08:54:55.7158 DESKTOP-2Q89F24 8 SRS1 ::1 ZZ1031DetailRule GetCommonData Begin
2018-01-15 08:54:55.7343 DESKTOP-2Q89F24 8 SRS1 ::1 ZZ1031DetailRule GetCommonData End
2018-01-15 08:55:00.4606 DESKTOP-2Q89F24 12 SRS1 ::1 LoginRule OnRegulationCheck Begin
2018-01-15 08:55:00.4606 DESKTOP-2Q89F24 12 SRS1 ::1 LoginRule OnRegulationCheck End
2018-01-15 08:55:00.4606 DESKTOP-2Q89F24 12 SRS1 ::1 ZZ1031DetailRule GetCommonData Begin
2018-01-15 08:55:00.4686 DESKTOP-2Q89F24 12 SRS1 ::1 ZZ1031DetailRule GetCommonData End
2018-01-15 08:55:00.4686 DESKTOP-2Q89F24 12 SRS1 ::1 ZZ1031DetailRule CheckInput Begin
2018-01-15 08:55:00.4686 DESKTOP-2Q89F24 12 SRS1 ::1 ZZ1031DetailRule CheckInput End
2018-01-15 08:55:19.5754 DESKTOP-2Q89F24 8 SRS1 ::1 LoginRule OnRegulationCheck Begin
2018-01-15 08:55:19.5754 DESKTOP-2Q89F24 8 SRS1 ::1 LoginRule OnRegulationCheck End
2018-01-15 08:55:19.5754 DESKTOP-2Q89F24 8 SRS1 ::1 ZZ1031DetailRule GetCommonData Begin
2018-01-15 08:55:19.6259 DESKTOP-2Q89F24 8 SRS1 ::1 ZZ1031DetailRule GetCommonData End
2018-01-15 08:55:19.6259 DESKTOP-2Q89F24 8 SRS1 ::1 ZZ1031DetailRule CheckInput Begin
2018-01-15 08:55:19.6259 DESKTOP-2Q89F24 8 SRS1 ::1 ZZ1031DetailRule CheckInput End
2018-01-15 08:55:24.3564 DESKTOP-2Q89F24 6 SRS1 ::1 LoginRule OnRegulationCheck Begin
2018-01-15 08:55:24.3564 DESKTOP-2Q89F24 6 SRS1 ::1 LoginRule OnRegulationCheck End
2018-01-15 08:55:24.3564 DESKTOP-2Q89F24 6 SRS1 ::1 ZZ1031DetailRule GetCommonData Begin
2018-01-15 08:55:24.3919 DESKTOP-2Q89F24 6 SRS1 ::1 ZZ1031DetailRule GetCommonData End
2018-01-15 08:55:24.3919 DESKTOP-2Q89F24 6 SRS1 ::1 RuleBase HasDeletePermission Begin
2018-01-15 08:55:24.3919 DESKTOP-2Q89F24 6 SRS1 ::1 RuleBase HasDeletePermission End
2018-01-15 08:55:24.3919 DESKTOP-2Q89F24 6 SRS1 ::1 ZZ1031DetailRule CheckInput Begin
2018-01-15 08:55:24.3919 DESKTOP-2Q89F24 6 SRS1 ::1 ZZ1031DetailRule CheckInput End
2018-01-15 08:56:10.7174 DESKTOP-2Q89F24 8 SRS1 ::1 LoginRule OnRegulationCheck Begin
2018-01-15 08:56:10.7174 DESKTOP-2Q89F24 8 SRS1 ::1 LoginRule OnRegulationCheck End
2018-01-15 08:56:10.7524 DESKTOP-2Q89F24 10 SRS1 ::1 LoginRule OnRegulationCheck Begin
2018-01-15 08:56:10.7524 DESKTOP-2Q89F24 10 SRS1 ::1 LoginRule OnRegulationCheck End
2018-01-15 08:56:10.7524 DESKTOP-2Q89F24 10 SRS1 ::1 ZZ1031SearchRule Init Begin
2018-01-15 08:56:10.7524 DESKTOP-2Q89F24 10 SRS1 ::1 ZZ1031SearchRule Init End
2018-01-15 08:56:10.7524 DESKTOP-2Q89F24 10 SRS1 ::1 ZZ1031SearchRule GetCommonData Begin
2018-01-15 08:56:10.7524 DESKTOP-2Q89F24 10 SRS1 ::1 ZZ1031SearchRule GetCommonData End
2018-01-15 08:56:13.7259 DESKTOP-2Q89F24 8 SRS1 ::1 LoginRule OnRegulationCheck Begin
2018-01-15 08:56:13.7259 DESKTOP-2Q89F24 8 SRS1 ::1 LoginRule OnRegulationCheck End
2018-01-15 08:56:13.7259 DESKTOP-2Q89F24 8 SRS1 ::1 ZZ1031SearchRule GetCommonData Begin
2018-01-15 08:56:13.7259 DESKTOP-2Q89F24 8 SRS1 ::1 ZZ1031SearchRule GetCommonData End
2018-01-15 08:56:13.7259 DESKTOP-2Q89F24 8 SRS1 ::1 RuleBase HasSearchPermission Begin
2018-01-15 08:56:13.7259 DESKTOP-2Q89F24 8 SRS1 ::1 RuleBase HasSearchPermission End
2018-01-15 08:56:13.7259 DESKTOP-2Q89F24 8 SRS1 ::1 ZZ1031SearchRule CheckCondition Begin
2018-01-15 08:56:13.7314 DESKTOP-2Q89F24 8 SRS1 ::1 ZZ1031SearchRule CheckCondition End
2018-01-15 08:56:13.7314 DESKTOP-2Q89F24 8 SRS1 ::1 ZZ1031SearchRule Search Begin
2018-01-15 08:56:13.7314 DESKTOP-2Q89F24 8 SRS1 ::1 ZZ1031SearchRule Search End
2018-01-15 08:56:13.7574 DESKTOP-2Q89F24 5 SRS1 ::1 LoginRule OnRegulationCheck Begin
2018-01-15 08:56:13.7574 DESKTOP-2Q89F24 5 SRS1 ::1 LoginRule OnRegulationCheck End
2018-01-15 08:56:13.7574 DESKTOP-2Q89F24 5 SRS1 ::1 ZZ1031DetailRule Init Begin
2018-01-15 08:56:13.8099 DESKTOP-2Q89F24 5 SRS1 ::1 ZZ1031DetailRule Init End
2018-01-15 08:56:13.8099 DESKTOP-2Q89F24 5 SRS1 ::1 ZZ1031DetailRule GetCommonData Begin
2018-01-15 08:56:13.8099 DESKTOP-2Q89F24 5 SRS1 ::1 ZZ1031DetailRule GetCommonData End
2018-01-15 09:00:50.3068 DESKTOP-2Q89F24 12 SRS1 ::1 LoginRule OnRegulationCheck Begin
2018-01-15 09:00:50.3068 DESKTOP-2Q89F24 12 SRS1 ::1 LoginRule OnRegulationCheck End
2018-01-15 09:00:50.3343 DESKTOP-2Q89F24 13 SRS1 ::1 LoginRule OnRegulationCheck Begin
2018-01-15 09:00:50.3343 DESKTOP-2Q89F24 13 SRS1 ::1 LoginRule OnRegulationCheck End
2018-01-15 09:00:50.3343 DESKTOP-2Q89F24 13 SRS1 ::1 ZZ1031SearchRule Init Begin
2018-01-15 09:00:50.3343 DESKTOP-2Q89F24 13 SRS1 ::1 ZZ1031SearchRule Init End
2018-01-15 09:00:50.3343 DESKTOP-2Q89F24 13 SRS1 ::1 ZZ1031SearchRule GetCommonData Begin
2018-01-15 09:00:50.3568 DESKTOP-2Q89F24 13 SRS1 ::1 ZZ1031SearchRule GetCommonData End
2018-01-15 09:02:37.9618 DESKTOP-2Q89F24 8 SRS1 ::1 LoginRule OnRegulationCheck Begin
2018-01-15 09:02:37.9618 DESKTOP-2Q89F24 8 SRS1 ::1 LoginRule OnRegulationCheck End
2018-01-15 09:02:37.9658 DESKTOP-2Q89F24 8 SRS1 ::1 ZZ1031SearchRule GetCommonData Begin
2018-01-15 09:02:37.9658 DESKTOP-2Q89F24 8 SRS1 ::1 ZZ1031SearchRule GetCommonData End
2018-01-15 09:02:37.9658 DESKTOP-2Q89F24 8 SRS1 ::1 RuleBase HasSearchPermission Begin
2018-01-15 09:02:37.9658 DESKTOP-2Q89F24 8 SRS1 ::1 RuleBase HasSearchPermission End
2018-01-15 09:02:37.9658 DESKTOP-2Q89F24 8 SRS1 ::1 ZZ1031SearchRule CheckCondition Begin
2018-01-15 09:02:37.9658 DESKTOP-2Q89F24 8 SRS1 ::1 ZZ1031SearchRule CheckCondition End
2018-01-15 09:02:37.9658 DESKTOP-2Q89F24 8 SRS1 ::1 ZZ1031SearchRule Search Begin
2018-01-15 09:02:37.9658 DESKTOP-2Q89F24 8 SRS1 ::1 ZZ1031SearchRule Search End
2018-01-15 09:02:38.0443 DESKTOP-2Q89F24 8 SRS1 ::1 LoginRule OnRegulationCheck Begin
2018-01-15 09:02:38.0443 DESKTOP-2Q89F24 8 SRS1 ::1 LoginRule OnRegulationCheck End
2018-01-15 09:02:38.0443 DESKTOP-2Q89F24 8 SRS1 ::1 ZZ1031DetailRule Init Begin
2018-01-15 09:02:38.0938 DESKTOP-2Q89F24 8 SRS1 ::1 ZZ1031DetailRule Init End
2018-01-15 09:02:38.0938 DESKTOP-2Q89F24 8 SRS1 ::1 ZZ1031DetailRule GetCommonData Begin
2018-01-15 09:02:38.1078 DESKTOP-2Q89F24 8 SRS1 ::1 ZZ1031DetailRule GetCommonData End
2018-01-15 09:03:17.4501 DESKTOP-2Q89F24 10 SRS1 ::1 LoginRule OnRegulationCheck Begin
2018-01-15 09:03:17.4501 DESKTOP-2Q89F24 10 SRS1 ::1 LoginRule OnRegulationCheck End
2018-01-15 09:03:17.5201 DESKTOP-2Q89F24 8 SRS1 ::1 LoginRule OnRegulationCheck Begin
2018-01-15 09:03:17.5201 DESKTOP-2Q89F24 8 SRS1 ::1 LoginRule OnRegulationCheck End
2018-01-15 09:03:17.5201 DESKTOP-2Q89F24 8 SRS1 ::1 ZZ1031SearchRule Init Begin
2018-01-15 09:03:17.5201 DESKTOP-2Q89F24 8 SRS1 ::1 ZZ1031SearchRule Init End
2018-01-15 09:03:17.5201 DESKTOP-2Q89F24 8 SRS1 ::1 ZZ1031SearchRule GetCommonData Begin
2018-01-15 09:03:17.5306 DESKTOP-2Q89F24 8 SRS1 ::1 ZZ1031SearchRule GetCommonData End
2018-01-15 09:03:41.2817 DESKTOP-2Q89F24 13 SRS1 ::1 LoginRule OnRegulationCheck Begin
2018-01-15 09:03:41.2817 DESKTOP-2Q89F24 13 SRS1 ::1 LoginRule OnRegulationCheck End
2018-01-15 09:03:41.3097 DESKTOP-2Q89F24 5 SRS1 ::1 LoginRule OnRegulationCheck Begin
2018-01-15 09:03:41.3097 DESKTOP-2Q89F24 5 SRS1 ::1 LoginRule OnRegulationCheck End
2018-01-15 09:03:41.3097 DESKTOP-2Q89F24 5 SRS1 ::1 ZZ1031DetailRule Init Begin
2018-01-15 09:03:41.3097 DESKTOP-2Q89F24 5 SRS1 ::1 ZZ1031DetailRule Init End
2018-01-15 09:03:41.3097 DESKTOP-2Q89F24 5 SRS1 ::1 ZZ1031DetailRule GetCommonData Begin
2018-01-15 09:03:41.3097 DESKTOP-2Q89F24 5 SRS1 ::1 ZZ1031DetailRule GetCommonData End
2018-01-15 09:05:33.6847 DESKTOP-2Q89F24 13 SRS1 ::1 LoginRule OnRegulationCheck Begin
2018-01-15 09:05:33.6847 DESKTOP-2Q89F24 13 SRS1 ::1 LoginRule OnRegulationCheck End
2018-01-15 09:05:33.7202 DESKTOP-2Q89F24 5 SRS1 ::1 LoginRule OnRegulationCheck Begin
2018-01-15 09:05:33.7202 DESKTOP-2Q89F24 5 SRS1 ::1 LoginRule OnRegulationCheck End
2018-01-15 09:05:33.7202 DESKTOP-2Q89F24 5 SRS1 ::1 ZZ1031SearchRule Init Begin
2018-01-15 09:05:33.7202 DESKTOP-2Q89F24 5 SRS1 ::1 ZZ1031SearchRule Init End
2018-01-15 09:05:33.7202 DESKTOP-2Q89F24 5 SRS1 ::1 ZZ1031SearchRule GetCommonData Begin
2018-01-15 09:05:33.7447 DESKTOP-2Q89F24 5 SRS1 ::1 ZZ1031SearchRule GetCommonData End
2018-01-15 11:17:31.8924 DESKTOP-2Q89F24 10 SRS1 ::1 LoginRule CheckLoginFailedLockDown Begin
2018-01-15 11:17:31.8924 DESKTOP-2Q89F24 10 SRS1 ::1 LoginRule CheckLoginFailedLockDown End
2018-01-15 11:17:31.8924 DESKTOP-2Q89F24 10 SRS1 ::1 LoginRule GetAuthentication Begin
2018-01-15 11:17:31.8924 DESKTOP-2Q89F24 10 SRS1 ::1 LoginRule GetAuthentication End
2018-01-15 11:17:31.8924 DESKTOP-2Q89F24 10 SRS1 ::1 LoginRule ClearLoginFailedCount Begin
2018-01-15 11:17:31.8924 DESKTOP-2Q89F24 10 SRS1 ::1 LoginRule ClearLoginFailedCount End
2018-01-15 11:17:31.8924 DESKTOP-2Q89F24 10 SRS1 ::1 LoginRule SetUserInfo Begin
2018-01-15 11:17:31.8924 DESKTOP-2Q89F24 10 SRS1 ::1 LoginRule SetUserInfo End
2018-01-15 11:17:32.0132 DESKTOP-2Q89F24 10 SRS1 ::1 MenuRule GetMenuData Begin
2018-01-15 11:17:32.0937 DESKTOP-2Q89F24 10 SRS1 ::1 MenuRule GetMenuData End
2018-01-15 11:17:32.0937 DESKTOP-2Q89F24 10 SRS1 ::1 MenuRule GetNoticeData Begin
2018-01-15 11:17:32.0937 DESKTOP-2Q89F24 10 SRS1 ::1 MenuRule GetNoticeData End
2018-01-15 11:17:34.6254 DESKTOP-2Q89F24 6 SRS1 ::1 LoginRule OnRegulationCheck Begin
2018-01-15 11:17:34.6254 DESKTOP-2Q89F24 6 SRS1 ::1 LoginRule OnRegulationCheck End
2018-01-15 11:17:34.6254 DESKTOP-2Q89F24 6 SRS1 ::1 ZZ1031SearchRule Init Begin
2018-01-15 11:17:34.6254 DESKTOP-2Q89F24 6 SRS1 ::1 ZZ1031SearchRule Init End
2018-01-15 11:17:34.6254 DESKTOP-2Q89F24 6 SRS1 ::1 ZZ1031SearchRule GetCommonData Begin
2018-01-15 11:17:34.6474 DESKTOP-2Q89F24 6 SRS1 ::1 ZZ1031SearchRule GetCommonData End
2018-01-15 11:25:09.7227 DESKTOP-2Q89F24 10  ::1 LoginRule CheckLoginFailedLockDown Begin
2018-01-15 11:25:09.7327 DESKTOP-2Q89F24 10  ::1 LoginRule CheckLoginFailedLockDown End
2018-01-15 11:25:09.7327 DESKTOP-2Q89F24 10  ::1 LoginRule GetAuthentication Begin
2018-01-15 11:25:09.7327 DESKTOP-2Q89F24 10  ::1 LoginRule GetAuthentication End
2018-01-15 11:25:09.7327 DESKTOP-2Q89F24 10  ::1 LoginRule ClearLoginFailedCount Begin
2018-01-15 11:25:09.7327 DESKTOP-2Q89F24 10  ::1 LoginRule ClearLoginFailedCount End
2018-01-15 11:25:09.7327 DESKTOP-2Q89F24 10  ::1 LoginRule SetUserInfo Begin
2018-01-15 11:25:09.7327 DESKTOP-2Q89F24 10  ::1 LoginRule SetUserInfo End
2018-01-15 11:25:09.8567 DESKTOP-2Q89F24 9 SRS1 ::1 MenuRule GetMenuData Begin
2018-01-15 11:25:09.9052 DESKTOP-2Q89F24 9 SRS1 ::1 MenuRule GetMenuData End
2018-01-15 11:25:09.9052 DESKTOP-2Q89F24 9 SRS1 ::1 MenuRule GetNoticeData Begin
2018-01-15 11:25:09.9052 DESKTOP-2Q89F24 9 SRS1 ::1 MenuRule GetNoticeData End
2018-01-15 11:25:13.4232 DESKTOP-2Q89F24 7 SRS1 ::1 LoginRule OnRegulationCheck Begin
2018-01-15 11:25:13.4232 DESKTOP-2Q89F24 7 SRS1 ::1 LoginRule OnRegulationCheck End
2018-01-15 11:25:13.4232 DESKTOP-2Q89F24 7 SRS1 ::1 ZZ1031SearchRule Init Begin
2018-01-15 11:25:13.4232 DESKTOP-2Q89F24 7 SRS1 ::1 ZZ1031SearchRule Init End
2018-01-15 11:25:13.4232 DESKTOP-2Q89F24 7 SRS1 ::1 ZZ1031SearchRule GetCommonData Begin
2018-01-15 11:25:13.4602 DESKTOP-2Q89F24 7 SRS1 ::1 ZZ1031SearchRule GetCommonData End
2018-01-15 11:25:17.6456 DESKTOP-2Q89F24 11 SRS1 ::1 LoginRule OnRegulationCheck Begin
2018-01-15 11:25:17.6456 DESKTOP-2Q89F24 11 SRS1 ::1 LoginRule OnRegulationCheck End
2018-01-15 11:25:17.6456 DESKTOP-2Q89F24 11 SRS1 ::1 ZZ1031SearchRule GetCommonData Begin
2018-01-15 13:06:11.7008 DESKTOP-2Q89F24 9 SRS1 ::1 LoginRule CheckLoginFailedLockDown Begin
2018-01-15 13:06:11.7008 DESKTOP-2Q89F24 9 SRS1 ::1 LoginRule CheckLoginFailedLockDown End
2018-01-15 13:06:11.7008 DESKTOP-2Q89F24 9 SRS1 ::1 LoginRule GetAuthentication Begin
2018-01-15 13:06:11.7008 DESKTOP-2Q89F24 9 SRS1 ::1 LoginRule GetAuthentication End
2018-01-15 13:06:11.7008 DESKTOP-2Q89F24 9 SRS1 ::1 LoginRule ClearLoginFailedCount Begin
2018-01-15 13:06:11.7008 DESKTOP-2Q89F24 9 SRS1 ::1 LoginRule ClearLoginFailedCount End
2018-01-15 13:06:11.7008 DESKTOP-2Q89F24 9 SRS1 ::1 LoginRule SetUserInfo Begin
2018-01-15 13:06:11.7198 DESKTOP-2Q89F24 9 SRS1 ::1 LoginRule SetUserInfo End
2018-01-15 13:06:11.8284 DESKTOP-2Q89F24 9 SRS1 ::1 MenuRule GetMenuData Begin
2018-01-15 13:06:11.9034 DESKTOP-2Q89F24 9 SRS1 ::1 MenuRule GetMenuData End
2018-01-15 13:06:11.9034 DESKTOP-2Q89F24 9 SRS1 ::1 MenuRule GetNoticeData Begin
2018-01-15 13:06:11.9034 DESKTOP-2Q89F24 9 SRS1 ::1 MenuRule GetNoticeData End
2018-01-15 13:06:14.8880 DESKTOP-2Q89F24 14 SRS1 ::1 LoginRule OnRegulationCheck Begin
2018-01-15 13:06:14.8880 DESKTOP-2Q89F24 14 SRS1 ::1 LoginRule OnRegulationCheck End
2018-01-15 13:06:14.8880 DESKTOP-2Q89F24 14 SRS1 ::1 ZZ1031SearchRule Init Begin
2018-01-15 13:06:14.8880 DESKTOP-2Q89F24 14 SRS1 ::1 ZZ1031SearchRule Init End
2018-01-15 13:06:14.8880 DESKTOP-2Q89F24 14 SRS1 ::1 ZZ1031SearchRule GetCommonData Begin
2018-01-15 13:06:14.9547 DESKTOP-2Q89F24 14 SRS1 ::1 ZZ1031SearchRule GetCommonData End
2018-01-15 13:06:17.9842 DESKTOP-2Q89F24 12 SRS1 ::1 LoginRule OnRegulationCheck Begin
2018-01-15 13:06:17.9842 DESKTOP-2Q89F24 12 SRS1 ::1 LoginRule OnRegulationCheck End
2018-01-15 13:06:17.9842 DESKTOP-2Q89F24 12 SRS1 ::1 ZZ1031SearchRule GetCommonData Begin
2018-01-15 13:06:17.9842 DESKTOP-2Q89F24 12 SRS1 ::1 ZZ1031SearchRule GetCommonData End
2018-01-15 13:06:17.9842 DESKTOP-2Q89F24 12 SRS1 ::1 RuleBase HasSearchPermission Begin
2018-01-15 13:06:17.9842 DESKTOP-2Q89F24 12 SRS1 ::1 RuleBase HasSearchPermission End
2018-01-15 13:06:17.9842 DESKTOP-2Q89F24 12 SRS1 ::1 ZZ1031SearchRule CheckCondition Begin
2018-01-15 13:06:17.9987 DESKTOP-2Q89F24 12 SRS1 ::1 ZZ1031SearchRule CheckCondition End
2018-01-15 13:06:17.9987 DESKTOP-2Q89F24 12 SRS1 ::1 ZZ1031SearchRule Search Begin
2018-01-15 13:06:17.9987 DESKTOP-2Q89F24 12 SRS1 ::1 ZZ1031SearchRule Search End
2018-01-15 13:06:18.0287 DESKTOP-2Q89F24 5 SRS1 ::1 LoginRule OnRegulationCheck Begin
2018-01-15 13:06:18.0287 DESKTOP-2Q89F24 5 SRS1 ::1 LoginRule OnRegulationCheck End
2018-01-15 13:06:18.0287 DESKTOP-2Q89F24 5 SRS1 ::1 ZZ1031DetailRule Init Begin
2018-01-15 13:06:18.1557 DESKTOP-2Q89F24 5 SRS1 ::1 ZZ1031DetailRule Init End
2018-01-15 13:06:18.1557 DESKTOP-2Q89F24 5 SRS1 ::1 ZZ1031DetailRule GetCommonData Begin
2018-01-15 13:06:18.1887 DESKTOP-2Q89F24 5 SRS1 ::1 ZZ1031DetailRule GetCommonData End
2018-01-15 13:12:46.7182 DESKTOP-2Q89F24 8 SRS1 ::1 LoginRule CheckLoginFailedLockDown Begin
2018-01-15 13:12:46.7182 DESKTOP-2Q89F24 8 SRS1 ::1 LoginRule CheckLoginFailedLockDown End
2018-01-15 13:12:46.7182 DESKTOP-2Q89F24 8 SRS1 ::1 LoginRule GetAuthentication Begin
2018-01-15 13:12:46.7182 DESKTOP-2Q89F24 8 SRS1 ::1 LoginRule GetAuthentication End
2018-01-15 13:12:46.7182 DESKTOP-2Q89F24 8 SRS1 ::1 LoginRule ClearLoginFailedCount Begin
2018-01-15 13:12:46.7182 DESKTOP-2Q89F24 8 SRS1 ::1 LoginRule ClearLoginFailedCount End
2018-01-15 13:12:46.7182 DESKTOP-2Q89F24 8 SRS1 ::1 LoginRule SetUserInfo Begin
2018-01-15 13:12:46.7182 DESKTOP-2Q89F24 8 SRS1 ::1 LoginRule SetUserInfo End
2018-01-15 13:12:46.8252 DESKTOP-2Q89F24 10 SRS1 ::1 MenuRule GetMenuData Begin
2018-01-15 13:12:46.8892 DESKTOP-2Q89F24 10 SRS1 ::1 MenuRule GetMenuData End
2018-01-15 13:12:46.8892 DESKTOP-2Q89F24 10 SRS1 ::1 MenuRule GetNoticeData Begin
2018-01-15 13:12:46.8892 DESKTOP-2Q89F24 10 SRS1 ::1 MenuRule GetNoticeData End
2018-01-15 13:12:50.0910 DESKTOP-2Q89F24 13 SRS1 ::1 LoginRule OnRegulationCheck Begin
2018-01-15 13:12:50.0910 DESKTOP-2Q89F24 13 SRS1 ::1 LoginRule OnRegulationCheck End
2018-01-15 13:12:50.0910 DESKTOP-2Q89F24 13 SRS1 ::1 ZZ1031SearchRule Init Begin
2018-01-15 13:12:50.0910 DESKTOP-2Q89F24 13 SRS1 ::1 ZZ1031SearchRule Init End
2018-01-15 13:12:50.0910 DESKTOP-2Q89F24 13 SRS1 ::1 ZZ1031SearchRule GetCommonData Begin
2018-01-15 13:12:50.1543 DESKTOP-2Q89F24 13 SRS1 ::1 ZZ1031SearchRule GetCommonData End
2018-01-15 13:12:53.0728 DESKTOP-2Q89F24 12 SRS1 ::1 LoginRule OnRegulationCheck Begin
2018-01-15 13:12:53.0728 DESKTOP-2Q89F24 12 SRS1 ::1 LoginRule OnRegulationCheck End
2018-01-15 13:12:53.0758 DESKTOP-2Q89F24 12 SRS1 ::1 ZZ1031SearchRule GetCommonData Begin
2018-01-15 13:12:53.0758 DESKTOP-2Q89F24 12 SRS1 ::1 ZZ1031SearchRule GetCommonData End
2018-01-15 13:12:53.0758 DESKTOP-2Q89F24 12 SRS1 ::1 RuleBase HasSearchPermission Begin
2018-01-15 13:12:53.0758 DESKTOP-2Q89F24 12 SRS1 ::1 RuleBase HasSearchPermission End
2018-01-15 13:12:53.0758 DESKTOP-2Q89F24 12 SRS1 ::1 ZZ1031SearchRule CheckCondition Begin
2018-01-15 13:12:53.0758 DESKTOP-2Q89F24 12 SRS1 ::1 ZZ1031SearchRule CheckCondition End
2018-01-15 13:12:53.0758 DESKTOP-2Q89F24 12 SRS1 ::1 ZZ1031SearchRule Search Begin
2018-01-15 13:12:53.0758 DESKTOP-2Q89F24 12 SRS1 ::1 ZZ1031SearchRule Search End
2018-01-15 13:12:53.1283 DESKTOP-2Q89F24 5 SRS1 ::1 LoginRule OnRegulationCheck Begin
2018-01-15 13:12:53.1283 DESKTOP-2Q89F24 5 SRS1 ::1 LoginRule OnRegulationCheck End
2018-01-15 13:12:53.1283 DESKTOP-2Q89F24 5 SRS1 ::1 ZZ1031DetailRule Init Begin
2018-01-15 13:12:53.3783 DESKTOP-2Q89F24 5 SRS1 ::1 ZZ1031DetailRule Init End
2018-01-15 13:12:53.3783 DESKTOP-2Q89F24 5 SRS1 ::1 ZZ1031DetailRule GetCommonData Begin
2018-01-15 13:12:53.3783 DESKTOP-2Q89F24 5 SRS1 ::1 ZZ1031DetailRule GetCommonData End
2018-01-15 13:17:34.7361 DESKTOP-2Q89F24 6  ::1 LoginRule CheckLoginFailedLockDown Begin
2018-01-15 13:17:34.7361 DESKTOP-2Q89F24 6  ::1 LoginRule CheckLoginFailedLockDown End
2018-01-15 13:17:34.7361 DESKTOP-2Q89F24 6  ::1 LoginRule GetAuthentication Begin
2018-01-15 13:17:34.7361 DESKTOP-2Q89F24 6  ::1 LoginRule GetAuthentication End
2018-01-15 13:17:34.7361 DESKTOP-2Q89F24 6  ::1 LoginRule ClearLoginFailedCount Begin
2018-01-15 13:17:34.7361 DESKTOP-2Q89F24 6  ::1 LoginRule ClearLoginFailedCount End
2018-01-15 13:17:34.7361 DESKTOP-2Q89F24 6  ::1 LoginRule SetUserInfo Begin
2018-01-15 13:17:34.7361 DESKTOP-2Q89F24 6  ::1 LoginRule SetUserInfo End
2018-01-15 13:17:34.8411 DESKTOP-2Q89F24 6 SRS1 ::1 MenuRule GetMenuData Begin
2018-01-15 13:17:34.9461 DESKTOP-2Q89F24 6 SRS1 ::1 MenuRule GetMenuData End
2018-01-15 13:17:34.9461 DESKTOP-2Q89F24 6 SRS1 ::1 MenuRule GetNoticeData Begin
2018-01-15 13:17:34.9461 DESKTOP-2Q89F24 6 SRS1 ::1 MenuRule GetNoticeData End
2018-01-15 13:17:37.5609 DESKTOP-2Q89F24 7 SRS1 ::1 LoginRule OnRegulationCheck Begin
2018-01-15 13:17:37.5609 DESKTOP-2Q89F24 7 SRS1 ::1 LoginRule OnRegulationCheck End
2018-01-15 13:17:37.5772 DESKTOP-2Q89F24 7 SRS1 ::1 ZZ1031SearchRule Init Begin
2018-01-15 13:17:37.5772 DESKTOP-2Q89F24 7 SRS1 ::1 ZZ1031SearchRule Init End
2018-01-15 13:17:37.5772 DESKTOP-2Q89F24 7 SRS1 ::1 ZZ1031SearchRule GetCommonData Begin
2018-01-15 13:17:37.5772 DESKTOP-2Q89F24 7 SRS1 ::1 ZZ1031SearchRule GetCommonData End
2018-01-15 13:17:40.3468 DESKTOP-2Q89F24 10 SRS1 ::1 LoginRule OnRegulationCheck Begin
2018-01-15 13:17:40.3468 DESKTOP-2Q89F24 10 SRS1 ::1 LoginRule OnRegulationCheck End
2018-01-15 13:17:40.3468 DESKTOP-2Q89F24 10 SRS1 ::1 ZZ1031SearchRule GetCommonData Begin
2018-01-15 13:17:40.3468 DESKTOP-2Q89F24 10 SRS1 ::1 ZZ1031SearchRule GetCommonData End
2018-01-15 13:17:40.3468 DESKTOP-2Q89F24 10 SRS1 ::1 RuleBase HasSearchPermission Begin
2018-01-15 13:17:40.3468 DESKTOP-2Q89F24 10 SRS1 ::1 RuleBase HasSearchPermission End
2018-01-15 13:17:40.3468 DESKTOP-2Q89F24 10 SRS1 ::1 ZZ1031SearchRule CheckCondition Begin
2018-01-15 13:17:40.3608 DESKTOP-2Q89F24 10 SRS1 ::1 ZZ1031SearchRule CheckCondition End
2018-01-15 13:17:40.3608 DESKTOP-2Q89F24 10 SRS1 ::1 ZZ1031SearchRule Search Begin
2018-01-15 13:17:40.3608 DESKTOP-2Q89F24 10 SRS1 ::1 ZZ1031SearchRule Search End
2018-01-15 13:17:40.5909 DESKTOP-2Q89F24 10 SRS1 ::1 LoginRule OnRegulationCheck Begin
2018-01-15 13:17:40.5909 DESKTOP-2Q89F24 10 SRS1 ::1 LoginRule OnRegulationCheck End
2018-01-15 13:17:40.5909 DESKTOP-2Q89F24 10 SRS1 ::1 ZZ1031DetailRule Init Begin
2018-01-15 13:17:40.8104 DESKTOP-2Q89F24 10 SRS1 ::1 ZZ1031DetailRule Init End
2018-01-15 13:17:40.8104 DESKTOP-2Q89F24 10 SRS1 ::1 ZZ1031DetailRule GetCommonData Begin
2018-01-15 13:17:40.8104 DESKTOP-2Q89F24 10 SRS1 ::1 ZZ1031DetailRule GetCommonData End
2018-01-15 13:29:57.7234 DESKTOP-2Q89F24 8 SRS1 ::1 LoginRule CheckLoginFailedLockDown Begin
2018-01-15 13:29:57.7234 DESKTOP-2Q89F24 8 SRS1 ::1 LoginRule CheckLoginFailedLockDown End
2018-01-15 13:29:57.7234 DESKTOP-2Q89F24 8 SRS1 ::1 LoginRule GetAuthentication Begin
2018-01-15 13:29:57.7234 DESKTOP-2Q89F24 8 SRS1 ::1 LoginRule GetAuthentication End
2018-01-15 13:29:57.7234 DESKTOP-2Q89F24 8 SRS1 ::1 LoginRule ClearLoginFailedCount Begin
2018-01-15 13:29:57.7314 DESKTOP-2Q89F24 8 SRS1 ::1 LoginRule ClearLoginFailedCount End
2018-01-15 13:29:57.7314 DESKTOP-2Q89F24 8 SRS1 ::1 LoginRule SetUserInfo Begin
2018-01-15 13:29:57.7314 DESKTOP-2Q89F24 8 SRS1 ::1 LoginRule SetUserInfo End
2018-01-15 13:29:57.8425 DESKTOP-2Q89F24 8 SRS1 ::1 MenuRule GetMenuData Begin
2018-01-15 13:29:57.9275 DESKTOP-2Q89F24 8 SRS1 ::1 MenuRule GetMenuData End
2018-01-15 13:29:57.9275 DESKTOP-2Q89F24 8 SRS1 ::1 MenuRule GetNoticeData Begin
2018-01-15 13:29:57.9275 DESKTOP-2Q89F24 8 SRS1 ::1 MenuRule GetNoticeData End
2018-01-15 13:30:01.6584 DESKTOP-2Q89F24 12 SRS1 ::1 LoginRule OnRegulationCheck Begin
2018-01-15 13:30:01.6584 DESKTOP-2Q89F24 12 SRS1 ::1 LoginRule OnRegulationCheck End
2018-01-15 13:30:01.6720 DESKTOP-2Q89F24 12 SRS1 ::1 ZZ1031SearchRule Init Begin
2018-01-15 13:30:01.6720 DESKTOP-2Q89F24 12 SRS1 ::1 ZZ1031SearchRule Init End
2018-01-15 13:30:01.6720 DESKTOP-2Q89F24 12 SRS1 ::1 ZZ1031SearchRule GetCommonData Begin
2018-01-15 13:30:01.6890 DESKTOP-2Q89F24 12 SRS1 ::1 ZZ1031SearchRule GetCommonData End
2018-01-15 13:30:04.6948 DESKTOP-2Q89F24 6 SRS1 ::1 LoginRule OnRegulationCheck Begin
2018-01-15 13:30:04.6948 DESKTOP-2Q89F24 6 SRS1 ::1 LoginRule OnRegulationCheck End
2018-01-15 13:30:04.6948 DESKTOP-2Q89F24 6 SRS1 ::1 ZZ1031SearchRule GetCommonData Begin
2018-01-15 13:30:04.7008 DESKTOP-2Q89F24 6 SRS1 ::1 ZZ1031SearchRule GetCommonData End
2018-01-15 13:30:04.7008 DESKTOP-2Q89F24 6 SRS1 ::1 RuleBase HasSearchPermission Begin
2018-01-15 13:30:04.7008 DESKTOP-2Q89F24 6 SRS1 ::1 RuleBase HasSearchPermission End
2018-01-15 13:30:04.7008 DESKTOP-2Q89F24 6 SRS1 ::1 ZZ1031SearchRule CheckCondition Begin
2018-01-15 13:30:04.7008 DESKTOP-2Q89F24 6 SRS1 ::1 ZZ1031SearchRule CheckCondition End
2018-01-15 13:30:04.7008 DESKTOP-2Q89F24 6 SRS1 ::1 ZZ1031SearchRule Search Begin
2018-01-15 13:30:04.7008 DESKTOP-2Q89F24 6 SRS1 ::1 ZZ1031SearchRule Search End
2018-01-15 13:33:35.3410 DESKTOP-2Q89F24 9 SRS1 ::1 LoginRule CheckLoginFailedLockDown Begin
2018-01-15 13:33:35.3410 DESKTOP-2Q89F24 9 SRS1 ::1 LoginRule CheckLoginFailedLockDown End
2018-01-15 13:33:35.3410 DESKTOP-2Q89F24 9 SRS1 ::1 LoginRule GetAuthentication Begin
2018-01-15 13:33:35.3410 DESKTOP-2Q89F24 9 SRS1 ::1 LoginRule GetAuthentication End
2018-01-15 13:33:35.3410 DESKTOP-2Q89F24 9 SRS1 ::1 LoginRule ClearLoginFailedCount Begin
2018-01-15 13:33:35.3410 DESKTOP-2Q89F24 9 SRS1 ::1 LoginRule ClearLoginFailedCount End
2018-01-15 13:33:35.3410 DESKTOP-2Q89F24 9 SRS1 ::1 LoginRule SetUserInfo Begin
2018-01-15 13:33:35.3410 DESKTOP-2Q89F24 9 SRS1 ::1 LoginRule SetUserInfo End
2018-01-15 13:33:35.4511 DESKTOP-2Q89F24 11 SRS1 ::1 MenuRule GetMenuData Begin
2018-01-15 13:33:35.5166 DESKTOP-2Q89F24 11 SRS1 ::1 MenuRule GetMenuData End
2018-01-15 13:33:35.5166 DESKTOP-2Q89F24 11 SRS1 ::1 MenuRule GetNoticeData Begin
2018-01-15 13:33:35.5166 DESKTOP-2Q89F24 11 SRS1 ::1 MenuRule GetNoticeData End
2018-01-15 13:33:38.3437 DESKTOP-2Q89F24 8 SRS1 ::1 LoginRule OnRegulationCheck Begin
2018-01-15 13:33:38.3437 DESKTOP-2Q89F24 8 SRS1 ::1 LoginRule OnRegulationCheck End
2018-01-15 13:33:38.3437 DESKTOP-2Q89F24 8 SRS1 ::1 ZZ1031SearchRule Init Begin
2018-01-15 13:33:38.3437 DESKTOP-2Q89F24 8 SRS1 ::1 ZZ1031SearchRule Init End
2018-01-15 13:33:38.3437 DESKTOP-2Q89F24 8 SRS1 ::1 ZZ1031SearchRule GetCommonData Begin
2018-01-15 13:33:38.3617 DESKTOP-2Q89F24 8 SRS1 ::1 ZZ1031SearchRule GetCommonData End
2018-01-15 13:33:41.2160 DESKTOP-2Q89F24 11 SRS1 ::1 LoginRule OnRegulationCheck Begin
2018-01-15 13:33:41.2160 DESKTOP-2Q89F24 11 SRS1 ::1 LoginRule OnRegulationCheck End
2018-01-15 13:33:41.2160 DESKTOP-2Q89F24 11 SRS1 ::1 ZZ1031SearchRule GetCommonData Begin
2018-01-15 13:33:41.2160 DESKTOP-2Q89F24 11 SRS1 ::1 ZZ1031SearchRule GetCommonData End
2018-01-15 13:33:41.2160 DESKTOP-2Q89F24 11 SRS1 ::1 RuleBase HasSearchPermission Begin
2018-01-15 13:33:41.2160 DESKTOP-2Q89F24 11 SRS1 ::1 RuleBase HasSearchPermission End
2018-01-15 13:33:41.2160 DESKTOP-2Q89F24 11 SRS1 ::1 ZZ1031SearchRule CheckCondition Begin
2018-01-15 13:33:41.2160 DESKTOP-2Q89F24 11 SRS1 ::1 ZZ1031SearchRule CheckCondition End
2018-01-15 13:33:41.2160 DESKTOP-2Q89F24 11 SRS1 ::1 ZZ1031SearchRule Search Begin
2018-01-15 13:33:41.2160 DESKTOP-2Q89F24 11 SRS1 ::1 ZZ1031SearchRule Search End
2018-01-15 13:33:41.2706 DESKTOP-2Q89F24 6 SRS1 ::1 LoginRule OnRegulationCheck Begin
2018-01-15 13:33:41.2706 DESKTOP-2Q89F24 6 SRS1 ::1 LoginRule OnRegulationCheck End
2018-01-15 13:33:41.2706 DESKTOP-2Q89F24 6 SRS1 ::1 ZZ1031DetailRule Init Begin
2018-01-15 13:34:59.8443 DESKTOP-2Q89F24 6 SRS1 ::1 ZZ1031DetailRule Init End
2018-01-15 13:35:05.0407 DESKTOP-2Q89F24 6 SRS1 ::1 ZZ1031DetailRule GetCommonData Begin
2018-01-15 13:40:08.9233 DESKTOP-2Q89F24 5 SRS1 ::1 LoginRule CheckLoginFailedLockDown Begin
2018-01-15 13:40:08.9233 DESKTOP-2Q89F24 5 SRS1 ::1 LoginRule CheckLoginFailedLockDown End
2018-01-15 13:40:08.9233 DESKTOP-2Q89F24 5 SRS1 ::1 LoginRule GetAuthentication Begin
2018-01-15 13:40:08.9233 DESKTOP-2Q89F24 5 SRS1 ::1 LoginRule GetAuthentication End
2018-01-15 13:40:08.9233 DESKTOP-2Q89F24 5 SRS1 ::1 LoginRule ClearLoginFailedCount Begin
2018-01-15 13:40:08.9233 DESKTOP-2Q89F24 5 SRS1 ::1 LoginRule ClearLoginFailedCount End
2018-01-15 13:40:08.9233 DESKTOP-2Q89F24 5 SRS1 ::1 LoginRule SetUserInfo Begin
2018-01-15 13:40:08.9233 DESKTOP-2Q89F24 5 SRS1 ::1 LoginRule SetUserInfo End
2018-01-15 13:40:09.0443 DESKTOP-2Q89F24 5 SRS1 ::1 MenuRule GetMenuData Begin
2018-01-15 13:40:09.0923 DESKTOP-2Q89F24 5 SRS1 ::1 MenuRule GetMenuData End
2018-01-15 13:40:09.0923 DESKTOP-2Q89F24 5 SRS1 ::1 MenuRule GetNoticeData Begin
2018-01-15 13:40:09.0923 DESKTOP-2Q89F24 5 SRS1 ::1 MenuRule GetNoticeData End
2018-01-15 13:40:12.9505 DESKTOP-2Q89F24 12 SRS1 ::1 LoginRule OnRegulationCheck Begin
2018-01-15 13:40:12.9505 DESKTOP-2Q89F24 12 SRS1 ::1 LoginRule OnRegulationCheck End
2018-01-15 13:40:12.9505 DESKTOP-2Q89F24 12 SRS1 ::1 ZZ1031SearchRule Init Begin
2018-01-15 13:40:12.9505 DESKTOP-2Q89F24 12 SRS1 ::1 ZZ1031SearchRule Init End
2018-01-15 13:40:12.9505 DESKTOP-2Q89F24 12 SRS1 ::1 ZZ1031SearchRule GetCommonData Begin
2018-01-15 13:40:12.9821 DESKTOP-2Q89F24 12 SRS1 ::1 ZZ1031SearchRule GetCommonData End
2018-01-15 13:40:17.1395 DESKTOP-2Q89F24 6 SRS1 ::1 LoginRule OnRegulationCheck Begin
2018-01-15 13:40:17.1395 DESKTOP-2Q89F24 6 SRS1 ::1 LoginRule OnRegulationCheck End
2018-01-15 13:40:17.1395 DESKTOP-2Q89F24 6 SRS1 ::1 ZZ1031SearchRule GetCommonData Begin
2018-01-15 13:40:17.1395 DESKTOP-2Q89F24 6 SRS1 ::1 ZZ1031SearchRule GetCommonData End
2018-01-15 13:40:17.1395 DESKTOP-2Q89F24 6 SRS1 ::1 RuleBase HasSearchPermission Begin
2018-01-15 13:40:17.1395 DESKTOP-2Q89F24 6 SRS1 ::1 RuleBase HasSearchPermission End
2018-01-15 13:40:17.1395 DESKTOP-2Q89F24 6 SRS1 ::1 ZZ1031SearchRule CheckCondition Begin
2018-01-15 13:40:17.1395 DESKTOP-2Q89F24 6 SRS1 ::1 ZZ1031SearchRule CheckCondition End
2018-01-15 13:40:17.1395 DESKTOP-2Q89F24 6 SRS1 ::1 ZZ1031SearchRule Search Begin
2018-01-15 13:40:17.1395 DESKTOP-2Q89F24 6 SRS1 ::1 ZZ1031SearchRule Search End
2018-01-15 13:40:17.2185 DESKTOP-2Q89F24 6 SRS1 ::1 LoginRule OnRegulationCheck Begin
2018-01-15 13:40:17.2185 DESKTOP-2Q89F24 6 SRS1 ::1 LoginRule OnRegulationCheck End
2018-01-15 13:40:17.2185 DESKTOP-2Q89F24 6 SRS1 ::1 ZZ1031DetailRule Init Begin
2018-01-15 13:41:08.4785 DESKTOP-2Q89F24 6 SRS1 ::1 ZZ1031DetailRule Init End
2018-01-15 13:41:10.4035 DESKTOP-2Q89F24 6 SRS1 ::1 ZZ1031DetailRule GetCommonData Begin
2018-01-15 13:41:10.4035 DESKTOP-2Q89F24 6 SRS1 ::1 ZZ1031DetailRule GetCommonData End
2018-01-15 13:49:33.9053 DESKTOP-2Q89F24 11 SRS1 ::1 LoginRule CheckLoginFailedLockDown Begin
2018-01-15 13:49:33.9053 DESKTOP-2Q89F24 11 SRS1 ::1 LoginRule CheckLoginFailedLockDown End
2018-01-15 13:49:33.9053 DESKTOP-2Q89F24 11 SRS1 ::1 LoginRule GetAuthentication Begin
2018-01-15 13:49:33.9053 DESKTOP-2Q89F24 11 SRS1 ::1 LoginRule GetAuthentication End
2018-01-15 13:49:33.9053 DESKTOP-2Q89F24 11 SRS1 ::1 LoginRule ClearLoginFailedCount Begin
2018-01-15 13:49:33.9053 DESKTOP-2Q89F24 11 SRS1 ::1 LoginRule ClearLoginFailedCount End
2018-01-15 13:49:33.9053 DESKTOP-2Q89F24 11 SRS1 ::1 LoginRule SetUserInfo Begin
2018-01-15 13:49:33.9053 DESKTOP-2Q89F24 11 SRS1 ::1 LoginRule SetUserInfo End
2018-01-15 13:49:34.0143 DESKTOP-2Q89F24 5 SRS1 ::1 MenuRule GetMenuData Begin
2018-01-15 13:49:34.0914 DESKTOP-2Q89F24 5 SRS1 ::1 MenuRule GetMenuData End
2018-01-15 13:49:34.0914 DESKTOP-2Q89F24 5 SRS1 ::1 MenuRule GetNoticeData Begin
2018-01-15 13:49:34.0914 DESKTOP-2Q89F24 5 SRS1 ::1 MenuRule GetNoticeData End
2018-01-15 13:49:38.3631 DESKTOP-2Q89F24 8 SRS1 ::1 LoginRule OnRegulationCheck Begin
2018-01-15 13:49:38.3631 DESKTOP-2Q89F24 8 SRS1 ::1 LoginRule OnRegulationCheck End
2018-01-15 13:49:38.3722 DESKTOP-2Q89F24 8 SRS1 ::1 ZZ1031SearchRule Init Begin
2018-01-15 13:49:38.3722 DESKTOP-2Q89F24 8 SRS1 ::1 ZZ1031SearchRule Init End
2018-01-15 13:49:38.3722 DESKTOP-2Q89F24 8 SRS1 ::1 ZZ1031SearchRule GetCommonData Begin
2018-01-15 13:49:38.4012 DESKTOP-2Q89F24 8 SRS1 ::1 ZZ1031SearchRule GetCommonData End
2018-01-15 13:49:41.6574 DESKTOP-2Q89F24 8 SRS1 ::1 LoginRule OnRegulationCheck Begin
2018-01-15 13:49:41.6574 DESKTOP-2Q89F24 8 SRS1 ::1 LoginRule OnRegulationCheck End
2018-01-15 13:49:41.6574 DESKTOP-2Q89F24 8 SRS1 ::1 ZZ1031SearchRule GetCommonData Begin
2018-01-15 13:49:41.6574 DESKTOP-2Q89F24 8 SRS1 ::1 ZZ1031SearchRule GetCommonData End
2018-01-15 13:49:41.6574 DESKTOP-2Q89F24 8 SRS1 ::1 RuleBase HasSearchPermission Begin
2018-01-15 13:51:50.4404 DESKTOP-2Q89F24 5 SRS1 ::1 LoginRule CheckLoginFailedLockDown Begin
2018-01-15 13:51:50.4404 DESKTOP-2Q89F24 5 SRS1 ::1 LoginRule CheckLoginFailedLockDown End
2018-01-15 13:51:50.4404 DESKTOP-2Q89F24 5 SRS1 ::1 LoginRule GetAuthentication Begin
2018-01-15 13:51:50.4404 DESKTOP-2Q89F24 5 SRS1 ::1 LoginRule GetAuthentication End
2018-01-15 13:51:50.4404 DESKTOP-2Q89F24 5 SRS1 ::1 LoginRule ClearLoginFailedCount Begin
2018-01-15 13:51:50.4404 DESKTOP-2Q89F24 5 SRS1 ::1 LoginRule ClearLoginFailedCount End
2018-01-15 13:51:50.4404 DESKTOP-2Q89F24 5 SRS1 ::1 LoginRule SetUserInfo Begin
2018-01-15 13:51:50.4404 DESKTOP-2Q89F24 5 SRS1 ::1 LoginRule SetUserInfo End
2018-01-15 13:51:50.5644 DESKTOP-2Q89F24 11 SRS1 ::1 MenuRule GetMenuData Begin
2018-01-15 13:51:50.6455 DESKTOP-2Q89F24 11 SRS1 ::1 MenuRule GetMenuData End
2018-01-15 13:51:50.6455 DESKTOP-2Q89F24 11 SRS1 ::1 MenuRule GetNoticeData Begin
2018-01-15 13:51:50.6575 DESKTOP-2Q89F24 11 SRS1 ::1 MenuRule GetNoticeData End
2018-01-15 13:51:56.1693 DESKTOP-2Q89F24 14 SRS1 ::1 LoginRule OnRegulationCheck Begin
2018-01-15 13:51:56.1693 DESKTOP-2Q89F24 14 SRS1 ::1 LoginRule OnRegulationCheck End
2018-01-15 13:51:56.1849 DESKTOP-2Q89F24 14 SRS1 ::1 ZZ1031SearchRule Init Begin
2018-01-15 13:51:56.1849 DESKTOP-2Q89F24 14 SRS1 ::1 ZZ1031SearchRule Init End
2018-01-15 13:51:56.1849 DESKTOP-2Q89F24 14 SRS1 ::1 ZZ1031SearchRule GetCommonData Begin
2018-01-15 13:51:56.2164 DESKTOP-2Q89F24 14 SRS1 ::1 ZZ1031SearchRule GetCommonData End
2018-01-15 13:51:59.4575 DESKTOP-2Q89F24 14 SRS1 ::1 LoginRule OnRegulationCheck Begin
2018-01-15 13:51:59.4575 DESKTOP-2Q89F24 14 SRS1 ::1 LoginRule OnRegulationCheck End
2018-01-15 13:51:59.4575 DESKTOP-2Q89F24 14 SRS1 ::1 ZZ1031SearchRule GetCommonData Begin
2018-01-15 13:51:59.4660 DESKTOP-2Q89F24 14 SRS1 ::1 ZZ1031SearchRule GetCommonData End
2018-01-15 13:51:59.4660 DESKTOP-2Q89F24 14 SRS1 ::1 RuleBase HasSearchPermission Begin
2018-01-15 13:51:59.4660 DESKTOP-2Q89F24 14 SRS1 ::1 RuleBase HasSearchPermission End
2018-01-15 13:51:59.4660 DESKTOP-2Q89F24 14 SRS1 ::1 ZZ1031SearchRule CheckCondition Begin
2018-01-15 13:51:59.4660 DESKTOP-2Q89F24 14 SRS1 ::1 ZZ1031SearchRule CheckCondition End
2018-01-15 13:51:59.4660 DESKTOP-2Q89F24 14 SRS1 ::1 ZZ1031SearchRule Search Begin
2018-01-15 13:51:59.4660 DESKTOP-2Q89F24 14 SRS1 ::1 ZZ1031SearchRule Search End
2018-01-15 13:51:59.5851 DESKTOP-2Q89F24 14 SRS1 ::1 LoginRule OnRegulationCheck Begin
2018-01-15 13:51:59.5851 DESKTOP-2Q89F24 14 SRS1 ::1 LoginRule OnRegulationCheck End
2018-01-15 13:51:59.5911 DESKTOP-2Q89F24 14 SRS1 ::1 ZZ1031DetailRule Init Begin
2018-01-15 13:51:59.8151 DESKTOP-2Q89F24 14 SRS1 ::1 ZZ1031DetailRule Init End
2018-01-15 13:51:59.8151 DESKTOP-2Q89F24 14 SRS1 ::1 ZZ1031DetailRule GetCommonData Begin
2018-01-15 13:51:59.8906 DESKTOP-2Q89F24 14 SRS1 ::1 ZZ1031DetailRule GetCommonData End
2018-01-15 14:02:23.4667 DESKTOP-2Q89F24 6 SRS1 ::1 LoginRule CheckLoginFailedLockDown Begin
2018-01-15 14:02:23.4667 DESKTOP-2Q89F24 6 SRS1 ::1 LoginRule CheckLoginFailedLockDown End
2018-01-15 14:02:23.4667 DESKTOP-2Q89F24 6 SRS1 ::1 LoginRule GetAuthentication Begin
2018-01-15 14:02:23.4667 DESKTOP-2Q89F24 6 SRS1 ::1 LoginRule GetAuthentication End
2018-01-15 14:02:23.4667 DESKTOP-2Q89F24 6 SRS1 ::1 LoginRule ClearLoginFailedCount Begin
2018-01-15 14:02:23.4667 DESKTOP-2Q89F24 6 SRS1 ::1 LoginRule ClearLoginFailedCount End
2018-01-15 14:02:23.4667 DESKTOP-2Q89F24 6 SRS1 ::1 LoginRule SetUserInfo Begin
2018-01-15 14:02:23.4667 DESKTOP-2Q89F24 6 SRS1 ::1 LoginRule SetUserInfo End
2018-01-15 14:02:23.6107 DESKTOP-2Q89F24 6 SRS1 ::1 MenuRule GetMenuData Begin
2018-01-15 14:02:23.6697 DESKTOP-2Q89F24 6 SRS1 ::1 MenuRule GetMenuData End
2018-01-15 14:02:23.6697 DESKTOP-2Q89F24 6 SRS1 ::1 MenuRule GetNoticeData Begin
2018-01-15 14:02:23.6697 DESKTOP-2Q89F24 6 SRS1 ::1 MenuRule GetNoticeData End
2018-01-15 14:02:27.6845 DESKTOP-2Q89F24 6 SRS1 ::1 LoginRule OnRegulationCheck Begin
2018-01-15 14:02:27.6845 DESKTOP-2Q89F24 6 SRS1 ::1 LoginRule OnRegulationCheck End
2018-01-15 14:02:27.7002 DESKTOP-2Q89F24 6 SRS1 ::1 ZZ1031SearchRule Init Begin
2018-01-15 14:02:27.7002 DESKTOP-2Q89F24 6 SRS1 ::1 ZZ1031SearchRule Init End
2018-01-15 14:02:27.7002 DESKTOP-2Q89F24 6 SRS1 ::1 ZZ1031SearchRule GetCommonData Begin
2018-01-15 14:02:27.7357 DESKTOP-2Q89F24 6 SRS1 ::1 ZZ1031SearchRule GetCommonData End
2018-01-15 14:02:30.7879 DESKTOP-2Q89F24 9 SRS1 ::1 LoginRule OnRegulationCheck Begin
2018-01-15 14:02:30.7879 DESKTOP-2Q89F24 9 SRS1 ::1 LoginRule OnRegulationCheck End
2018-01-15 14:02:30.7879 DESKTOP-2Q89F24 9 SRS1 ::1 ZZ1031SearchRule GetCommonData Begin
2018-01-15 14:02:30.7949 DESKTOP-2Q89F24 9 SRS1 ::1 ZZ1031SearchRule GetCommonData End
2018-01-15 14:02:30.7949 DESKTOP-2Q89F24 9 SRS1 ::1 RuleBase HasSearchPermission Begin
2018-01-15 14:02:30.7949 DESKTOP-2Q89F24 9 SRS1 ::1 RuleBase HasSearchPermission End
2018-01-15 14:02:30.7949 DESKTOP-2Q89F24 9 SRS1 ::1 ZZ1031SearchRule CheckCondition Begin
2018-01-15 14:02:30.7949 DESKTOP-2Q89F24 9 SRS1 ::1 ZZ1031SearchRule CheckCondition End
2018-01-15 14:02:30.7949 DESKTOP-2Q89F24 9 SRS1 ::1 ZZ1031SearchRule Search Begin
2018-01-15 14:02:30.7949 DESKTOP-2Q89F24 9 SRS1 ::1 ZZ1031SearchRule Search End
2018-01-15 14:02:30.8829 DESKTOP-2Q89F24 9 SRS1 ::1 LoginRule OnRegulationCheck Begin
2018-01-15 14:02:30.8829 DESKTOP-2Q89F24 9 SRS1 ::1 LoginRule OnRegulationCheck End
2018-01-15 14:02:30.8879 DESKTOP-2Q89F24 9 SRS1 ::1 ZZ1031DetailRule Init Begin
2018-01-15 14:02:31.0940 DESKTOP-2Q89F24 9 SRS1 ::1 ZZ1031DetailRule Init End
2018-01-15 14:02:31.0940 DESKTOP-2Q89F24 9 SRS1 ::1 ZZ1031DetailRule GetCommonData Begin
2018-01-15 14:02:31.1125 DESKTOP-2Q89F24 9 SRS1 ::1 ZZ1031DetailRule GetCommonData End
2018-01-15 14:09:10.8108 DESKTOP-2Q89F24 12 SRS1 ::1 LoginRule CheckLoginFailedLockDown Begin
2018-01-15 14:09:10.8108 DESKTOP-2Q89F24 12 SRS1 ::1 LoginRule CheckLoginFailedLockDown End
2018-01-15 14:09:10.8108 DESKTOP-2Q89F24 12 SRS1 ::1 LoginRule GetAuthentication Begin
2018-01-15 14:09:10.8108 DESKTOP-2Q89F24 12 SRS1 ::1 LoginRule GetAuthentication End
2018-01-15 14:09:10.8108 DESKTOP-2Q89F24 12 SRS1 ::1 LoginRule ClearLoginFailedCount Begin
2018-01-15 14:09:10.8108 DESKTOP-2Q89F24 12 SRS1 ::1 LoginRule ClearLoginFailedCount End
2018-01-15 14:09:10.8108 DESKTOP-2Q89F24 12 SRS1 ::1 LoginRule SetUserInfo Begin
2018-01-15 14:09:10.8108 DESKTOP-2Q89F24 12 SRS1 ::1 LoginRule SetUserInfo End
2018-01-15 14:09:10.9192 DESKTOP-2Q89F24 12 SRS1 ::1 MenuRule GetMenuData Begin
2018-01-15 14:09:11.0307 DESKTOP-2Q89F24 12 SRS1 ::1 MenuRule GetMenuData End
2018-01-15 14:09:11.0307 DESKTOP-2Q89F24 12 SRS1 ::1 MenuRule GetNoticeData Begin
2018-01-15 14:09:11.0307 DESKTOP-2Q89F24 12 SRS1 ::1 MenuRule GetNoticeData End
2018-01-15 14:09:13.5126 DESKTOP-2Q89F24 6 SRS1 ::1 LoginRule OnRegulationCheck Begin
2018-01-15 14:09:13.5126 DESKTOP-2Q89F24 6 SRS1 ::1 LoginRule OnRegulationCheck End
2018-01-15 14:09:13.5126 DESKTOP-2Q89F24 6 SRS1 ::1 ZZ1031SearchRule Init Begin
2018-01-15 14:09:13.5126 DESKTOP-2Q89F24 6 SRS1 ::1 ZZ1031SearchRule Init End
2018-01-15 14:09:13.5126 DESKTOP-2Q89F24 6 SRS1 ::1 ZZ1031SearchRule GetCommonData Begin
2018-01-15 14:09:13.5663 DESKTOP-2Q89F24 6 SRS1 ::1 ZZ1031SearchRule GetCommonData End
2018-01-15 14:09:16.4767 DESKTOP-2Q89F24 10 SRS1 ::1 LoginRule OnRegulationCheck Begin
2018-01-15 14:09:16.4767 DESKTOP-2Q89F24 10 SRS1 ::1 LoginRule OnRegulationCheck End
2018-01-15 14:09:16.4767 DESKTOP-2Q89F24 10 SRS1 ::1 ZZ1031SearchRule GetCommonData Begin
2018-01-15 14:09:16.4827 DESKTOP-2Q89F24 10 SRS1 ::1 ZZ1031SearchRule GetCommonData End
2018-01-15 14:09:16.4827 DESKTOP-2Q89F24 10 SRS1 ::1 RuleBase HasSearchPermission Begin
2018-01-15 14:09:16.4827 DESKTOP-2Q89F24 10 SRS1 ::1 RuleBase HasSearchPermission End
2018-01-15 14:09:16.4827 DESKTOP-2Q89F24 10 SRS1 ::1 ZZ1031SearchRule CheckCondition Begin
2018-01-15 14:09:16.4827 DESKTOP-2Q89F24 10 SRS1 ::1 ZZ1031SearchRule CheckCondition End
2018-01-15 14:09:16.4827 DESKTOP-2Q89F24 10 SRS1 ::1 ZZ1031SearchRule Search Begin
2018-01-15 14:09:16.4827 DESKTOP-2Q89F24 10 SRS1 ::1 ZZ1031SearchRule Search End
2018-01-15 14:09:16.5757 DESKTOP-2Q89F24 10 SRS1 ::1 LoginRule OnRegulationCheck Begin
2018-01-15 14:09:16.5757 DESKTOP-2Q89F24 10 SRS1 ::1 LoginRule OnRegulationCheck End
2018-01-15 14:09:16.5757 DESKTOP-2Q89F24 10 SRS1 ::1 ZZ1031DetailRule Init Begin
2018-01-15 14:09:16.7027 DESKTOP-2Q89F24 10 SRS1 ::1 ZZ1031DetailRule Init End
2018-01-15 14:09:16.7027 DESKTOP-2Q89F24 10 SRS1 ::1 ZZ1031DetailRule GetCommonData Begin
2018-01-15 14:09:16.7357 DESKTOP-2Q89F24 10 SRS1 ::1 ZZ1031DetailRule GetCommonData End
2018-01-15 14:15:45.2824 DESKTOP-2Q89F24 11 SRS1 ::1 LoginRule CheckLoginFailedLockDown Begin
2018-01-15 14:15:45.2824 DESKTOP-2Q89F24 11 SRS1 ::1 LoginRule CheckLoginFailedLockDown End
2018-01-15 14:15:45.2824 DESKTOP-2Q89F24 11 SRS1 ::1 LoginRule GetAuthentication Begin
2018-01-15 14:15:45.2824 DESKTOP-2Q89F24 11 SRS1 ::1 LoginRule GetAuthentication End
2018-01-15 14:15:45.2824 DESKTOP-2Q89F24 11 SRS1 ::1 LoginRule ClearLoginFailedCount Begin
2018-01-15 14:15:45.2824 DESKTOP-2Q89F24 11 SRS1 ::1 LoginRule ClearLoginFailedCount End
2018-01-15 14:15:45.2824 DESKTOP-2Q89F24 11 SRS1 ::1 LoginRule SetUserInfo Begin
2018-01-15 14:15:45.2824 DESKTOP-2Q89F24 11 SRS1 ::1 LoginRule SetUserInfo End
2018-01-15 14:15:45.3789 DESKTOP-2Q89F24 7 SRS1 ::1 MenuRule GetMenuData Begin
2018-01-15 14:15:45.4195 DESKTOP-2Q89F24 7 SRS1 ::1 MenuRule GetMenuData End
2018-01-15 14:15:45.4195 DESKTOP-2Q89F24 7 SRS1 ::1 MenuRule GetNoticeData Begin
2018-01-15 14:15:45.4195 DESKTOP-2Q89F24 7 SRS1 ::1 MenuRule GetNoticeData End
2018-01-15 14:15:48.2166 DESKTOP-2Q89F24 11 SRS1 ::1 LoginRule OnRegulationCheck Begin
2018-01-15 14:15:48.2166 DESKTOP-2Q89F24 11 SRS1 ::1 LoginRule OnRegulationCheck End
2018-01-15 14:15:48.2166 DESKTOP-2Q89F24 11 SRS1 ::1 ZZ1031SearchRule Init Begin
2018-01-15 14:15:48.2166 DESKTOP-2Q89F24 11 SRS1 ::1 ZZ1031SearchRule Init End
2018-01-15 14:15:48.2166 DESKTOP-2Q89F24 11 SRS1 ::1 ZZ1031SearchRule GetCommonData Begin
2018-01-15 14:15:48.2506 DESKTOP-2Q89F24 11 SRS1 ::1 ZZ1031SearchRule GetCommonData End
2018-01-15 14:15:51.2345 DESKTOP-2Q89F24 5 SRS1 ::1 LoginRule OnRegulationCheck Begin
2018-01-15 14:15:51.2345 DESKTOP-2Q89F24 5 SRS1 ::1 LoginRule OnRegulationCheck End
2018-01-15 14:15:51.2345 DESKTOP-2Q89F24 5 SRS1 ::1 ZZ1031SearchRule GetCommonData Begin
2018-01-15 14:15:51.2656 DESKTOP-2Q89F24 5 SRS1 ::1 ZZ1031SearchRule GetCommonData End
2018-01-15 14:15:51.2656 DESKTOP-2Q89F24 5 SRS1 ::1 RuleBase HasSearchPermission Begin
2018-01-15 14:15:51.2656 DESKTOP-2Q89F24 5 SRS1 ::1 RuleBase HasSearchPermission End
2018-01-15 14:15:51.2656 DESKTOP-2Q89F24 5 SRS1 ::1 ZZ1031SearchRule CheckCondition Begin
2018-01-15 14:15:51.2656 DESKTOP-2Q89F24 5 SRS1 ::1 ZZ1031SearchRule CheckCondition End
2018-01-15 14:15:51.2656 DESKTOP-2Q89F24 5 SRS1 ::1 ZZ1031SearchRule Search Begin
2018-01-15 14:15:51.2786 DESKTOP-2Q89F24 5 SRS1 ::1 ZZ1031SearchRule Search End
2018-01-15 14:15:51.4692 DESKTOP-2Q89F24 5 SRS1 ::1 LoginRule OnRegulationCheck Begin
2018-01-15 14:15:51.4692 DESKTOP-2Q89F24 5 SRS1 ::1 LoginRule OnRegulationCheck End
2018-01-15 14:15:51.4692 DESKTOP-2Q89F24 5 SRS1 ::1 ZZ1031DetailRule Init Begin
2018-01-15 14:15:51.6761 DESKTOP-2Q89F24 5 SRS1 ::1 ZZ1031DetailRule Init End
2018-01-15 14:15:51.6761 DESKTOP-2Q89F24 5 SRS1 ::1 ZZ1031DetailRule GetCommonData Begin
2018-01-15 14:15:51.6761 DESKTOP-2Q89F24 5 SRS1 ::1 ZZ1031DetailRule GetCommonData End
2018-01-15 14:32:07.6305 DESKTOP-2Q89F24 8 SRS1 ::1 LoginRule CheckLoginFailedLockDown Begin
2018-01-15 14:32:07.6305 DESKTOP-2Q89F24 8 SRS1 ::1 LoginRule CheckLoginFailedLockDown End
2018-01-15 14:32:07.6305 DESKTOP-2Q89F24 8 SRS1 ::1 LoginRule GetAuthentication Begin
2018-01-15 14:32:07.6385 DESKTOP-2Q89F24 8 SRS1 ::1 LoginRule GetAuthentication End
2018-01-15 14:32:07.6385 DESKTOP-2Q89F24 8 SRS1 ::1 LoginRule ClearLoginFailedCount Begin
2018-01-15 14:32:07.6385 DESKTOP-2Q89F24 8 SRS1 ::1 LoginRule ClearLoginFailedCount End
2018-01-15 14:32:07.6385 DESKTOP-2Q89F24 8 SRS1 ::1 LoginRule SetUserInfo Begin
2018-01-15 14:32:07.6385 DESKTOP-2Q89F24 8 SRS1 ::1 LoginRule SetUserInfo End
2018-01-15 14:32:07.7376 DESKTOP-2Q89F24 5 SRS1 ::1 MenuRule GetMenuData Begin
2018-01-15 14:32:07.7946 DESKTOP-2Q89F24 5 SRS1 ::1 MenuRule GetMenuData End
2018-01-15 14:32:07.7946 DESKTOP-2Q89F24 5 SRS1 ::1 MenuRule GetNoticeData Begin
2018-01-15 14:32:07.7946 DESKTOP-2Q89F24 5 SRS1 ::1 MenuRule GetNoticeData End
2018-01-15 14:32:10.7324 DESKTOP-2Q89F24 8 SRS1 ::1 LoginRule OnRegulationCheck Begin
2018-01-15 14:32:10.7324 DESKTOP-2Q89F24 8 SRS1 ::1 LoginRule OnRegulationCheck End
2018-01-15 14:32:10.7324 DESKTOP-2Q89F24 8 SRS1 ::1 ZZ1031SearchRule Init Begin
2018-01-15 14:32:10.7324 DESKTOP-2Q89F24 8 SRS1 ::1 ZZ1031SearchRule Init End
2018-01-15 14:32:10.7324 DESKTOP-2Q89F24 8 SRS1 ::1 ZZ1031SearchRule GetCommonData Begin
2018-01-15 14:32:10.8005 DESKTOP-2Q89F24 8 SRS1 ::1 ZZ1031SearchRule GetCommonData End
2018-01-15 14:32:14.1271 DESKTOP-2Q89F24 10 SRS1 ::1 LoginRule OnRegulationCheck Begin
2018-01-15 14:32:14.1271 DESKTOP-2Q89F24 10 SRS1 ::1 LoginRule OnRegulationCheck End
2018-01-15 14:32:14.1271 DESKTOP-2Q89F24 10 SRS1 ::1 ZZ1031SearchRule GetCommonData Begin
2018-01-15 14:32:14.1271 DESKTOP-2Q89F24 10 SRS1 ::1 ZZ1031SearchRule GetCommonData End
2018-01-15 14:32:14.1271 DESKTOP-2Q89F24 10 SRS1 ::1 RuleBase HasSearchPermission Begin
2018-01-15 14:32:14.1271 DESKTOP-2Q89F24 10 SRS1 ::1 RuleBase HasSearchPermission End
2018-01-15 14:32:14.1271 DESKTOP-2Q89F24 10 SRS1 ::1 ZZ1031SearchRule CheckCondition Begin
2018-01-15 14:32:14.1271 DESKTOP-2Q89F24 10 SRS1 ::1 ZZ1031SearchRule CheckCondition End
2018-01-15 14:32:14.1271 DESKTOP-2Q89F24 10 SRS1 ::1 ZZ1031SearchRule Search Begin
2018-01-15 14:32:14.1271 DESKTOP-2Q89F24 10 SRS1 ::1 ZZ1031SearchRule Search End
2018-01-15 14:32:14.1891 DESKTOP-2Q89F24 10 SRS1 ::1 LoginRule OnRegulationCheck Begin
2018-01-15 14:32:14.1891 DESKTOP-2Q89F24 10 SRS1 ::1 LoginRule OnRegulationCheck End
2018-01-15 14:32:14.2011 DESKTOP-2Q89F24 10 SRS1 ::1 ZZ1031DetailRule Init Begin
2018-01-15 14:32:14.3096 DESKTOP-2Q89F24 10 SRS1 ::1 ZZ1031DetailRule Init End
2018-01-15 14:32:14.3096 DESKTOP-2Q89F24 10 SRS1 ::1 ZZ1031DetailRule GetCommonData Begin
2018-01-15 14:32:14.3096 DESKTOP-2Q89F24 10 SRS1 ::1 ZZ1031DetailRule GetCommonData End
2018-01-15 14:33:59.8124 DESKTOP-2Q89F24 6 SRS1 ::1 MenuRule GetMenuData Begin
2018-01-15 14:33:59.8299 DESKTOP-2Q89F24 6 SRS1 ::1 MenuRule GetMenuData End
2018-01-15 14:33:59.8299 DESKTOP-2Q89F24 6 SRS1 ::1 MenuRule GetNoticeData Begin
2018-01-15 14:33:59.8299 DESKTOP-2Q89F24 6 SRS1 ::1 MenuRule GetNoticeData End
2018-01-15 14:34:02.9264 DESKTOP-2Q89F24 5 SRS1 ::1 LoginRule OnRegulationCheck Begin
2018-01-15 14:34:02.9264 DESKTOP-2Q89F24 5 SRS1 ::1 LoginRule OnRegulationCheck End
2018-01-15 14:34:02.9264 DESKTOP-2Q89F24 5 SRS1 ::1 ZZ1031SearchRule Init Begin
2018-01-15 14:34:02.9264 DESKTOP-2Q89F24 5 SRS1 ::1 ZZ1031SearchRule Init End
2018-01-15 14:34:02.9264 DESKTOP-2Q89F24 5 SRS1 ::1 ZZ1031SearchRule GetCommonData Begin
2018-01-15 14:34:02.9390 DESKTOP-2Q89F24 5 SRS1 ::1 ZZ1031SearchRule GetCommonData End
2018-01-15 14:34:05.5474 DESKTOP-2Q89F24 7 SRS1 ::1 LoginRule OnRegulationCheck Begin
2018-01-15 14:34:05.5474 DESKTOP-2Q89F24 7 SRS1 ::1 LoginRule OnRegulationCheck End
2018-01-15 14:34:05.5474 DESKTOP-2Q89F24 7 SRS1 ::1 ZZ1031SearchRule GetCommonData Begin
2018-01-15 14:34:05.5474 DESKTOP-2Q89F24 7 SRS1 ::1 ZZ1031SearchRule GetCommonData End
2018-01-15 14:34:05.5474 DESKTOP-2Q89F24 7 SRS1 ::1 RuleBase HasSearchPermission Begin
2018-01-15 14:34:05.5474 DESKTOP-2Q89F24 7 SRS1 ::1 RuleBase HasSearchPermission End
2018-01-15 14:34:05.5474 DESKTOP-2Q89F24 7 SRS1 ::1 ZZ1031SearchRule CheckCondition Begin
2018-01-15 14:34:05.5474 DESKTOP-2Q89F24 7 SRS1 ::1 ZZ1031SearchRule CheckCondition End
2018-01-15 14:34:05.5474 DESKTOP-2Q89F24 7 SRS1 ::1 ZZ1031SearchRule Search Begin
2018-01-15 14:34:05.5474 DESKTOP-2Q89F24 7 SRS1 ::1 ZZ1031SearchRule Search End
2018-01-15 14:34:05.5954 DESKTOP-2Q89F24 7 SRS1 ::1 LoginRule OnRegulationCheck Begin
2018-01-15 14:34:05.5954 DESKTOP-2Q89F24 7 SRS1 ::1 LoginRule OnRegulationCheck End
2018-01-15 14:34:05.5954 DESKTOP-2Q89F24 7 SRS1 ::1 ZZ1031DetailRule Init Begin
2018-01-15 14:34:05.7650 DESKTOP-2Q89F24 7 SRS1 ::1 ZZ1031DetailRule Init End
2018-01-15 14:34:05.7650 DESKTOP-2Q89F24 7 SRS1 ::1 ZZ1031DetailRule GetCommonData Begin
2018-01-15 14:34:05.8260 DESKTOP-2Q89F24 7 SRS1 ::1 ZZ1031DetailRule GetCommonData End
2018-01-15 14:56:13.1079 DESKTOP-2Q89F24 6 SRS1 ::1 LoginRule CheckLoginFailedLockDown Begin
2018-01-15 14:56:13.1079 DESKTOP-2Q89F24 6 SRS1 ::1 LoginRule CheckLoginFailedLockDown End
2018-01-15 14:56:13.1079 DESKTOP-2Q89F24 6 SRS1 ::1 LoginRule GetAuthentication Begin
2018-01-15 14:56:13.1079 DESKTOP-2Q89F24 6 SRS1 ::1 LoginRule GetAuthentication End
2018-01-15 14:56:13.1079 DESKTOP-2Q89F24 6 SRS1 ::1 LoginRule ClearLoginFailedCount Begin
2018-01-15 14:56:13.1079 DESKTOP-2Q89F24 6 SRS1 ::1 LoginRule ClearLoginFailedCount End
2018-01-15 14:56:13.1079 DESKTOP-2Q89F24 6 SRS1 ::1 LoginRule SetUserInfo Begin
2018-01-15 14:56:13.1079 DESKTOP-2Q89F24 6 SRS1 ::1 LoginRule SetUserInfo End
2018-01-15 14:56:13.1930 DESKTOP-2Q89F24 11 SRS1 ::1 MenuRule GetMenuData Begin
2018-01-15 14:56:13.2945 DESKTOP-2Q89F24 11 SRS1 ::1 MenuRule GetMenuData End
2018-01-15 14:56:13.2945 DESKTOP-2Q89F24 11 SRS1 ::1 MenuRule GetNoticeData Begin
2018-01-15 14:56:13.2945 DESKTOP-2Q89F24 11 SRS1 ::1 MenuRule GetNoticeData End
2018-01-15 14:56:15.7999 DESKTOP-2Q89F24 11 SRS1 ::1 LoginRule OnRegulationCheck Begin
2018-01-15 14:56:15.7999 DESKTOP-2Q89F24 11 SRS1 ::1 LoginRule OnRegulationCheck End
2018-01-15 14:56:15.8114 DESKTOP-2Q89F24 11 SRS1 ::1 ZZ1031SearchRule Init Begin
2018-01-15 14:56:15.8114 DESKTOP-2Q89F24 11 SRS1 ::1 ZZ1031SearchRule Init End
2018-01-15 14:56:15.8114 DESKTOP-2Q89F24 11 SRS1 ::1 ZZ1031SearchRule GetCommonData Begin
2018-01-15 14:56:16.0285 DESKTOP-2Q89F24 11 SRS1 ::1 ZZ1031SearchRule GetCommonData End
2018-01-15 14:56:18.8850 DESKTOP-2Q89F24 5 SRS1 ::1 LoginRule OnRegulationCheck Begin
2018-01-15 14:56:18.8850 DESKTOP-2Q89F24 5 SRS1 ::1 LoginRule OnRegulationCheck End
2018-01-15 14:56:18.8880 DESKTOP-2Q89F24 5 SRS1 ::1 ZZ1031SearchRule GetCommonData Begin
2018-01-15 14:56:18.9663 DESKTOP-2Q89F24 5 SRS1 ::1 ZZ1031SearchRule GetCommonData End
2018-01-15 14:56:18.9663 DESKTOP-2Q89F24 5 SRS1 ::1 RuleBase HasSearchPermission Begin
2018-01-15 14:56:18.9663 DESKTOP-2Q89F24 5 SRS1 ::1 RuleBase HasSearchPermission End
2018-01-15 14:56:18.9663 DESKTOP-2Q89F24 5 SRS1 ::1 ZZ1031SearchRule CheckCondition Begin
2018-01-15 14:56:18.9663 DESKTOP-2Q89F24 5 SRS1 ::1 ZZ1031SearchRule CheckCondition End
2018-01-15 14:56:18.9663 DESKTOP-2Q89F24 5 SRS1 ::1 ZZ1031SearchRule Search Begin
2018-01-15 14:56:18.9663 DESKTOP-2Q89F24 5 SRS1 ::1 ZZ1031SearchRule Search End
2018-01-15 14:56:19.0778 DESKTOP-2Q89F24 8 SRS1 ::1 LoginRule OnRegulationCheck Begin
2018-01-15 14:56:19.0778 DESKTOP-2Q89F24 8 SRS1 ::1 LoginRule OnRegulationCheck End
2018-01-15 14:56:19.0778 DESKTOP-2Q89F24 8 SRS1 ::1 ZZ1031DetailRule Init Begin
2018-01-15 14:56:19.2953 DESKTOP-2Q89F24 8 SRS1 ::1 ZZ1031DetailRule Init End
2018-01-15 14:56:19.2953 DESKTOP-2Q89F24 8 SRS1 ::1 ZZ1031DetailRule GetCommonData Begin
2018-01-15 14:56:19.3413 DESKTOP-2Q89F24 8 SRS1 ::1 ZZ1031DetailRule GetCommonData End
2018-01-15 15:28:54.3123 DESKTOP-2Q89F24 8 SRS1 ::1 LoginRule CheckLoginFailedLockDown Begin
2018-01-15 15:28:54.3123 DESKTOP-2Q89F24 8 SRS1 ::1 LoginRule CheckLoginFailedLockDown End
2018-01-15 15:28:54.3123 DESKTOP-2Q89F24 8 SRS1 ::1 LoginRule GetAuthentication Begin
2018-01-15 15:28:54.3253 DESKTOP-2Q89F24 8 SRS1 ::1 LoginRule GetAuthentication End
2018-01-15 15:28:54.3253 DESKTOP-2Q89F24 8 SRS1 ::1 LoginRule ClearLoginFailedCount Begin
2018-01-15 15:28:54.3253 DESKTOP-2Q89F24 8 SRS1 ::1 LoginRule ClearLoginFailedCount End
2018-01-15 15:28:54.3253 DESKTOP-2Q89F24 8 SRS1 ::1 LoginRule SetUserInfo Begin
2018-01-15 15:28:54.3253 DESKTOP-2Q89F24 8 SRS1 ::1 LoginRule SetUserInfo End
2018-01-15 15:28:54.4998 DESKTOP-2Q89F24 8 SRS1 ::1 MenuRule GetMenuData Begin
2018-01-15 15:28:54.5923 DESKTOP-2Q89F24 8 SRS1 ::1 MenuRule GetMenuData End
2018-01-15 15:28:54.5923 DESKTOP-2Q89F24 8 SRS1 ::1 MenuRule GetNoticeData Begin
2018-01-15 15:28:54.5923 DESKTOP-2Q89F24 8 SRS1 ::1 MenuRule GetNoticeData End
2018-01-15 15:29:00.6563 DESKTOP-2Q89F24 8 SRS1 ::1 LoginRule OnRegulationCheck Begin
2018-01-15 15:29:00.6563 DESKTOP-2Q89F24 8 SRS1 ::1 LoginRule OnRegulationCheck End
2018-01-15 15:29:00.6563 DESKTOP-2Q89F24 8 SRS1 ::1 ZZ1031SearchRule Init Begin
2018-01-15 15:29:00.6563 DESKTOP-2Q89F24 8 SRS1 ::1 ZZ1031SearchRule Init End
2018-01-15 15:29:00.6563 DESKTOP-2Q89F24 8 SRS1 ::1 ZZ1031SearchRule GetCommonData Begin
2018-01-15 15:29:00.9243 DESKTOP-2Q89F24 8 SRS1 ::1 ZZ1031SearchRule GetCommonData End
2018-01-15 15:29:04.3570 DESKTOP-2Q89F24 8 SRS1 ::1 LoginRule OnRegulationCheck Begin
2018-01-15 15:29:04.3570 DESKTOP-2Q89F24 8 SRS1 ::1 LoginRule OnRegulationCheck End
2018-01-15 15:29:04.3570 DESKTOP-2Q89F24 8 SRS1 ::1 ZZ1031SearchRule GetCommonData Begin
2018-01-15 15:29:04.4355 DESKTOP-2Q89F24 8 SRS1 ::1 ZZ1031SearchRule GetCommonData End
2018-01-15 15:29:04.4355 DESKTOP-2Q89F24 8 SRS1 ::1 RuleBase HasSearchPermission Begin
2018-01-15 15:29:04.4355 DESKTOP-2Q89F24 8 SRS1 ::1 RuleBase HasSearchPermission End
2018-01-15 15:29:04.4355 DESKTOP-2Q89F24 8 SRS1 ::1 ZZ1031SearchRule CheckCondition Begin
2018-01-15 15:29:04.4355 DESKTOP-2Q89F24 8 SRS1 ::1 ZZ1031SearchRule CheckCondition End
2018-01-15 15:29:04.4355 DESKTOP-2Q89F24 8 SRS1 ::1 ZZ1031SearchRule Search Begin
2018-01-15 15:29:04.4355 DESKTOP-2Q89F24 8 SRS1 ::1 ZZ1031SearchRule Search End
2018-01-15 15:29:04.5461 DESKTOP-2Q89F24 13 SRS1 ::1 LoginRule OnRegulationCheck Begin
2018-01-15 15:29:04.5461 DESKTOP-2Q89F24 13 SRS1 ::1 LoginRule OnRegulationCheck End
2018-01-15 15:29:04.5461 DESKTOP-2Q89F24 13 SRS1 ::1 ZZ1031DetailRule Init Begin
2018-01-15 15:29:04.6861 DESKTOP-2Q89F24 13 SRS1 ::1 ZZ1031DetailRule Init End
2018-01-15 15:29:04.6861 DESKTOP-2Q89F24 13 SRS1 ::1 ZZ1031DetailRule GetCommonData Begin
2018-01-15 15:29:04.7696 DESKTOP-2Q89F24 13 SRS1 ::1 ZZ1031DetailRule GetCommonData End
2018-01-15 15:34:42.4055 DESKTOP-2Q89F24 8 SRS1 ::1 LoginRule CheckLoginFailedLockDown Begin
2018-01-15 15:34:42.4205 DESKTOP-2Q89F24 8 SRS1 ::1 LoginRule CheckLoginFailedLockDown End
2018-01-15 15:34:42.4205 DESKTOP-2Q89F24 8 SRS1 ::1 LoginRule GetAuthentication Begin
2018-01-15 15:34:42.4205 DESKTOP-2Q89F24 8 SRS1 ::1 LoginRule GetAuthentication End
2018-01-15 15:34:42.4205 DESKTOP-2Q89F24 8 SRS1 ::1 LoginRule ClearLoginFailedCount Begin
2018-01-15 15:34:42.4205 DESKTOP-2Q89F24 8 SRS1 ::1 LoginRule ClearLoginFailedCount End
2018-01-15 15:34:42.4205 DESKTOP-2Q89F24 8 SRS1 ::1 LoginRule SetUserInfo Begin
2018-01-15 15:34:42.4205 DESKTOP-2Q89F24 8 SRS1 ::1 LoginRule SetUserInfo End
2018-01-15 15:34:42.6380 DESKTOP-2Q89F24 8 SRS1 ::1 MenuRule GetMenuData Begin
2018-01-15 15:34:42.7330 DESKTOP-2Q89F24 8 SRS1 ::1 MenuRule GetMenuData End
2018-01-15 15:34:42.7330 DESKTOP-2Q89F24 8 SRS1 ::1 MenuRule GetNoticeData Begin
2018-01-15 15:34:42.7330 DESKTOP-2Q89F24 8 SRS1 ::1 MenuRule GetNoticeData End
2018-01-15 15:34:46.6754 DESKTOP-2Q89F24 7 SRS1 ::1 LoginRule OnRegulationCheck Begin
2018-01-15 15:34:46.6754 DESKTOP-2Q89F24 7 SRS1 ::1 LoginRule OnRegulationCheck End
2018-01-15 15:34:46.6864 DESKTOP-2Q89F24 7 SRS1 ::1 ZZ1031SearchRule Init Begin
2018-01-15 15:34:46.6864 DESKTOP-2Q89F24 7 SRS1 ::1 ZZ1031SearchRule Init End
2018-01-15 15:34:46.6864 DESKTOP-2Q89F24 7 SRS1 ::1 ZZ1031SearchRule GetCommonData Begin
2018-01-15 15:34:47.0447 DESKTOP-2Q89F24 7 SRS1 ::1 ZZ1031SearchRule GetCommonData End
2018-01-15 15:35:10.5714 DESKTOP-2Q89F24 11 SRS1 ::1 LoginRule OnRegulationCheck Begin
2018-01-15 15:35:10.5714 DESKTOP-2Q89F24 11 SRS1 ::1 LoginRule OnRegulationCheck End
2018-01-15 15:35:10.5714 DESKTOP-2Q89F24 11 SRS1 ::1 ZZ1031SearchRule GetCommonData Begin
2018-01-15 15:35:10.6104 DESKTOP-2Q89F24 11 SRS1 ::1 ZZ1031SearchRule GetCommonData End
2018-01-15 15:35:10.6104 DESKTOP-2Q89F24 11 SRS1 ::1 RuleBase HasSearchPermission Begin
2018-01-15 15:35:10.6104 DESKTOP-2Q89F24 11 SRS1 ::1 RuleBase HasSearchPermission End
2018-01-15 15:35:10.6104 DESKTOP-2Q89F24 11 SRS1 ::1 ZZ1031SearchRule CheckCondition Begin
2018-01-15 15:35:10.6104 DESKTOP-2Q89F24 11 SRS1 ::1 ZZ1031SearchRule CheckCondition End
2018-01-15 15:35:10.6104 DESKTOP-2Q89F24 11 SRS1 ::1 ZZ1031SearchRule Search Begin
2018-01-15 15:35:10.6104 DESKTOP-2Q89F24 11 SRS1 ::1 ZZ1031SearchRule Search End
2018-01-15 15:35:10.7790 DESKTOP-2Q89F24 11 SRS1 ::1 LoginRule OnRegulationCheck Begin
2018-01-15 15:35:10.7790 DESKTOP-2Q89F24 11 SRS1 ::1 LoginRule OnRegulationCheck End
2018-01-15 15:35:10.7790 DESKTOP-2Q89F24 11 SRS1 ::1 ZZ1031DetailRule Init Begin
2018-01-15 15:35:10.8945 DESKTOP-2Q89F24 11 SRS1 ::1 ZZ1031DetailRule Init End
2018-01-15 15:35:10.8945 DESKTOP-2Q89F24 11 SRS1 ::1 ZZ1031DetailRule GetCommonData Begin
2018-01-15 15:35:11.3530 DESKTOP-2Q89F24 11 SRS1 ::1 ZZ1031DetailRule GetCommonData End
2018-01-15 15:51:32.2356 DESKTOP-2Q89F24 5 SRS1 ::1 LoginRule CheckLoginFailedLockDown Begin
2018-01-15 15:51:32.2356 DESKTOP-2Q89F24 5 SRS1 ::1 LoginRule CheckLoginFailedLockDown End
2018-01-15 15:51:32.2356 DESKTOP-2Q89F24 5 SRS1 ::1 LoginRule GetAuthentication Begin
2018-01-15 15:51:32.2356 DESKTOP-2Q89F24 5 SRS1 ::1 LoginRule GetAuthentication End
2018-01-15 15:51:32.2356 DESKTOP-2Q89F24 5 SRS1 ::1 LoginRule ClearLoginFailedCount Begin
2018-01-15 15:51:32.2356 DESKTOP-2Q89F24 5 SRS1 ::1 LoginRule ClearLoginFailedCount End
2018-01-15 15:51:32.2356 DESKTOP-2Q89F24 5 SRS1 ::1 LoginRule SetUserInfo Begin
2018-01-15 15:51:32.2356 DESKTOP-2Q89F24 5 SRS1 ::1 LoginRule SetUserInfo End
2018-01-15 15:51:32.4067 DESKTOP-2Q89F24 14 SRS1 ::1 MenuRule GetMenuData Begin
2018-01-15 15:51:32.4882 DESKTOP-2Q89F24 14 SRS1 ::1 MenuRule GetMenuData End
2018-01-15 15:51:32.4882 DESKTOP-2Q89F24 14 SRS1 ::1 MenuRule GetNoticeData Begin
2018-01-15 15:51:32.4882 DESKTOP-2Q89F24 14 SRS1 ::1 MenuRule GetNoticeData End
2018-01-15 15:51:35.4077 DESKTOP-2Q89F24 8 SRS1 ::1 LoginRule OnRegulationCheck Begin
2018-01-15 15:51:35.4077 DESKTOP-2Q89F24 8 SRS1 ::1 LoginRule OnRegulationCheck End
2018-01-15 15:51:35.4192 DESKTOP-2Q89F24 8 SRS1 ::1 ZZ1031SearchRule Init Begin
2018-01-15 15:51:35.4192 DESKTOP-2Q89F24 8 SRS1 ::1 ZZ1031SearchRule Init End
2018-01-15 15:51:35.4192 DESKTOP-2Q89F24 8 SRS1 ::1 ZZ1031SearchRule GetCommonData Begin
2018-01-15 15:51:35.6804 DESKTOP-2Q89F24 8 SRS1 ::1 ZZ1031SearchRule GetCommonData End
2018-01-15 15:51:38.8980 DESKTOP-2Q89F24 5 SRS1 ::1 LoginRule OnRegulationCheck Begin
2018-01-15 15:51:38.8980 DESKTOP-2Q89F24 5 SRS1 ::1 LoginRule OnRegulationCheck End
2018-01-15 15:51:38.9040 DESKTOP-2Q89F24 5 SRS1 ::1 ZZ1031SearchRule GetCommonData Begin
2018-01-15 15:51:39.0130 DESKTOP-2Q89F24 5 SRS1 ::1 ZZ1031SearchRule GetCommonData End
2018-01-15 15:51:39.0130 DESKTOP-2Q89F24 5 SRS1 ::1 RuleBase HasSearchPermission Begin
2018-01-15 15:51:39.0130 DESKTOP-2Q89F24 5 SRS1 ::1 RuleBase HasSearchPermission End
2018-01-15 15:51:39.0130 DESKTOP-2Q89F24 5 SRS1 ::1 ZZ1031SearchRule CheckCondition Begin
2018-01-15 15:51:39.0335 DESKTOP-2Q89F24 5 SRS1 ::1 ZZ1031SearchRule CheckCondition End
2018-01-15 15:51:39.0335 DESKTOP-2Q89F24 5 SRS1 ::1 ZZ1031SearchRule Search Begin
2018-01-15 15:51:39.0335 DESKTOP-2Q89F24 5 SRS1 ::1 ZZ1031SearchRule Search End
2018-01-15 15:51:39.1910 DESKTOP-2Q89F24 8 SRS1 ::1 LoginRule OnRegulationCheck Begin
2018-01-15 15:51:39.1910 DESKTOP-2Q89F24 8 SRS1 ::1 LoginRule OnRegulationCheck End
2018-01-15 15:51:39.1910 DESKTOP-2Q89F24 8 SRS1 ::1 ZZ1031DetailRule Init Begin
2018-01-15 15:51:39.2940 DESKTOP-2Q89F24 8 SRS1 ::1 ZZ1031DetailRule Init End
2018-01-15 15:51:39.2940 DESKTOP-2Q89F24 8 SRS1 ::1 ZZ1031DetailRule GetCommonData Begin
2018-01-15 15:51:39.4455 DESKTOP-2Q89F24 8 SRS1 ::1 ZZ1031DetailRule GetCommonData End
2018-01-15 16:35:14.2973 DESKTOP-2Q89F24 13  ::1 LoginRule CheckLoginFailedLockDown Begin
2018-01-15 16:35:14.2973 DESKTOP-2Q89F24 13  ::1 LoginRule CheckLoginFailedLockDown End
2018-01-15 16:35:14.3104 DESKTOP-2Q89F24 13  ::1 LoginRule GetAuthentication Begin
2018-01-15 16:35:14.3104 DESKTOP-2Q89F24 13  ::1 LoginRule GetAuthentication End
2018-01-15 16:35:14.3104 DESKTOP-2Q89F24 13  ::1 LoginRule ClearLoginFailedCount Begin
2018-01-15 16:35:14.3104 DESKTOP-2Q89F24 13  ::1 LoginRule ClearLoginFailedCount End
2018-01-15 16:35:14.3104 DESKTOP-2Q89F24 13  ::1 LoginRule SetUserInfo Begin
2018-01-15 16:35:14.3104 DESKTOP-2Q89F24 13  ::1 LoginRule SetUserInfo End
2018-01-15 16:35:14.4679 DESKTOP-2Q89F24 13 SRS1 ::1 MenuRule GetMenuData Begin
2018-01-15 16:35:14.5944 DESKTOP-2Q89F24 13 SRS1 ::1 MenuRule GetMenuData End
2018-01-15 16:35:14.5944 DESKTOP-2Q89F24 13 SRS1 ::1 MenuRule GetNoticeData Begin
2018-01-15 16:35:14.6064 DESKTOP-2Q89F24 13 SRS1 ::1 MenuRule GetNoticeData End
2018-01-15 16:35:16.9421 DESKTOP-2Q89F24 8 SRS1 ::1 LoginRule OnRegulationCheck Begin
2018-01-15 16:35:16.9502 DESKTOP-2Q89F24 8 SRS1 ::1 LoginRule OnRegulationCheck End
2018-01-15 16:35:16.9502 DESKTOP-2Q89F24 8 SRS1 ::1 ZZ1031SearchRule Init Begin
2018-01-15 16:35:16.9502 DESKTOP-2Q89F24 8 SRS1 ::1 ZZ1031SearchRule Init End
2018-01-15 16:35:16.9502 DESKTOP-2Q89F24 8 SRS1 ::1 ZZ1031SearchRule GetCommonData Begin
2018-01-15 16:35:17.1734 DESKTOP-2Q89F24 8 SRS1 ::1 ZZ1031SearchRule GetCommonData End
2018-01-15 16:35:43.1074 DESKTOP-2Q89F24 13 SRS1 ::1 MenuRule GetMenuData Begin
2018-01-15 16:35:43.1274 DESKTOP-2Q89F24 13 SRS1 ::1 MenuRule GetMenuData End
2018-01-15 16:35:43.1274 DESKTOP-2Q89F24 13 SRS1 ::1 MenuRule GetNoticeData Begin
2018-01-15 16:35:43.1274 DESKTOP-2Q89F24 13 SRS1 ::1 MenuRule GetNoticeData End
2018-01-15 16:35:45.4815 DESKTOP-2Q89F24 5 SRS1 ::1 LoginRule OnRegulationCheck Begin
2018-01-15 16:35:45.4815 DESKTOP-2Q89F24 5 SRS1 ::1 LoginRule OnRegulationCheck End
2018-01-15 16:35:45.4815 DESKTOP-2Q89F24 5 SRS1 ::1 ZZ1031SearchRule Init Begin
2018-01-15 16:35:45.4815 DESKTOP-2Q89F24 5 SRS1 ::1 ZZ1031SearchRule Init End
2018-01-15 16:35:45.4815 DESKTOP-2Q89F24 5 SRS1 ::1 ZZ1031SearchRule GetCommonData Begin
2018-01-15 16:35:45.8141 DESKTOP-2Q89F24 5 SRS1 ::1 ZZ1031SearchRule GetCommonData End
